[1.173s] Invoking command in '/home/krish/ros2_ws/build/lidar_processor_cpp': CMAKE_PREFIX_PATH=${CMAKE_PREFIX_PATH}:/home/krish/ros2_ws/install/speech_processor:/home/krish/ros2_ws/install/obstacle_avoidance:/home/krish/ros2_ws/install/lidar_processor:/home/krish/ros2_ws/install/go2_robot_sdk:/home/krish/ros2_ws/install/coco_detector:/opt/ros/humble /usr/local/bin/cmake --build /home/krish/ros2_ws/build/lidar_processor_cpp -- -j6 -l6
[1.237s] [ 50%] Built target lidar_to_pointcloud_node
[1.243s] [100%] Built target pointcloud_aggregator_node
[1.763s] Invoked command in '/home/krish/ros2_ws/build/lidar_processor_cpp' returned '0': CMAKE_PREFIX_PATH=${CMAKE_PREFIX_PATH}:/home/krish/ros2_ws/install/speech_processor:/home/krish/ros2_ws/install/obstacle_avoidance:/home/krish/ros2_ws/install/lidar_processor:/home/krish/ros2_ws/install/go2_robot_sdk:/home/krish/ros2_ws/install/coco_detector:/opt/ros/humble /usr/local/bin/cmake --build /home/krish/ros2_ws/build/lidar_processor_cpp -- -j6 -l6
[1.766s] Invoking command in '/home/krish/ros2_ws/build/lidar_processor_cpp': CMAKE_PREFIX_PATH=${CMAKE_PREFIX_PATH}:/home/krish/ros2_ws/install/speech_processor:/home/krish/ros2_ws/install/obstacle_avoidance:/home/krish/ros2_ws/install/lidar_processor:/home/krish/ros2_ws/install/go2_robot_sdk:/home/krish/ros2_ws/install/coco_detector:/opt/ros/humble /usr/local/bin/cmake --install /home/krish/ros2_ws/build/lidar_processor_cpp
[1.788s] -- Install configuration: ""
[1.788s] -- Execute custom install script
[1.788s] -- Up-to-date symlink: /home/krish/ros2_ws/install/lidar_processor_cpp/lib/lidar_processor_cpp/lidar_to_pointcloud_node
[1.789s] -- Up-to-date symlink: /home/krish/ros2_ws/install/lidar_processor_cpp/lib/lidar_processor_cpp/pointcloud_aggregator_node
[1.789s] -- Up-to-date symlink: /home/krish/ros2_ws/install/lidar_processor_cpp/include//lidar_processor_cpp/lidar_to_pointcloud_node.hpp
[1.789s] -- Up-to-date symlink: /home/krish/ros2_ws/install/lidar_processor_cpp/include//lidar_processor_cpp/pointcloud_aggregator_node.hpp
[1.789s] -- Up-to-date symlink: /home/krish/ros2_ws/install/lidar_processor_cpp/share/ament_index/resource_index/package_run_dependencies/lidar_processor_cpp
[1.789s] -- Up-to-date symlink: /home/krish/ros2_ws/install/lidar_processor_cpp/share/ament_index/resource_index/parent_prefix_path/lidar_processor_cpp
[1.789s] -- Up-to-date symlink: /home/krish/ros2_ws/install/lidar_processor_cpp/share/lidar_processor_cpp/environment/ament_prefix_path.sh
[1.789s] -- Up-to-date symlink: /home/krish/ros2_ws/install/lidar_processor_cpp/share/lidar_processor_cpp/environment/ament_prefix_path.dsv
[1.789s] -- Up-to-date symlink: /home/krish/ros2_ws/install/lidar_processor_cpp/share/lidar_processor_cpp/environment/path.sh
[1.789s] -- Up-to-date symlink: /home/krish/ros2_ws/install/lidar_processor_cpp/share/lidar_processor_cpp/environment/path.dsv
[1.790s] -- Up-to-date symlink: /home/krish/ros2_ws/install/lidar_processor_cpp/share/lidar_processor_cpp/local_setup.bash
[1.790s] -- Up-to-date symlink: /home/krish/ros2_ws/install/lidar_processor_cpp/share/lidar_processor_cpp/local_setup.sh
[1.790s] -- Up-to-date symlink: /home/krish/ros2_ws/install/lidar_processor_cpp/share/lidar_processor_cpp/local_setup.zsh
[1.790s] -- Up-to-date symlink: /home/krish/ros2_ws/install/lidar_processor_cpp/share/lidar_processor_cpp/local_setup.dsv
[1.790s] -- Symlinking: /home/krish/ros2_ws/install/lidar_processor_cpp/share/lidar_processor_cpp/package.dsv
[1.791s] -- Up-to-date symlink: /home/krish/ros2_ws/install/lidar_processor_cpp/share/ament_index/resource_index/packages/lidar_processor_cpp
[1.791s] -- Up-to-date symlink: /home/krish/ros2_ws/install/lidar_processor_cpp/share/lidar_processor_cpp/cmake/lidar_processor_cppConfig.cmake
[1.791s] -- Up-to-date symlink: /home/krish/ros2_ws/install/lidar_processor_cpp/share/lidar_processor_cpp/cmake/lidar_processor_cppConfig-version.cmake
[1.792s] -- Up-to-date symlink: /home/krish/ros2_ws/install/lidar_processor_cpp/share/lidar_processor_cpp/package.xml
[1.798s] Invoked command in '/home/krish/ros2_ws/build/lidar_processor_cpp' returned '0': CMAKE_PREFIX_PATH=${CMAKE_PREFIX_PATH}:/home/krish/ros2_ws/install/speech_processor:/home/krish/ros2_ws/install/obstacle_avoidance:/home/krish/ros2_ws/install/lidar_processor:/home/krish/ros2_ws/install/go2_robot_sdk:/home/krish/ros2_ws/install/coco_detector:/opt/ros/humble /usr/local/bin/cmake --install /home/krish/ros2_ws/build/lidar_processor_cpp
