[0.060s] Invoking command in '/home/krish/ros2_ws/build/go2_interfaces': CMAKE_PREFIX_PATH=${CMAKE_PREFIX_PATH}:/home/krish/ros2_ws/install/speech_processor:/home/krish/ros2_ws/install/obstacle_avoidance:/home/krish/ros2_ws/install/lidar_processor:/home/krish/ros2_ws/install/go2_robot_sdk:/home/krish/ros2_ws/install/coco_detector:/opt/ros/humble /usr/local/bin/cmake --build /home/krish/ros2_ws/build/go2_interfaces -- -j6 -l6
[1.207s] [  0%] Built target ament_cmake_python_symlink_go2_interfaces
[1.207s] [  0%] Built target go2_interfaces__cpp
[1.207s] [  1%] Built target go2_interfaces__rs
[1.208s] [ 13%] Built target go2_interfaces__rosidl_generator_c
[1.208s] [ 25%] Built target go2_interfaces__rosidl_typesupport_fastrtps_cpp
[1.208s] [ 38%] Built target go2_interfaces__rosidl_typesupport_introspection_cpp
[1.208s] [ 49%] Built target go2_interfaces__rosidl_typesupport_cpp
[1.208s] [ 69%] Built target go2_interfaces__rosidl_typesupport_introspection_c
[1.208s] [ 73%] Built target go2_interfaces__rosidl_typesupport_fastrtps_c
[1.208s] [ 85%] Built target go2_interfaces__rosidl_typesupport_c
[1.209s] [ 85%] Built target go2_interfaces
[1.209s] [ 85%] Built target go2_interfaces__py
[1.210s] [ 97%] Built target go2_interfaces__rosidl_generator_py
[1.210s] [ 98%] Built target go2_interfaces__rosidl_typesupport_introspection_c__pyext
[1.210s] [ 99%] Built target go2_interfaces__rosidl_typesupport_c__pyext
[1.210s] [100%] Built target go2_interfaces__rosidl_typesupport_fastrtps_c__pyext
[1.210s] running egg_info
[1.210s] writing go2_interfaces.egg-info/PKG-INFO
[1.211s] writing dependency_links to go2_interfaces.egg-info/dependency_links.txt
[1.211s] writing top-level names to go2_interfaces.egg-info/top_level.txt
[1.211s] reading manifest file 'go2_interfaces.egg-info/SOURCES.txt'
[1.211s] writing manifest file 'go2_interfaces.egg-info/SOURCES.txt'
[1.211s] [100%] Built target ament_cmake_python_build_go2_interfaces_egg
[1.766s] Invoked command in '/home/krish/ros2_ws/build/go2_interfaces' returned '0': CMAKE_PREFIX_PATH=${CMAKE_PREFIX_PATH}:/home/krish/ros2_ws/install/speech_processor:/home/krish/ros2_ws/install/obstacle_avoidance:/home/krish/ros2_ws/install/lidar_processor:/home/krish/ros2_ws/install/go2_robot_sdk:/home/krish/ros2_ws/install/coco_detector:/opt/ros/humble /usr/local/bin/cmake --build /home/krish/ros2_ws/build/go2_interfaces -- -j6 -l6
[1.779s] Invoking command in '/home/krish/ros2_ws/build/go2_interfaces': CMAKE_PREFIX_PATH=${CMAKE_PREFIX_PATH}:/home/krish/ros2_ws/install/speech_processor:/home/krish/ros2_ws/install/obstacle_avoidance:/home/krish/ros2_ws/install/lidar_processor:/home/krish/ros2_ws/install/go2_robot_sdk:/home/krish/ros2_ws/install/coco_detector:/opt/ros/humble /usr/local/bin/cmake --install /home/krish/ros2_ws/build/go2_interfaces
[1.788s] -- Install configuration: ""
[1.789s] -- Execute custom install script
[1.790s] -- Up-to-date symlink: /home/krish/ros2_ws/install/go2_interfaces/share/ament_index/resource_index/rosidl_interfaces/go2_interfaces
[1.792s] -- Up-to-date symlink: /home/krish/ros2_ws/install/go2_interfaces/include/go2_interfaces/go2_interfaces/msg/audio_data.h
[1.792s] -- Up-to-date symlink: /home/krish/ros2_ws/install/go2_interfaces/include/go2_interfaces/go2_interfaces/msg/bms_cmd.h
[1.792s] -- Up-to-date symlink: /home/krish/ros2_ws/install/go2_interfaces/include/go2_interfaces/go2_interfaces/msg/bms_state.h
[1.793s] -- Up-to-date symlink: /home/krish/ros2_ws/install/go2_interfaces/include/go2_interfaces/go2_interfaces/msg/detail/audio_data__functions.h
[1.794s] -- Up-to-date symlink: /home/krish/ros2_ws/install/go2_interfaces/include/go2_interfaces/go2_interfaces/msg/detail/audio_data__struct.h
[1.794s] -- Up-to-date symlink: /home/krish/ros2_ws/install/go2_interfaces/include/go2_interfaces/go2_interfaces/msg/detail/audio_data__type_support.h
[1.794s] -- Up-to-date symlink: /home/krish/ros2_ws/install/go2_interfaces/include/go2_interfaces/go2_interfaces/msg/detail/bms_cmd__functions.h
[1.794s] -- Up-to-date symlink: /home/krish/ros2_ws/install/go2_interfaces/include/go2_interfaces/go2_interfaces/msg/detail/bms_cmd__struct.h
[1.794s] -- Up-to-date symlink: /home/krish/ros2_ws/install/go2_interfaces/include/go2_interfaces/go2_interfaces/msg/detail/bms_cmd__type_support.h
[1.794s] -- Up-to-date symlink: /home/krish/ros2_ws/install/go2_interfaces/include/go2_interfaces/go2_interfaces/msg/detail/bms_state__functions.h
[1.801s] -- Up-to-date symlink: /home/krish/ros2_ws/install/go2_interfaces/include/go2_interfaces/go2_interfaces/msg/detail/bms_state__struct.h
[1.802s] -- Up-to-date symlink: /home/krish/ros2_ws/install/go2_interfaces/include/go2_interfaces/go2_interfaces/msg/detail/bms_state__type_support.h
[1.802s] -- Up-to-date symlink: /home/krish/ros2_ws/install/go2_interfaces/include/go2_interfaces/go2_interfaces/msg/detail/error__functions.h
[1.802s] -- Up-to-date symlink: /home/krish/ros2_ws/install/go2_interfaces/include/go2_interfaces/go2_interfaces/msg/detail/error__struct.h
[1.802s] -- Up-to-date symlink: /home/krish/ros2_ws/install/go2_interfaces/include/go2_interfaces/go2_interfaces/msg/detail/error__type_support.h
[1.802s] -- Up-to-date symlink: /home/krish/ros2_ws/install/go2_interfaces/include/go2_interfaces/go2_interfaces/msg/detail/go2_cmd__functions.h
[1.809s] -- Up-to-date symlink: /home/krish/ros2_ws/install/go2_interfaces/include/go2_interfaces/go2_interfaces/msg/detail/go2_cmd__struct.h
[1.810s] -- Up-to-date symlink: /home/krish/ros2_ws/install/go2_interfaces/include/go2_interfaces/go2_interfaces/msg/detail/go2_cmd__type_support.h
[1.810s] -- Up-to-date symlink: /home/krish/ros2_ws/install/go2_interfaces/include/go2_interfaces/go2_interfaces/msg/detail/go2_front_video_data__functions.h
[1.810s] -- Up-to-date symlink: /home/krish/ros2_ws/install/go2_interfaces/include/go2_interfaces/go2_interfaces/msg/detail/go2_front_video_data__struct.h
[1.810s] -- Up-to-date symlink: /home/krish/ros2_ws/install/go2_interfaces/include/go2_interfaces/go2_interfaces/msg/detail/go2_front_video_data__type_support.h
[1.811s] -- Up-to-date symlink: /home/krish/ros2_ws/install/go2_interfaces/include/go2_interfaces/go2_interfaces/msg/detail/go2_move__functions.h
[1.815s] -- Up-to-date symlink: /home/krish/ros2_ws/install/go2_interfaces/include/go2_interfaces/go2_interfaces/msg/detail/go2_move__struct.h
[1.816s] -- Up-to-date symlink: /home/krish/ros2_ws/install/go2_interfaces/include/go2_interfaces/go2_interfaces/msg/detail/go2_move__type_support.h
[1.816s] -- Up-to-date symlink: /home/krish/ros2_ws/install/go2_interfaces/include/go2_interfaces/go2_interfaces/msg/detail/go2_rpy_cmd__functions.h
[1.816s] -- Up-to-date symlink: /home/krish/ros2_ws/install/go2_interfaces/include/go2_interfaces/go2_interfaces/msg/detail/go2_rpy_cmd__struct.h
[1.816s] -- Up-to-date symlink: /home/krish/ros2_ws/install/go2_interfaces/include/go2_interfaces/go2_interfaces/msg/detail/go2_rpy_cmd__type_support.h
[1.819s] -- Up-to-date symlink: /home/krish/ros2_ws/install/go2_interfaces/include/go2_interfaces/go2_interfaces/msg/detail/go2_state__functions.h
[1.820s] -- Up-to-date symlink: /home/krish/ros2_ws/install/go2_interfaces/include/go2_interfaces/go2_interfaces/msg/detail/go2_state__struct.h
[1.820s] -- Up-to-date symlink: /home/krish/ros2_ws/install/go2_interfaces/include/go2_interfaces/go2_interfaces/msg/detail/go2_state__type_support.h
[1.820s] -- Up-to-date symlink: /home/krish/ros2_ws/install/go2_interfaces/include/go2_interfaces/go2_interfaces/msg/detail/height_map__functions.h
[1.820s] -- Up-to-date symlink: /home/krish/ros2_ws/install/go2_interfaces/include/go2_interfaces/go2_interfaces/msg/detail/height_map__struct.h
[1.820s] -- Up-to-date symlink: /home/krish/ros2_ws/install/go2_interfaces/include/go2_interfaces/go2_interfaces/msg/detail/height_map__type_support.h
[1.821s] -- Up-to-date symlink: /home/krish/ros2_ws/install/go2_interfaces/include/go2_interfaces/go2_interfaces/msg/detail/imu__functions.h
[1.821s] -- Up-to-date symlink: /home/krish/ros2_ws/install/go2_interfaces/include/go2_interfaces/go2_interfaces/msg/detail/imu__struct.h
[1.821s] -- Up-to-date symlink: /home/krish/ros2_ws/install/go2_interfaces/include/go2_interfaces/go2_interfaces/msg/detail/imu__type_support.h
[1.821s] -- Up-to-date symlink: /home/krish/ros2_ws/install/go2_interfaces/include/go2_interfaces/go2_interfaces/msg/detail/interface_config__functions.h
[1.821s] -- Up-to-date symlink: /home/krish/ros2_ws/install/go2_interfaces/include/go2_interfaces/go2_interfaces/msg/detail/interface_config__struct.h
[1.821s] -- Up-to-date symlink: /home/krish/ros2_ws/install/go2_interfaces/include/go2_interfaces/go2_interfaces/msg/detail/interface_config__type_support.h
[1.821s] -- Up-to-date symlink: /home/krish/ros2_ws/install/go2_interfaces/include/go2_interfaces/go2_interfaces/msg/detail/lidar_state__functions.h
[1.822s] -- Up-to-date symlink: /home/krish/ros2_ws/install/go2_interfaces/include/go2_interfaces/go2_interfaces/msg/detail/lidar_state__struct.h
[1.822s] -- Up-to-date symlink: /home/krish/ros2_ws/install/go2_interfaces/include/go2_interfaces/go2_interfaces/msg/detail/lidar_state__type_support.h
[1.822s] -- Up-to-date symlink: /home/krish/ros2_ws/install/go2_interfaces/include/go2_interfaces/go2_interfaces/msg/detail/low_cmd__functions.h
[1.822s] -- Up-to-date symlink: /home/krish/ros2_ws/install/go2_interfaces/include/go2_interfaces/go2_interfaces/msg/detail/low_cmd__struct.h
[1.822s] -- Up-to-date symlink: /home/krish/ros2_ws/install/go2_interfaces/include/go2_interfaces/go2_interfaces/msg/detail/low_cmd__type_support.h
[1.823s] -- Up-to-date symlink: /home/krish/ros2_ws/install/go2_interfaces/include/go2_interfaces/go2_interfaces/msg/detail/low_state__functions.h
[1.823s] -- Up-to-date symlink: /home/krish/ros2_ws/install/go2_interfaces/include/go2_interfaces/go2_interfaces/msg/detail/low_state__struct.h
[1.823s] -- Up-to-date symlink: /home/krish/ros2_ws/install/go2_interfaces/include/go2_interfaces/go2_interfaces/msg/detail/low_state__type_support.h
[1.823s] -- Up-to-date symlink: /home/krish/ros2_ws/install/go2_interfaces/include/go2_interfaces/go2_interfaces/msg/detail/motor_cmd__functions.h
[1.823s] -- Up-to-date symlink: /home/krish/ros2_ws/install/go2_interfaces/include/go2_interfaces/go2_interfaces/msg/detail/motor_cmd__struct.h
[1.823s] -- Up-to-date symlink: /home/krish/ros2_ws/install/go2_interfaces/include/go2_interfaces/go2_interfaces/msg/detail/motor_cmd__type_support.h
[1.823s] -- Up-to-date symlink: /home/krish/ros2_ws/install/go2_interfaces/include/go2_interfaces/go2_interfaces/msg/detail/motor_cmds__functions.h
[1.824s] -- Up-to-date symlink: /home/krish/ros2_ws/install/go2_interfaces/include/go2_interfaces/go2_interfaces/msg/detail/motor_cmds__struct.h
[1.824s] -- Up-to-date symlink: /home/krish/ros2_ws/install/go2_interfaces/include/go2_interfaces/go2_interfaces/msg/detail/motor_cmds__type_support.h
[1.824s] -- Up-to-date symlink: /home/krish/ros2_ws/install/go2_interfaces/include/go2_interfaces/go2_interfaces/msg/detail/motor_state__functions.h
[1.824s] -- Up-to-date symlink: /home/krish/ros2_ws/install/go2_interfaces/include/go2_interfaces/go2_interfaces/msg/detail/motor_state__struct.h
[1.824s] -- Up-to-date symlink: /home/krish/ros2_ws/install/go2_interfaces/include/go2_interfaces/go2_interfaces/msg/detail/motor_state__type_support.h
[1.824s] -- Up-to-date symlink: /home/krish/ros2_ws/install/go2_interfaces/include/go2_interfaces/go2_interfaces/msg/detail/motor_states__functions.h
[1.824s] -- Up-to-date symlink: /home/krish/ros2_ws/install/go2_interfaces/include/go2_interfaces/go2_interfaces/msg/detail/motor_states__struct.h
[1.824s] -- Up-to-date symlink: /home/krish/ros2_ws/install/go2_interfaces/include/go2_interfaces/go2_interfaces/msg/detail/motor_states__type_support.h
[1.825s] -- Up-to-date symlink: /home/krish/ros2_ws/install/go2_interfaces/include/go2_interfaces/go2_interfaces/msg/detail/path_point__functions.h
[1.825s] -- Up-to-date symlink: /home/krish/ros2_ws/install/go2_interfaces/include/go2_interfaces/go2_interfaces/msg/detail/path_point__struct.h
[1.825s] -- Up-to-date symlink: /home/krish/ros2_ws/install/go2_interfaces/include/go2_interfaces/go2_interfaces/msg/detail/path_point__type_support.h
[1.825s] -- Up-to-date symlink: /home/krish/ros2_ws/install/go2_interfaces/include/go2_interfaces/go2_interfaces/msg/detail/req__functions.h
[1.830s] -- Up-to-date symlink: /home/krish/ros2_ws/install/go2_interfaces/include/go2_interfaces/go2_interfaces/msg/detail/req__struct.h
[1.830s] -- Up-to-date symlink: /home/krish/ros2_ws/install/go2_interfaces/include/go2_interfaces/go2_interfaces/msg/detail/req__type_support.h
[1.830s] -- Up-to-date symlink: /home/krish/ros2_ws/install/go2_interfaces/include/go2_interfaces/go2_interfaces/msg/detail/res__functions.h
[1.830s] -- Up-to-date symlink: /home/krish/ros2_ws/install/go2_interfaces/include/go2_interfaces/go2_interfaces/msg/detail/res__struct.h
[1.830s] -- Up-to-date symlink: /home/krish/ros2_ws/install/go2_interfaces/include/go2_interfaces/go2_interfaces/msg/detail/res__type_support.h
[1.831s] -- Up-to-date symlink: /home/krish/ros2_ws/install/go2_interfaces/include/go2_interfaces/go2_interfaces/msg/detail/sport_mode_cmd__functions.h
[1.831s] -- Up-to-date symlink: /home/krish/ros2_ws/install/go2_interfaces/include/go2_interfaces/go2_interfaces/msg/detail/sport_mode_cmd__struct.h
[1.831s] -- Up-to-date symlink: /home/krish/ros2_ws/install/go2_interfaces/include/go2_interfaces/go2_interfaces/msg/detail/sport_mode_cmd__type_support.h
[1.831s] -- Up-to-date symlink: /home/krish/ros2_ws/install/go2_interfaces/include/go2_interfaces/go2_interfaces/msg/detail/sport_mode_state__functions.h
[1.831s] -- Up-to-date symlink: /home/krish/ros2_ws/install/go2_interfaces/include/go2_interfaces/go2_interfaces/msg/detail/sport_mode_state__struct.h
[1.831s] -- Up-to-date symlink: /home/krish/ros2_ws/install/go2_interfaces/include/go2_interfaces/go2_interfaces/msg/detail/sport_mode_state__type_support.h
[1.832s] -- Up-to-date symlink: /home/krish/ros2_ws/install/go2_interfaces/include/go2_interfaces/go2_interfaces/msg/detail/time_spec__functions.h
[1.833s] -- Up-to-date symlink: /home/krish/ros2_ws/install/go2_interfaces/include/go2_interfaces/go2_interfaces/msg/detail/time_spec__struct.h
[1.833s] -- Up-to-date symlink: /home/krish/ros2_ws/install/go2_interfaces/include/go2_interfaces/go2_interfaces/msg/detail/time_spec__type_support.h
[1.833s] -- Up-to-date symlink: /home/krish/ros2_ws/install/go2_interfaces/include/go2_interfaces/go2_interfaces/msg/detail/uwb_state__functions.h
[1.840s] -- Up-to-date symlink: /home/krish/ros2_ws/install/go2_interfaces/include/go2_interfaces/go2_interfaces/msg/detail/uwb_state__struct.h
[1.843s] -- Up-to-date symlink: /home/krish/ros2_ws/install/go2_interfaces/include/go2_interfaces/go2_interfaces/msg/detail/uwb_state__type_support.h
[1.844s] -- Up-to-date symlink: /home/krish/ros2_ws/install/go2_interfaces/include/go2_interfaces/go2_interfaces/msg/detail/uwb_switch__functions.h
[1.845s] -- Up-to-date symlink: /home/krish/ros2_ws/install/go2_interfaces/include/go2_interfaces/go2_interfaces/msg/detail/uwb_switch__struct.h
[1.845s] -- Up-to-date symlink: /home/krish/ros2_ws/install/go2_interfaces/include/go2_interfaces/go2_interfaces/msg/detail/uwb_switch__type_support.h
[1.845s] -- Up-to-date symlink: /home/krish/ros2_ws/install/go2_interfaces/include/go2_interfaces/go2_interfaces/msg/detail/voxel_height_map_state__functions.h
[1.845s] -- Up-to-date symlink: /home/krish/ros2_ws/install/go2_interfaces/include/go2_interfaces/go2_interfaces/msg/detail/voxel_height_map_state__struct.h
[1.845s] -- Up-to-date symlink: /home/krish/ros2_ws/install/go2_interfaces/include/go2_interfaces/go2_interfaces/msg/detail/voxel_height_map_state__type_support.h
[1.845s] -- Up-to-date symlink: /home/krish/ros2_ws/install/go2_interfaces/include/go2_interfaces/go2_interfaces/msg/detail/voxel_map_compressed__functions.h
[1.845s] -- Up-to-date symlink: /home/krish/ros2_ws/install/go2_interfaces/include/go2_interfaces/go2_interfaces/msg/detail/voxel_map_compressed__struct.h
[1.846s] -- Up-to-date symlink: /home/krish/ros2_ws/install/go2_interfaces/include/go2_interfaces/go2_interfaces/msg/detail/voxel_map_compressed__type_support.h
[1.846s] -- Up-to-date symlink: /home/krish/ros2_ws/install/go2_interfaces/include/go2_interfaces/go2_interfaces/msg/detail/web_rtc_req__functions.h
[1.846s] -- Up-to-date symlink: /home/krish/ros2_ws/install/go2_interfaces/include/go2_interfaces/go2_interfaces/msg/detail/web_rtc_req__struct.h
[1.846s] -- Up-to-date symlink: /home/krish/ros2_ws/install/go2_interfaces/include/go2_interfaces/go2_interfaces/msg/detail/web_rtc_req__type_support.h
[1.846s] -- Up-to-date symlink: /home/krish/ros2_ws/install/go2_interfaces/include/go2_interfaces/go2_interfaces/msg/detail/wireless_controller__functions.h
[1.846s] -- Up-to-date symlink: /home/krish/ros2_ws/install/go2_interfaces/include/go2_interfaces/go2_interfaces/msg/detail/wireless_controller__struct.h
[1.846s] -- Up-to-date symlink: /home/krish/ros2_ws/install/go2_interfaces/include/go2_interfaces/go2_interfaces/msg/detail/wireless_controller__type_support.h
[1.846s] -- Up-to-date symlink: /home/krish/ros2_ws/install/go2_interfaces/include/go2_interfaces/go2_interfaces/msg/error.h
[1.847s] -- Up-to-date symlink: /home/krish/ros2_ws/install/go2_interfaces/include/go2_interfaces/go2_interfaces/msg/go2_cmd.h
[1.847s] -- Up-to-date symlink: /home/krish/ros2_ws/install/go2_interfaces/include/go2_interfaces/go2_interfaces/msg/go2_front_video_data.h
[1.847s] -- Up-to-date symlink: /home/krish/ros2_ws/install/go2_interfaces/include/go2_interfaces/go2_interfaces/msg/go2_move.h
[1.847s] -- Up-to-date symlink: /home/krish/ros2_ws/install/go2_interfaces/include/go2_interfaces/go2_interfaces/msg/go2_rpy_cmd.h
[1.847s] -- Up-to-date symlink: /home/krish/ros2_ws/install/go2_interfaces/include/go2_interfaces/go2_interfaces/msg/go2_state.h
[1.847s] -- Up-to-date symlink: /home/krish/ros2_ws/install/go2_interfaces/include/go2_interfaces/go2_interfaces/msg/height_map.h
[1.847s] -- Up-to-date symlink: /home/krish/ros2_ws/install/go2_interfaces/include/go2_interfaces/go2_interfaces/msg/imu.h
[1.847s] -- Up-to-date symlink: /home/krish/ros2_ws/install/go2_interfaces/include/go2_interfaces/go2_interfaces/msg/interface_config.h
[1.848s] -- Up-to-date symlink: /home/krish/ros2_ws/install/go2_interfaces/include/go2_interfaces/go2_interfaces/msg/lidar_state.h
[1.848s] -- Up-to-date symlink: /home/krish/ros2_ws/install/go2_interfaces/include/go2_interfaces/go2_interfaces/msg/low_cmd.h
[1.848s] -- Up-to-date symlink: /home/krish/ros2_ws/install/go2_interfaces/include/go2_interfaces/go2_interfaces/msg/low_state.h
[1.848s] -- Up-to-date symlink: /home/krish/ros2_ws/install/go2_interfaces/include/go2_interfaces/go2_interfaces/msg/motor_cmd.h
[1.849s] -- Up-to-date symlink: /home/krish/ros2_ws/install/go2_interfaces/include/go2_interfaces/go2_interfaces/msg/motor_cmds.h
[1.851s] -- Up-to-date symlink: /home/krish/ros2_ws/install/go2_interfaces/include/go2_interfaces/go2_interfaces/msg/motor_state.h
[1.851s] -- Up-to-date symlink: /home/krish/ros2_ws/install/go2_interfaces/include/go2_interfaces/go2_interfaces/msg/motor_states.h
[1.851s] -- Up-to-date symlink: /home/krish/ros2_ws/install/go2_interfaces/include/go2_interfaces/go2_interfaces/msg/path_point.h
[1.851s] -- Up-to-date symlink: /home/krish/ros2_ws/install/go2_interfaces/include/go2_interfaces/go2_interfaces/msg/req.h
[1.852s] -- Up-to-date symlink: /home/krish/ros2_ws/install/go2_interfaces/include/go2_interfaces/go2_interfaces/msg/res.h
[1.853s] -- Up-to-date symlink: /home/krish/ros2_ws/install/go2_interfaces/include/go2_interfaces/go2_interfaces/msg/rosidl_generator_c__visibility_control.h
[1.853s] -- Up-to-date symlink: /home/krish/ros2_ws/install/go2_interfaces/include/go2_interfaces/go2_interfaces/msg/sport_mode_cmd.h
[1.853s] -- Up-to-date symlink: /home/krish/ros2_ws/install/go2_interfaces/include/go2_interfaces/go2_interfaces/msg/sport_mode_state.h
[1.853s] -- Up-to-date symlink: /home/krish/ros2_ws/install/go2_interfaces/include/go2_interfaces/go2_interfaces/msg/time_spec.h
[1.853s] -- Up-to-date symlink: /home/krish/ros2_ws/install/go2_interfaces/include/go2_interfaces/go2_interfaces/msg/uwb_state.h
[1.853s] -- Up-to-date symlink: /home/krish/ros2_ws/install/go2_interfaces/include/go2_interfaces/go2_interfaces/msg/uwb_switch.h
[1.853s] -- Up-to-date symlink: /home/krish/ros2_ws/install/go2_interfaces/include/go2_interfaces/go2_interfaces/msg/voxel_height_map_state.h
[1.853s] -- Up-to-date symlink: /home/krish/ros2_ws/install/go2_interfaces/include/go2_interfaces/go2_interfaces/msg/voxel_map_compressed.h
[1.854s] -- Up-to-date symlink: /home/krish/ros2_ws/install/go2_interfaces/include/go2_interfaces/go2_interfaces/msg/web_rtc_req.h
[1.854s] -- Up-to-date symlink: /home/krish/ros2_ws/install/go2_interfaces/include/go2_interfaces/go2_interfaces/msg/wireless_controller.h
[1.854s] -- Up-to-date symlink: /home/krish/ros2_ws/install/go2_interfaces/share/go2_interfaces/environment/library_path.sh
[1.854s] -- Up-to-date symlink: /home/krish/ros2_ws/install/go2_interfaces/share/go2_interfaces/environment/library_path.dsv
[1.854s] -- Up-to-date symlink: /home/krish/ros2_ws/install/go2_interfaces/include/go2_interfaces/go2_interfaces/msg/detail/audio_data__rosidl_typesupport_fastrtps_c.h
[1.854s] -- Up-to-date symlink: /home/krish/ros2_ws/install/go2_interfaces/include/go2_interfaces/go2_interfaces/msg/detail/bms_cmd__rosidl_typesupport_fastrtps_c.h
[1.857s] -- Up-to-date symlink: /home/krish/ros2_ws/install/go2_interfaces/include/go2_interfaces/go2_interfaces/msg/detail/bms_state__rosidl_typesupport_fastrtps_c.h
[1.857s] -- Up-to-date symlink: /home/krish/ros2_ws/install/go2_interfaces/include/go2_interfaces/go2_interfaces/msg/detail/error__rosidl_typesupport_fastrtps_c.h
[1.857s] -- Up-to-date symlink: /home/krish/ros2_ws/install/go2_interfaces/include/go2_interfaces/go2_interfaces/msg/detail/go2_cmd__rosidl_typesupport_fastrtps_c.h
[1.857s] -- Up-to-date symlink: /home/krish/ros2_ws/install/go2_interfaces/include/go2_interfaces/go2_interfaces/msg/detail/go2_front_video_data__rosidl_typesupport_fastrtps_c.h
[1.857s] -- Up-to-date symlink: /home/krish/ros2_ws/install/go2_interfaces/include/go2_interfaces/go2_interfaces/msg/detail/go2_move__rosidl_typesupport_fastrtps_c.h
[1.857s] -- Up-to-date symlink: /home/krish/ros2_ws/install/go2_interfaces/include/go2_interfaces/go2_interfaces/msg/detail/go2_rpy_cmd__rosidl_typesupport_fastrtps_c.h
[1.857s] -- Up-to-date symlink: /home/krish/ros2_ws/install/go2_interfaces/include/go2_interfaces/go2_interfaces/msg/detail/go2_state__rosidl_typesupport_fastrtps_c.h
[1.857s] -- Up-to-date symlink: /home/krish/ros2_ws/install/go2_interfaces/include/go2_interfaces/go2_interfaces/msg/detail/height_map__rosidl_typesupport_fastrtps_c.h
[1.858s] -- Up-to-date symlink: /home/krish/ros2_ws/install/go2_interfaces/include/go2_interfaces/go2_interfaces/msg/detail/imu__rosidl_typesupport_fastrtps_c.h
[1.858s] -- Up-to-date symlink: /home/krish/ros2_ws/install/go2_interfaces/include/go2_interfaces/go2_interfaces/msg/detail/interface_config__rosidl_typesupport_fastrtps_c.h
[1.858s] -- Up-to-date symlink: /home/krish/ros2_ws/install/go2_interfaces/include/go2_interfaces/go2_interfaces/msg/detail/lidar_state__rosidl_typesupport_fastrtps_c.h
[1.858s] -- Up-to-date symlink: /home/krish/ros2_ws/install/go2_interfaces/include/go2_interfaces/go2_interfaces/msg/detail/low_cmd__rosidl_typesupport_fastrtps_c.h
[1.858s] -- Up-to-date symlink: /home/krish/ros2_ws/install/go2_interfaces/include/go2_interfaces/go2_interfaces/msg/detail/low_state__rosidl_typesupport_fastrtps_c.h
[1.858s] -- Up-to-date symlink: /home/krish/ros2_ws/install/go2_interfaces/include/go2_interfaces/go2_interfaces/msg/detail/motor_cmd__rosidl_typesupport_fastrtps_c.h
[1.858s] -- Up-to-date symlink: /home/krish/ros2_ws/install/go2_interfaces/include/go2_interfaces/go2_interfaces/msg/detail/motor_cmds__rosidl_typesupport_fastrtps_c.h
[1.858s] -- Up-to-date symlink: /home/krish/ros2_ws/install/go2_interfaces/include/go2_interfaces/go2_interfaces/msg/detail/motor_state__rosidl_typesupport_fastrtps_c.h
[1.858s] -- Up-to-date symlink: /home/krish/ros2_ws/install/go2_interfaces/include/go2_interfaces/go2_interfaces/msg/detail/motor_states__rosidl_typesupport_fastrtps_c.h
[1.858s] -- Up-to-date symlink: /home/krish/ros2_ws/install/go2_interfaces/include/go2_interfaces/go2_interfaces/msg/detail/path_point__rosidl_typesupport_fastrtps_c.h
[1.859s] -- Up-to-date symlink: /home/krish/ros2_ws/install/go2_interfaces/include/go2_interfaces/go2_interfaces/msg/detail/req__rosidl_typesupport_fastrtps_c.h
[1.863s] -- Up-to-date symlink: /home/krish/ros2_ws/install/go2_interfaces/include/go2_interfaces/go2_interfaces/msg/detail/res__rosidl_typesupport_fastrtps_c.h
[1.863s] -- Up-to-date symlink: /home/krish/ros2_ws/install/go2_interfaces/include/go2_interfaces/go2_interfaces/msg/detail/sport_mode_cmd__rosidl_typesupport_fastrtps_c.h
[1.874s] -- Up-to-date symlink: /home/krish/ros2_ws/install/go2_interfaces/include/go2_interfaces/go2_interfaces/msg/detail/sport_mode_state__rosidl_typesupport_fastrtps_c.h
[1.874s] -- Up-to-date symlink: /home/krish/ros2_ws/install/go2_interfaces/include/go2_interfaces/go2_interfaces/msg/detail/time_spec__rosidl_typesupport_fastrtps_c.h
[1.875s] -- Up-to-date symlink: /home/krish/ros2_ws/install/go2_interfaces/include/go2_interfaces/go2_interfaces/msg/detail/uwb_state__rosidl_typesupport_fastrtps_c.h
[1.875s] -- Up-to-date symlink: /home/krish/ros2_ws/install/go2_interfaces/include/go2_interfaces/go2_interfaces/msg/detail/uwb_switch__rosidl_typesupport_fastrtps_c.h
[1.875s] -- Up-to-date symlink: /home/krish/ros2_ws/install/go2_interfaces/include/go2_interfaces/go2_interfaces/msg/detail/voxel_height_map_state__rosidl_typesupport_fastrtps_c.h
[1.877s] -- Up-to-date symlink: /home/krish/ros2_ws/install/go2_interfaces/include/go2_interfaces/go2_interfaces/msg/detail/voxel_map_compressed__rosidl_typesupport_fastrtps_c.h
[1.878s] -- Up-to-date symlink: /home/krish/ros2_ws/install/go2_interfaces/include/go2_interfaces/go2_interfaces/msg/detail/web_rtc_req__rosidl_typesupport_fastrtps_c.h
[1.878s] -- Up-to-date symlink: /home/krish/ros2_ws/install/go2_interfaces/include/go2_interfaces/go2_interfaces/msg/detail/wireless_controller__rosidl_typesupport_fastrtps_c.h
[1.879s] -- Up-to-date symlink: /home/krish/ros2_ws/install/go2_interfaces/include/go2_interfaces/go2_interfaces/msg/rosidl_typesupport_fastrtps_c__visibility_control.h
[1.879s] -- Up-to-date symlink: /home/krish/ros2_ws/install/go2_interfaces/include/go2_interfaces/go2_interfaces/msg/audio_data.hpp
[1.884s] -- Up-to-date symlink: /home/krish/ros2_ws/install/go2_interfaces/include/go2_interfaces/go2_interfaces/msg/bms_cmd.hpp
[1.885s] -- Up-to-date symlink: /home/krish/ros2_ws/install/go2_interfaces/include/go2_interfaces/go2_interfaces/msg/bms_state.hpp
[1.885s] -- Up-to-date symlink: /home/krish/ros2_ws/install/go2_interfaces/include/go2_interfaces/go2_interfaces/msg/detail/audio_data__builder.hpp
[1.886s] -- Up-to-date symlink: /home/krish/ros2_ws/install/go2_interfaces/include/go2_interfaces/go2_interfaces/msg/detail/audio_data__struct.hpp
[1.886s] -- Up-to-date symlink: /home/krish/ros2_ws/install/go2_interfaces/include/go2_interfaces/go2_interfaces/msg/detail/audio_data__traits.hpp
[1.886s] -- Up-to-date symlink: /home/krish/ros2_ws/install/go2_interfaces/include/go2_interfaces/go2_interfaces/msg/detail/audio_data__type_support.hpp
[1.886s] -- Up-to-date symlink: /home/krish/ros2_ws/install/go2_interfaces/include/go2_interfaces/go2_interfaces/msg/detail/bms_cmd__builder.hpp
[1.886s] -- Up-to-date symlink: /home/krish/ros2_ws/install/go2_interfaces/include/go2_interfaces/go2_interfaces/msg/detail/bms_cmd__struct.hpp
[1.889s] -- Up-to-date symlink: /home/krish/ros2_ws/install/go2_interfaces/include/go2_interfaces/go2_interfaces/msg/detail/bms_cmd__traits.hpp
[1.889s] -- Up-to-date symlink: /home/krish/ros2_ws/install/go2_interfaces/include/go2_interfaces/go2_interfaces/msg/detail/bms_cmd__type_support.hpp
[1.891s] -- Up-to-date symlink: /home/krish/ros2_ws/install/go2_interfaces/include/go2_interfaces/go2_interfaces/msg/detail/bms_state__builder.hpp
[1.892s] -- Up-to-date symlink: /home/krish/ros2_ws/install/go2_interfaces/include/go2_interfaces/go2_interfaces/msg/detail/bms_state__struct.hpp
[1.892s] -- Up-to-date symlink: /home/krish/ros2_ws/install/go2_interfaces/include/go2_interfaces/go2_interfaces/msg/detail/bms_state__traits.hpp
[1.892s] -- Up-to-date symlink: /home/krish/ros2_ws/install/go2_interfaces/include/go2_interfaces/go2_interfaces/msg/detail/bms_state__type_support.hpp
[1.893s] -- Up-to-date symlink: /home/krish/ros2_ws/install/go2_interfaces/include/go2_interfaces/go2_interfaces/msg/detail/error__builder.hpp
[1.893s] -- Up-to-date symlink: /home/krish/ros2_ws/install/go2_interfaces/include/go2_interfaces/go2_interfaces/msg/detail/error__struct.hpp
[1.893s] -- Up-to-date symlink: /home/krish/ros2_ws/install/go2_interfaces/include/go2_interfaces/go2_interfaces/msg/detail/error__traits.hpp
[1.894s] -- Up-to-date symlink: /home/krish/ros2_ws/install/go2_interfaces/include/go2_interfaces/go2_interfaces/msg/detail/error__type_support.hpp
[1.895s] -- Up-to-date symlink: /home/krish/ros2_ws/install/go2_interfaces/include/go2_interfaces/go2_interfaces/msg/detail/go2_cmd__builder.hpp
[1.896s] -- Up-to-date symlink: /home/krish/ros2_ws/install/go2_interfaces/include/go2_interfaces/go2_interfaces/msg/detail/go2_cmd__struct.hpp
[1.896s] -- Up-to-date symlink: /home/krish/ros2_ws/install/go2_interfaces/include/go2_interfaces/go2_interfaces/msg/detail/go2_cmd__traits.hpp
[1.896s] -- Up-to-date symlink: /home/krish/ros2_ws/install/go2_interfaces/include/go2_interfaces/go2_interfaces/msg/detail/go2_cmd__type_support.hpp
[1.896s] -- Up-to-date symlink: /home/krish/ros2_ws/install/go2_interfaces/include/go2_interfaces/go2_interfaces/msg/detail/go2_front_video_data__builder.hpp
[1.897s] -- Up-to-date symlink: /home/krish/ros2_ws/install/go2_interfaces/include/go2_interfaces/go2_interfaces/msg/detail/go2_front_video_data__struct.hpp
[1.897s] -- Up-to-date symlink: /home/krish/ros2_ws/install/go2_interfaces/include/go2_interfaces/go2_interfaces/msg/detail/go2_front_video_data__traits.hpp
[1.897s] -- Up-to-date symlink: /home/krish/ros2_ws/install/go2_interfaces/include/go2_interfaces/go2_interfaces/msg/detail/go2_front_video_data__type_support.hpp
[1.898s] -- Up-to-date symlink: /home/krish/ros2_ws/install/go2_interfaces/include/go2_interfaces/go2_interfaces/msg/detail/go2_move__builder.hpp
[1.898s] -- Up-to-date symlink: /home/krish/ros2_ws/install/go2_interfaces/include/go2_interfaces/go2_interfaces/msg/detail/go2_move__struct.hpp
[1.900s] -- Up-to-date symlink: /home/krish/ros2_ws/install/go2_interfaces/include/go2_interfaces/go2_interfaces/msg/detail/go2_move__traits.hpp
[1.900s] -- Up-to-date symlink: /home/krish/ros2_ws/install/go2_interfaces/include/go2_interfaces/go2_interfaces/msg/detail/go2_move__type_support.hpp
[1.900s] -- Up-to-date symlink: /home/krish/ros2_ws/install/go2_interfaces/include/go2_interfaces/go2_interfaces/msg/detail/go2_rpy_cmd__builder.hpp
[1.900s] -- Up-to-date symlink: /home/krish/ros2_ws/install/go2_interfaces/include/go2_interfaces/go2_interfaces/msg/detail/go2_rpy_cmd__struct.hpp
[1.900s] -- Up-to-date symlink: /home/krish/ros2_ws/install/go2_interfaces/include/go2_interfaces/go2_interfaces/msg/detail/go2_rpy_cmd__traits.hpp
[1.901s] -- Up-to-date symlink: /home/krish/ros2_ws/install/go2_interfaces/include/go2_interfaces/go2_interfaces/msg/detail/go2_rpy_cmd__type_support.hpp
[1.901s] -- Up-to-date symlink: /home/krish/ros2_ws/install/go2_interfaces/include/go2_interfaces/go2_interfaces/msg/detail/go2_state__builder.hpp
[1.902s] -- Up-to-date symlink: /home/krish/ros2_ws/install/go2_interfaces/include/go2_interfaces/go2_interfaces/msg/detail/go2_state__struct.hpp
[1.902s] -- Up-to-date symlink: /home/krish/ros2_ws/install/go2_interfaces/include/go2_interfaces/go2_interfaces/msg/detail/go2_state__traits.hpp
[1.902s] -- Up-to-date symlink: /home/krish/ros2_ws/install/go2_interfaces/include/go2_interfaces/go2_interfaces/msg/detail/go2_state__type_support.hpp
[1.904s] -- Up-to-date symlink: /home/krish/ros2_ws/install/go2_interfaces/include/go2_interfaces/go2_interfaces/msg/detail/height_map__builder.hpp
[1.904s] -- Up-to-date symlink: /home/krish/ros2_ws/install/go2_interfaces/include/go2_interfaces/go2_interfaces/msg/detail/height_map__struct.hpp
[1.904s] -- Up-to-date symlink: /home/krish/ros2_ws/install/go2_interfaces/include/go2_interfaces/go2_interfaces/msg/detail/height_map__traits.hpp
[1.905s] -- Up-to-date symlink: /home/krish/ros2_ws/install/go2_interfaces/include/go2_interfaces/go2_interfaces/msg/detail/height_map__type_support.hpp
[1.905s] -- Up-to-date symlink: /home/krish/ros2_ws/install/go2_interfaces/include/go2_interfaces/go2_interfaces/msg/detail/imu__builder.hpp
[1.905s] -- Up-to-date symlink: /home/krish/ros2_ws/install/go2_interfaces/include/go2_interfaces/go2_interfaces/msg/detail/imu__struct.hpp
[1.905s] -- Up-to-date symlink: /home/krish/ros2_ws/install/go2_interfaces/include/go2_interfaces/go2_interfaces/msg/detail/imu__traits.hpp
[1.906s] -- Up-to-date symlink: /home/krish/ros2_ws/install/go2_interfaces/include/go2_interfaces/go2_interfaces/msg/detail/imu__type_support.hpp
[1.906s] -- Up-to-date symlink: /home/krish/ros2_ws/install/go2_interfaces/include/go2_interfaces/go2_interfaces/msg/detail/interface_config__builder.hpp
[1.907s] -- Up-to-date symlink: /home/krish/ros2_ws/install/go2_interfaces/include/go2_interfaces/go2_interfaces/msg/detail/interface_config__struct.hpp
[1.907s] -- Up-to-date symlink: /home/krish/ros2_ws/install/go2_interfaces/include/go2_interfaces/go2_interfaces/msg/detail/interface_config__traits.hpp
[1.908s] -- Up-to-date symlink: /home/krish/ros2_ws/install/go2_interfaces/include/go2_interfaces/go2_interfaces/msg/detail/interface_config__type_support.hpp
[1.908s] -- Up-to-date symlink: /home/krish/ros2_ws/install/go2_interfaces/include/go2_interfaces/go2_interfaces/msg/detail/lidar_state__builder.hpp
[1.909s] -- Up-to-date symlink: /home/krish/ros2_ws/install/go2_interfaces/include/go2_interfaces/go2_interfaces/msg/detail/lidar_state__struct.hpp
[1.909s] -- Up-to-date symlink: /home/krish/ros2_ws/install/go2_interfaces/include/go2_interfaces/go2_interfaces/msg/detail/lidar_state__traits.hpp
[1.909s] -- Up-to-date symlink: /home/krish/ros2_ws/install/go2_interfaces/include/go2_interfaces/go2_interfaces/msg/detail/lidar_state__type_support.hpp
[1.909s] -- Up-to-date symlink: /home/krish/ros2_ws/install/go2_interfaces/include/go2_interfaces/go2_interfaces/msg/detail/low_cmd__builder.hpp
[1.909s] -- Up-to-date symlink: /home/krish/ros2_ws/install/go2_interfaces/include/go2_interfaces/go2_interfaces/msg/detail/low_cmd__struct.hpp
[1.910s] -- Up-to-date symlink: /home/krish/ros2_ws/install/go2_interfaces/include/go2_interfaces/go2_interfaces/msg/detail/low_cmd__traits.hpp
[1.911s] -- Up-to-date symlink: /home/krish/ros2_ws/install/go2_interfaces/include/go2_interfaces/go2_interfaces/msg/detail/low_cmd__type_support.hpp
[1.911s] -- Up-to-date symlink: /home/krish/ros2_ws/install/go2_interfaces/include/go2_interfaces/go2_interfaces/msg/detail/low_state__builder.hpp
[1.912s] -- Up-to-date symlink: /home/krish/ros2_ws/install/go2_interfaces/include/go2_interfaces/go2_interfaces/msg/detail/low_state__struct.hpp
[1.912s] -- Up-to-date symlink: /home/krish/ros2_ws/install/go2_interfaces/include/go2_interfaces/go2_interfaces/msg/detail/low_state__traits.hpp
[1.912s] -- Up-to-date symlink: /home/krish/ros2_ws/install/go2_interfaces/include/go2_interfaces/go2_interfaces/msg/detail/low_state__type_support.hpp
[1.912s] -- Up-to-date symlink: /home/krish/ros2_ws/install/go2_interfaces/include/go2_interfaces/go2_interfaces/msg/detail/motor_cmd__builder.hpp
[1.912s] -- Up-to-date symlink: /home/krish/ros2_ws/install/go2_interfaces/include/go2_interfaces/go2_interfaces/msg/detail/motor_cmd__struct.hpp
[1.912s] -- Up-to-date symlink: /home/krish/ros2_ws/install/go2_interfaces/include/go2_interfaces/go2_interfaces/msg/detail/motor_cmd__traits.hpp
[1.912s] -- Up-to-date symlink: /home/krish/ros2_ws/install/go2_interfaces/include/go2_interfaces/go2_interfaces/msg/detail/motor_cmd__type_support.hpp
[1.912s] -- Up-to-date symlink: /home/krish/ros2_ws/install/go2_interfaces/include/go2_interfaces/go2_interfaces/msg/detail/motor_cmds__builder.hpp
[1.912s] -- Up-to-date symlink: /home/krish/ros2_ws/install/go2_interfaces/include/go2_interfaces/go2_interfaces/msg/detail/motor_cmds__struct.hpp
[1.913s] -- Up-to-date symlink: /home/krish/ros2_ws/install/go2_interfaces/include/go2_interfaces/go2_interfaces/msg/detail/motor_cmds__traits.hpp
[1.913s] -- Up-to-date symlink: /home/krish/ros2_ws/install/go2_interfaces/include/go2_interfaces/go2_interfaces/msg/detail/motor_cmds__type_support.hpp
[1.913s] -- Up-to-date symlink: /home/krish/ros2_ws/install/go2_interfaces/include/go2_interfaces/go2_interfaces/msg/detail/motor_state__builder.hpp
[1.913s] -- Up-to-date symlink: /home/krish/ros2_ws/install/go2_interfaces/include/go2_interfaces/go2_interfaces/msg/detail/motor_state__struct.hpp
[1.913s] -- Up-to-date symlink: /home/krish/ros2_ws/install/go2_interfaces/include/go2_interfaces/go2_interfaces/msg/detail/motor_state__traits.hpp
[1.913s] -- Up-to-date symlink: /home/krish/ros2_ws/install/go2_interfaces/include/go2_interfaces/go2_interfaces/msg/detail/motor_state__type_support.hpp
[1.913s] -- Up-to-date symlink: /home/krish/ros2_ws/install/go2_interfaces/include/go2_interfaces/go2_interfaces/msg/detail/motor_states__builder.hpp
[1.913s] -- Up-to-date symlink: /home/krish/ros2_ws/install/go2_interfaces/include/go2_interfaces/go2_interfaces/msg/detail/motor_states__struct.hpp
[1.913s] -- Up-to-date symlink: /home/krish/ros2_ws/install/go2_interfaces/include/go2_interfaces/go2_interfaces/msg/detail/motor_states__traits.hpp
[1.913s] -- Up-to-date symlink: /home/krish/ros2_ws/install/go2_interfaces/include/go2_interfaces/go2_interfaces/msg/detail/motor_states__type_support.hpp
[1.914s] -- Up-to-date symlink: /home/krish/ros2_ws/install/go2_interfaces/include/go2_interfaces/go2_interfaces/msg/detail/path_point__builder.hpp
[1.917s] -- Up-to-date symlink: /home/krish/ros2_ws/install/go2_interfaces/include/go2_interfaces/go2_interfaces/msg/detail/path_point__struct.hpp
[1.917s] -- Up-to-date symlink: /home/krish/ros2_ws/install/go2_interfaces/include/go2_interfaces/go2_interfaces/msg/detail/path_point__traits.hpp
[1.918s] -- Up-to-date symlink: /home/krish/ros2_ws/install/go2_interfaces/include/go2_interfaces/go2_interfaces/msg/detail/path_point__type_support.hpp
[1.918s] -- Up-to-date symlink: /home/krish/ros2_ws/install/go2_interfaces/include/go2_interfaces/go2_interfaces/msg/detail/req__builder.hpp
[1.918s] -- Up-to-date symlink: /home/krish/ros2_ws/install/go2_interfaces/include/go2_interfaces/go2_interfaces/msg/detail/req__struct.hpp
[1.919s] -- Up-to-date symlink: /home/krish/ros2_ws/install/go2_interfaces/include/go2_interfaces/go2_interfaces/msg/detail/req__traits.hpp
[1.919s] -- Up-to-date symlink: /home/krish/ros2_ws/install/go2_interfaces/include/go2_interfaces/go2_interfaces/msg/detail/req__type_support.hpp
[1.920s] -- Up-to-date symlink: /home/krish/ros2_ws/install/go2_interfaces/include/go2_interfaces/go2_interfaces/msg/detail/res__builder.hpp
[1.920s] -- Up-to-date symlink: /home/krish/ros2_ws/install/go2_interfaces/include/go2_interfaces/go2_interfaces/msg/detail/res__struct.hpp
[1.921s] -- Up-to-date symlink: /home/krish/ros2_ws/install/go2_interfaces/include/go2_interfaces/go2_interfaces/msg/detail/res__traits.hpp
[1.921s] -- Up-to-date symlink: /home/krish/ros2_ws/install/go2_interfaces/include/go2_interfaces/go2_interfaces/msg/detail/res__type_support.hpp
[1.921s] -- Up-to-date symlink: /home/krish/ros2_ws/install/go2_interfaces/include/go2_interfaces/go2_interfaces/msg/detail/sport_mode_cmd__builder.hpp
[1.922s] -- Up-to-date symlink: /home/krish/ros2_ws/install/go2_interfaces/include/go2_interfaces/go2_interfaces/msg/detail/sport_mode_cmd__struct.hpp
[1.922s] -- Up-to-date symlink: /home/krish/ros2_ws/install/go2_interfaces/include/go2_interfaces/go2_interfaces/msg/detail/sport_mode_cmd__traits.hpp
[1.922s] -- Up-to-date symlink: /home/krish/ros2_ws/install/go2_interfaces/include/go2_interfaces/go2_interfaces/msg/detail/sport_mode_cmd__type_support.hpp
[1.922s] -- Up-to-date symlink: /home/krish/ros2_ws/install/go2_interfaces/include/go2_interfaces/go2_interfaces/msg/detail/sport_mode_state__builder.hpp
[1.923s] -- Up-to-date symlink: /home/krish/ros2_ws/install/go2_interfaces/include/go2_interfaces/go2_interfaces/msg/detail/sport_mode_state__struct.hpp
[1.923s] -- Up-to-date symlink: /home/krish/ros2_ws/install/go2_interfaces/include/go2_interfaces/go2_interfaces/msg/detail/sport_mode_state__traits.hpp
[1.923s] -- Up-to-date symlink: /home/krish/ros2_ws/install/go2_interfaces/include/go2_interfaces/go2_interfaces/msg/detail/sport_mode_state__type_support.hpp
[1.923s] -- Up-to-date symlink: /home/krish/ros2_ws/install/go2_interfaces/include/go2_interfaces/go2_interfaces/msg/detail/time_spec__builder.hpp
[1.923s] -- Up-to-date symlink: /home/krish/ros2_ws/install/go2_interfaces/include/go2_interfaces/go2_interfaces/msg/detail/time_spec__struct.hpp
[1.923s] -- Up-to-date symlink: /home/krish/ros2_ws/install/go2_interfaces/include/go2_interfaces/go2_interfaces/msg/detail/time_spec__traits.hpp
[1.923s] -- Up-to-date symlink: /home/krish/ros2_ws/install/go2_interfaces/include/go2_interfaces/go2_interfaces/msg/detail/time_spec__type_support.hpp
[1.923s] -- Up-to-date symlink: /home/krish/ros2_ws/install/go2_interfaces/include/go2_interfaces/go2_interfaces/msg/detail/uwb_state__builder.hpp
[1.923s] -- Up-to-date symlink: /home/krish/ros2_ws/install/go2_interfaces/include/go2_interfaces/go2_interfaces/msg/detail/uwb_state__struct.hpp
[1.924s] -- Up-to-date symlink: /home/krish/ros2_ws/install/go2_interfaces/include/go2_interfaces/go2_interfaces/msg/detail/uwb_state__traits.hpp
[1.926s] -- Up-to-date symlink: /home/krish/ros2_ws/install/go2_interfaces/include/go2_interfaces/go2_interfaces/msg/detail/uwb_state__type_support.hpp
[1.926s] -- Up-to-date symlink: /home/krish/ros2_ws/install/go2_interfaces/include/go2_interfaces/go2_interfaces/msg/detail/uwb_switch__builder.hpp
[1.926s] -- Up-to-date symlink: /home/krish/ros2_ws/install/go2_interfaces/include/go2_interfaces/go2_interfaces/msg/detail/uwb_switch__struct.hpp
[1.927s] -- Up-to-date symlink: /home/krish/ros2_ws/install/go2_interfaces/include/go2_interfaces/go2_interfaces/msg/detail/uwb_switch__traits.hpp
[1.928s] -- Up-to-date symlink: /home/krish/ros2_ws/install/go2_interfaces/include/go2_interfaces/go2_interfaces/msg/detail/uwb_switch__type_support.hpp
[1.928s] -- Up-to-date symlink: /home/krish/ros2_ws/install/go2_interfaces/include/go2_interfaces/go2_interfaces/msg/detail/voxel_height_map_state__builder.hpp
[1.929s] -- Up-to-date symlink: /home/krish/ros2_ws/install/go2_interfaces/include/go2_interfaces/go2_interfaces/msg/detail/voxel_height_map_state__struct.hpp
[1.929s] -- Up-to-date symlink: /home/krish/ros2_ws/install/go2_interfaces/include/go2_interfaces/go2_interfaces/msg/detail/voxel_height_map_state__traits.hpp
[1.929s] -- Up-to-date symlink: /home/krish/ros2_ws/install/go2_interfaces/include/go2_interfaces/go2_interfaces/msg/detail/voxel_height_map_state__type_support.hpp
[1.929s] -- Up-to-date symlink: /home/krish/ros2_ws/install/go2_interfaces/include/go2_interfaces/go2_interfaces/msg/detail/voxel_map_compressed__builder.hpp
[1.930s] -- Up-to-date symlink: /home/krish/ros2_ws/install/go2_interfaces/include/go2_interfaces/go2_interfaces/msg/detail/voxel_map_compressed__struct.hpp
[1.930s] -- Up-to-date symlink: /home/krish/ros2_ws/install/go2_interfaces/include/go2_interfaces/go2_interfaces/msg/detail/voxel_map_compressed__traits.hpp
[1.931s] -- Up-to-date symlink: /home/krish/ros2_ws/install/go2_interfaces/include/go2_interfaces/go2_interfaces/msg/detail/voxel_map_compressed__type_support.hpp
[1.931s] -- Up-to-date symlink: /home/krish/ros2_ws/install/go2_interfaces/include/go2_interfaces/go2_interfaces/msg/detail/web_rtc_req__builder.hpp
[1.932s] -- Up-to-date symlink: /home/krish/ros2_ws/install/go2_interfaces/include/go2_interfaces/go2_interfaces/msg/detail/web_rtc_req__struct.hpp
[1.933s] -- Up-to-date symlink: /home/krish/ros2_ws/install/go2_interfaces/include/go2_interfaces/go2_interfaces/msg/detail/web_rtc_req__traits.hpp
[1.933s] -- Up-to-date symlink: /home/krish/ros2_ws/install/go2_interfaces/include/go2_interfaces/go2_interfaces/msg/detail/web_rtc_req__type_support.hpp
[1.933s] -- Up-to-date symlink: /home/krish/ros2_ws/install/go2_interfaces/include/go2_interfaces/go2_interfaces/msg/detail/wireless_controller__builder.hpp
[1.933s] -- Up-to-date symlink: /home/krish/ros2_ws/install/go2_interfaces/include/go2_interfaces/go2_interfaces/msg/detail/wireless_controller__struct.hpp
[1.933s] -- Up-to-date symlink: /home/krish/ros2_ws/install/go2_interfaces/include/go2_interfaces/go2_interfaces/msg/detail/wireless_controller__traits.hpp
[1.933s] -- Up-to-date symlink: /home/krish/ros2_ws/install/go2_interfaces/include/go2_interfaces/go2_interfaces/msg/detail/wireless_controller__type_support.hpp
[1.933s] -- Up-to-date symlink: /home/krish/ros2_ws/install/go2_interfaces/include/go2_interfaces/go2_interfaces/msg/error.hpp
[1.933s] -- Up-to-date symlink: /home/krish/ros2_ws/install/go2_interfaces/include/go2_interfaces/go2_interfaces/msg/go2_cmd.hpp
[1.933s] -- Up-to-date symlink: /home/krish/ros2_ws/install/go2_interfaces/include/go2_interfaces/go2_interfaces/msg/go2_front_video_data.hpp
[1.934s] -- Up-to-date symlink: /home/krish/ros2_ws/install/go2_interfaces/include/go2_interfaces/go2_interfaces/msg/go2_move.hpp
[1.936s] -- Up-to-date symlink: /home/krish/ros2_ws/install/go2_interfaces/include/go2_interfaces/go2_interfaces/msg/go2_rpy_cmd.hpp
[1.936s] -- Up-to-date symlink: /home/krish/ros2_ws/install/go2_interfaces/include/go2_interfaces/go2_interfaces/msg/go2_state.hpp
[1.936s] -- Up-to-date symlink: /home/krish/ros2_ws/install/go2_interfaces/include/go2_interfaces/go2_interfaces/msg/height_map.hpp
[1.936s] -- Up-to-date symlink: /home/krish/ros2_ws/install/go2_interfaces/include/go2_interfaces/go2_interfaces/msg/imu.hpp
[1.936s] -- Up-to-date symlink: /home/krish/ros2_ws/install/go2_interfaces/include/go2_interfaces/go2_interfaces/msg/interface_config.hpp
[1.937s] -- Up-to-date symlink: /home/krish/ros2_ws/install/go2_interfaces/include/go2_interfaces/go2_interfaces/msg/lidar_state.hpp
[1.938s] -- Up-to-date symlink: /home/krish/ros2_ws/install/go2_interfaces/include/go2_interfaces/go2_interfaces/msg/low_cmd.hpp
[1.938s] -- Up-to-date symlink: /home/krish/ros2_ws/install/go2_interfaces/include/go2_interfaces/go2_interfaces/msg/low_state.hpp
[1.938s] -- Up-to-date symlink: /home/krish/ros2_ws/install/go2_interfaces/include/go2_interfaces/go2_interfaces/msg/motor_cmd.hpp
[1.938s] -- Up-to-date symlink: /home/krish/ros2_ws/install/go2_interfaces/include/go2_interfaces/go2_interfaces/msg/motor_cmds.hpp
[1.939s] -- Up-to-date symlink: /home/krish/ros2_ws/install/go2_interfaces/include/go2_interfaces/go2_interfaces/msg/motor_state.hpp
[1.939s] -- Up-to-date symlink: /home/krish/ros2_ws/install/go2_interfaces/include/go2_interfaces/go2_interfaces/msg/motor_states.hpp
[1.939s] -- Up-to-date symlink: /home/krish/ros2_ws/install/go2_interfaces/include/go2_interfaces/go2_interfaces/msg/path_point.hpp
[1.940s] -- Up-to-date symlink: /home/krish/ros2_ws/install/go2_interfaces/include/go2_interfaces/go2_interfaces/msg/req.hpp
[1.940s] -- Up-to-date symlink: /home/krish/ros2_ws/install/go2_interfaces/include/go2_interfaces/go2_interfaces/msg/res.hpp
[1.940s] -- Up-to-date symlink: /home/krish/ros2_ws/install/go2_interfaces/include/go2_interfaces/go2_interfaces/msg/rosidl_generator_cpp__visibility_control.hpp
[1.941s] -- Up-to-date symlink: /home/krish/ros2_ws/install/go2_interfaces/include/go2_interfaces/go2_interfaces/msg/sport_mode_cmd.hpp
[1.942s] -- Up-to-date symlink: /home/krish/ros2_ws/install/go2_interfaces/include/go2_interfaces/go2_interfaces/msg/sport_mode_state.hpp
[1.942s] -- Up-to-date symlink: /home/krish/ros2_ws/install/go2_interfaces/include/go2_interfaces/go2_interfaces/msg/time_spec.hpp
[1.942s] -- Up-to-date symlink: /home/krish/ros2_ws/install/go2_interfaces/include/go2_interfaces/go2_interfaces/msg/uwb_state.hpp
[1.943s] -- Up-to-date symlink: /home/krish/ros2_ws/install/go2_interfaces/include/go2_interfaces/go2_interfaces/msg/uwb_switch.hpp
[1.943s] -- Up-to-date symlink: /home/krish/ros2_ws/install/go2_interfaces/include/go2_interfaces/go2_interfaces/msg/voxel_height_map_state.hpp
[1.944s] -- Up-to-date symlink: /home/krish/ros2_ws/install/go2_interfaces/include/go2_interfaces/go2_interfaces/msg/voxel_map_compressed.hpp
[1.944s] -- Up-to-date symlink: /home/krish/ros2_ws/install/go2_interfaces/include/go2_interfaces/go2_interfaces/msg/web_rtc_req.hpp
[1.944s] -- Up-to-date symlink: /home/krish/ros2_ws/install/go2_interfaces/include/go2_interfaces/go2_interfaces/msg/wireless_controller.hpp
[1.945s] -- Up-to-date symlink: /home/krish/ros2_ws/install/go2_interfaces/include/go2_interfaces/go2_interfaces/msg/detail/audio_data__rosidl_typesupport_fastrtps_cpp.hpp
[1.945s] -- Up-to-date symlink: /home/krish/ros2_ws/install/go2_interfaces/include/go2_interfaces/go2_interfaces/msg/detail/bms_cmd__rosidl_typesupport_fastrtps_cpp.hpp
[1.945s] -- Up-to-date symlink: /home/krish/ros2_ws/install/go2_interfaces/include/go2_interfaces/go2_interfaces/msg/detail/bms_state__rosidl_typesupport_fastrtps_cpp.hpp
[1.947s] -- Up-to-date symlink: /home/krish/ros2_ws/install/go2_interfaces/include/go2_interfaces/go2_interfaces/msg/detail/error__rosidl_typesupport_fastrtps_cpp.hpp
[1.947s] -- Up-to-date symlink: /home/krish/ros2_ws/install/go2_interfaces/include/go2_interfaces/go2_interfaces/msg/detail/go2_cmd__rosidl_typesupport_fastrtps_cpp.hpp
[1.947s] -- Up-to-date symlink: /home/krish/ros2_ws/install/go2_interfaces/include/go2_interfaces/go2_interfaces/msg/detail/go2_front_video_data__rosidl_typesupport_fastrtps_cpp.hpp
[1.947s] -- Up-to-date symlink: /home/krish/ros2_ws/install/go2_interfaces/include/go2_interfaces/go2_interfaces/msg/detail/go2_move__rosidl_typesupport_fastrtps_cpp.hpp
[1.947s] -- Up-to-date symlink: /home/krish/ros2_ws/install/go2_interfaces/include/go2_interfaces/go2_interfaces/msg/detail/go2_rpy_cmd__rosidl_typesupport_fastrtps_cpp.hpp
[1.948s] -- Up-to-date symlink: /home/krish/ros2_ws/install/go2_interfaces/include/go2_interfaces/go2_interfaces/msg/detail/go2_state__rosidl_typesupport_fastrtps_cpp.hpp
[1.948s] -- Up-to-date symlink: /home/krish/ros2_ws/install/go2_interfaces/include/go2_interfaces/go2_interfaces/msg/detail/height_map__rosidl_typesupport_fastrtps_cpp.hpp
[1.948s] -- Up-to-date symlink: /home/krish/ros2_ws/install/go2_interfaces/include/go2_interfaces/go2_interfaces/msg/detail/imu__rosidl_typesupport_fastrtps_cpp.hpp
[1.948s] -- Up-to-date symlink: /home/krish/ros2_ws/install/go2_interfaces/include/go2_interfaces/go2_interfaces/msg/detail/interface_config__rosidl_typesupport_fastrtps_cpp.hpp
[1.948s] -- Up-to-date symlink: /home/krish/ros2_ws/install/go2_interfaces/include/go2_interfaces/go2_interfaces/msg/detail/lidar_state__rosidl_typesupport_fastrtps_cpp.hpp
[1.948s] -- Up-to-date symlink: /home/krish/ros2_ws/install/go2_interfaces/include/go2_interfaces/go2_interfaces/msg/detail/low_cmd__rosidl_typesupport_fastrtps_cpp.hpp
[1.948s] -- Up-to-date symlink: /home/krish/ros2_ws/install/go2_interfaces/include/go2_interfaces/go2_interfaces/msg/detail/low_state__rosidl_typesupport_fastrtps_cpp.hpp
[1.948s] -- Up-to-date symlink: /home/krish/ros2_ws/install/go2_interfaces/include/go2_interfaces/go2_interfaces/msg/detail/motor_cmd__rosidl_typesupport_fastrtps_cpp.hpp
[1.949s] -- Up-to-date symlink: /home/krish/ros2_ws/install/go2_interfaces/include/go2_interfaces/go2_interfaces/msg/detail/motor_cmds__rosidl_typesupport_fastrtps_cpp.hpp
[1.949s] -- Up-to-date symlink: /home/krish/ros2_ws/install/go2_interfaces/include/go2_interfaces/go2_interfaces/msg/detail/motor_state__rosidl_typesupport_fastrtps_cpp.hpp
[1.949s] -- Up-to-date symlink: /home/krish/ros2_ws/install/go2_interfaces/include/go2_interfaces/go2_interfaces/msg/detail/motor_states__rosidl_typesupport_fastrtps_cpp.hpp
[1.949s] -- Up-to-date symlink: /home/krish/ros2_ws/install/go2_interfaces/include/go2_interfaces/go2_interfaces/msg/detail/path_point__rosidl_typesupport_fastrtps_cpp.hpp
[1.950s] -- Up-to-date symlink: /home/krish/ros2_ws/install/go2_interfaces/include/go2_interfaces/go2_interfaces/msg/detail/req__rosidl_typesupport_fastrtps_cpp.hpp
[1.951s] -- Up-to-date symlink: /home/krish/ros2_ws/install/go2_interfaces/include/go2_interfaces/go2_interfaces/msg/detail/res__rosidl_typesupport_fastrtps_cpp.hpp
[1.951s] -- Up-to-date symlink: /home/krish/ros2_ws/install/go2_interfaces/include/go2_interfaces/go2_interfaces/msg/detail/sport_mode_cmd__rosidl_typesupport_fastrtps_cpp.hpp
[1.951s] -- Up-to-date symlink: /home/krish/ros2_ws/install/go2_interfaces/include/go2_interfaces/go2_interfaces/msg/detail/sport_mode_state__rosidl_typesupport_fastrtps_cpp.hpp
[1.951s] -- Up-to-date symlink: /home/krish/ros2_ws/install/go2_interfaces/include/go2_interfaces/go2_interfaces/msg/detail/time_spec__rosidl_typesupport_fastrtps_cpp.hpp
[1.951s] -- Up-to-date symlink: /home/krish/ros2_ws/install/go2_interfaces/include/go2_interfaces/go2_interfaces/msg/detail/uwb_state__rosidl_typesupport_fastrtps_cpp.hpp
[1.952s] -- Up-to-date symlink: /home/krish/ros2_ws/install/go2_interfaces/include/go2_interfaces/go2_interfaces/msg/detail/uwb_switch__rosidl_typesupport_fastrtps_cpp.hpp
[1.952s] -- Up-to-date symlink: /home/krish/ros2_ws/install/go2_interfaces/include/go2_interfaces/go2_interfaces/msg/detail/voxel_height_map_state__rosidl_typesupport_fastrtps_cpp.hpp
[1.954s] -- Up-to-date symlink: /home/krish/ros2_ws/install/go2_interfaces/include/go2_interfaces/go2_interfaces/msg/detail/voxel_map_compressed__rosidl_typesupport_fastrtps_cpp.hpp
[1.954s] -- Up-to-date symlink: /home/krish/ros2_ws/install/go2_interfaces/include/go2_interfaces/go2_interfaces/msg/detail/web_rtc_req__rosidl_typesupport_fastrtps_cpp.hpp
[1.954s] -- Up-to-date symlink: /home/krish/ros2_ws/install/go2_interfaces/include/go2_interfaces/go2_interfaces/msg/detail/wireless_controller__rosidl_typesupport_fastrtps_cpp.hpp
[1.954s] -- Up-to-date symlink: /home/krish/ros2_ws/install/go2_interfaces/include/go2_interfaces/go2_interfaces/msg/rosidl_typesupport_fastrtps_cpp__visibility_control.h
[1.954s] -- Up-to-date symlink: /home/krish/ros2_ws/install/go2_interfaces/include/go2_interfaces/go2_interfaces/msg/detail/audio_data__rosidl_typesupport_introspection_c.h
[1.954s] -- Up-to-date symlink: /home/krish/ros2_ws/install/go2_interfaces/include/go2_interfaces/go2_interfaces/msg/detail/bms_cmd__rosidl_typesupport_introspection_c.h
[1.954s] -- Up-to-date symlink: /home/krish/ros2_ws/install/go2_interfaces/include/go2_interfaces/go2_interfaces/msg/detail/bms_state__rosidl_typesupport_introspection_c.h
[1.955s] -- Up-to-date symlink: /home/krish/ros2_ws/install/go2_interfaces/include/go2_interfaces/go2_interfaces/msg/detail/error__rosidl_typesupport_introspection_c.h
[1.955s] -- Up-to-date symlink: /home/krish/ros2_ws/install/go2_interfaces/include/go2_interfaces/go2_interfaces/msg/detail/go2_cmd__rosidl_typesupport_introspection_c.h
[1.955s] -- Up-to-date symlink: /home/krish/ros2_ws/install/go2_interfaces/include/go2_interfaces/go2_interfaces/msg/detail/go2_front_video_data__rosidl_typesupport_introspection_c.h
[1.955s] -- Up-to-date symlink: /home/krish/ros2_ws/install/go2_interfaces/include/go2_interfaces/go2_interfaces/msg/detail/go2_move__rosidl_typesupport_introspection_c.h
[1.955s] -- Up-to-date symlink: /home/krish/ros2_ws/install/go2_interfaces/include/go2_interfaces/go2_interfaces/msg/detail/go2_rpy_cmd__rosidl_typesupport_introspection_c.h
[1.955s] -- Up-to-date symlink: /home/krish/ros2_ws/install/go2_interfaces/include/go2_interfaces/go2_interfaces/msg/detail/go2_state__rosidl_typesupport_introspection_c.h
[1.955s] -- Up-to-date symlink: /home/krish/ros2_ws/install/go2_interfaces/include/go2_interfaces/go2_interfaces/msg/detail/height_map__rosidl_typesupport_introspection_c.h
[1.956s] -- Up-to-date symlink: /home/krish/ros2_ws/install/go2_interfaces/include/go2_interfaces/go2_interfaces/msg/detail/imu__rosidl_typesupport_introspection_c.h
[1.956s] -- Up-to-date symlink: /home/krish/ros2_ws/install/go2_interfaces/include/go2_interfaces/go2_interfaces/msg/detail/interface_config__rosidl_typesupport_introspection_c.h
[1.956s] -- Up-to-date symlink: /home/krish/ros2_ws/install/go2_interfaces/include/go2_interfaces/go2_interfaces/msg/detail/lidar_state__rosidl_typesupport_introspection_c.h
[1.956s] -- Up-to-date symlink: /home/krish/ros2_ws/install/go2_interfaces/include/go2_interfaces/go2_interfaces/msg/detail/low_cmd__rosidl_typesupport_introspection_c.h
[1.956s] -- Up-to-date symlink: /home/krish/ros2_ws/install/go2_interfaces/include/go2_interfaces/go2_interfaces/msg/detail/low_state__rosidl_typesupport_introspection_c.h
[1.956s] -- Up-to-date symlink: /home/krish/ros2_ws/install/go2_interfaces/include/go2_interfaces/go2_interfaces/msg/detail/motor_cmd__rosidl_typesupport_introspection_c.h
[1.956s] -- Up-to-date symlink: /home/krish/ros2_ws/install/go2_interfaces/include/go2_interfaces/go2_interfaces/msg/detail/motor_cmds__rosidl_typesupport_introspection_c.h
[1.957s] -- Up-to-date symlink: /home/krish/ros2_ws/install/go2_interfaces/include/go2_interfaces/go2_interfaces/msg/detail/motor_state__rosidl_typesupport_introspection_c.h
[1.957s] -- Up-to-date symlink: /home/krish/ros2_ws/install/go2_interfaces/include/go2_interfaces/go2_interfaces/msg/detail/motor_states__rosidl_typesupport_introspection_c.h
[1.957s] -- Up-to-date symlink: /home/krish/ros2_ws/install/go2_interfaces/include/go2_interfaces/go2_interfaces/msg/detail/path_point__rosidl_typesupport_introspection_c.h
[1.957s] -- Up-to-date symlink: /home/krish/ros2_ws/install/go2_interfaces/include/go2_interfaces/go2_interfaces/msg/detail/req__rosidl_typesupport_introspection_c.h
[1.957s] -- Up-to-date symlink: /home/krish/ros2_ws/install/go2_interfaces/include/go2_interfaces/go2_interfaces/msg/detail/res__rosidl_typesupport_introspection_c.h
[1.957s] -- Up-to-date symlink: /home/krish/ros2_ws/install/go2_interfaces/include/go2_interfaces/go2_interfaces/msg/detail/sport_mode_cmd__rosidl_typesupport_introspection_c.h
[1.958s] -- Up-to-date symlink: /home/krish/ros2_ws/install/go2_interfaces/include/go2_interfaces/go2_interfaces/msg/detail/sport_mode_state__rosidl_typesupport_introspection_c.h
[1.958s] -- Up-to-date symlink: /home/krish/ros2_ws/install/go2_interfaces/include/go2_interfaces/go2_interfaces/msg/detail/time_spec__rosidl_typesupport_introspection_c.h
[1.958s] -- Up-to-date symlink: /home/krish/ros2_ws/install/go2_interfaces/include/go2_interfaces/go2_interfaces/msg/detail/uwb_state__rosidl_typesupport_introspection_c.h
[1.958s] -- Up-to-date symlink: /home/krish/ros2_ws/install/go2_interfaces/include/go2_interfaces/go2_interfaces/msg/detail/uwb_switch__rosidl_typesupport_introspection_c.h
[1.958s] -- Up-to-date symlink: /home/krish/ros2_ws/install/go2_interfaces/include/go2_interfaces/go2_interfaces/msg/detail/voxel_height_map_state__rosidl_typesupport_introspection_c.h
[1.958s] -- Up-to-date symlink: /home/krish/ros2_ws/install/go2_interfaces/include/go2_interfaces/go2_interfaces/msg/detail/voxel_map_compressed__rosidl_typesupport_introspection_c.h
[1.958s] -- Up-to-date symlink: /home/krish/ros2_ws/install/go2_interfaces/include/go2_interfaces/go2_interfaces/msg/detail/web_rtc_req__rosidl_typesupport_introspection_c.h
[1.959s] -- Up-to-date symlink: /home/krish/ros2_ws/install/go2_interfaces/include/go2_interfaces/go2_interfaces/msg/detail/wireless_controller__rosidl_typesupport_introspection_c.h
[1.959s] -- Up-to-date symlink: /home/krish/ros2_ws/install/go2_interfaces/include/go2_interfaces/go2_interfaces/msg/rosidl_typesupport_introspection_c__visibility_control.h
[1.959s] -- Up-to-date symlink: /home/krish/ros2_ws/install/go2_interfaces/include/go2_interfaces/go2_interfaces/msg/detail/audio_data__rosidl_typesupport_introspection_cpp.hpp
[1.959s] -- Up-to-date symlink: /home/krish/ros2_ws/install/go2_interfaces/include/go2_interfaces/go2_interfaces/msg/detail/bms_cmd__rosidl_typesupport_introspection_cpp.hpp
[1.959s] -- Up-to-date symlink: /home/krish/ros2_ws/install/go2_interfaces/include/go2_interfaces/go2_interfaces/msg/detail/bms_state__rosidl_typesupport_introspection_cpp.hpp
[1.959s] -- Up-to-date symlink: /home/krish/ros2_ws/install/go2_interfaces/include/go2_interfaces/go2_interfaces/msg/detail/error__rosidl_typesupport_introspection_cpp.hpp
[1.959s] -- Up-to-date symlink: /home/krish/ros2_ws/install/go2_interfaces/include/go2_interfaces/go2_interfaces/msg/detail/go2_cmd__rosidl_typesupport_introspection_cpp.hpp
[1.959s] -- Up-to-date symlink: /home/krish/ros2_ws/install/go2_interfaces/include/go2_interfaces/go2_interfaces/msg/detail/go2_front_video_data__rosidl_typesupport_introspection_cpp.hpp
[1.960s] -- Up-to-date symlink: /home/krish/ros2_ws/install/go2_interfaces/include/go2_interfaces/go2_interfaces/msg/detail/go2_move__rosidl_typesupport_introspection_cpp.hpp
[1.960s] -- Up-to-date symlink: /home/krish/ros2_ws/install/go2_interfaces/include/go2_interfaces/go2_interfaces/msg/detail/go2_rpy_cmd__rosidl_typesupport_introspection_cpp.hpp
[1.960s] -- Up-to-date symlink: /home/krish/ros2_ws/install/go2_interfaces/include/go2_interfaces/go2_interfaces/msg/detail/go2_state__rosidl_typesupport_introspection_cpp.hpp
[1.960s] -- Up-to-date symlink: /home/krish/ros2_ws/install/go2_interfaces/include/go2_interfaces/go2_interfaces/msg/detail/height_map__rosidl_typesupport_introspection_cpp.hpp
[1.960s] -- Up-to-date symlink: /home/krish/ros2_ws/install/go2_interfaces/include/go2_interfaces/go2_interfaces/msg/detail/imu__rosidl_typesupport_introspection_cpp.hpp
[1.960s] -- Up-to-date symlink: /home/krish/ros2_ws/install/go2_interfaces/include/go2_interfaces/go2_interfaces/msg/detail/interface_config__rosidl_typesupport_introspection_cpp.hpp
[1.960s] -- Up-to-date symlink: /home/krish/ros2_ws/install/go2_interfaces/include/go2_interfaces/go2_interfaces/msg/detail/lidar_state__rosidl_typesupport_introspection_cpp.hpp
[1.961s] -- Up-to-date symlink: /home/krish/ros2_ws/install/go2_interfaces/include/go2_interfaces/go2_interfaces/msg/detail/low_cmd__rosidl_typesupport_introspection_cpp.hpp
[1.961s] -- Up-to-date symlink: /home/krish/ros2_ws/install/go2_interfaces/include/go2_interfaces/go2_interfaces/msg/detail/low_state__rosidl_typesupport_introspection_cpp.hpp
[1.961s] -- Up-to-date symlink: /home/krish/ros2_ws/install/go2_interfaces/include/go2_interfaces/go2_interfaces/msg/detail/motor_cmd__rosidl_typesupport_introspection_cpp.hpp
[1.961s] -- Up-to-date symlink: /home/krish/ros2_ws/install/go2_interfaces/include/go2_interfaces/go2_interfaces/msg/detail/motor_cmds__rosidl_typesupport_introspection_cpp.hpp
[1.961s] -- Up-to-date symlink: /home/krish/ros2_ws/install/go2_interfaces/include/go2_interfaces/go2_interfaces/msg/detail/motor_state__rosidl_typesupport_introspection_cpp.hpp
[1.961s] -- Up-to-date symlink: /home/krish/ros2_ws/install/go2_interfaces/include/go2_interfaces/go2_interfaces/msg/detail/motor_states__rosidl_typesupport_introspection_cpp.hpp
[1.961s] -- Up-to-date symlink: /home/krish/ros2_ws/install/go2_interfaces/include/go2_interfaces/go2_interfaces/msg/detail/path_point__rosidl_typesupport_introspection_cpp.hpp
[1.961s] -- Up-to-date symlink: /home/krish/ros2_ws/install/go2_interfaces/include/go2_interfaces/go2_interfaces/msg/detail/req__rosidl_typesupport_introspection_cpp.hpp
[1.962s] -- Up-to-date symlink: /home/krish/ros2_ws/install/go2_interfaces/include/go2_interfaces/go2_interfaces/msg/detail/res__rosidl_typesupport_introspection_cpp.hpp
[1.962s] -- Up-to-date symlink: /home/krish/ros2_ws/install/go2_interfaces/include/go2_interfaces/go2_interfaces/msg/detail/sport_mode_cmd__rosidl_typesupport_introspection_cpp.hpp
[1.962s] -- Up-to-date symlink: /home/krish/ros2_ws/install/go2_interfaces/include/go2_interfaces/go2_interfaces/msg/detail/sport_mode_state__rosidl_typesupport_introspection_cpp.hpp
[1.962s] -- Up-to-date symlink: /home/krish/ros2_ws/install/go2_interfaces/include/go2_interfaces/go2_interfaces/msg/detail/time_spec__rosidl_typesupport_introspection_cpp.hpp
[1.962s] -- Up-to-date symlink: /home/krish/ros2_ws/install/go2_interfaces/include/go2_interfaces/go2_interfaces/msg/detail/uwb_state__rosidl_typesupport_introspection_cpp.hpp
[1.962s] -- Up-to-date symlink: /home/krish/ros2_ws/install/go2_interfaces/include/go2_interfaces/go2_interfaces/msg/detail/uwb_switch__rosidl_typesupport_introspection_cpp.hpp
[1.962s] -- Up-to-date symlink: /home/krish/ros2_ws/install/go2_interfaces/include/go2_interfaces/go2_interfaces/msg/detail/voxel_height_map_state__rosidl_typesupport_introspection_cpp.hpp
[1.963s] -- Up-to-date symlink: /home/krish/ros2_ws/install/go2_interfaces/include/go2_interfaces/go2_interfaces/msg/detail/voxel_map_compressed__rosidl_typesupport_introspection_cpp.hpp
[1.963s] -- Up-to-date symlink: /home/krish/ros2_ws/install/go2_interfaces/include/go2_interfaces/go2_interfaces/msg/detail/web_rtc_req__rosidl_typesupport_introspection_cpp.hpp
[1.963s] -- Up-to-date symlink: /home/krish/ros2_ws/install/go2_interfaces/include/go2_interfaces/go2_interfaces/msg/detail/wireless_controller__rosidl_typesupport_introspection_cpp.hpp
[1.963s] -- Up-to-date symlink: /home/krish/ros2_ws/install/go2_interfaces/share/go2_interfaces/environment/pythonpath.sh
[1.963s] -- Up-to-date symlink: /home/krish/ros2_ws/install/go2_interfaces/share/go2_interfaces/environment/pythonpath.dsv
[1.963s] -- Up-to-date symlink: /home/krish/ros2_ws/install/go2_interfaces/local/lib/python3.10/dist-packages/go2_interfaces-0.0.0-py3.10.egg-info/PKG-INFO
[1.963s] -- Up-to-date symlink: /home/krish/ros2_ws/install/go2_interfaces/local/lib/python3.10/dist-packages/go2_interfaces-0.0.0-py3.10.egg-info/SOURCES.txt
[1.963s] -- Up-to-date symlink: /home/krish/ros2_ws/install/go2_interfaces/local/lib/python3.10/dist-packages/go2_interfaces-0.0.0-py3.10.egg-info/dependency_links.txt
[1.964s] -- Up-to-date symlink: /home/krish/ros2_ws/install/go2_interfaces/local/lib/python3.10/dist-packages/go2_interfaces-0.0.0-py3.10.egg-info/top_level.txt
[1.964s] -- Up-to-date symlink: /home/krish/ros2_ws/install/go2_interfaces/local/lib/python3.10/dist-packages/go2_interfaces/__init__.py
[1.964s] -- Up-to-date symlink: /home/krish/ros2_ws/install/go2_interfaces/local/lib/python3.10/dist-packages/go2_interfaces/_go2_interfaces_s.ep.rosidl_typesupport_c.c
[1.964s] -- Up-to-date symlink: /home/krish/ros2_ws/install/go2_interfaces/local/lib/python3.10/dist-packages/go2_interfaces/_go2_interfaces_s.ep.rosidl_typesupport_fastrtps_c.c
[1.964s] -- Up-to-date symlink: /home/krish/ros2_ws/install/go2_interfaces/local/lib/python3.10/dist-packages/go2_interfaces/_go2_interfaces_s.ep.rosidl_typesupport_introspection_c.c
[1.964s] -- Up-to-date symlink: /home/krish/ros2_ws/install/go2_interfaces/local/lib/python3.10/dist-packages/go2_interfaces/go2_interfaces_s__rosidl_typesupport_c.cpython-310-aarch64-linux-gnu.so
[1.964s] -- Up-to-date symlink: /home/krish/ros2_ws/install/go2_interfaces/local/lib/python3.10/dist-packages/go2_interfaces/go2_interfaces_s__rosidl_typesupport_fastrtps_c.cpython-310-aarch64-linux-gnu.so
[1.964s] -- Up-to-date symlink: /home/krish/ros2_ws/install/go2_interfaces/local/lib/python3.10/dist-packages/go2_interfaces/go2_interfaces_s__rosidl_typesupport_introspection_c.cpython-310-aarch64-linux-gnu.so
[1.965s] -- Up-to-date symlink: /home/krish/ros2_ws/install/go2_interfaces/local/lib/python3.10/dist-packages/go2_interfaces/libgo2_interfaces__rosidl_generator_py.so
[1.965s] -- Up-to-date symlink: /home/krish/ros2_ws/install/go2_interfaces/local/lib/python3.10/dist-packages/go2_interfaces/msg/__init__.py
[1.965s] -- Up-to-date symlink: /home/krish/ros2_ws/install/go2_interfaces/local/lib/python3.10/dist-packages/go2_interfaces/msg/_audio_data.py
[1.965s] -- Up-to-date symlink: /home/krish/ros2_ws/install/go2_interfaces/local/lib/python3.10/dist-packages/go2_interfaces/msg/_audio_data_s.c
[1.965s] -- Up-to-date symlink: /home/krish/ros2_ws/install/go2_interfaces/local/lib/python3.10/dist-packages/go2_interfaces/msg/_bms_cmd.py
[1.966s] -- Up-to-date symlink: /home/krish/ros2_ws/install/go2_interfaces/local/lib/python3.10/dist-packages/go2_interfaces/msg/_bms_cmd_s.c
[1.967s] -- Up-to-date symlink: /home/krish/ros2_ws/install/go2_interfaces/local/lib/python3.10/dist-packages/go2_interfaces/msg/_bms_state.py
[1.967s] -- Up-to-date symlink: /home/krish/ros2_ws/install/go2_interfaces/local/lib/python3.10/dist-packages/go2_interfaces/msg/_bms_state_s.c
[1.967s] -- Up-to-date symlink: /home/krish/ros2_ws/install/go2_interfaces/local/lib/python3.10/dist-packages/go2_interfaces/msg/_error.py
[1.967s] -- Up-to-date symlink: /home/krish/ros2_ws/install/go2_interfaces/local/lib/python3.10/dist-packages/go2_interfaces/msg/_error_s.c
[1.967s] -- Up-to-date symlink: /home/krish/ros2_ws/install/go2_interfaces/local/lib/python3.10/dist-packages/go2_interfaces/msg/_go2_cmd.py
[1.968s] -- Up-to-date symlink: /home/krish/ros2_ws/install/go2_interfaces/local/lib/python3.10/dist-packages/go2_interfaces/msg/_go2_cmd_s.c
[1.968s] -- Up-to-date symlink: /home/krish/ros2_ws/install/go2_interfaces/local/lib/python3.10/dist-packages/go2_interfaces/msg/_go2_front_video_data.py
[1.968s] -- Up-to-date symlink: /home/krish/ros2_ws/install/go2_interfaces/local/lib/python3.10/dist-packages/go2_interfaces/msg/_go2_front_video_data_s.c
[1.968s] -- Up-to-date symlink: /home/krish/ros2_ws/install/go2_interfaces/local/lib/python3.10/dist-packages/go2_interfaces/msg/_go2_move.py
[1.968s] -- Up-to-date symlink: /home/krish/ros2_ws/install/go2_interfaces/local/lib/python3.10/dist-packages/go2_interfaces/msg/_go2_move_s.c
[1.968s] -- Up-to-date symlink: /home/krish/ros2_ws/install/go2_interfaces/local/lib/python3.10/dist-packages/go2_interfaces/msg/_go2_rpy_cmd.py
[1.968s] -- Up-to-date symlink: /home/krish/ros2_ws/install/go2_interfaces/local/lib/python3.10/dist-packages/go2_interfaces/msg/_go2_rpy_cmd_s.c
[1.968s] -- Up-to-date symlink: /home/krish/ros2_ws/install/go2_interfaces/local/lib/python3.10/dist-packages/go2_interfaces/msg/_go2_state.py
[1.969s] -- Up-to-date symlink: /home/krish/ros2_ws/install/go2_interfaces/local/lib/python3.10/dist-packages/go2_interfaces/msg/_go2_state_s.c
[1.969s] -- Up-to-date symlink: /home/krish/ros2_ws/install/go2_interfaces/local/lib/python3.10/dist-packages/go2_interfaces/msg/_height_map.py
[1.969s] -- Up-to-date symlink: /home/krish/ros2_ws/install/go2_interfaces/local/lib/python3.10/dist-packages/go2_interfaces/msg/_height_map_s.c
[1.969s] -- Up-to-date symlink: /home/krish/ros2_ws/install/go2_interfaces/local/lib/python3.10/dist-packages/go2_interfaces/msg/_imu.py
[1.969s] -- Up-to-date symlink: /home/krish/ros2_ws/install/go2_interfaces/local/lib/python3.10/dist-packages/go2_interfaces/msg/_imu_s.c
[1.969s] -- Up-to-date symlink: /home/krish/ros2_ws/install/go2_interfaces/local/lib/python3.10/dist-packages/go2_interfaces/msg/_interface_config.py
[1.969s] -- Up-to-date symlink: /home/krish/ros2_ws/install/go2_interfaces/local/lib/python3.10/dist-packages/go2_interfaces/msg/_interface_config_s.c
[1.970s] -- Up-to-date symlink: /home/krish/ros2_ws/install/go2_interfaces/local/lib/python3.10/dist-packages/go2_interfaces/msg/_lidar_state.py
[1.970s] -- Up-to-date symlink: /home/krish/ros2_ws/install/go2_interfaces/local/lib/python3.10/dist-packages/go2_interfaces/msg/_lidar_state_s.c
[1.970s] -- Up-to-date symlink: /home/krish/ros2_ws/install/go2_interfaces/local/lib/python3.10/dist-packages/go2_interfaces/msg/_low_cmd.py
[1.970s] -- Up-to-date symlink: /home/krish/ros2_ws/install/go2_interfaces/local/lib/python3.10/dist-packages/go2_interfaces/msg/_low_cmd_s.c
[1.970s] -- Up-to-date symlink: /home/krish/ros2_ws/install/go2_interfaces/local/lib/python3.10/dist-packages/go2_interfaces/msg/_low_state.py
[1.970s] -- Up-to-date symlink: /home/krish/ros2_ws/install/go2_interfaces/local/lib/python3.10/dist-packages/go2_interfaces/msg/_low_state_s.c
[1.970s] -- Up-to-date symlink: /home/krish/ros2_ws/install/go2_interfaces/local/lib/python3.10/dist-packages/go2_interfaces/msg/_motor_cmd.py
[1.970s] -- Up-to-date symlink: /home/krish/ros2_ws/install/go2_interfaces/local/lib/python3.10/dist-packages/go2_interfaces/msg/_motor_cmd_s.c
[1.971s] -- Up-to-date symlink: /home/krish/ros2_ws/install/go2_interfaces/local/lib/python3.10/dist-packages/go2_interfaces/msg/_motor_cmds.py
[1.971s] -- Up-to-date symlink: /home/krish/ros2_ws/install/go2_interfaces/local/lib/python3.10/dist-packages/go2_interfaces/msg/_motor_cmds_s.c
[1.971s] -- Up-to-date symlink: /home/krish/ros2_ws/install/go2_interfaces/local/lib/python3.10/dist-packages/go2_interfaces/msg/_motor_state.py
[1.971s] -- Up-to-date symlink: /home/krish/ros2_ws/install/go2_interfaces/local/lib/python3.10/dist-packages/go2_interfaces/msg/_motor_state_s.c
[1.971s] -- Up-to-date symlink: /home/krish/ros2_ws/install/go2_interfaces/local/lib/python3.10/dist-packages/go2_interfaces/msg/_motor_states.py
[1.971s] -- Up-to-date symlink: /home/krish/ros2_ws/install/go2_interfaces/local/lib/python3.10/dist-packages/go2_interfaces/msg/_motor_states_s.c
[1.971s] -- Up-to-date symlink: /home/krish/ros2_ws/install/go2_interfaces/local/lib/python3.10/dist-packages/go2_interfaces/msg/_path_point.py
[1.972s] -- Up-to-date symlink: /home/krish/ros2_ws/install/go2_interfaces/local/lib/python3.10/dist-packages/go2_interfaces/msg/_path_point_s.c
[1.972s] -- Up-to-date symlink: /home/krish/ros2_ws/install/go2_interfaces/local/lib/python3.10/dist-packages/go2_interfaces/msg/_req.py
[1.972s] -- Up-to-date symlink: /home/krish/ros2_ws/install/go2_interfaces/local/lib/python3.10/dist-packages/go2_interfaces/msg/_req_s.c
[1.972s] -- Up-to-date symlink: /home/krish/ros2_ws/install/go2_interfaces/local/lib/python3.10/dist-packages/go2_interfaces/msg/_res.py
[1.972s] -- Up-to-date symlink: /home/krish/ros2_ws/install/go2_interfaces/local/lib/python3.10/dist-packages/go2_interfaces/msg/_res_s.c
[1.972s] -- Up-to-date symlink: /home/krish/ros2_ws/install/go2_interfaces/local/lib/python3.10/dist-packages/go2_interfaces/msg/_sport_mode_cmd.py
[1.972s] -- Up-to-date symlink: /home/krish/ros2_ws/install/go2_interfaces/local/lib/python3.10/dist-packages/go2_interfaces/msg/_sport_mode_cmd_s.c
[1.972s] -- Up-to-date symlink: /home/krish/ros2_ws/install/go2_interfaces/local/lib/python3.10/dist-packages/go2_interfaces/msg/_sport_mode_state.py
[1.973s] -- Up-to-date symlink: /home/krish/ros2_ws/install/go2_interfaces/local/lib/python3.10/dist-packages/go2_interfaces/msg/_sport_mode_state_s.c
[1.973s] -- Up-to-date symlink: /home/krish/ros2_ws/install/go2_interfaces/local/lib/python3.10/dist-packages/go2_interfaces/msg/_time_spec.py
[1.973s] -- Up-to-date symlink: /home/krish/ros2_ws/install/go2_interfaces/local/lib/python3.10/dist-packages/go2_interfaces/msg/_time_spec_s.c
[1.973s] -- Up-to-date symlink: /home/krish/ros2_ws/install/go2_interfaces/local/lib/python3.10/dist-packages/go2_interfaces/msg/_uwb_state.py
[1.973s] -- Up-to-date symlink: /home/krish/ros2_ws/install/go2_interfaces/local/lib/python3.10/dist-packages/go2_interfaces/msg/_uwb_state_s.c
[1.973s] -- Up-to-date symlink: /home/krish/ros2_ws/install/go2_interfaces/local/lib/python3.10/dist-packages/go2_interfaces/msg/_uwb_switch.py
[1.973s] -- Up-to-date symlink: /home/krish/ros2_ws/install/go2_interfaces/local/lib/python3.10/dist-packages/go2_interfaces/msg/_uwb_switch_s.c
[1.973s] -- Up-to-date symlink: /home/krish/ros2_ws/install/go2_interfaces/local/lib/python3.10/dist-packages/go2_interfaces/msg/_voxel_height_map_state.py
[1.973s] -- Up-to-date symlink: /home/krish/ros2_ws/install/go2_interfaces/local/lib/python3.10/dist-packages/go2_interfaces/msg/_voxel_height_map_state_s.c
[1.974s] -- Up-to-date symlink: /home/krish/ros2_ws/install/go2_interfaces/local/lib/python3.10/dist-packages/go2_interfaces/msg/_voxel_map_compressed.py
[1.974s] -- Up-to-date symlink: /home/krish/ros2_ws/install/go2_interfaces/local/lib/python3.10/dist-packages/go2_interfaces/msg/_voxel_map_compressed_s.c
[1.974s] -- Up-to-date symlink: /home/krish/ros2_ws/install/go2_interfaces/local/lib/python3.10/dist-packages/go2_interfaces/msg/_web_rtc_req.py
[1.974s] -- Up-to-date symlink: /home/krish/ros2_ws/install/go2_interfaces/local/lib/python3.10/dist-packages/go2_interfaces/msg/_web_rtc_req_s.c
[1.974s] -- Up-to-date symlink: /home/krish/ros2_ws/install/go2_interfaces/local/lib/python3.10/dist-packages/go2_interfaces/msg/_wireless_controller.py
[1.974s] -- Up-to-date symlink: /home/krish/ros2_ws/install/go2_interfaces/local/lib/python3.10/dist-packages/go2_interfaces/msg/_wireless_controller_s.c
[1.974s] -- Up-to-date symlink: /home/krish/ros2_ws/install/go2_interfaces/local/lib/python3.10/dist-packages/go2_interfaces/go2_interfaces_s__rosidl_typesupport_fastrtps_c.cpython-310-aarch64-linux-gnu.so
[1.974s] -- Up-to-date symlink: /home/krish/ros2_ws/install/go2_interfaces/local/lib/python3.10/dist-packages/go2_interfaces/go2_interfaces_s__rosidl_typesupport_introspection_c.cpython-310-aarch64-linux-gnu.so
[1.974s] -- Up-to-date symlink: /home/krish/ros2_ws/install/go2_interfaces/local/lib/python3.10/dist-packages/go2_interfaces/go2_interfaces_s__rosidl_typesupport_c.cpython-310-aarch64-linux-gnu.so
[1.975s] -- Up-to-date symlink: /home/krish/ros2_ws/install/go2_interfaces/share/ament_index/resource_index/rust_packages/go2_interfaces
[1.976s] -- Up-to-date symlink: /home/krish/ros2_ws/install/go2_interfaces/share/go2_interfaces/rust/Cargo.toml
[1.976s] -- Up-to-date symlink: /home/krish/ros2_ws/install/go2_interfaces/share/go2_interfaces/rust/build.rs
[1.977s] -- Up-to-date symlink: /home/krish/ros2_ws/install/go2_interfaces/share/go2_interfaces/rust/src/lib.rs
[1.977s] -- Up-to-date symlink: /home/krish/ros2_ws/install/go2_interfaces/share/go2_interfaces/rust/src/msg.rs
[1.977s] -- Up-to-date symlink: /home/krish/ros2_ws/install/go2_interfaces/share/go2_interfaces/rust/src/msg/rmw.rs
[1.978s] -- Up-to-date symlink: /home/krish/ros2_ws/install/go2_interfaces/share/go2_interfaces/msg/Go2Cmd.idl
[1.978s] -- Up-to-date symlink: /home/krish/ros2_ws/install/go2_interfaces/share/go2_interfaces/msg/Go2State.idl
[1.978s] -- Up-to-date symlink: /home/krish/ros2_ws/install/go2_interfaces/share/go2_interfaces/msg/Go2Move.idl
[1.979s] -- Up-to-date symlink: /home/krish/ros2_ws/install/go2_interfaces/share/go2_interfaces/msg/Go2RpyCmd.idl
[1.979s] -- Up-to-date symlink: /home/krish/ros2_ws/install/go2_interfaces/share/go2_interfaces/msg/IMU.idl
[1.980s] -- Up-to-date symlink: /home/krish/ros2_ws/install/go2_interfaces/share/go2_interfaces/msg/AudioData.idl
[1.980s] -- Up-to-date symlink: /home/krish/ros2_ws/install/go2_interfaces/share/go2_interfaces/msg/BmsCmd.idl
[1.981s] -- Up-to-date symlink: /home/krish/ros2_ws/install/go2_interfaces/share/go2_interfaces/msg/BmsState.idl
[1.981s] -- Up-to-date symlink: /home/krish/ros2_ws/install/go2_interfaces/share/go2_interfaces/msg/Error.idl
[1.982s] -- Up-to-date symlink: /home/krish/ros2_ws/install/go2_interfaces/share/go2_interfaces/msg/Go2FrontVideoData.idl
[1.983s] -- Up-to-date symlink: /home/krish/ros2_ws/install/go2_interfaces/share/go2_interfaces/msg/HeightMap.idl
[1.983s] -- Up-to-date symlink: /home/krish/ros2_ws/install/go2_interfaces/share/go2_interfaces/msg/InterfaceConfig.idl
[1.983s] -- Up-to-date symlink: /home/krish/ros2_ws/install/go2_interfaces/share/go2_interfaces/msg/LidarState.idl
[1.984s] -- Up-to-date symlink: /home/krish/ros2_ws/install/go2_interfaces/share/go2_interfaces/msg/LowCmd.idl
[1.984s] -- Up-to-date symlink: /home/krish/ros2_ws/install/go2_interfaces/share/go2_interfaces/msg/LowState.idl
[1.985s] -- Up-to-date symlink: /home/krish/ros2_ws/install/go2_interfaces/share/go2_interfaces/msg/MotorCmd.idl
[1.985s] -- Up-to-date symlink: /home/krish/ros2_ws/install/go2_interfaces/share/go2_interfaces/msg/MotorCmds.idl
[1.987s] -- Up-to-date symlink: /home/krish/ros2_ws/install/go2_interfaces/share/go2_interfaces/msg/MotorState.idl
[1.987s] -- Up-to-date symlink: /home/krish/ros2_ws/install/go2_interfaces/share/go2_interfaces/msg/MotorStates.idl
[1.988s] -- Up-to-date symlink: /home/krish/ros2_ws/install/go2_interfaces/share/go2_interfaces/msg/PathPoint.idl
[1.988s] -- Up-to-date symlink: /home/krish/ros2_ws/install/go2_interfaces/share/go2_interfaces/msg/Req.idl
[1.988s] -- Up-to-date symlink: /home/krish/ros2_ws/install/go2_interfaces/share/go2_interfaces/msg/Res.idl
[1.989s] -- Up-to-date symlink: /home/krish/ros2_ws/install/go2_interfaces/share/go2_interfaces/msg/SportModeCmd.idl
[1.989s] -- Up-to-date symlink: /home/krish/ros2_ws/install/go2_interfaces/share/go2_interfaces/msg/SportModeState.idl
[1.990s] -- Up-to-date symlink: /home/krish/ros2_ws/install/go2_interfaces/share/go2_interfaces/msg/TimeSpec.idl
[1.991s] -- Up-to-date symlink: /home/krish/ros2_ws/install/go2_interfaces/share/go2_interfaces/msg/UwbState.idl
[1.991s] -- Up-to-date symlink: /home/krish/ros2_ws/install/go2_interfaces/share/go2_interfaces/msg/UwbSwitch.idl
[1.992s] -- Up-to-date symlink: /home/krish/ros2_ws/install/go2_interfaces/share/go2_interfaces/msg/VoxelMapCompressed.idl
[1.992s] -- Up-to-date symlink: /home/krish/ros2_ws/install/go2_interfaces/share/go2_interfaces/msg/VoxelHeightMapState.idl
[1.992s] -- Up-to-date symlink: /home/krish/ros2_ws/install/go2_interfaces/share/go2_interfaces/msg/WebRtcReq.idl
[1.993s] -- Up-to-date symlink: /home/krish/ros2_ws/install/go2_interfaces/share/go2_interfaces/msg/WirelessController.idl
[1.993s] -- Up-to-date symlink: /home/krish/ros2_ws/install/go2_interfaces/share/go2_interfaces/msg/Go2Cmd.msg
[1.994s] -- Up-to-date symlink: /home/krish/ros2_ws/install/go2_interfaces/share/go2_interfaces/msg/Go2State.msg
[1.994s] -- Up-to-date symlink: /home/krish/ros2_ws/install/go2_interfaces/share/go2_interfaces/msg/Go2Move.msg
[1.994s] -- Up-to-date symlink: /home/krish/ros2_ws/install/go2_interfaces/share/go2_interfaces/msg/Go2RpyCmd.msg
[1.995s] -- Up-to-date symlink: /home/krish/ros2_ws/install/go2_interfaces/share/go2_interfaces/msg/IMU.msg
[1.995s] -- Up-to-date symlink: /home/krish/ros2_ws/install/go2_interfaces/share/go2_interfaces/msg/AudioData.msg
[1.995s] -- Up-to-date symlink: /home/krish/ros2_ws/install/go2_interfaces/share/go2_interfaces/msg/BmsCmd.msg
[1.996s] -- Up-to-date symlink: /home/krish/ros2_ws/install/go2_interfaces/share/go2_interfaces/msg/BmsState.msg
[1.996s] -- Up-to-date symlink: /home/krish/ros2_ws/install/go2_interfaces/share/go2_interfaces/msg/Error.msg
[1.997s] -- Up-to-date symlink: /home/krish/ros2_ws/install/go2_interfaces/share/go2_interfaces/msg/Go2FrontVideoData.msg
[1.997s] -- Up-to-date symlink: /home/krish/ros2_ws/install/go2_interfaces/share/go2_interfaces/msg/HeightMap.msg
[1.997s] -- Up-to-date symlink: /home/krish/ros2_ws/install/go2_interfaces/share/go2_interfaces/msg/InterfaceConfig.msg
[1.998s] -- Up-to-date symlink: /home/krish/ros2_ws/install/go2_interfaces/share/go2_interfaces/msg/LidarState.msg
[1.998s] -- Up-to-date symlink: /home/krish/ros2_ws/install/go2_interfaces/share/go2_interfaces/msg/LowCmd.msg
[1.998s] -- Up-to-date symlink: /home/krish/ros2_ws/install/go2_interfaces/share/go2_interfaces/msg/LowState.msg
[1.999s] -- Up-to-date symlink: /home/krish/ros2_ws/install/go2_interfaces/share/go2_interfaces/msg/MotorCmd.msg
[1.999s] -- Up-to-date symlink: /home/krish/ros2_ws/install/go2_interfaces/share/go2_interfaces/msg/MotorCmds.msg
[2.000s] -- Up-to-date symlink: /home/krish/ros2_ws/install/go2_interfaces/share/go2_interfaces/msg/MotorState.msg
[2.000s] -- Up-to-date symlink: /home/krish/ros2_ws/install/go2_interfaces/share/go2_interfaces/msg/MotorStates.msg
[2.000s] -- Up-to-date symlink: /home/krish/ros2_ws/install/go2_interfaces/share/go2_interfaces/msg/PathPoint.msg
[2.001s] -- Up-to-date symlink: /home/krish/ros2_ws/install/go2_interfaces/share/go2_interfaces/msg/Req.msg
[2.001s] -- Up-to-date symlink: /home/krish/ros2_ws/install/go2_interfaces/share/go2_interfaces/msg/Res.msg
[2.001s] -- Up-to-date symlink: /home/krish/ros2_ws/install/go2_interfaces/share/go2_interfaces/msg/SportModeCmd.msg
[2.002s] -- Up-to-date symlink: /home/krish/ros2_ws/install/go2_interfaces/share/go2_interfaces/msg/SportModeState.msg
[2.002s] -- Up-to-date symlink: /home/krish/ros2_ws/install/go2_interfaces/share/go2_interfaces/msg/TimeSpec.msg
[2.002s] -- Up-to-date symlink: /home/krish/ros2_ws/install/go2_interfaces/share/go2_interfaces/msg/UwbState.msg
[2.003s] -- Up-to-date symlink: /home/krish/ros2_ws/install/go2_interfaces/share/go2_interfaces/msg/UwbSwitch.msg
[2.003s] -- Up-to-date symlink: /home/krish/ros2_ws/install/go2_interfaces/share/go2_interfaces/msg/VoxelMapCompressed.msg
[2.004s] -- Up-to-date symlink: /home/krish/ros2_ws/install/go2_interfaces/share/go2_interfaces/msg/VoxelHeightMapState.msg
[2.004s] -- Up-to-date symlink: /home/krish/ros2_ws/install/go2_interfaces/share/go2_interfaces/msg/WebRtcReq.msg
[2.004s] -- Up-to-date symlink: /home/krish/ros2_ws/install/go2_interfaces/share/go2_interfaces/msg/WirelessController.msg
[2.005s] -- Up-to-date symlink: /home/krish/ros2_ws/install/go2_interfaces/share/ament_index/resource_index/package_run_dependencies/go2_interfaces
[2.005s] -- Up-to-date symlink: /home/krish/ros2_ws/install/go2_interfaces/share/ament_index/resource_index/parent_prefix_path/go2_interfaces
[2.006s] -- Up-to-date symlink: /home/krish/ros2_ws/install/go2_interfaces/share/go2_interfaces/environment/ament_prefix_path.sh
[2.006s] -- Up-to-date symlink: /home/krish/ros2_ws/install/go2_interfaces/share/go2_interfaces/environment/ament_prefix_path.dsv
[2.006s] -- Up-to-date symlink: /home/krish/ros2_ws/install/go2_interfaces/share/go2_interfaces/environment/path.sh
[2.007s] -- Up-to-date symlink: /home/krish/ros2_ws/install/go2_interfaces/share/go2_interfaces/environment/path.dsv
[2.007s] -- Up-to-date symlink: /home/krish/ros2_ws/install/go2_interfaces/share/go2_interfaces/local_setup.bash
[2.008s] -- Up-to-date symlink: /home/krish/ros2_ws/install/go2_interfaces/share/go2_interfaces/local_setup.sh
[2.008s] -- Up-to-date symlink: /home/krish/ros2_ws/install/go2_interfaces/share/go2_interfaces/local_setup.zsh
[2.008s] -- Up-to-date symlink: /home/krish/ros2_ws/install/go2_interfaces/share/go2_interfaces/local_setup.dsv
[2.009s] -- Symlinking: /home/krish/ros2_ws/install/go2_interfaces/share/go2_interfaces/package.dsv
[2.019s] -- Up-to-date symlink: /home/krish/ros2_ws/install/go2_interfaces/share/ament_index/resource_index/packages/go2_interfaces
[2.019s] -- Up-to-date symlink: /home/krish/ros2_ws/install/go2_interfaces/share/go2_interfaces/cmake/rosidl_cmake-extras.cmake
[2.019s] -- Up-to-date symlink: /home/krish/ros2_ws/install/go2_interfaces/share/go2_interfaces/cmake/ament_cmake_export_dependencies-extras.cmake
[2.020s] -- Up-to-date symlink: /home/krish/ros2_ws/install/go2_interfaces/share/go2_interfaces/cmake/ament_cmake_export_include_directories-extras.cmake
[2.020s] -- Up-to-date symlink: /home/krish/ros2_ws/install/go2_interfaces/share/go2_interfaces/cmake/ament_cmake_export_libraries-extras.cmake
[2.020s] -- Up-to-date symlink: /home/krish/ros2_ws/install/go2_interfaces/share/go2_interfaces/cmake/ament_cmake_export_targets-extras.cmake
[2.021s] -- Up-to-date symlink: /home/krish/ros2_ws/install/go2_interfaces/share/go2_interfaces/cmake/rosidl_cmake_export_typesupport_targets-extras.cmake
[2.021s] -- Up-to-date symlink: /home/krish/ros2_ws/install/go2_interfaces/share/go2_interfaces/cmake/rosidl_cmake_export_typesupport_libraries-extras.cmake
[2.021s] -- Up-to-date symlink: /home/krish/ros2_ws/install/go2_interfaces/share/go2_interfaces/cmake/go2_interfacesConfig.cmake
[2.022s] -- Up-to-date symlink: /home/krish/ros2_ws/install/go2_interfaces/share/go2_interfaces/cmake/go2_interfacesConfig-version.cmake
[2.022s] -- Up-to-date symlink: /home/krish/ros2_ws/install/go2_interfaces/share/go2_interfaces/package.xml
[2.023s] -- Up-to-date: /home/krish/ros2_ws/install/go2_interfaces/lib/libgo2_interfaces__rosidl_generator_c.so
[2.023s] -- Up-to-date: /home/krish/ros2_ws/install/go2_interfaces/lib/libgo2_interfaces__rosidl_typesupport_fastrtps_c.so
[2.024s] -- Up-to-date: /home/krish/ros2_ws/install/go2_interfaces/lib/libgo2_interfaces__rosidl_typesupport_fastrtps_cpp.so
[2.024s] -- Up-to-date: /home/krish/ros2_ws/install/go2_interfaces/lib/libgo2_interfaces__rosidl_typesupport_introspection_c.so
[2.025s] -- Up-to-date: /home/krish/ros2_ws/install/go2_interfaces/lib/libgo2_interfaces__rosidl_typesupport_c.so
[2.025s] -- Up-to-date: /home/krish/ros2_ws/install/go2_interfaces/lib/libgo2_interfaces__rosidl_typesupport_introspection_cpp.so
[2.026s] -- Up-to-date: /home/krish/ros2_ws/install/go2_interfaces/lib/libgo2_interfaces__rosidl_typesupport_cpp.so
[2.096s] Listing '/home/krish/ros2_ws/install/go2_interfaces/local/lib/python3.10/dist-packages/go2_interfaces'...
[2.096s] Listing '/home/krish/ros2_ws/install/go2_interfaces/local/lib/python3.10/dist-packages/go2_interfaces/msg'...
[2.106s] -- Up-to-date: /home/krish/ros2_ws/install/go2_interfaces/lib/libgo2_interfaces__rosidl_generator_py.so
[2.107s] -- Up-to-date: /home/krish/ros2_ws/install/go2_interfaces/share/go2_interfaces/cmake/export_go2_interfaces__rosidl_generator_cExport.cmake
[2.107s] -- Up-to-date: /home/krish/ros2_ws/install/go2_interfaces/share/go2_interfaces/cmake/export_go2_interfaces__rosidl_generator_cExport-noconfig.cmake
[2.107s] -- Up-to-date: /home/krish/ros2_ws/install/go2_interfaces/share/go2_interfaces/cmake/export_go2_interfaces__rosidl_typesupport_fastrtps_cExport.cmake
[2.108s] -- Up-to-date: /home/krish/ros2_ws/install/go2_interfaces/share/go2_interfaces/cmake/export_go2_interfaces__rosidl_typesupport_fastrtps_cExport-noconfig.cmake
[2.108s] -- Up-to-date: /home/krish/ros2_ws/install/go2_interfaces/share/go2_interfaces/cmake/export_go2_interfaces__rosidl_generator_cppExport.cmake
[2.108s] -- Up-to-date: /home/krish/ros2_ws/install/go2_interfaces/share/go2_interfaces/cmake/export_go2_interfaces__rosidl_typesupport_fastrtps_cppExport.cmake
[2.108s] -- Up-to-date: /home/krish/ros2_ws/install/go2_interfaces/share/go2_interfaces/cmake/export_go2_interfaces__rosidl_typesupport_fastrtps_cppExport-noconfig.cmake
[2.109s] -- Up-to-date: /home/krish/ros2_ws/install/go2_interfaces/share/go2_interfaces/cmake/go2_interfaces__rosidl_typesupport_introspection_cExport.cmake
[2.109s] -- Up-to-date: /home/krish/ros2_ws/install/go2_interfaces/share/go2_interfaces/cmake/go2_interfaces__rosidl_typesupport_introspection_cExport-noconfig.cmake
[2.109s] -- Up-to-date: /home/krish/ros2_ws/install/go2_interfaces/share/go2_interfaces/cmake/go2_interfaces__rosidl_typesupport_cExport.cmake
[2.109s] -- Up-to-date: /home/krish/ros2_ws/install/go2_interfaces/share/go2_interfaces/cmake/go2_interfaces__rosidl_typesupport_cExport-noconfig.cmake
[2.109s] -- Up-to-date: /home/krish/ros2_ws/install/go2_interfaces/share/go2_interfaces/cmake/go2_interfaces__rosidl_typesupport_introspection_cppExport.cmake
[2.109s] -- Up-to-date: /home/krish/ros2_ws/install/go2_interfaces/share/go2_interfaces/cmake/go2_interfaces__rosidl_typesupport_introspection_cppExport-noconfig.cmake
[2.110s] -- Up-to-date: /home/krish/ros2_ws/install/go2_interfaces/share/go2_interfaces/cmake/go2_interfaces__rosidl_typesupport_cppExport.cmake
[2.110s] -- Up-to-date: /home/krish/ros2_ws/install/go2_interfaces/share/go2_interfaces/cmake/go2_interfaces__rosidl_typesupport_cppExport-noconfig.cmake
[2.110s] -- Up-to-date: /home/krish/ros2_ws/install/go2_interfaces/share/go2_interfaces/cmake/export_go2_interfaces__rosidl_generator_pyExport.cmake
[2.110s] -- Up-to-date: /home/krish/ros2_ws/install/go2_interfaces/share/go2_interfaces/cmake/export_go2_interfaces__rosidl_generator_pyExport-noconfig.cmake
[2.115s] Invoked command in '/home/krish/ros2_ws/build/go2_interfaces' returned '0': CMAKE_PREFIX_PATH=${CMAKE_PREFIX_PATH}:/home/krish/ros2_ws/install/speech_processor:/home/krish/ros2_ws/install/obstacle_avoidance:/home/krish/ros2_ws/install/lidar_processor:/home/krish/ros2_ws/install/go2_robot_sdk:/home/krish/ros2_ws/install/coco_detector:/opt/ros/humble /usr/local/bin/cmake --install /home/krish/ros2_ws/build/go2_interfaces
