[2.140s] Invoking command in '/home/krish/ros2_ws/src/speech_processor': CMAKE_PREFIX_PATH=/home/krish/ros2_ws/install/go2_interfaces:/home/krish/ros2_ws/install/lidar_processor_cpp PYTHONPATH=/home/krish/ros2_ws/build/speech_processor/prefix_override:/usr/lib/python3/dist-packages/colcon_core/task/python/colcon_distutils_commands:/home/krish/ros2_ws/install/speech_processor/lib/python3.10/site-packages:${PYTHONPATH} /usr/bin/python3 -W ignore:setup.py install is deprecated -W ignore:easy_install command is deprecated setup.py egg_info --egg-base ../../build/speech_processor build --build-base /home/krish/ros2_ws/build/speech_processor/build install --record /home/krish/ros2_ws/build/speech_processor/install.log --single-version-externally-managed install_data
[2.646s] running egg_info
[2.648s] writing ../../build/speech_processor/speech_processor.egg-info/PKG-INFO
[2.649s] writing dependency_links to ../../build/speech_processor/speech_processor.egg-info/dependency_links.txt
[2.649s] writing entry points to ../../build/speech_processor/speech_processor.egg-info/entry_points.txt
[2.650s] writing requirements to ../../build/speech_processor/speech_processor.egg-info/requires.txt
[2.653s] writing top-level names to ../../build/speech_processor/speech_processor.egg-info/top_level.txt
[2.655s] reading manifest file '../../build/speech_processor/speech_processor.egg-info/SOURCES.txt'
[2.658s] writing manifest file '../../build/speech_processor/speech_processor.egg-info/SOURCES.txt'
[2.659s] running build
[2.659s] running build_py
[2.659s] running install
[2.659s] running install_lib
[2.662s] running install_data
[2.662s] running install_egg_info
[2.666s] removing '/home/krish/ros2_ws/install/speech_processor/lib/python3.10/site-packages/speech_processor-1.0.0-py3.10.egg-info' (and everything under it)
[2.666s] Copying ../../build/speech_processor/speech_processor.egg-info to /home/krish/ros2_ws/install/speech_processor/lib/python3.10/site-packages/speech_processor-1.0.0-py3.10.egg-info
[2.668s] running install_scripts
[2.714s] Installing audio_manager script to /home/krish/ros2_ws/install/speech_processor/lib/speech_processor
[2.714s] Installing speech_synthesizer script to /home/krish/ros2_ws/install/speech_processor/lib/speech_processor
[2.715s] Installing tts_node script to /home/krish/ros2_ws/install/speech_processor/lib/speech_processor
[2.716s] writing list of installed files to '/home/krish/ros2_ws/build/speech_processor/install.log'
[2.808s] Invoked command in '/home/krish/ros2_ws/src/speech_processor' returned '0': CMAKE_PREFIX_PATH=/home/krish/ros2_ws/install/go2_interfaces:/home/krish/ros2_ws/install/lidar_processor_cpp PYTHONPATH=/home/krish/ros2_ws/build/speech_processor/prefix_override:/usr/lib/python3/dist-packages/colcon_core/task/python/colcon_distutils_commands:/home/krish/ros2_ws/install/speech_processor/lib/python3.10/site-packages:${PYTHONPATH} /usr/bin/python3 -W ignore:setup.py install is deprecated -W ignore:easy_install command is deprecated setup.py egg_info --egg-base ../../build/speech_processor build --build-base /home/krish/ros2_ws/build/speech_processor/build install --record /home/krish/ros2_ws/build/speech_processor/install.log --single-version-externally-managed install_data
