running develop
running egg_info
creating coco_detector.egg-info
writing coco_detector.egg-info/PKG-INFO
writing dependency_links to coco_detector.egg-info/dependency_links.txt
writing entry points to coco_detector.egg-info/entry_points.txt
writing requirements to coco_detector.egg-info/requires.txt
writing top-level names to coco_detector.egg-info/top_level.txt
writing manifest file 'coco_detector.egg-info/SOURCES.txt'
reading manifest file 'coco_detector.egg-info/SOURCES.txt'
writing manifest file 'coco_detector.egg-info/SOURCES.txt'
running build_ext
Creating /home/krish/ros2_ws/install/coco_detector/lib/python3.10/site-packages/coco-detector.egg-link (link to .)
Installing coco_detector_node script to /home/krish/ros2_ws/install/coco_detector/lib/coco_detector

Installed /home/krish/ros2_ws/build/coco_detector
running symlink_data
creating /home/krish/ros2_ws/install/coco_detector/share/ament_index
creating /home/krish/ros2_ws/install/coco_detector/share/ament_index/resource_index
creating /home/krish/ros2_ws/install/coco_detector/share/ament_index/resource_index/packages
symbolically linking /home/krish/ros2_ws/build/coco_detector/resource/coco_detector -> /home/krish/ros2_ws/install/coco_detector/share/ament_index/resource_index/packages
symbolically linking /home/krish/ros2_ws/build/coco_detector/package.xml -> /home/krish/ros2_ws/install/coco_detector/share/coco_detector
