[1.834s] Invoking command in '/home/krish/ros2_ws/build/coco_detector': PYTHONPATH=/home/krish/ros2_ws/build/coco_detector/prefix_override:/usr/lib/python3/dist-packages/colcon_core/task/python/colcon_distutils_commands:/home/krish/ros2_ws/install/coco_detector/lib/python3.10/site-packages:${PYTHONPATH} /usr/bin/python3 -W ignore:setup.py install is deprecated -W ignore:easy_install command is deprecated setup.py develop --editable --build-directory /home/krish/ros2_ws/build/coco_detector/build --no-deps symlink_data
[2.353s] running develop
[2.687s] running egg_info
[2.688s] creating coco_detector.egg-info
[2.688s] writing coco_detector.egg-info/PKG-INFO
[2.688s] writing dependency_links to coco_detector.egg-info/dependency_links.txt
[2.688s] writing entry points to coco_detector.egg-info/entry_points.txt
[2.689s] writing requirements to coco_detector.egg-info/requires.txt
[2.689s] writing top-level names to coco_detector.egg-info/top_level.txt
[2.689s] writing manifest file 'coco_detector.egg-info/SOURCES.txt'
[2.693s] reading manifest file 'coco_detector.egg-info/SOURCES.txt'
[2.694s] writing manifest file 'coco_detector.egg-info/SOURCES.txt'
[2.782s] running build_ext
[2.783s] Creating /home/krish/ros2_ws/install/coco_detector/lib/python3.10/site-packages/coco-detector.egg-link (link to .)
[2.812s] Installing coco_detector_node script to /home/krish/ros2_ws/install/coco_detector/lib/coco_detector
[2.813s] 
[2.813s] Installed /home/krish/ros2_ws/build/coco_detector
[2.813s] running symlink_data
[2.813s] creating /home/krish/ros2_ws/install/coco_detector/share/ament_index
[2.851s] creating /home/krish/ros2_ws/install/coco_detector/share/ament_index/resource_index
[2.851s] creating /home/krish/ros2_ws/install/coco_detector/share/ament_index/resource_index/packages
[2.852s] symbolically linking /home/krish/ros2_ws/build/coco_detector/resource/coco_detector -> /home/krish/ros2_ws/install/coco_detector/share/ament_index/resource_index/packages
[2.852s] symbolically linking /home/krish/ros2_ws/build/coco_detector/package.xml -> /home/krish/ros2_ws/install/coco_detector/share/coco_detector
[2.955s] Invoked command in '/home/krish/ros2_ws/build/coco_detector' returned '0': PYTHONPATH=/home/krish/ros2_ws/build/coco_detector/prefix_override:/usr/lib/python3/dist-packages/colcon_core/task/python/colcon_distutils_commands:/home/krish/ros2_ws/install/coco_detector/lib/python3.10/site-packages:${PYTHONPATH} /usr/bin/python3 -W ignore:setup.py install is deprecated -W ignore:easy_install command is deprecated setup.py develop --editable --build-directory /home/krish/ros2_ws/build/coco_detector/build --no-deps symlink_data
