[3.317s] Invoking command in '/home/krish/ros2_ws/src/coco_detector': PYTHONPATH=/home/krish/ros2_ws/build/coco_detector/prefix_override:/usr/lib/python3/dist-packages/colcon_core/task/python/colcon_distutils_commands:/home/krish/ros2_ws/install/coco_detector/lib/python3.10/site-packages:${PYTHONPATH} /usr/bin/python3 -W ignore:setup.py install is deprecated -W ignore:easy_install command is deprecated setup.py egg_info --egg-base ../../build/coco_detector build --build-base /home/krish/ros2_ws/build/coco_detector/build install --record /home/krish/ros2_ws/build/coco_detector/install.log --single-version-externally-managed install_data
[3.975s] running egg_info
[3.980s] writing ../../build/coco_detector/coco_detector.egg-info/PKG-INFO
[3.981s] writing dependency_links to ../../build/coco_detector/coco_detector.egg-info/dependency_links.txt
[3.981s] writing entry points to ../../build/coco_detector/coco_detector.egg-info/entry_points.txt
[3.982s] writing requirements to ../../build/coco_detector/coco_detector.egg-info/requires.txt
[3.982s] writing top-level names to ../../build/coco_detector/coco_detector.egg-info/top_level.txt
[3.987s] reading manifest file '../../build/coco_detector/coco_detector.egg-info/SOURCES.txt'
[3.990s] writing manifest file '../../build/coco_detector/coco_detector.egg-info/SOURCES.txt'
[3.990s] running build
[3.990s] running build_py
[3.991s] running install
[3.992s] running install_lib
[4.000s] running install_data
[4.001s] running install_egg_info
[4.001s] removing '/home/krish/ros2_ws/install/coco_detector/lib/python3.10/site-packages/coco_detector-0.0.0-py3.10.egg-info' (and everything under it)
[4.001s] Copying ../../build/coco_detector/coco_detector.egg-info to /home/krish/ros2_ws/install/coco_detector/lib/python3.10/site-packages/coco_detector-0.0.0-py3.10.egg-info
[4.002s] running install_scripts
[4.054s] Installing coco_detector_node script to /home/krish/ros2_ws/install/coco_detector/lib/coco_detector
[4.056s] writing list of installed files to '/home/krish/ros2_ws/build/coco_detector/install.log'
[4.139s] Invoked command in '/home/krish/ros2_ws/src/coco_detector' returned '0': PYTHONPATH=/home/krish/ros2_ws/build/coco_detector/prefix_override:/usr/lib/python3/dist-packages/colcon_core/task/python/colcon_distutils_commands:/home/krish/ros2_ws/install/coco_detector/lib/python3.10/site-packages:${PYTHONPATH} /usr/bin/python3 -W ignore:setup.py install is deprecated -W ignore:easy_install command is deprecated setup.py egg_info --egg-base ../../build/coco_detector build --build-base /home/krish/ros2_ws/build/coco_detector/build install --record /home/krish/ros2_ws/build/coco_detector/install.log --single-version-externally-managed install_data
