[0.216s] DEBUG:colcon:Command line arguments: ['/usr/bin/colcon', 'build']
[0.216s] DEBUG:colcon:Parsed command line arguments: Namespace(log_base=None, log_level=None, verb_name='build', build_base='build', install_base='install', merge_install=False, symlink_install=False, test_result_base=None, continue_on_error=False, executor='parallel', parallel_workers=6, event_handlers=None, ignore_user_meta=False, metas=['./colcon.meta'], base_paths=['.'], packages_ignore=None, packages_ignore_regex=None, paths=None, packages_up_to=None, packages_up_to_regex=None, packages_above=None, packages_above_and_dependencies=None, packages_above_depth=None, packages_select_by_dep=None, packages_skip_by_dep=None, packages_skip_up_to=None, packages_select_build_failed=False, packages_skip_build_finished=False, packages_select_test_failures=False, packages_skip_test_passed=False, packages_select=None, packages_skip=None, packages_select_regex=None, packages_skip_regex=None, packages_start=None, packages_end=None, allow_overriding=[], cmake_args=None, cmake_target=None, cmake_target_skip_unavailable=False, cmake_clean_cache=False, cmake_clean_first=False, cmake_force_configure=False, ament_cmake_args=None, catkin_cmake_args=None, catkin_skip_building_tests=False, verb_parser=<colcon_defaults.argument_parser.defaults.DefaultArgumentsDecorator object at 0xffffab6917e0>, verb_extension=<colcon_core.verb.build.BuildVerb object at 0xffffab85ab90>, main=<bound method BuildVerb.main of <colcon_core.verb.build.BuildVerb object at 0xffffab85ab90>>)
[0.556s] Level 1:colcon.colcon_core.package_discovery:discover_packages(colcon_meta) check parameters
[0.556s] Level 1:colcon.colcon_core.package_discovery:discover_packages(recursive) check parameters
[0.556s] Level 1:colcon.colcon_core.package_discovery:discover_packages(ignore) check parameters
[0.556s] Level 1:colcon.colcon_core.package_discovery:discover_packages(path) check parameters
[0.556s] Level 1:colcon.colcon_core.package_discovery:discover_packages(colcon_meta) discover
[0.556s] Level 1:colcon.colcon_core.package_discovery:discover_packages(recursive) discover
[0.556s] INFO:colcon.colcon_core.package_discovery:Crawling recursively for packages in '/home/krish/ros2_ws'
[0.557s] Level 1:colcon.colcon_core.package_identification:_identify(.) by extensions ['ignore', 'ignore_ament_install']
[0.557s] Level 1:colcon.colcon_core.package_identification:_identify(.) by extension 'ignore'
[0.557s] Level 1:colcon.colcon_core.package_identification:_identify(.) by extension 'ignore_ament_install'
[0.557s] Level 1:colcon.colcon_core.package_identification:_identify(.) by extensions ['colcon_pkg']
[0.557s] Level 1:colcon.colcon_core.package_identification:_identify(.) by extension 'colcon_pkg'
[0.557s] Level 1:colcon.colcon_core.package_identification:_identify(.) by extensions ['colcon_meta']
[0.557s] Level 1:colcon.colcon_core.package_identification:_identify(.) by extension 'colcon_meta'
[0.557s] Level 1:colcon.colcon_core.package_identification:_identify(.) by extensions ['ros']
[0.558s] Level 1:colcon.colcon_core.package_identification:_identify(.) by extension 'ros'
[0.578s] Level 1:colcon.colcon_core.package_identification:_identify(.) by extensions ['cmake', 'python']
[0.578s] Level 1:colcon.colcon_core.package_identification:_identify(.) by extension 'cmake'
[0.578s] Level 1:colcon.colcon_core.package_identification:_identify(.) by extension 'python'
[0.579s] Level 1:colcon.colcon_core.package_identification:_identify(.) by extensions ['python_setup_py']
[0.579s] Level 1:colcon.colcon_core.package_identification:_identify(.) by extension 'python_setup_py'
[0.579s] Level 1:colcon.colcon_core.package_identification:_identify(build) by extensions ['ignore', 'ignore_ament_install']
[0.579s] Level 1:colcon.colcon_core.package_identification:_identify(build) by extension 'ignore'
[0.579s] Level 1:colcon.colcon_core.package_identification:_identify(build) ignored
[0.579s] Level 1:colcon.colcon_core.package_identification:_identify(install) by extensions ['ignore', 'ignore_ament_install']
[0.580s] Level 1:colcon.colcon_core.package_identification:_identify(install) by extension 'ignore'
[0.580s] Level 1:colcon.colcon_core.package_identification:_identify(install) ignored
[0.580s] Level 1:colcon.colcon_core.package_identification:_identify(log) by extensions ['ignore', 'ignore_ament_install']
[0.580s] Level 1:colcon.colcon_core.package_identification:_identify(log) by extension 'ignore'
[0.580s] Level 1:colcon.colcon_core.package_identification:_identify(log) ignored
[0.580s] Level 1:colcon.colcon_core.package_identification:_identify(src) by extensions ['ignore', 'ignore_ament_install']
[0.581s] Level 1:colcon.colcon_core.package_identification:_identify(src) by extension 'ignore'
[0.581s] Level 1:colcon.colcon_core.package_identification:_identify(src) by extension 'ignore_ament_install'
[0.581s] Level 1:colcon.colcon_core.package_identification:_identify(src) by extensions ['colcon_pkg']
[0.581s] Level 1:colcon.colcon_core.package_identification:_identify(src) by extension 'colcon_pkg'
[0.581s] Level 1:colcon.colcon_core.package_identification:_identify(src) by extensions ['colcon_meta']
[0.581s] Level 1:colcon.colcon_core.package_identification:_identify(src) by extension 'colcon_meta'
[0.581s] Level 1:colcon.colcon_core.package_identification:_identify(src) by extensions ['ros']
[0.581s] Level 1:colcon.colcon_core.package_identification:_identify(src) by extension 'ros'
[0.581s] Level 1:colcon.colcon_core.package_identification:_identify(src) by extensions ['cmake', 'python']
[0.581s] Level 1:colcon.colcon_core.package_identification:_identify(src) by extension 'cmake'
[0.581s] Level 1:colcon.colcon_core.package_identification:_identify(src) by extension 'python'
[0.582s] Level 1:colcon.colcon_core.package_identification:_identify(src) by extensions ['python_setup_py']
[0.582s] Level 1:colcon.colcon_core.package_identification:_identify(src) by extension 'python_setup_py'
[0.582s] Level 1:colcon.colcon_core.package_identification:_identify(src/coco_detector) by extensions ['ignore', 'ignore_ament_install']
[0.582s] Level 1:colcon.colcon_core.package_identification:_identify(src/coco_detector) by extension 'ignore'
[0.582s] Level 1:colcon.colcon_core.package_identification:_identify(src/coco_detector) by extension 'ignore_ament_install'
[0.582s] Level 1:colcon.colcon_core.package_identification:_identify(src/coco_detector) by extensions ['colcon_pkg']
[0.582s] Level 1:colcon.colcon_core.package_identification:_identify(src/coco_detector) by extension 'colcon_pkg'
[0.582s] Level 1:colcon.colcon_core.package_identification:_identify(src/coco_detector) by extensions ['colcon_meta']
[0.582s] Level 1:colcon.colcon_core.package_identification:_identify(src/coco_detector) by extension 'colcon_meta'
[0.582s] Level 1:colcon.colcon_core.package_identification:_identify(src/coco_detector) by extensions ['ros']
[0.582s] Level 1:colcon.colcon_core.package_identification:_identify(src/coco_detector) by extension 'ros'
[0.587s] DEBUG:colcon.colcon_core.package_identification:Package 'src/coco_detector' with type 'ros.ament_python' and name 'coco_detector'
[0.587s] Level 1:colcon.colcon_core.package_identification:_identify(src/docker) by extensions ['ignore', 'ignore_ament_install']
[0.587s] Level 1:colcon.colcon_core.package_identification:_identify(src/docker) by extension 'ignore'
[0.588s] Level 1:colcon.colcon_core.package_identification:_identify(src/docker) by extension 'ignore_ament_install'
[0.588s] Level 1:colcon.colcon_core.package_identification:_identify(src/docker) by extensions ['colcon_pkg']
[0.588s] Level 1:colcon.colcon_core.package_identification:_identify(src/docker) by extension 'colcon_pkg'
[0.588s] Level 1:colcon.colcon_core.package_identification:_identify(src/docker) by extensions ['colcon_meta']
[0.588s] Level 1:colcon.colcon_core.package_identification:_identify(src/docker) by extension 'colcon_meta'
[0.588s] Level 1:colcon.colcon_core.package_identification:_identify(src/docker) by extensions ['ros']
[0.588s] Level 1:colcon.colcon_core.package_identification:_identify(src/docker) by extension 'ros'
[0.588s] Level 1:colcon.colcon_core.package_identification:_identify(src/docker) by extensions ['cmake', 'python']
[0.588s] Level 1:colcon.colcon_core.package_identification:_identify(src/docker) by extension 'cmake'
[0.588s] Level 1:colcon.colcon_core.package_identification:_identify(src/docker) by extension 'python'
[0.588s] Level 1:colcon.colcon_core.package_identification:_identify(src/docker) by extensions ['python_setup_py']
[0.589s] Level 1:colcon.colcon_core.package_identification:_identify(src/docker) by extension 'python_setup_py'
[0.589s] Level 1:colcon.colcon_core.package_identification:_identify(src/go2_interfaces) by extensions ['ignore', 'ignore_ament_install']
[0.589s] Level 1:colcon.colcon_core.package_identification:_identify(src/go2_interfaces) by extension 'ignore'
[0.589s] Level 1:colcon.colcon_core.package_identification:_identify(src/go2_interfaces) by extension 'ignore_ament_install'
[0.589s] Level 1:colcon.colcon_core.package_identification:_identify(src/go2_interfaces) by extensions ['colcon_pkg']
[0.589s] Level 1:colcon.colcon_core.package_identification:_identify(src/go2_interfaces) by extension 'colcon_pkg'
[0.589s] Level 1:colcon.colcon_core.package_identification:_identify(src/go2_interfaces) by extensions ['colcon_meta']
[0.589s] Level 1:colcon.colcon_core.package_identification:_identify(src/go2_interfaces) by extension 'colcon_meta'
[0.589s] Level 1:colcon.colcon_core.package_identification:_identify(src/go2_interfaces) by extensions ['ros']
[0.589s] Level 1:colcon.colcon_core.package_identification:_identify(src/go2_interfaces) by extension 'ros'
[0.591s] DEBUG:colcon.colcon_core.package_identification:Package 'src/go2_interfaces' with type 'ros.ament_cmake' and name 'go2_interfaces'
[0.591s] Level 1:colcon.colcon_core.package_identification:_identify(src/go2_robot_sdk) by extensions ['ignore', 'ignore_ament_install']
[0.591s] Level 1:colcon.colcon_core.package_identification:_identify(src/go2_robot_sdk) by extension 'ignore'
[0.591s] Level 1:colcon.colcon_core.package_identification:_identify(src/go2_robot_sdk) by extension 'ignore_ament_install'
[0.591s] Level 1:colcon.colcon_core.package_identification:_identify(src/go2_robot_sdk) by extensions ['colcon_pkg']
[0.591s] Level 1:colcon.colcon_core.package_identification:_identify(src/go2_robot_sdk) by extension 'colcon_pkg'
[0.591s] Level 1:colcon.colcon_core.package_identification:_identify(src/go2_robot_sdk) by extensions ['colcon_meta']
[0.591s] Level 1:colcon.colcon_core.package_identification:_identify(src/go2_robot_sdk) by extension 'colcon_meta'
[0.591s] Level 1:colcon.colcon_core.package_identification:_identify(src/go2_robot_sdk) by extensions ['ros']
[0.592s] Level 1:colcon.colcon_core.package_identification:_identify(src/go2_robot_sdk) by extension 'ros'
[0.593s] DEBUG:colcon.colcon_core.package_identification:Package 'src/go2_robot_sdk' with type 'ros.ament_python' and name 'go2_robot_sdk'
[0.593s] Level 1:colcon.colcon_core.package_identification:_identify(src/lidar_processor) by extensions ['ignore', 'ignore_ament_install']
[0.593s] Level 1:colcon.colcon_core.package_identification:_identify(src/lidar_processor) by extension 'ignore'
[0.593s] Level 1:colcon.colcon_core.package_identification:_identify(src/lidar_processor) by extension 'ignore_ament_install'
[0.593s] Level 1:colcon.colcon_core.package_identification:_identify(src/lidar_processor) by extensions ['colcon_pkg']
[0.594s] Level 1:colcon.colcon_core.package_identification:_identify(src/lidar_processor) by extension 'colcon_pkg'
[0.594s] Level 1:colcon.colcon_core.package_identification:_identify(src/lidar_processor) by extensions ['colcon_meta']
[0.594s] Level 1:colcon.colcon_core.package_identification:_identify(src/lidar_processor) by extension 'colcon_meta'
[0.594s] Level 1:colcon.colcon_core.package_identification:_identify(src/lidar_processor) by extensions ['ros']
[0.594s] Level 1:colcon.colcon_core.package_identification:_identify(src/lidar_processor) by extension 'ros'
[0.595s] DEBUG:colcon.colcon_core.package_identification:Package 'src/lidar_processor' with type 'ros.ament_python' and name 'lidar_processor'
[0.595s] Level 1:colcon.colcon_core.package_identification:_identify(src/lidar_processor_cpp) by extensions ['ignore', 'ignore_ament_install']
[0.595s] Level 1:colcon.colcon_core.package_identification:_identify(src/lidar_processor_cpp) by extension 'ignore'
[0.596s] Level 1:colcon.colcon_core.package_identification:_identify(src/lidar_processor_cpp) by extension 'ignore_ament_install'
[0.596s] Level 1:colcon.colcon_core.package_identification:_identify(src/lidar_processor_cpp) by extensions ['colcon_pkg']
[0.596s] Level 1:colcon.colcon_core.package_identification:_identify(src/lidar_processor_cpp) by extension 'colcon_pkg'
[0.596s] Level 1:colcon.colcon_core.package_identification:_identify(src/lidar_processor_cpp) by extensions ['colcon_meta']
[0.596s] Level 1:colcon.colcon_core.package_identification:_identify(src/lidar_processor_cpp) by extension 'colcon_meta'
[0.596s] Level 1:colcon.colcon_core.package_identification:_identify(src/lidar_processor_cpp) by extensions ['ros']
[0.596s] Level 1:colcon.colcon_core.package_identification:_identify(src/lidar_processor_cpp) by extension 'ros'
[0.598s] DEBUG:colcon.colcon_core.package_identification:Package 'src/lidar_processor_cpp' with type 'ros.ament_cmake' and name 'lidar_processor_cpp'
[0.598s] Level 1:colcon.colcon_core.package_identification:_identify(src/obstacle_avoidance) by extensions ['ignore', 'ignore_ament_install']
[0.598s] Level 1:colcon.colcon_core.package_identification:_identify(src/obstacle_avoidance) by extension 'ignore'
[0.598s] Level 1:colcon.colcon_core.package_identification:_identify(src/obstacle_avoidance) by extension 'ignore_ament_install'
[0.598s] Level 1:colcon.colcon_core.package_identification:_identify(src/obstacle_avoidance) by extensions ['colcon_pkg']
[0.598s] Level 1:colcon.colcon_core.package_identification:_identify(src/obstacle_avoidance) by extension 'colcon_pkg'
[0.599s] Level 1:colcon.colcon_core.package_identification:_identify(src/obstacle_avoidance) by extensions ['colcon_meta']
[0.599s] Level 1:colcon.colcon_core.package_identification:_identify(src/obstacle_avoidance) by extension 'colcon_meta'
[0.599s] Level 1:colcon.colcon_core.package_identification:_identify(src/obstacle_avoidance) by extensions ['ros']
[0.599s] Level 1:colcon.colcon_core.package_identification:_identify(src/obstacle_avoidance) by extension 'ros'
[0.600s] DEBUG:colcon.colcon_core.package_identification:Package 'src/obstacle_avoidance' with type 'ros.ament_python' and name 'obstacle_avoidance'
[0.600s] Level 1:colcon.colcon_core.package_identification:_identify(src/speech_processor) by extensions ['ignore', 'ignore_ament_install']
[0.600s] Level 1:colcon.colcon_core.package_identification:_identify(src/speech_processor) by extension 'ignore'
[0.600s] Level 1:colcon.colcon_core.package_identification:_identify(src/speech_processor) by extension 'ignore_ament_install'
[0.600s] Level 1:colcon.colcon_core.package_identification:_identify(src/speech_processor) by extensions ['colcon_pkg']
[0.600s] Level 1:colcon.colcon_core.package_identification:_identify(src/speech_processor) by extension 'colcon_pkg'
[0.601s] Level 1:colcon.colcon_core.package_identification:_identify(src/speech_processor) by extensions ['colcon_meta']
[0.601s] Level 1:colcon.colcon_core.package_identification:_identify(src/speech_processor) by extension 'colcon_meta'
[0.601s] Level 1:colcon.colcon_core.package_identification:_identify(src/speech_processor) by extensions ['ros']
[0.601s] Level 1:colcon.colcon_core.package_identification:_identify(src/speech_processor) by extension 'ros'
[0.602s] DEBUG:colcon.colcon_core.package_identification:Package 'src/speech_processor' with type 'ros.ament_python' and name 'speech_processor'
[0.602s] Level 1:colcon.colcon_core.package_identification:_identify(tts_cache) by extensions ['ignore', 'ignore_ament_install']
[0.602s] Level 1:colcon.colcon_core.package_identification:_identify(tts_cache) by extension 'ignore'
[0.602s] Level 1:colcon.colcon_core.package_identification:_identify(tts_cache) by extension 'ignore_ament_install'
[0.602s] Level 1:colcon.colcon_core.package_identification:_identify(tts_cache) by extensions ['colcon_pkg']
[0.603s] Level 1:colcon.colcon_core.package_identification:_identify(tts_cache) by extension 'colcon_pkg'
[0.603s] Level 1:colcon.colcon_core.package_identification:_identify(tts_cache) by extensions ['colcon_meta']
[0.603s] Level 1:colcon.colcon_core.package_identification:_identify(tts_cache) by extension 'colcon_meta'
[0.603s] Level 1:colcon.colcon_core.package_identification:_identify(tts_cache) by extensions ['ros']
[0.603s] Level 1:colcon.colcon_core.package_identification:_identify(tts_cache) by extension 'ros'
[0.603s] Level 1:colcon.colcon_core.package_identification:_identify(tts_cache) by extensions ['cmake', 'python']
[0.603s] Level 1:colcon.colcon_core.package_identification:_identify(tts_cache) by extension 'cmake'
[0.603s] Level 1:colcon.colcon_core.package_identification:_identify(tts_cache) by extension 'python'
[0.603s] Level 1:colcon.colcon_core.package_identification:_identify(tts_cache) by extensions ['python_setup_py']
[0.603s] Level 1:colcon.colcon_core.package_identification:_identify(tts_cache) by extension 'python_setup_py'
[0.603s] Level 1:colcon.colcon_core.package_discovery:discover_packages(recursive) using defaults
[0.603s] Level 1:colcon.colcon_core.package_discovery:discover_packages(ignore) discover
[0.604s] Level 1:colcon.colcon_core.package_discovery:discover_packages(ignore) using defaults
[0.604s] Level 1:colcon.colcon_core.package_discovery:discover_packages(path) discover
[0.604s] Level 1:colcon.colcon_core.package_discovery:discover_packages(path) using defaults
[0.671s] Level 1:colcon.colcon_core.package_discovery:discover_packages(prefix_path) check parameters
[0.671s] Level 1:colcon.colcon_core.package_discovery:discover_packages(prefix_path) discover
[0.675s] DEBUG:colcon.colcon_installed_package_information.package_discovery:Found 7 installed packages in /home/krish/ros2_ws/install
[0.677s] DEBUG:colcon.colcon_installed_package_information.package_discovery:Found 330 installed packages in /opt/ros/humble
[0.680s] Level 1:colcon.colcon_core.package_discovery:discover_packages(prefix_path) using defaults
[0.757s] Level 5:colcon.colcon_core.verb:set package 'coco_detector' build argument 'cmake_args' from command line to 'None'
[0.757s] Level 5:colcon.colcon_core.verb:set package 'coco_detector' build argument 'cmake_target' from command line to 'None'
[0.757s] Level 5:colcon.colcon_core.verb:set package 'coco_detector' build argument 'cmake_target_skip_unavailable' from command line to 'False'
[0.757s] Level 5:colcon.colcon_core.verb:set package 'coco_detector' build argument 'cmake_clean_cache' from command line to 'False'
[0.757s] Level 5:colcon.colcon_core.verb:set package 'coco_detector' build argument 'cmake_clean_first' from command line to 'False'
[0.758s] Level 5:colcon.colcon_core.verb:set package 'coco_detector' build argument 'cmake_force_configure' from command line to 'False'
[0.758s] Level 5:colcon.colcon_core.verb:set package 'coco_detector' build argument 'ament_cmake_args' from command line to 'None'
[0.758s] Level 5:colcon.colcon_core.verb:set package 'coco_detector' build argument 'catkin_cmake_args' from command line to 'None'
[0.758s] Level 5:colcon.colcon_core.verb:set package 'coco_detector' build argument 'catkin_skip_building_tests' from command line to 'False'
[0.758s] DEBUG:colcon.colcon_core.verb:Building package 'coco_detector' with the following arguments: {'ament_cmake_args': None, 'build_base': '/home/krish/ros2_ws/build/coco_detector', 'catkin_cmake_args': None, 'catkin_skip_building_tests': False, 'cmake_args': None, 'cmake_clean_cache': False, 'cmake_clean_first': False, 'cmake_force_configure': False, 'cmake_target': None, 'cmake_target_skip_unavailable': False, 'install_base': '/home/krish/ros2_ws/install/coco_detector', 'merge_install': False, 'path': '/home/krish/ros2_ws/src/coco_detector', 'symlink_install': False, 'test_result_base': None}
[0.758s] Level 5:colcon.colcon_core.verb:set package 'go2_interfaces' build argument 'cmake_args' from command line to 'None'
[0.759s] Level 5:colcon.colcon_core.verb:set package 'go2_interfaces' build argument 'cmake_target' from command line to 'None'
[0.759s] Level 5:colcon.colcon_core.verb:set package 'go2_interfaces' build argument 'cmake_target_skip_unavailable' from command line to 'False'
[0.759s] Level 5:colcon.colcon_core.verb:set package 'go2_interfaces' build argument 'cmake_clean_cache' from command line to 'False'
[0.759s] Level 5:colcon.colcon_core.verb:set package 'go2_interfaces' build argument 'cmake_clean_first' from command line to 'False'
[0.759s] Level 5:colcon.colcon_core.verb:set package 'go2_interfaces' build argument 'cmake_force_configure' from command line to 'False'
[0.759s] Level 5:colcon.colcon_core.verb:set package 'go2_interfaces' build argument 'ament_cmake_args' from command line to 'None'
[0.759s] Level 5:colcon.colcon_core.verb:set package 'go2_interfaces' build argument 'catkin_cmake_args' from command line to 'None'
[0.759s] Level 5:colcon.colcon_core.verb:set package 'go2_interfaces' build argument 'catkin_skip_building_tests' from command line to 'False'
[0.759s] DEBUG:colcon.colcon_core.verb:Building package 'go2_interfaces' with the following arguments: {'ament_cmake_args': None, 'build_base': '/home/krish/ros2_ws/build/go2_interfaces', 'catkin_cmake_args': None, 'catkin_skip_building_tests': False, 'cmake_args': None, 'cmake_clean_cache': False, 'cmake_clean_first': False, 'cmake_force_configure': False, 'cmake_target': None, 'cmake_target_skip_unavailable': False, 'install_base': '/home/krish/ros2_ws/install/go2_interfaces', 'merge_install': False, 'path': '/home/krish/ros2_ws/src/go2_interfaces', 'symlink_install': False, 'test_result_base': None}
[0.760s] Level 5:colcon.colcon_core.verb:set package 'lidar_processor' build argument 'cmake_args' from command line to 'None'
[0.760s] Level 5:colcon.colcon_core.verb:set package 'lidar_processor' build argument 'cmake_target' from command line to 'None'
[0.760s] Level 5:colcon.colcon_core.verb:set package 'lidar_processor' build argument 'cmake_target_skip_unavailable' from command line to 'False'
[0.760s] Level 5:colcon.colcon_core.verb:set package 'lidar_processor' build argument 'cmake_clean_cache' from command line to 'False'
[0.760s] Level 5:colcon.colcon_core.verb:set package 'lidar_processor' build argument 'cmake_clean_first' from command line to 'False'
[0.760s] Level 5:colcon.colcon_core.verb:set package 'lidar_processor' build argument 'cmake_force_configure' from command line to 'False'
[0.760s] Level 5:colcon.colcon_core.verb:set package 'lidar_processor' build argument 'ament_cmake_args' from command line to 'None'
[0.760s] Level 5:colcon.colcon_core.verb:set package 'lidar_processor' build argument 'catkin_cmake_args' from command line to 'None'
[0.760s] Level 5:colcon.colcon_core.verb:set package 'lidar_processor' build argument 'catkin_skip_building_tests' from command line to 'False'
[0.760s] DEBUG:colcon.colcon_core.verb:Building package 'lidar_processor' with the following arguments: {'ament_cmake_args': None, 'build_base': '/home/krish/ros2_ws/build/lidar_processor', 'catkin_cmake_args': None, 'catkin_skip_building_tests': False, 'cmake_args': None, 'cmake_clean_cache': False, 'cmake_clean_first': False, 'cmake_force_configure': False, 'cmake_target': None, 'cmake_target_skip_unavailable': False, 'install_base': '/home/krish/ros2_ws/install/lidar_processor', 'merge_install': False, 'path': '/home/krish/ros2_ws/src/lidar_processor', 'symlink_install': False, 'test_result_base': None}
[0.761s] Level 5:colcon.colcon_core.verb:set package 'lidar_processor_cpp' build argument 'cmake_args' from command line to 'None'
[0.761s] Level 5:colcon.colcon_core.verb:set package 'lidar_processor_cpp' build argument 'cmake_target' from command line to 'None'
[0.761s] Level 5:colcon.colcon_core.verb:set package 'lidar_processor_cpp' build argument 'cmake_target_skip_unavailable' from command line to 'False'
[0.761s] Level 5:colcon.colcon_core.verb:set package 'lidar_processor_cpp' build argument 'cmake_clean_cache' from command line to 'False'
[0.761s] Level 5:colcon.colcon_core.verb:set package 'lidar_processor_cpp' build argument 'cmake_clean_first' from command line to 'False'
[0.761s] Level 5:colcon.colcon_core.verb:set package 'lidar_processor_cpp' build argument 'cmake_force_configure' from command line to 'False'
[0.761s] Level 5:colcon.colcon_core.verb:set package 'lidar_processor_cpp' build argument 'ament_cmake_args' from command line to 'None'
[0.761s] Level 5:colcon.colcon_core.verb:set package 'lidar_processor_cpp' build argument 'catkin_cmake_args' from command line to 'None'
[0.761s] Level 5:colcon.colcon_core.verb:set package 'lidar_processor_cpp' build argument 'catkin_skip_building_tests' from command line to 'False'
[0.761s] DEBUG:colcon.colcon_core.verb:Building package 'lidar_processor_cpp' with the following arguments: {'ament_cmake_args': None, 'build_base': '/home/krish/ros2_ws/build/lidar_processor_cpp', 'catkin_cmake_args': None, 'catkin_skip_building_tests': False, 'cmake_args': None, 'cmake_clean_cache': False, 'cmake_clean_first': False, 'cmake_force_configure': False, 'cmake_target': None, 'cmake_target_skip_unavailable': False, 'install_base': '/home/krish/ros2_ws/install/lidar_processor_cpp', 'merge_install': False, 'path': '/home/krish/ros2_ws/src/lidar_processor_cpp', 'symlink_install': False, 'test_result_base': None}
[0.762s] Level 5:colcon.colcon_core.verb:set package 'obstacle_avoidance' build argument 'cmake_args' from command line to 'None'
[0.762s] Level 5:colcon.colcon_core.verb:set package 'obstacle_avoidance' build argument 'cmake_target' from command line to 'None'
[0.762s] Level 5:colcon.colcon_core.verb:set package 'obstacle_avoidance' build argument 'cmake_target_skip_unavailable' from command line to 'False'
[0.762s] Level 5:colcon.colcon_core.verb:set package 'obstacle_avoidance' build argument 'cmake_clean_cache' from command line to 'False'
[0.762s] Level 5:colcon.colcon_core.verb:set package 'obstacle_avoidance' build argument 'cmake_clean_first' from command line to 'False'
[0.762s] Level 5:colcon.colcon_core.verb:set package 'obstacle_avoidance' build argument 'cmake_force_configure' from command line to 'False'
[0.762s] Level 5:colcon.colcon_core.verb:set package 'obstacle_avoidance' build argument 'ament_cmake_args' from command line to 'None'
[0.762s] Level 5:colcon.colcon_core.verb:set package 'obstacle_avoidance' build argument 'catkin_cmake_args' from command line to 'None'
[0.762s] Level 5:colcon.colcon_core.verb:set package 'obstacle_avoidance' build argument 'catkin_skip_building_tests' from command line to 'False'
[0.762s] DEBUG:colcon.colcon_core.verb:Building package 'obstacle_avoidance' with the following arguments: {'ament_cmake_args': None, 'build_base': '/home/krish/ros2_ws/build/obstacle_avoidance', 'catkin_cmake_args': None, 'catkin_skip_building_tests': False, 'cmake_args': None, 'cmake_clean_cache': False, 'cmake_clean_first': False, 'cmake_force_configure': False, 'cmake_target': None, 'cmake_target_skip_unavailable': False, 'install_base': '/home/krish/ros2_ws/install/obstacle_avoidance', 'merge_install': False, 'path': '/home/krish/ros2_ws/src/obstacle_avoidance', 'symlink_install': False, 'test_result_base': None}
[0.763s] Level 5:colcon.colcon_core.verb:set package 'go2_robot_sdk' build argument 'cmake_args' from command line to 'None'
[0.763s] Level 5:colcon.colcon_core.verb:set package 'go2_robot_sdk' build argument 'cmake_target' from command line to 'None'
[0.763s] Level 5:colcon.colcon_core.verb:set package 'go2_robot_sdk' build argument 'cmake_target_skip_unavailable' from command line to 'False'
[0.763s] Level 5:colcon.colcon_core.verb:set package 'go2_robot_sdk' build argument 'cmake_clean_cache' from command line to 'False'
[0.763s] Level 5:colcon.colcon_core.verb:set package 'go2_robot_sdk' build argument 'cmake_clean_first' from command line to 'False'
[0.763s] Level 5:colcon.colcon_core.verb:set package 'go2_robot_sdk' build argument 'cmake_force_configure' from command line to 'False'
[0.763s] Level 5:colcon.colcon_core.verb:set package 'go2_robot_sdk' build argument 'ament_cmake_args' from command line to 'None'
[0.763s] Level 5:colcon.colcon_core.verb:set package 'go2_robot_sdk' build argument 'catkin_cmake_args' from command line to 'None'
[0.763s] Level 5:colcon.colcon_core.verb:set package 'go2_robot_sdk' build argument 'catkin_skip_building_tests' from command line to 'False'
[0.763s] DEBUG:colcon.colcon_core.verb:Building package 'go2_robot_sdk' with the following arguments: {'ament_cmake_args': None, 'build_base': '/home/krish/ros2_ws/build/go2_robot_sdk', 'catkin_cmake_args': None, 'catkin_skip_building_tests': False, 'cmake_args': None, 'cmake_clean_cache': False, 'cmake_clean_first': False, 'cmake_force_configure': False, 'cmake_target': None, 'cmake_target_skip_unavailable': False, 'install_base': '/home/krish/ros2_ws/install/go2_robot_sdk', 'merge_install': False, 'path': '/home/krish/ros2_ws/src/go2_robot_sdk', 'symlink_install': False, 'test_result_base': None}
[0.764s] Level 5:colcon.colcon_core.verb:set package 'speech_processor' build argument 'cmake_args' from command line to 'None'
[0.764s] Level 5:colcon.colcon_core.verb:set package 'speech_processor' build argument 'cmake_target' from command line to 'None'
[0.764s] Level 5:colcon.colcon_core.verb:set package 'speech_processor' build argument 'cmake_target_skip_unavailable' from command line to 'False'
[0.764s] Level 5:colcon.colcon_core.verb:set package 'speech_processor' build argument 'cmake_clean_cache' from command line to 'False'
[0.764s] Level 5:colcon.colcon_core.verb:set package 'speech_processor' build argument 'cmake_clean_first' from command line to 'False'
[0.764s] Level 5:colcon.colcon_core.verb:set package 'speech_processor' build argument 'cmake_force_configure' from command line to 'False'
[0.764s] Level 5:colcon.colcon_core.verb:set package 'speech_processor' build argument 'ament_cmake_args' from command line to 'None'
[0.764s] Level 5:colcon.colcon_core.verb:set package 'speech_processor' build argument 'catkin_cmake_args' from command line to 'None'
[0.764s] Level 5:colcon.colcon_core.verb:set package 'speech_processor' build argument 'catkin_skip_building_tests' from command line to 'False'
[0.764s] DEBUG:colcon.colcon_core.verb:Building package 'speech_processor' with the following arguments: {'ament_cmake_args': None, 'build_base': '/home/krish/ros2_ws/build/speech_processor', 'catkin_cmake_args': None, 'catkin_skip_building_tests': False, 'cmake_args': None, 'cmake_clean_cache': False, 'cmake_clean_first': False, 'cmake_force_configure': False, 'cmake_target': None, 'cmake_target_skip_unavailable': False, 'install_base': '/home/krish/ros2_ws/install/speech_processor', 'merge_install': False, 'path': '/home/krish/ros2_ws/src/speech_processor', 'symlink_install': False, 'test_result_base': None}
[0.764s] INFO:colcon.colcon_core.executor:Executing jobs using 'parallel' executor
[0.767s] DEBUG:colcon.colcon_parallel_executor.executor.parallel:run_until_complete
[0.767s] INFO:colcon.colcon_ros.task.ament_cmake.build:Building ROS package in '/home/krish/ros2_ws/src/go2_interfaces' with build type 'ament_cmake'
[0.768s] INFO:colcon.colcon_cmake.task.cmake.build:Building CMake package in '/home/krish/ros2_ws/src/go2_interfaces'
[0.774s] INFO:colcon.colcon_core.plugin_system:Skipping extension 'colcon_core.shell.bat': Not used on non-Windows systems
[0.775s] INFO:colcon.colcon_core.shell:Skip shell extension 'powershell' for command environment: Not usable outside of PowerShell
[0.775s] DEBUG:colcon.colcon_core.shell:Skip shell extension 'dsv' for command environment
[0.783s] INFO:colcon.colcon_ros.task.ament_python.build:Building ROS package in '/home/krish/ros2_ws/src/coco_detector' with build type 'ament_python'
[0.783s] Level 1:colcon.colcon_core.shell:create_environment_hook('coco_detector', 'ament_prefix_path')
[0.784s] INFO:colcon.colcon_core.shell:Creating environment hook '/home/krish/ros2_ws/install/coco_detector/share/coco_detector/hook/ament_prefix_path.ps1'
[0.786s] INFO:colcon.colcon_core.shell:Creating environment descriptor '/home/krish/ros2_ws/install/coco_detector/share/coco_detector/hook/ament_prefix_path.dsv'
[0.786s] INFO:colcon.colcon_core.shell:Creating environment hook '/home/krish/ros2_ws/install/coco_detector/share/coco_detector/hook/ament_prefix_path.sh'
[0.788s] INFO:colcon.colcon_core.shell:Skip shell extension 'powershell' for command environment: Not usable outside of PowerShell
[0.788s] DEBUG:colcon.colcon_core.shell:Skip shell extension 'dsv' for command environment
[0.794s] INFO:colcon.colcon_ros.task.ament_python.build:Building ROS package in '/home/krish/ros2_ws/src/lidar_processor' with build type 'ament_python'
[0.795s] Level 1:colcon.colcon_core.shell:create_environment_hook('lidar_processor', 'ament_prefix_path')
[0.795s] INFO:colcon.colcon_core.shell:Creating environment hook '/home/krish/ros2_ws/install/lidar_processor/share/lidar_processor/hook/ament_prefix_path.ps1'
[0.797s] INFO:colcon.colcon_core.shell:Creating environment descriptor '/home/krish/ros2_ws/install/lidar_processor/share/lidar_processor/hook/ament_prefix_path.dsv'
[0.798s] INFO:colcon.colcon_core.shell:Creating environment hook '/home/krish/ros2_ws/install/lidar_processor/share/lidar_processor/hook/ament_prefix_path.sh'
[0.799s] INFO:colcon.colcon_core.shell:Skip shell extension 'powershell' for command environment: Not usable outside of PowerShell
[0.799s] DEBUG:colcon.colcon_core.shell:Skip shell extension 'dsv' for command environment
[0.805s] INFO:colcon.colcon_ros.task.ament_cmake.build:Building ROS package in '/home/krish/ros2_ws/src/lidar_processor_cpp' with build type 'ament_cmake'
[0.805s] INFO:colcon.colcon_cmake.task.cmake.build:Building CMake package in '/home/krish/ros2_ws/src/lidar_processor_cpp'
[0.806s] INFO:colcon.colcon_core.shell:Skip shell extension 'powershell' for command environment: Not usable outside of PowerShell
[0.806s] DEBUG:colcon.colcon_core.shell:Skip shell extension 'dsv' for command environment
[0.812s] INFO:colcon.colcon_ros.task.ament_python.build:Building ROS package in '/home/krish/ros2_ws/src/obstacle_avoidance' with build type 'ament_python'
[0.812s] Level 1:colcon.colcon_core.shell:create_environment_hook('obstacle_avoidance', 'ament_prefix_path')
[0.813s] INFO:colcon.colcon_core.shell:Creating environment hook '/home/krish/ros2_ws/install/obstacle_avoidance/share/obstacle_avoidance/hook/ament_prefix_path.ps1'
[0.815s] INFO:colcon.colcon_core.shell:Creating environment descriptor '/home/krish/ros2_ws/install/obstacle_avoidance/share/obstacle_avoidance/hook/ament_prefix_path.dsv'
[0.815s] INFO:colcon.colcon_core.shell:Creating environment hook '/home/krish/ros2_ws/install/obstacle_avoidance/share/obstacle_avoidance/hook/ament_prefix_path.sh'
[0.816s] INFO:colcon.colcon_core.shell:Skip shell extension 'powershell' for command environment: Not usable outside of PowerShell
[0.817s] DEBUG:colcon.colcon_core.shell:Skip shell extension 'dsv' for command environment
[0.833s] DEBUG:colcon.colcon_core.event_handler.log_command:Invoking command in '/home/krish/ros2_ws/build/go2_interfaces': CMAKE_PREFIX_PATH=${CMAKE_PREFIX_PATH}:/home/krish/ros2_ws/install/speech_processor:/home/krish/ros2_ws/install/obstacle_avoidance:/home/krish/ros2_ws/install/lidar_processor:/home/krish/ros2_ws/install/go2_robot_sdk:/home/krish/ros2_ws/install/coco_detector:/opt/ros/humble /usr/local/bin/cmake --build /home/krish/ros2_ws/build/go2_interfaces -- -j6 -l6
[1.395s] INFO:colcon.colcon_core.task.python.build:Building Python package in '/home/krish/ros2_ws/src/coco_detector'
[1.396s] INFO:colcon.colcon_core.shell:Skip shell extension 'powershell' for command environment: Not usable outside of PowerShell
[1.396s] DEBUG:colcon.colcon_core.shell:Skip shell extension 'dsv' for command environment
[1.926s] INFO:colcon.colcon_core.task.python.build:Building Python package in '/home/krish/ros2_ws/src/lidar_processor'
[1.927s] INFO:colcon.colcon_core.shell:Skip shell extension 'powershell' for command environment: Not usable outside of PowerShell
[1.927s] DEBUG:colcon.colcon_core.shell:Skip shell extension 'dsv' for command environment
[1.946s] DEBUG:colcon.colcon_core.event_handler.log_command:Invoking command in '/home/krish/ros2_ws/build/lidar_processor_cpp': CMAKE_PREFIX_PATH=${CMAKE_PREFIX_PATH}:/home/krish/ros2_ws/install/speech_processor:/home/krish/ros2_ws/install/obstacle_avoidance:/home/krish/ros2_ws/install/lidar_processor:/home/krish/ros2_ws/install/go2_robot_sdk:/home/krish/ros2_ws/install/coco_detector:/opt/ros/humble /usr/local/bin/cmake --build /home/krish/ros2_ws/build/lidar_processor_cpp -- -j6 -l6
[2.495s] INFO:colcon.colcon_core.task.python.build:Building Python package in '/home/krish/ros2_ws/src/obstacle_avoidance'
[2.496s] INFO:colcon.colcon_core.shell:Skip shell extension 'powershell' for command environment: Not usable outside of PowerShell
[2.497s] DEBUG:colcon.colcon_core.shell:Skip shell extension 'dsv' for command environment
[2.513s] DEBUG:colcon.colcon_core.event_handler.log_command:Invoked command in '/home/krish/ros2_ws/build/go2_interfaces' returned '0': CMAKE_PREFIX_PATH=${CMAKE_PREFIX_PATH}:/home/krish/ros2_ws/install/speech_processor:/home/krish/ros2_ws/install/obstacle_avoidance:/home/krish/ros2_ws/install/lidar_processor:/home/krish/ros2_ws/install/go2_robot_sdk:/home/krish/ros2_ws/install/coco_detector:/opt/ros/humble /usr/local/bin/cmake --build /home/krish/ros2_ws/build/go2_interfaces -- -j6 -l6
[2.526s] DEBUG:colcon.colcon_core.event_handler.log_command:Invoking command in '/home/krish/ros2_ws/build/go2_interfaces': CMAKE_PREFIX_PATH=${CMAKE_PREFIX_PATH}:/home/krish/ros2_ws/install/speech_processor:/home/krish/ros2_ws/install/obstacle_avoidance:/home/krish/ros2_ws/install/lidar_processor:/home/krish/ros2_ws/install/go2_robot_sdk:/home/krish/ros2_ws/install/coco_detector:/opt/ros/humble /usr/local/bin/cmake --install /home/krish/ros2_ws/build/go2_interfaces
[2.537s] DEBUG:colcon.colcon_core.event_handler.log_command:Invoked command in '/home/krish/ros2_ws/build/lidar_processor_cpp' returned '0': CMAKE_PREFIX_PATH=${CMAKE_PREFIX_PATH}:/home/krish/ros2_ws/install/speech_processor:/home/krish/ros2_ws/install/obstacle_avoidance:/home/krish/ros2_ws/install/lidar_processor:/home/krish/ros2_ws/install/go2_robot_sdk:/home/krish/ros2_ws/install/coco_detector:/opt/ros/humble /usr/local/bin/cmake --build /home/krish/ros2_ws/build/lidar_processor_cpp -- -j6 -l6
[2.544s] DEBUG:colcon.colcon_core.event_handler.log_command:Invoking command in '/home/krish/ros2_ws/build/lidar_processor_cpp': CMAKE_PREFIX_PATH=${CMAKE_PREFIX_PATH}:/home/krish/ros2_ws/install/speech_processor:/home/krish/ros2_ws/install/obstacle_avoidance:/home/krish/ros2_ws/install/lidar_processor:/home/krish/ros2_ws/install/go2_robot_sdk:/home/krish/ros2_ws/install/coco_detector:/opt/ros/humble /usr/local/bin/cmake --install /home/krish/ros2_ws/build/lidar_processor_cpp
[2.586s] Level 1:colcon.colcon_core.environment:create_environment_scripts_only(lidar_processor_cpp)
[2.597s] Level 1:colcon.colcon_core.environment:checking '/home/krish/ros2_ws/install/lidar_processor_cpp' for CMake module files
[2.599s] Level 1:colcon.colcon_core.environment:checking '/home/krish/ros2_ws/install/lidar_processor_cpp' for CMake config files
[2.600s] Level 1:colcon.colcon_core.shell:create_environment_hook('lidar_processor_cpp', 'cmake_prefix_path')
[2.601s] INFO:colcon.colcon_core.shell:Creating environment hook '/home/krish/ros2_ws/install/lidar_processor_cpp/share/lidar_processor_cpp/hook/cmake_prefix_path.ps1'
[2.602s] INFO:colcon.colcon_core.shell:Creating environment descriptor '/home/krish/ros2_ws/install/lidar_processor_cpp/share/lidar_processor_cpp/hook/cmake_prefix_path.dsv'
[2.604s] INFO:colcon.colcon_core.shell:Creating environment hook '/home/krish/ros2_ws/install/lidar_processor_cpp/share/lidar_processor_cpp/hook/cmake_prefix_path.sh'
[2.606s] Level 1:colcon.colcon_core.environment:checking '/home/krish/ros2_ws/install/lidar_processor_cpp/lib'
[2.608s] Level 1:colcon.colcon_core.environment:checking '/home/krish/ros2_ws/install/lidar_processor_cpp/bin'
[2.608s] Level 1:colcon.colcon_core.environment:checking '/home/krish/ros2_ws/install/lidar_processor_cpp/lib/pkgconfig/lidar_processor_cpp.pc'
[2.609s] Level 1:colcon.colcon_core.environment:checking '/home/krish/ros2_ws/install/lidar_processor_cpp/lib/python3.10/site-packages'
[2.610s] Level 1:colcon.colcon_core.environment:checking '/home/krish/ros2_ws/install/lidar_processor_cpp/bin'
[2.611s] INFO:colcon.colcon_core.shell:Creating package script '/home/krish/ros2_ws/install/lidar_processor_cpp/share/lidar_processor_cpp/package.ps1'
[2.613s] INFO:colcon.colcon_core.shell:Creating package descriptor '/home/krish/ros2_ws/install/lidar_processor_cpp/share/lidar_processor_cpp/package.dsv'
[2.616s] DEBUG:colcon.colcon_core.event_handler.log_command:Invoked command in '/home/krish/ros2_ws/build/lidar_processor_cpp' returned '0': CMAKE_PREFIX_PATH=${CMAKE_PREFIX_PATH}:/home/krish/ros2_ws/install/speech_processor:/home/krish/ros2_ws/install/obstacle_avoidance:/home/krish/ros2_ws/install/lidar_processor:/home/krish/ros2_ws/install/go2_robot_sdk:/home/krish/ros2_ws/install/coco_detector:/opt/ros/humble /usr/local/bin/cmake --install /home/krish/ros2_ws/build/lidar_processor_cpp
[2.616s] INFO:colcon.colcon_core.shell:Creating package script '/home/krish/ros2_ws/install/lidar_processor_cpp/share/lidar_processor_cpp/package.sh'
[2.619s] INFO:colcon.colcon_core.shell:Creating package script '/home/krish/ros2_ws/install/lidar_processor_cpp/share/lidar_processor_cpp/package.bash'
[2.621s] INFO:colcon.colcon_core.shell:Creating package script '/home/krish/ros2_ws/install/lidar_processor_cpp/share/lidar_processor_cpp/package.zsh'
[2.623s] Level 1:colcon.colcon_core.environment:create_file_with_runtime_dependencies(/home/krish/ros2_ws/install/lidar_processor_cpp/share/colcon-core/packages/lidar_processor_cpp)
[2.626s] Level 1:colcon.colcon_core.environment:create_environment_scripts_only(lidar_processor_cpp)
[2.627s] Level 1:colcon.colcon_core.environment:checking '/home/krish/ros2_ws/install/lidar_processor_cpp' for CMake module files
[2.632s] Level 1:colcon.colcon_core.environment:checking '/home/krish/ros2_ws/install/lidar_processor_cpp' for CMake config files
[2.633s] Level 1:colcon.colcon_core.shell:create_environment_hook('lidar_processor_cpp', 'cmake_prefix_path')
[2.634s] INFO:colcon.colcon_core.shell:Creating environment hook '/home/krish/ros2_ws/install/lidar_processor_cpp/share/lidar_processor_cpp/hook/cmake_prefix_path.ps1'
[2.635s] INFO:colcon.colcon_core.shell:Creating environment descriptor '/home/krish/ros2_ws/install/lidar_processor_cpp/share/lidar_processor_cpp/hook/cmake_prefix_path.dsv'
[2.636s] INFO:colcon.colcon_core.shell:Creating environment hook '/home/krish/ros2_ws/install/lidar_processor_cpp/share/lidar_processor_cpp/hook/cmake_prefix_path.sh'
[2.637s] Level 1:colcon.colcon_core.environment:checking '/home/krish/ros2_ws/install/lidar_processor_cpp/lib'
[2.637s] Level 1:colcon.colcon_core.environment:checking '/home/krish/ros2_ws/install/lidar_processor_cpp/bin'
[2.637s] Level 1:colcon.colcon_core.environment:checking '/home/krish/ros2_ws/install/lidar_processor_cpp/lib/pkgconfig/lidar_processor_cpp.pc'
[2.638s] Level 1:colcon.colcon_core.environment:checking '/home/krish/ros2_ws/install/lidar_processor_cpp/lib/python3.10/site-packages'
[2.640s] Level 1:colcon.colcon_core.environment:checking '/home/krish/ros2_ws/install/lidar_processor_cpp/bin'
[2.642s] INFO:colcon.colcon_core.shell:Creating package script '/home/krish/ros2_ws/install/lidar_processor_cpp/share/lidar_processor_cpp/package.ps1'
[2.648s] INFO:colcon.colcon_core.shell:Creating package descriptor '/home/krish/ros2_ws/install/lidar_processor_cpp/share/lidar_processor_cpp/package.dsv'
[2.652s] INFO:colcon.colcon_core.shell:Creating package script '/home/krish/ros2_ws/install/lidar_processor_cpp/share/lidar_processor_cpp/package.sh'
[2.656s] INFO:colcon.colcon_core.shell:Creating package script '/home/krish/ros2_ws/install/lidar_processor_cpp/share/lidar_processor_cpp/package.bash'
[2.660s] INFO:colcon.colcon_core.shell:Creating package script '/home/krish/ros2_ws/install/lidar_processor_cpp/share/lidar_processor_cpp/package.zsh'
[2.664s] Level 1:colcon.colcon_core.environment:create_file_with_runtime_dependencies(/home/krish/ros2_ws/install/lidar_processor_cpp/share/colcon-core/packages/lidar_processor_cpp)
[2.975s] Level 1:colcon.colcon_core.environment:create_environment_scripts_only(go2_interfaces)
[2.976s] Level 1:colcon.colcon_core.environment:checking '/home/krish/ros2_ws/install/go2_interfaces' for CMake module files
[2.977s] DEBUG:colcon.colcon_core.event_handler.log_command:Invoked command in '/home/krish/ros2_ws/build/go2_interfaces' returned '0': CMAKE_PREFIX_PATH=${CMAKE_PREFIX_PATH}:/home/krish/ros2_ws/install/speech_processor:/home/krish/ros2_ws/install/obstacle_avoidance:/home/krish/ros2_ws/install/lidar_processor:/home/krish/ros2_ws/install/go2_robot_sdk:/home/krish/ros2_ws/install/coco_detector:/opt/ros/humble /usr/local/bin/cmake --install /home/krish/ros2_ws/build/go2_interfaces
[2.978s] Level 1:colcon.colcon_core.environment:checking '/home/krish/ros2_ws/install/go2_interfaces' for CMake config files
[2.980s] Level 1:colcon.colcon_core.shell:create_environment_hook('go2_interfaces', 'cmake_prefix_path')
[2.981s] INFO:colcon.colcon_core.shell:Creating environment hook '/home/krish/ros2_ws/install/go2_interfaces/share/go2_interfaces/hook/cmake_prefix_path.ps1'
[2.983s] INFO:colcon.colcon_core.shell:Creating environment descriptor '/home/krish/ros2_ws/install/go2_interfaces/share/go2_interfaces/hook/cmake_prefix_path.dsv'
[2.984s] INFO:colcon.colcon_core.shell:Creating environment hook '/home/krish/ros2_ws/install/go2_interfaces/share/go2_interfaces/hook/cmake_prefix_path.sh'
[2.985s] Level 1:colcon.colcon_core.environment:checking '/home/krish/ros2_ws/install/go2_interfaces/lib'
[2.985s] Level 1:colcon.colcon_core.shell:create_environment_hook('go2_interfaces', 'ld_library_path_lib')
[2.986s] INFO:colcon.colcon_core.shell:Creating environment hook '/home/krish/ros2_ws/install/go2_interfaces/share/go2_interfaces/hook/ld_library_path_lib.ps1'
[2.987s] INFO:colcon.colcon_core.shell:Creating environment descriptor '/home/krish/ros2_ws/install/go2_interfaces/share/go2_interfaces/hook/ld_library_path_lib.dsv'
[2.988s] INFO:colcon.colcon_core.shell:Creating environment hook '/home/krish/ros2_ws/install/go2_interfaces/share/go2_interfaces/hook/ld_library_path_lib.sh'
[2.989s] Level 1:colcon.colcon_core.environment:checking '/home/krish/ros2_ws/install/go2_interfaces/bin'
[2.989s] Level 1:colcon.colcon_core.environment:checking '/home/krish/ros2_ws/install/go2_interfaces/lib/pkgconfig/go2_interfaces.pc'
[2.989s] Level 1:colcon.colcon_core.environment:checking '/home/krish/ros2_ws/install/go2_interfaces/lib/python3.10/site-packages'
[2.991s] Level 1:colcon.colcon_core.environment:checking '/home/krish/ros2_ws/install/go2_interfaces/bin'
[2.991s] INFO:colcon.colcon_core.shell:Creating package script '/home/krish/ros2_ws/install/go2_interfaces/share/go2_interfaces/package.ps1'
[2.993s] INFO:colcon.colcon_core.shell:Creating package descriptor '/home/krish/ros2_ws/install/go2_interfaces/share/go2_interfaces/package.dsv'
[2.994s] INFO:colcon.colcon_core.shell:Creating package script '/home/krish/ros2_ws/install/go2_interfaces/share/go2_interfaces/package.sh'
[2.995s] INFO:colcon.colcon_core.shell:Creating package script '/home/krish/ros2_ws/install/go2_interfaces/share/go2_interfaces/package.bash'
[2.995s] INFO:colcon.colcon_core.shell:Creating package script '/home/krish/ros2_ws/install/go2_interfaces/share/go2_interfaces/package.zsh'
[2.996s] Level 1:colcon.colcon_core.environment:create_file_with_runtime_dependencies(/home/krish/ros2_ws/install/go2_interfaces/share/colcon-core/packages/go2_interfaces)
[2.998s] Level 1:colcon.colcon_core.environment:create_environment_scripts_only(go2_interfaces)
[2.998s] Level 1:colcon.colcon_core.environment:checking '/home/krish/ros2_ws/install/go2_interfaces' for CMake module files
[2.999s] Level 1:colcon.colcon_core.environment:checking '/home/krish/ros2_ws/install/go2_interfaces' for CMake config files
[3.000s] Level 1:colcon.colcon_core.shell:create_environment_hook('go2_interfaces', 'cmake_prefix_path')
[3.001s] INFO:colcon.colcon_core.shell:Creating environment hook '/home/krish/ros2_ws/install/go2_interfaces/share/go2_interfaces/hook/cmake_prefix_path.ps1'
[3.002s] INFO:colcon.colcon_core.shell:Creating environment descriptor '/home/krish/ros2_ws/install/go2_interfaces/share/go2_interfaces/hook/cmake_prefix_path.dsv'
[3.003s] INFO:colcon.colcon_core.shell:Creating environment hook '/home/krish/ros2_ws/install/go2_interfaces/share/go2_interfaces/hook/cmake_prefix_path.sh'
[3.005s] Level 1:colcon.colcon_core.environment:checking '/home/krish/ros2_ws/install/go2_interfaces/lib'
[3.005s] Level 1:colcon.colcon_core.shell:create_environment_hook('go2_interfaces', 'ld_library_path_lib')
[3.006s] INFO:colcon.colcon_core.shell:Creating environment hook '/home/krish/ros2_ws/install/go2_interfaces/share/go2_interfaces/hook/ld_library_path_lib.ps1'
[3.006s] INFO:colcon.colcon_core.shell:Creating environment descriptor '/home/krish/ros2_ws/install/go2_interfaces/share/go2_interfaces/hook/ld_library_path_lib.dsv'
[3.008s] INFO:colcon.colcon_core.shell:Creating environment hook '/home/krish/ros2_ws/install/go2_interfaces/share/go2_interfaces/hook/ld_library_path_lib.sh'
[3.008s] Level 1:colcon.colcon_core.environment:checking '/home/krish/ros2_ws/install/go2_interfaces/bin'
[3.009s] Level 1:colcon.colcon_core.environment:checking '/home/krish/ros2_ws/install/go2_interfaces/lib/pkgconfig/go2_interfaces.pc'
[3.009s] Level 1:colcon.colcon_core.environment:checking '/home/krish/ros2_ws/install/go2_interfaces/lib/python3.10/site-packages'
[3.011s] Level 1:colcon.colcon_core.environment:checking '/home/krish/ros2_ws/install/go2_interfaces/bin'
[3.013s] INFO:colcon.colcon_core.shell:Creating package script '/home/krish/ros2_ws/install/go2_interfaces/share/go2_interfaces/package.ps1'
[3.015s] INFO:colcon.colcon_core.shell:Creating package descriptor '/home/krish/ros2_ws/install/go2_interfaces/share/go2_interfaces/package.dsv'
[3.016s] INFO:colcon.colcon_core.shell:Creating package script '/home/krish/ros2_ws/install/go2_interfaces/share/go2_interfaces/package.sh'
[3.018s] INFO:colcon.colcon_core.shell:Creating package script '/home/krish/ros2_ws/install/go2_interfaces/share/go2_interfaces/package.bash'
[3.019s] INFO:colcon.colcon_core.shell:Creating package script '/home/krish/ros2_ws/install/go2_interfaces/share/go2_interfaces/package.zsh'
[3.020s] Level 1:colcon.colcon_core.environment:create_file_with_runtime_dependencies(/home/krish/ros2_ws/install/go2_interfaces/share/colcon-core/packages/go2_interfaces)
[3.021s] INFO:colcon.colcon_ros.task.ament_python.build:Building ROS package in '/home/krish/ros2_ws/src/go2_robot_sdk' with build type 'ament_python'
[3.022s] Level 1:colcon.colcon_core.shell:create_environment_hook('go2_robot_sdk', 'ament_prefix_path')
[3.022s] INFO:colcon.colcon_core.shell:Creating environment hook '/home/krish/ros2_ws/install/go2_robot_sdk/share/go2_robot_sdk/hook/ament_prefix_path.ps1'
[3.025s] INFO:colcon.colcon_core.shell:Creating environment descriptor '/home/krish/ros2_ws/install/go2_robot_sdk/share/go2_robot_sdk/hook/ament_prefix_path.dsv'
[3.027s] INFO:colcon.colcon_core.shell:Creating environment hook '/home/krish/ros2_ws/install/go2_robot_sdk/share/go2_robot_sdk/hook/ament_prefix_path.sh'
[3.029s] INFO:colcon.colcon_core.shell:Skip shell extension 'powershell' for command environment: Not usable outside of PowerShell
[3.029s] DEBUG:colcon.colcon_core.shell:Skip shell extension 'dsv' for command environment
[3.038s] INFO:colcon.colcon_ros.task.ament_python.build:Building ROS package in '/home/krish/ros2_ws/src/speech_processor' with build type 'ament_python'
[3.038s] Level 1:colcon.colcon_core.shell:create_environment_hook('speech_processor', 'ament_prefix_path')
[3.039s] INFO:colcon.colcon_core.shell:Creating environment hook '/home/krish/ros2_ws/install/speech_processor/share/speech_processor/hook/ament_prefix_path.ps1'
[3.043s] INFO:colcon.colcon_core.shell:Creating environment descriptor '/home/krish/ros2_ws/install/speech_processor/share/speech_processor/hook/ament_prefix_path.dsv'
[3.044s] INFO:colcon.colcon_core.shell:Creating environment hook '/home/krish/ros2_ws/install/speech_processor/share/speech_processor/hook/ament_prefix_path.sh'
[3.048s] INFO:colcon.colcon_core.shell:Skip shell extension 'powershell' for command environment: Not usable outside of PowerShell
[3.048s] DEBUG:colcon.colcon_core.shell:Skip shell extension 'dsv' for command environment
[3.656s] INFO:colcon.colcon_core.task.python.build:Building Python package in '/home/krish/ros2_ws/src/go2_robot_sdk'
[3.657s] INFO:colcon.colcon_core.shell:Skip shell extension 'powershell' for command environment: Not usable outside of PowerShell
[3.657s] DEBUG:colcon.colcon_core.shell:Skip shell extension 'dsv' for command environment
[4.224s] INFO:colcon.colcon_core.task.python.build:Building Python package in '/home/krish/ros2_ws/src/speech_processor'
[4.225s] INFO:colcon.colcon_core.shell:Skip shell extension 'powershell' for command environment: Not usable outside of PowerShell
[4.226s] DEBUG:colcon.colcon_core.shell:Skip shell extension 'dsv' for command environment
[4.242s] DEBUG:colcon.colcon_core.event_handler.log_command:Invoking command in '/home/krish/ros2_ws/src/obstacle_avoidance': PYTHONPATH=/home/krish/ros2_ws/build/obstacle_avoidance/prefix_override:/usr/lib/python3/dist-packages/colcon_core/task/python/colcon_distutils_commands:/home/krish/ros2_ws/install/obstacle_avoidance/lib/python3.10/site-packages:${PYTHONPATH} /usr/bin/python3 -W ignore:setup.py install is deprecated -W ignore:easy_install command is deprecated setup.py egg_info --egg-base ../../build/obstacle_avoidance build --build-base /home/krish/ros2_ws/build/obstacle_avoidance/build install --record /home/krish/ros2_ws/build/obstacle_avoidance/install.log --single-version-externally-managed install_data
[4.251s] DEBUG:colcon.colcon_core.event_handler.log_command:Invoking command in '/home/krish/ros2_ws/src/coco_detector': PYTHONPATH=/home/krish/ros2_ws/build/coco_detector/prefix_override:/usr/lib/python3/dist-packages/colcon_core/task/python/colcon_distutils_commands:/home/krish/ros2_ws/install/coco_detector/lib/python3.10/site-packages:${PYTHONPATH} /usr/bin/python3 -W ignore:setup.py install is deprecated -W ignore:easy_install command is deprecated setup.py egg_info --egg-base ../../build/coco_detector build --build-base /home/krish/ros2_ws/build/coco_detector/build install --record /home/krish/ros2_ws/build/coco_detector/install.log --single-version-externally-managed install_data
[4.253s] DEBUG:colcon.colcon_core.event_handler.log_command:Invoking command in '/home/krish/ros2_ws/src/lidar_processor': PYTHONPATH=/home/krish/ros2_ws/build/lidar_processor/prefix_override:/usr/lib/python3/dist-packages/colcon_core/task/python/colcon_distutils_commands:/home/krish/ros2_ws/install/lidar_processor/lib/python3.10/site-packages:${PYTHONPATH} /usr/bin/python3 -W ignore:setup.py install is deprecated -W ignore:easy_install command is deprecated setup.py egg_info --egg-base ../../build/lidar_processor build --build-base /home/krish/ros2_ws/build/lidar_processor/build install --record /home/krish/ros2_ws/build/lidar_processor/install.log --single-version-externally-managed install_data
[4.962s] Level 1:colcon.colcon_core.environment:checking '/home/krish/ros2_ws/install/obstacle_avoidance' for CMake module files
[4.964s] DEBUG:colcon.colcon_core.event_handler.log_command:Invoked command in '/home/krish/ros2_ws/src/obstacle_avoidance' returned '0': PYTHONPATH=/home/krish/ros2_ws/build/obstacle_avoidance/prefix_override:/usr/lib/python3/dist-packages/colcon_core/task/python/colcon_distutils_commands:/home/krish/ros2_ws/install/obstacle_avoidance/lib/python3.10/site-packages:${PYTHONPATH} /usr/bin/python3 -W ignore:setup.py install is deprecated -W ignore:easy_install command is deprecated setup.py egg_info --egg-base ../../build/obstacle_avoidance build --build-base /home/krish/ros2_ws/build/obstacle_avoidance/build install --record /home/krish/ros2_ws/build/obstacle_avoidance/install.log --single-version-externally-managed install_data
[4.965s] Level 1:colcon.colcon_core.environment:checking '/home/krish/ros2_ws/install/obstacle_avoidance' for CMake config files
[4.966s] Level 1:colcon.colcon_core.environment:checking '/home/krish/ros2_ws/install/obstacle_avoidance/lib'
[4.966s] Level 1:colcon.colcon_core.environment:checking '/home/krish/ros2_ws/install/obstacle_avoidance/bin'
[4.966s] Level 1:colcon.colcon_core.environment:checking '/home/krish/ros2_ws/install/obstacle_avoidance/lib/pkgconfig/obstacle_avoidance.pc'
[4.967s] Level 1:colcon.colcon_core.environment:checking '/home/krish/ros2_ws/install/obstacle_avoidance/lib/python3.10/site-packages'
[4.968s] Level 1:colcon.colcon_core.shell:create_environment_hook('obstacle_avoidance', 'pythonpath')
[4.968s] INFO:colcon.colcon_core.shell:Creating environment hook '/home/krish/ros2_ws/install/obstacle_avoidance/share/obstacle_avoidance/hook/pythonpath.ps1'
[4.969s] INFO:colcon.colcon_core.shell:Creating environment descriptor '/home/krish/ros2_ws/install/obstacle_avoidance/share/obstacle_avoidance/hook/pythonpath.dsv'
[4.971s] INFO:colcon.colcon_core.shell:Creating environment hook '/home/krish/ros2_ws/install/obstacle_avoidance/share/obstacle_avoidance/hook/pythonpath.sh'
[4.974s] Level 1:colcon.colcon_core.environment:checking '/home/krish/ros2_ws/install/obstacle_avoidance/bin'
[4.974s] Level 1:colcon.colcon_core.environment:create_environment_scripts_only(obstacle_avoidance)
[4.975s] INFO:colcon.colcon_core.shell:Creating package script '/home/krish/ros2_ws/install/obstacle_avoidance/share/obstacle_avoidance/package.ps1'
[4.977s] INFO:colcon.colcon_core.shell:Creating package descriptor '/home/krish/ros2_ws/install/obstacle_avoidance/share/obstacle_avoidance/package.dsv'
[4.978s] INFO:colcon.colcon_core.shell:Creating package script '/home/krish/ros2_ws/install/obstacle_avoidance/share/obstacle_avoidance/package.sh'
[4.980s] INFO:colcon.colcon_core.shell:Creating package script '/home/krish/ros2_ws/install/obstacle_avoidance/share/obstacle_avoidance/package.bash'
[4.981s] INFO:colcon.colcon_core.shell:Creating package script '/home/krish/ros2_ws/install/obstacle_avoidance/share/obstacle_avoidance/package.zsh'
[4.983s] Level 1:colcon.colcon_core.environment:create_file_with_runtime_dependencies(/home/krish/ros2_ws/install/obstacle_avoidance/share/colcon-core/packages/obstacle_avoidance)
[4.985s] Level 1:colcon.colcon_core.environment:checking '/home/krish/ros2_ws/install/lidar_processor' for CMake module files
[4.986s] Level 1:colcon.colcon_core.environment:checking '/home/krish/ros2_ws/install/lidar_processor' for CMake config files
[4.987s] DEBUG:colcon.colcon_core.event_handler.log_command:Invoked command in '/home/krish/ros2_ws/src/lidar_processor' returned '0': PYTHONPATH=/home/krish/ros2_ws/build/lidar_processor/prefix_override:/usr/lib/python3/dist-packages/colcon_core/task/python/colcon_distutils_commands:/home/krish/ros2_ws/install/lidar_processor/lib/python3.10/site-packages:${PYTHONPATH} /usr/bin/python3 -W ignore:setup.py install is deprecated -W ignore:easy_install command is deprecated setup.py egg_info --egg-base ../../build/lidar_processor build --build-base /home/krish/ros2_ws/build/lidar_processor/build install --record /home/krish/ros2_ws/build/lidar_processor/install.log --single-version-externally-managed install_data
[4.988s] Level 1:colcon.colcon_core.environment:checking '/home/krish/ros2_ws/install/lidar_processor/lib'
[4.988s] Level 1:colcon.colcon_core.environment:checking '/home/krish/ros2_ws/install/lidar_processor/bin'
[4.988s] Level 1:colcon.colcon_core.environment:checking '/home/krish/ros2_ws/install/lidar_processor/lib/pkgconfig/lidar_processor.pc'
[4.989s] Level 1:colcon.colcon_core.environment:checking '/home/krish/ros2_ws/install/lidar_processor/lib/python3.10/site-packages'
[4.989s] Level 1:colcon.colcon_core.shell:create_environment_hook('lidar_processor', 'pythonpath')
[4.989s] INFO:colcon.colcon_core.shell:Creating environment hook '/home/krish/ros2_ws/install/lidar_processor/share/lidar_processor/hook/pythonpath.ps1'
[4.991s] INFO:colcon.colcon_core.shell:Creating environment descriptor '/home/krish/ros2_ws/install/lidar_processor/share/lidar_processor/hook/pythonpath.dsv'
[4.992s] INFO:colcon.colcon_core.shell:Creating environment hook '/home/krish/ros2_ws/install/lidar_processor/share/lidar_processor/hook/pythonpath.sh'
[4.996s] Level 1:colcon.colcon_core.environment:checking '/home/krish/ros2_ws/install/lidar_processor/bin'
[4.996s] Level 1:colcon.colcon_core.environment:create_environment_scripts_only(lidar_processor)
[4.998s] INFO:colcon.colcon_core.shell:Creating package script '/home/krish/ros2_ws/install/lidar_processor/share/lidar_processor/package.ps1'
[5.001s] INFO:colcon.colcon_core.shell:Creating package descriptor '/home/krish/ros2_ws/install/lidar_processor/share/lidar_processor/package.dsv'
[5.006s] INFO:colcon.colcon_core.shell:Creating package script '/home/krish/ros2_ws/install/lidar_processor/share/lidar_processor/package.sh'
[5.007s] INFO:colcon.colcon_core.shell:Creating package script '/home/krish/ros2_ws/install/lidar_processor/share/lidar_processor/package.bash'
[5.010s] INFO:colcon.colcon_core.shell:Creating package script '/home/krish/ros2_ws/install/lidar_processor/share/lidar_processor/package.zsh'
[5.012s] Level 1:colcon.colcon_core.environment:create_file_with_runtime_dependencies(/home/krish/ros2_ws/install/lidar_processor/share/colcon-core/packages/lidar_processor)
[5.097s] Level 1:colcon.colcon_core.environment:checking '/home/krish/ros2_ws/install/coco_detector' for CMake module files
[5.099s] Level 1:colcon.colcon_core.environment:checking '/home/krish/ros2_ws/install/coco_detector' for CMake config files
[5.100s] Level 1:colcon.colcon_core.environment:checking '/home/krish/ros2_ws/install/coco_detector/lib'
[5.100s] Level 1:colcon.colcon_core.environment:checking '/home/krish/ros2_ws/install/coco_detector/bin'
[5.100s] Level 1:colcon.colcon_core.environment:checking '/home/krish/ros2_ws/install/coco_detector/lib/pkgconfig/coco_detector.pc'
[5.101s] Level 1:colcon.colcon_core.environment:checking '/home/krish/ros2_ws/install/coco_detector/lib/python3.10/site-packages'
[5.101s] Level 1:colcon.colcon_core.shell:create_environment_hook('coco_detector', 'pythonpath')
[5.102s] INFO:colcon.colcon_core.shell:Creating environment hook '/home/krish/ros2_ws/install/coco_detector/share/coco_detector/hook/pythonpath.ps1'
[5.098s] DEBUG:colcon.colcon_core.event_handler.log_command:Invoked command in '/home/krish/ros2_ws/src/coco_detector' returned '0': PYTHONPATH=/home/krish/ros2_ws/build/coco_detector/prefix_override:/usr/lib/python3/dist-packages/colcon_core/task/python/colcon_distutils_commands:/home/krish/ros2_ws/install/coco_detector/lib/python3.10/site-packages:${PYTHONPATH} /usr/bin/python3 -W ignore:setup.py install is deprecated -W ignore:easy_install command is deprecated setup.py egg_info --egg-base ../../build/coco_detector build --build-base /home/krish/ros2_ws/build/coco_detector/build install --record /home/krish/ros2_ws/build/coco_detector/install.log --single-version-externally-managed install_data
[5.103s] INFO:colcon.colcon_core.shell:Creating environment descriptor '/home/krish/ros2_ws/install/coco_detector/share/coco_detector/hook/pythonpath.dsv'
[5.104s] INFO:colcon.colcon_core.shell:Creating environment hook '/home/krish/ros2_ws/install/coco_detector/share/coco_detector/hook/pythonpath.sh'
[5.105s] Level 1:colcon.colcon_core.environment:checking '/home/krish/ros2_ws/install/coco_detector/bin'
[5.105s] Level 1:colcon.colcon_core.environment:create_environment_scripts_only(coco_detector)
[5.106s] INFO:colcon.colcon_core.shell:Creating package script '/home/krish/ros2_ws/install/coco_detector/share/coco_detector/package.ps1'
[5.107s] INFO:colcon.colcon_core.shell:Creating package descriptor '/home/krish/ros2_ws/install/coco_detector/share/coco_detector/package.dsv'
[5.108s] INFO:colcon.colcon_core.shell:Creating package script '/home/krish/ros2_ws/install/coco_detector/share/coco_detector/package.sh'
[5.109s] INFO:colcon.colcon_core.shell:Creating package script '/home/krish/ros2_ws/install/coco_detector/share/coco_detector/package.bash'
[5.110s] INFO:colcon.colcon_core.shell:Creating package script '/home/krish/ros2_ws/install/coco_detector/share/coco_detector/package.zsh'
[5.111s] Level 1:colcon.colcon_core.environment:create_file_with_runtime_dependencies(/home/krish/ros2_ws/install/coco_detector/share/colcon-core/packages/coco_detector)
[5.173s] DEBUG:colcon.colcon_core.event_handler.log_command:Invoking command in '/home/krish/ros2_ws/src/go2_robot_sdk': CMAKE_PREFIX_PATH=/home/krish/ros2_ws/install/go2_interfaces:/home/krish/ros2_ws/install/lidar_processor_cpp PYTHONPATH=/home/krish/ros2_ws/build/go2_robot_sdk/prefix_override:/usr/lib/python3/dist-packages/colcon_core/task/python/colcon_distutils_commands:/home/krish/ros2_ws/install/go2_robot_sdk/lib/python3.10/site-packages:${PYTHONPATH} /usr/bin/python3 -W ignore:setup.py install is deprecated -W ignore:easy_install command is deprecated setup.py egg_info --egg-base ../../build/go2_robot_sdk build --build-base /home/krish/ros2_ws/build/go2_robot_sdk/build install --record /home/krish/ros2_ws/build/go2_robot_sdk/install.log --single-version-externally-managed install_data
[5.246s] DEBUG:colcon.colcon_core.event_handler.log_command:Invoking command in '/home/krish/ros2_ws/src/speech_processor': CMAKE_PREFIX_PATH=/home/krish/ros2_ws/install/go2_interfaces:/home/krish/ros2_ws/install/lidar_processor_cpp PYTHONPATH=/home/krish/ros2_ws/build/speech_processor/prefix_override:/usr/lib/python3/dist-packages/colcon_core/task/python/colcon_distutils_commands:/home/krish/ros2_ws/install/speech_processor/lib/python3.10/site-packages:${PYTHONPATH} /usr/bin/python3 -W ignore:setup.py install is deprecated -W ignore:easy_install command is deprecated setup.py egg_info --egg-base ../../build/speech_processor build --build-base /home/krish/ros2_ws/build/speech_processor/build install --record /home/krish/ros2_ws/build/speech_processor/install.log --single-version-externally-managed install_data
[5.813s] Level 1:colcon.colcon_core.environment:checking '/home/krish/ros2_ws/install/go2_robot_sdk' for CMake module files
[5.815s] DEBUG:colcon.colcon_core.event_handler.log_command:Invoked command in '/home/krish/ros2_ws/src/go2_robot_sdk' returned '0': CMAKE_PREFIX_PATH=/home/krish/ros2_ws/install/go2_interfaces:/home/krish/ros2_ws/install/lidar_processor_cpp PYTHONPATH=/home/krish/ros2_ws/build/go2_robot_sdk/prefix_override:/usr/lib/python3/dist-packages/colcon_core/task/python/colcon_distutils_commands:/home/krish/ros2_ws/install/go2_robot_sdk/lib/python3.10/site-packages:${PYTHONPATH} /usr/bin/python3 -W ignore:setup.py install is deprecated -W ignore:easy_install command is deprecated setup.py egg_info --egg-base ../../build/go2_robot_sdk build --build-base /home/krish/ros2_ws/build/go2_robot_sdk/build install --record /home/krish/ros2_ws/build/go2_robot_sdk/install.log --single-version-externally-managed install_data
[5.816s] Level 1:colcon.colcon_core.environment:checking '/home/krish/ros2_ws/install/go2_robot_sdk' for CMake config files
[5.820s] Level 1:colcon.colcon_core.environment:checking '/home/krish/ros2_ws/install/go2_robot_sdk/lib'
[5.821s] Level 1:colcon.colcon_core.environment:checking '/home/krish/ros2_ws/install/go2_robot_sdk/bin'
[5.821s] Level 1:colcon.colcon_core.environment:checking '/home/krish/ros2_ws/install/go2_robot_sdk/lib/pkgconfig/go2_robot_sdk.pc'
[5.822s] Level 1:colcon.colcon_core.environment:checking '/home/krish/ros2_ws/install/go2_robot_sdk/lib/python3.10/site-packages'
[5.822s] Level 1:colcon.colcon_core.shell:create_environment_hook('go2_robot_sdk', 'pythonpath')
[5.823s] INFO:colcon.colcon_core.shell:Creating environment hook '/home/krish/ros2_ws/install/go2_robot_sdk/share/go2_robot_sdk/hook/pythonpath.ps1'
[5.825s] INFO:colcon.colcon_core.shell:Creating environment descriptor '/home/krish/ros2_ws/install/go2_robot_sdk/share/go2_robot_sdk/hook/pythonpath.dsv'
[5.826s] INFO:colcon.colcon_core.shell:Creating environment hook '/home/krish/ros2_ws/install/go2_robot_sdk/share/go2_robot_sdk/hook/pythonpath.sh'
[5.829s] Level 1:colcon.colcon_core.environment:checking '/home/krish/ros2_ws/install/go2_robot_sdk/bin'
[5.829s] Level 1:colcon.colcon_core.environment:create_environment_scripts_only(go2_robot_sdk)
[5.831s] INFO:colcon.colcon_core.shell:Creating package script '/home/krish/ros2_ws/install/go2_robot_sdk/share/go2_robot_sdk/package.ps1'
[5.833s] INFO:colcon.colcon_core.shell:Creating package descriptor '/home/krish/ros2_ws/install/go2_robot_sdk/share/go2_robot_sdk/package.dsv'
[5.834s] INFO:colcon.colcon_core.shell:Creating package script '/home/krish/ros2_ws/install/go2_robot_sdk/share/go2_robot_sdk/package.sh'
[5.836s] INFO:colcon.colcon_core.shell:Creating package script '/home/krish/ros2_ws/install/go2_robot_sdk/share/go2_robot_sdk/package.bash'
[5.837s] INFO:colcon.colcon_core.shell:Creating package script '/home/krish/ros2_ws/install/go2_robot_sdk/share/go2_robot_sdk/package.zsh'
[5.839s] Level 1:colcon.colcon_core.environment:create_file_with_runtime_dependencies(/home/krish/ros2_ws/install/go2_robot_sdk/share/colcon-core/packages/go2_robot_sdk)
[5.866s] Level 1:colcon.colcon_core.environment:checking '/home/krish/ros2_ws/install/speech_processor' for CMake module files
[5.868s] DEBUG:colcon.colcon_core.event_handler.log_command:Invoked command in '/home/krish/ros2_ws/src/speech_processor' returned '0': CMAKE_PREFIX_PATH=/home/krish/ros2_ws/install/go2_interfaces:/home/krish/ros2_ws/install/lidar_processor_cpp PYTHONPATH=/home/krish/ros2_ws/build/speech_processor/prefix_override:/usr/lib/python3/dist-packages/colcon_core/task/python/colcon_distutils_commands:/home/krish/ros2_ws/install/speech_processor/lib/python3.10/site-packages:${PYTHONPATH} /usr/bin/python3 -W ignore:setup.py install is deprecated -W ignore:easy_install command is deprecated setup.py egg_info --egg-base ../../build/speech_processor build --build-base /home/krish/ros2_ws/build/speech_processor/build install --record /home/krish/ros2_ws/build/speech_processor/install.log --single-version-externally-managed install_data
[5.869s] Level 1:colcon.colcon_core.environment:checking '/home/krish/ros2_ws/install/speech_processor' for CMake config files
[5.872s] Level 1:colcon.colcon_core.environment:checking '/home/krish/ros2_ws/install/speech_processor/lib'
[5.873s] Level 1:colcon.colcon_core.environment:checking '/home/krish/ros2_ws/install/speech_processor/bin'
[5.873s] Level 1:colcon.colcon_core.environment:checking '/home/krish/ros2_ws/install/speech_processor/lib/pkgconfig/speech_processor.pc'
[5.874s] Level 1:colcon.colcon_core.environment:checking '/home/krish/ros2_ws/install/speech_processor/lib/python3.10/site-packages'
[5.875s] Level 1:colcon.colcon_core.shell:create_environment_hook('speech_processor', 'pythonpath')
[5.875s] INFO:colcon.colcon_core.shell:Creating environment hook '/home/krish/ros2_ws/install/speech_processor/share/speech_processor/hook/pythonpath.ps1'
[5.877s] INFO:colcon.colcon_core.shell:Creating environment descriptor '/home/krish/ros2_ws/install/speech_processor/share/speech_processor/hook/pythonpath.dsv'
[5.879s] INFO:colcon.colcon_core.shell:Creating environment hook '/home/krish/ros2_ws/install/speech_processor/share/speech_processor/hook/pythonpath.sh'
[5.881s] Level 1:colcon.colcon_core.environment:checking '/home/krish/ros2_ws/install/speech_processor/bin'
[5.882s] Level 1:colcon.colcon_core.environment:create_environment_scripts_only(speech_processor)
[5.883s] INFO:colcon.colcon_core.shell:Creating package script '/home/krish/ros2_ws/install/speech_processor/share/speech_processor/package.ps1'
[5.885s] INFO:colcon.colcon_core.shell:Creating package descriptor '/home/krish/ros2_ws/install/speech_processor/share/speech_processor/package.dsv'
[5.887s] INFO:colcon.colcon_core.shell:Creating package script '/home/krish/ros2_ws/install/speech_processor/share/speech_processor/package.sh'
[5.889s] INFO:colcon.colcon_core.shell:Creating package script '/home/krish/ros2_ws/install/speech_processor/share/speech_processor/package.bash'
[5.890s] INFO:colcon.colcon_core.shell:Creating package script '/home/krish/ros2_ws/install/speech_processor/share/speech_processor/package.zsh'
[5.891s] Level 1:colcon.colcon_core.environment:create_file_with_runtime_dependencies(/home/krish/ros2_ws/install/speech_processor/share/colcon-core/packages/speech_processor)
[5.892s] DEBUG:colcon.colcon_parallel_executor.executor.parallel:closing loop
[5.893s] DEBUG:colcon.colcon_parallel_executor.executor.parallel:loop closed
[5.893s] DEBUG:colcon.colcon_parallel_executor.executor.parallel:run_until_complete finished with '0'
[5.893s] DEBUG:colcon.colcon_core.event_reactor:joining thread
[5.906s] INFO:colcon.colcon_core.plugin_system:Skipping extension 'colcon_notification.desktop_notification.terminal_notifier': Not used on non-Darwin systems
[5.906s] INFO:colcon.colcon_core.plugin_system:Skipping extension 'colcon_notification.desktop_notification.win32': Not used on non-Windows systems
[5.906s] INFO:colcon.colcon_notification.desktop_notification:Sending desktop notification using 'notify2'
[5.934s] DEBUG:colcon.colcon_notification.desktop_notification.notify2:Failed to initialize notify2: org.freedesktop.DBus.Error.Spawn.ChildExited: Process org.freedesktop.Notifications exited with status 1
[5.935s] DEBUG:colcon.colcon_core.event_reactor:joined thread
[5.936s] INFO:colcon.colcon_core.shell:Creating prefix script '/home/krish/ros2_ws/install/local_setup.ps1'
[5.940s] INFO:colcon.colcon_core.shell:Creating prefix util module '/home/krish/ros2_ws/install/_local_setup_util_ps1.py'
[5.946s] INFO:colcon.colcon_core.shell:Creating prefix chain script '/home/krish/ros2_ws/install/setup.ps1'
[5.951s] INFO:colcon.colcon_core.shell:Creating prefix script '/home/krish/ros2_ws/install/local_setup.sh'
[5.954s] INFO:colcon.colcon_core.shell:Creating prefix util module '/home/krish/ros2_ws/install/_local_setup_util_sh.py'
[5.956s] INFO:colcon.colcon_core.shell:Creating prefix chain script '/home/krish/ros2_ws/install/setup.sh'
[5.961s] INFO:colcon.colcon_core.shell:Creating prefix script '/home/krish/ros2_ws/install/local_setup.bash'
[5.963s] INFO:colcon.colcon_core.shell:Creating prefix chain script '/home/krish/ros2_ws/install/setup.bash'
[5.969s] INFO:colcon.colcon_core.shell:Creating prefix script '/home/krish/ros2_ws/install/local_setup.zsh'
[5.970s] INFO:colcon.colcon_core.shell:Creating prefix chain script '/home/krish/ros2_ws/install/setup.zsh'
