[3.308s] Invoking command in '/home/krish/ros2_ws/src/lidar_processor': PYTHONPATH=/home/krish/ros2_ws/build/lidar_processor/prefix_override:/usr/lib/python3/dist-packages/colcon_core/task/python/colcon_distutils_commands:/home/krish/ros2_ws/install/lidar_processor/lib/python3.10/site-packages:${PYTHONPATH} /usr/bin/python3 -W ignore:setup.py install is deprecated -W ignore:easy_install command is deprecated setup.py egg_info --egg-base ../../build/lidar_processor build --build-base /home/krish/ros2_ws/build/lidar_processor/build install --record /home/krish/ros2_ws/build/lidar_processor/install.log --single-version-externally-managed install_data
[3.847s] running egg_info
[3.849s] writing ../../build/lidar_processor/lidar_processor.egg-info/PKG-INFO
[3.849s] writing dependency_links to ../../build/lidar_processor/lidar_processor.egg-info/dependency_links.txt
[3.850s] writing entry points to ../../build/lidar_processor/lidar_processor.egg-info/entry_points.txt
[3.850s] writing requirements to ../../build/lidar_processor/lidar_processor.egg-info/requires.txt
[3.850s] writing top-level names to ../../build/lidar_processor/lidar_processor.egg-info/top_level.txt
[3.854s] reading manifest file '../../build/lidar_processor/lidar_processor.egg-info/SOURCES.txt'
[3.856s] writing manifest file '../../build/lidar_processor/lidar_processor.egg-info/SOURCES.txt'
[3.856s] running build
[3.856s] running build_py
[3.857s] running install
[3.857s] running install_lib
[3.860s] running install_data
[3.860s] running install_egg_info
[3.864s] removing '/home/krish/ros2_ws/install/lidar_processor/lib/python3.10/site-packages/lidar_processor-1.0.0-py3.10.egg-info' (and everything under it)
[3.865s] Copying ../../build/lidar_processor/lidar_processor.egg-info to /home/krish/ros2_ws/install/lidar_processor/lib/python3.10/site-packages/lidar_processor-1.0.0-py3.10.egg-info
[3.866s] running install_scripts
[3.907s] Installing lidar_to_pointcloud script to /home/krish/ros2_ws/install/lidar_processor/lib/lidar_processor
[3.908s] Installing pointcloud_aggregator script to /home/krish/ros2_ws/install/lidar_processor/lib/lidar_processor
[3.908s] writing list of installed files to '/home/krish/ros2_ws/build/lidar_processor/install.log'
[3.981s] Invoked command in '/home/krish/ros2_ws/src/lidar_processor' returned '0': PYTHONPATH=/home/krish/ros2_ws/build/lidar_processor/prefix_override:/usr/lib/python3/dist-packages/colcon_core/task/python/colcon_distutils_commands:/home/krish/ros2_ws/install/lidar_processor/lib/python3.10/site-packages:${PYTHONPATH} /usr/bin/python3 -W ignore:setup.py install is deprecated -W ignore:easy_install command is deprecated setup.py egg_info --egg-base ../../build/lidar_processor build --build-base /home/krish/ros2_ws/build/lidar_processor/build install --record /home/krish/ros2_ws/build/lidar_processor/install.log --single-version-externally-managed install_data
