[3.337s] Invoking command in '/home/krish/ros2_ws/src/lidar_processor': PYTHONPATH=/home/krish/ros2_ws/build/lidar_processor/prefix_override:/usr/lib/python3/dist-packages/colcon_core/task/python/colcon_distutils_commands:/home/krish/ros2_ws/install/lidar_processor/lib/python3.10/site-packages:${PYTHONPATH} /usr/bin/python3 -W ignore:setup.py install is deprecated -W ignore:easy_install command is deprecated setup.py egg_info --egg-base ../../build/lidar_processor build --build-base /home/krish/ros2_ws/build/lidar_processor/build install --record /home/krish/ros2_ws/build/lidar_processor/install.log --single-version-externally-managed install_data
[3.918s] running egg_info
[3.921s] writing ../../build/lidar_processor/lidar_processor.egg-info/PKG-INFO
[3.922s] writing dependency_links to ../../build/lidar_processor/lidar_processor.egg-info/dependency_links.txt
[3.923s] writing entry points to ../../build/lidar_processor/lidar_processor.egg-info/entry_points.txt
[3.924s] writing requirements to ../../build/lidar_processor/lidar_processor.egg-info/requires.txt
[3.925s] writing top-level names to ../../build/lidar_processor/lidar_processor.egg-info/top_level.txt
[3.930s] reading manifest file '../../build/lidar_processor/lidar_processor.egg-info/SOURCES.txt'
[3.932s] writing manifest file '../../build/lidar_processor/lidar_processor.egg-info/SOURCES.txt'
[3.933s] running build
[3.933s] running build_py
[3.934s] running install
[3.936s] running install_lib
[3.939s] running install_data
[3.940s] running install_egg_info
[3.946s] removing '/home/krish/ros2_ws/install/lidar_processor/lib/python3.10/site-packages/lidar_processor-1.0.0-py3.10.egg-info' (and everything under it)
[3.947s] Copying ../../build/lidar_processor/lidar_processor.egg-info to /home/krish/ros2_ws/install/lidar_processor/lib/python3.10/site-packages/lidar_processor-1.0.0-py3.10.egg-info
[3.949s] running install_scripts
[4.008s] Installing lidar_to_pointcloud script to /home/krish/ros2_ws/install/lidar_processor/lib/lidar_processor
[4.008s] Installing pointcloud_aggregator script to /home/krish/ros2_ws/install/lidar_processor/lib/lidar_processor
[4.009s] writing list of installed files to '/home/krish/ros2_ws/build/lidar_processor/install.log'
[4.099s] Invoked command in '/home/krish/ros2_ws/src/lidar_processor' returned '0': PYTHONPATH=/home/krish/ros2_ws/build/lidar_processor/prefix_override:/usr/lib/python3/dist-packages/colcon_core/task/python/colcon_distutils_commands:/home/krish/ros2_ws/install/lidar_processor/lib/python3.10/site-packages:${PYTHONPATH} /usr/bin/python3 -W ignore:setup.py install is deprecated -W ignore:easy_install command is deprecated setup.py egg_info --egg-base ../../build/lidar_processor build --build-base /home/krish/ros2_ws/build/lidar_processor/build install --record /home/krish/ros2_ws/build/lidar_processor/install.log --single-version-externally-managed install_data
