[ 75%] Built target lidar_to_pointcloud_node
[100%] Built target pointcloud_aggregator_node
-- Install configuration: ""
-- Execute custom install script
-- Up-to-date symlink: /home/krish/ros2_ws/install/lidar_processor_cpp/lib/lidar_processor_cpp/lidar_to_pointcloud_node
-- Up-to-date symlink: /home/krish/ros2_ws/install/lidar_processor_cpp/lib/lidar_processor_cpp/pointcloud_aggregator_node
-- Up-to-date symlink: /home/krish/ros2_ws/install/lidar_processor_cpp/include//lidar_processor_cpp/lidar_to_pointcloud_node.hpp
-- Up-to-date symlink: /home/krish/ros2_ws/install/lidar_processor_cpp/include//lidar_processor_cpp/pointcloud_aggregator_node.hpp
-- Up-to-date symlink: /home/krish/ros2_ws/install/lidar_processor_cpp/share/ament_index/resource_index/package_run_dependencies/lidar_processor_cpp
-- Up-to-date symlink: /home/krish/ros2_ws/install/lidar_processor_cpp/share/ament_index/resource_index/parent_prefix_path/lidar_processor_cpp
-- Up-to-date symlink: /home/krish/ros2_ws/install/lidar_processor_cpp/share/lidar_processor_cpp/environment/ament_prefix_path.sh
-- Up-to-date symlink: /home/krish/ros2_ws/install/lidar_processor_cpp/share/lidar_processor_cpp/environment/ament_prefix_path.dsv
-- Up-to-date symlink: /home/krish/ros2_ws/install/lidar_processor_cpp/share/lidar_processor_cpp/environment/path.sh
-- Up-to-date symlink: /home/krish/ros2_ws/install/lidar_processor_cpp/share/lidar_processor_cpp/environment/path.dsv
-- Up-to-date symlink: /home/krish/ros2_ws/install/lidar_processor_cpp/share/lidar_processor_cpp/local_setup.bash
-- Up-to-date symlink: /home/krish/ros2_ws/install/lidar_processor_cpp/share/lidar_processor_cpp/local_setup.sh
-- Up-to-date symlink: /home/krish/ros2_ws/install/lidar_processor_cpp/share/lidar_processor_cpp/local_setup.zsh
-- Up-to-date symlink: /home/krish/ros2_ws/install/lidar_processor_cpp/share/lidar_processor_cpp/local_setup.dsv
-- Symlinking: /home/krish/ros2_ws/install/lidar_processor_cpp/share/lidar_processor_cpp/package.dsv
-- Up-to-date symlink: /home/krish/ros2_ws/install/lidar_processor_cpp/share/ament_index/resource_index/packages/lidar_processor_cpp
-- Up-to-date symlink: /home/krish/ros2_ws/install/lidar_processor_cpp/share/lidar_processor_cpp/cmake/lidar_processor_cppConfig.cmake
-- Up-to-date symlink: /home/krish/ros2_ws/install/lidar_processor_cpp/share/lidar_processor_cpp/cmake/lidar_processor_cppConfig-version.cmake
-- Up-to-date symlink: /home/krish/ros2_ws/install/lidar_processor_cpp/share/lidar_processor_cpp/package.xml
