[0.226s] DEBUG:colcon:Command line arguments: ['/usr/bin/colcon', 'build']
[0.226s] DEBUG:colcon:Parsed command line arguments: Namespace(log_base=None, log_level=None, verb_name='build', build_base='build', install_base='install', merge_install=False, symlink_install=False, test_result_base=None, continue_on_error=False, executor='parallel', parallel_workers=6, event_handlers=None, ignore_user_meta=False, metas=['./colcon.meta'], base_paths=['.'], packages_ignore=None, packages_ignore_regex=None, paths=None, packages_up_to=None, packages_up_to_regex=None, packages_above=None, packages_above_and_dependencies=None, packages_above_depth=None, packages_select_by_dep=None, packages_skip_by_dep=None, packages_skip_up_to=None, packages_select_build_failed=False, packages_skip_build_finished=False, packages_select_test_failures=False, packages_skip_test_passed=False, packages_select=None, packages_skip=None, packages_select_regex=None, packages_skip_regex=None, packages_start=None, packages_end=None, allow_overriding=[], cmake_args=None, cmake_target=None, cmake_target_skip_unavailable=False, cmake_clean_cache=False, cmake_clean_first=False, cmake_force_configure=False, ament_cmake_args=None, catkin_cmake_args=None, catkin_skip_building_tests=False, verb_parser=<colcon_defaults.argument_parser.defaults.DefaultArgumentsDecorator object at 0xffff9d2ae110>, verb_extension=<colcon_core.verb.build.BuildVerb object at 0xffff9d4675e0>, main=<bound method BuildVerb.main of <colcon_core.verb.build.BuildVerb object at 0xffff9d4675e0>>)
[0.605s] Level 1:colcon.colcon_core.package_discovery:discover_packages(colcon_meta) check parameters
[0.605s] Level 1:colcon.colcon_core.package_discovery:discover_packages(recursive) check parameters
[0.605s] Level 1:colcon.colcon_core.package_discovery:discover_packages(ignore) check parameters
[0.605s] Level 1:colcon.colcon_core.package_discovery:discover_packages(path) check parameters
[0.606s] Level 1:colcon.colcon_core.package_discovery:discover_packages(colcon_meta) discover
[0.606s] Level 1:colcon.colcon_core.package_discovery:discover_packages(recursive) discover
[0.606s] INFO:colcon.colcon_core.package_discovery:Crawling recursively for packages in '/home/krish/ros2_ws'
[0.606s] Level 1:colcon.colcon_core.package_identification:_identify(.) by extensions ['ignore', 'ignore_ament_install']
[0.606s] Level 1:colcon.colcon_core.package_identification:_identify(.) by extension 'ignore'
[0.606s] Level 1:colcon.colcon_core.package_identification:_identify(.) by extension 'ignore_ament_install'
[0.607s] Level 1:colcon.colcon_core.package_identification:_identify(.) by extensions ['colcon_pkg']
[0.607s] Level 1:colcon.colcon_core.package_identification:_identify(.) by extension 'colcon_pkg'
[0.607s] Level 1:colcon.colcon_core.package_identification:_identify(.) by extensions ['colcon_meta']
[0.607s] Level 1:colcon.colcon_core.package_identification:_identify(.) by extension 'colcon_meta'
[0.607s] Level 1:colcon.colcon_core.package_identification:_identify(.) by extensions ['ros']
[0.607s] Level 1:colcon.colcon_core.package_identification:_identify(.) by extension 'ros'
[0.640s] Level 1:colcon.colcon_core.package_identification:_identify(.) by extensions ['cmake', 'python']
[0.640s] Level 1:colcon.colcon_core.package_identification:_identify(.) by extension 'cmake'
[0.640s] Level 1:colcon.colcon_core.package_identification:_identify(.) by extension 'python'
[0.640s] Level 1:colcon.colcon_core.package_identification:_identify(.) by extensions ['python_setup_py']
[0.640s] Level 1:colcon.colcon_core.package_identification:_identify(.) by extension 'python_setup_py'
[0.641s] Level 1:colcon.colcon_core.package_identification:_identify(build) by extensions ['ignore', 'ignore_ament_install']
[0.641s] Level 1:colcon.colcon_core.package_identification:_identify(build) by extension 'ignore'
[0.641s] Level 1:colcon.colcon_core.package_identification:_identify(build) ignored
[0.641s] Level 1:colcon.colcon_core.package_identification:_identify(install) by extensions ['ignore', 'ignore_ament_install']
[0.642s] Level 1:colcon.colcon_core.package_identification:_identify(install) by extension 'ignore'
[0.642s] Level 1:colcon.colcon_core.package_identification:_identify(install) ignored
[0.642s] Level 1:colcon.colcon_core.package_identification:_identify(log) by extensions ['ignore', 'ignore_ament_install']
[0.643s] Level 1:colcon.colcon_core.package_identification:_identify(log) by extension 'ignore'
[0.643s] Level 1:colcon.colcon_core.package_identification:_identify(log) ignored
[0.643s] Level 1:colcon.colcon_core.package_identification:_identify(src) by extensions ['ignore', 'ignore_ament_install']
[0.644s] Level 1:colcon.colcon_core.package_identification:_identify(src) by extension 'ignore'
[0.644s] Level 1:colcon.colcon_core.package_identification:_identify(src) by extension 'ignore_ament_install'
[0.644s] Level 1:colcon.colcon_core.package_identification:_identify(src) by extensions ['colcon_pkg']
[0.644s] Level 1:colcon.colcon_core.package_identification:_identify(src) by extension 'colcon_pkg'
[0.644s] Level 1:colcon.colcon_core.package_identification:_identify(src) by extensions ['colcon_meta']
[0.644s] Level 1:colcon.colcon_core.package_identification:_identify(src) by extension 'colcon_meta'
[0.644s] Level 1:colcon.colcon_core.package_identification:_identify(src) by extensions ['ros']
[0.644s] Level 1:colcon.colcon_core.package_identification:_identify(src) by extension 'ros'
[0.645s] Level 1:colcon.colcon_core.package_identification:_identify(src) by extensions ['cmake', 'python']
[0.645s] Level 1:colcon.colcon_core.package_identification:_identify(src) by extension 'cmake'
[0.645s] Level 1:colcon.colcon_core.package_identification:_identify(src) by extension 'python'
[0.645s] Level 1:colcon.colcon_core.package_identification:_identify(src) by extensions ['python_setup_py']
[0.645s] Level 1:colcon.colcon_core.package_identification:_identify(src) by extension 'python_setup_py'
[0.645s] Level 1:colcon.colcon_core.package_identification:_identify(src/coco_detector) by extensions ['ignore', 'ignore_ament_install']
[0.645s] Level 1:colcon.colcon_core.package_identification:_identify(src/coco_detector) by extension 'ignore'
[0.645s] Level 1:colcon.colcon_core.package_identification:_identify(src/coco_detector) by extension 'ignore_ament_install'
[0.646s] Level 1:colcon.colcon_core.package_identification:_identify(src/coco_detector) by extensions ['colcon_pkg']
[0.646s] Level 1:colcon.colcon_core.package_identification:_identify(src/coco_detector) by extension 'colcon_pkg'
[0.646s] Level 1:colcon.colcon_core.package_identification:_identify(src/coco_detector) by extensions ['colcon_meta']
[0.646s] Level 1:colcon.colcon_core.package_identification:_identify(src/coco_detector) by extension 'colcon_meta'
[0.646s] Level 1:colcon.colcon_core.package_identification:_identify(src/coco_detector) by extensions ['ros']
[0.646s] Level 1:colcon.colcon_core.package_identification:_identify(src/coco_detector) by extension 'ros'
[0.653s] DEBUG:colcon.colcon_core.package_identification:Package 'src/coco_detector' with type 'ros.ament_python' and name 'coco_detector'
[0.653s] Level 1:colcon.colcon_core.package_identification:_identify(src/docker) by extensions ['ignore', 'ignore_ament_install']
[0.653s] Level 1:colcon.colcon_core.package_identification:_identify(src/docker) by extension 'ignore'
[0.653s] Level 1:colcon.colcon_core.package_identification:_identify(src/docker) by extension 'ignore_ament_install'
[0.653s] Level 1:colcon.colcon_core.package_identification:_identify(src/docker) by extensions ['colcon_pkg']
[0.654s] Level 1:colcon.colcon_core.package_identification:_identify(src/docker) by extension 'colcon_pkg'
[0.654s] Level 1:colcon.colcon_core.package_identification:_identify(src/docker) by extensions ['colcon_meta']
[0.654s] Level 1:colcon.colcon_core.package_identification:_identify(src/docker) by extension 'colcon_meta'
[0.654s] Level 1:colcon.colcon_core.package_identification:_identify(src/docker) by extensions ['ros']
[0.654s] Level 1:colcon.colcon_core.package_identification:_identify(src/docker) by extension 'ros'
[0.654s] Level 1:colcon.colcon_core.package_identification:_identify(src/docker) by extensions ['cmake', 'python']
[0.654s] Level 1:colcon.colcon_core.package_identification:_identify(src/docker) by extension 'cmake'
[0.654s] Level 1:colcon.colcon_core.package_identification:_identify(src/docker) by extension 'python'
[0.654s] Level 1:colcon.colcon_core.package_identification:_identify(src/docker) by extensions ['python_setup_py']
[0.654s] Level 1:colcon.colcon_core.package_identification:_identify(src/docker) by extension 'python_setup_py'
[0.655s] Level 1:colcon.colcon_core.package_identification:_identify(src/go2_interfaces) by extensions ['ignore', 'ignore_ament_install']
[0.655s] Level 1:colcon.colcon_core.package_identification:_identify(src/go2_interfaces) by extension 'ignore'
[0.655s] Level 1:colcon.colcon_core.package_identification:_identify(src/go2_interfaces) by extension 'ignore_ament_install'
[0.655s] Level 1:colcon.colcon_core.package_identification:_identify(src/go2_interfaces) by extensions ['colcon_pkg']
[0.655s] Level 1:colcon.colcon_core.package_identification:_identify(src/go2_interfaces) by extension 'colcon_pkg'
[0.655s] Level 1:colcon.colcon_core.package_identification:_identify(src/go2_interfaces) by extensions ['colcon_meta']
[0.655s] Level 1:colcon.colcon_core.package_identification:_identify(src/go2_interfaces) by extension 'colcon_meta'
[0.655s] Level 1:colcon.colcon_core.package_identification:_identify(src/go2_interfaces) by extensions ['ros']
[0.655s] Level 1:colcon.colcon_core.package_identification:_identify(src/go2_interfaces) by extension 'ros'
[0.657s] DEBUG:colcon.colcon_core.package_identification:Package 'src/go2_interfaces' with type 'ros.ament_cmake' and name 'go2_interfaces'
[0.657s] Level 1:colcon.colcon_core.package_identification:_identify(src/go2_robot_sdk) by extensions ['ignore', 'ignore_ament_install']
[0.657s] Level 1:colcon.colcon_core.package_identification:_identify(src/go2_robot_sdk) by extension 'ignore'
[0.658s] Level 1:colcon.colcon_core.package_identification:_identify(src/go2_robot_sdk) by extension 'ignore_ament_install'
[0.658s] Level 1:colcon.colcon_core.package_identification:_identify(src/go2_robot_sdk) by extensions ['colcon_pkg']
[0.658s] Level 1:colcon.colcon_core.package_identification:_identify(src/go2_robot_sdk) by extension 'colcon_pkg'
[0.658s] Level 1:colcon.colcon_core.package_identification:_identify(src/go2_robot_sdk) by extensions ['colcon_meta']
[0.658s] Level 1:colcon.colcon_core.package_identification:_identify(src/go2_robot_sdk) by extension 'colcon_meta'
[0.658s] Level 1:colcon.colcon_core.package_identification:_identify(src/go2_robot_sdk) by extensions ['ros']
[0.658s] Level 1:colcon.colcon_core.package_identification:_identify(src/go2_robot_sdk) by extension 'ros'
[0.660s] DEBUG:colcon.colcon_core.package_identification:Package 'src/go2_robot_sdk' with type 'ros.ament_python' and name 'go2_robot_sdk'
[0.660s] Level 1:colcon.colcon_core.package_identification:_identify(src/lidar_processor) by extensions ['ignore', 'ignore_ament_install']
[0.661s] Level 1:colcon.colcon_core.package_identification:_identify(src/lidar_processor) by extension 'ignore'
[0.661s] Level 1:colcon.colcon_core.package_identification:_identify(src/lidar_processor) by extension 'ignore_ament_install'
[0.661s] Level 1:colcon.colcon_core.package_identification:_identify(src/lidar_processor) by extensions ['colcon_pkg']
[0.661s] Level 1:colcon.colcon_core.package_identification:_identify(src/lidar_processor) by extension 'colcon_pkg'
[0.661s] Level 1:colcon.colcon_core.package_identification:_identify(src/lidar_processor) by extensions ['colcon_meta']
[0.661s] Level 1:colcon.colcon_core.package_identification:_identify(src/lidar_processor) by extension 'colcon_meta'
[0.661s] Level 1:colcon.colcon_core.package_identification:_identify(src/lidar_processor) by extensions ['ros']
[0.661s] Level 1:colcon.colcon_core.package_identification:_identify(src/lidar_processor) by extension 'ros'
[0.663s] DEBUG:colcon.colcon_core.package_identification:Package 'src/lidar_processor' with type 'ros.ament_python' and name 'lidar_processor'
[0.663s] Level 1:colcon.colcon_core.package_identification:_identify(src/lidar_processor_cpp) by extensions ['ignore', 'ignore_ament_install']
[0.663s] Level 1:colcon.colcon_core.package_identification:_identify(src/lidar_processor_cpp) by extension 'ignore'
[0.663s] Level 1:colcon.colcon_core.package_identification:_identify(src/lidar_processor_cpp) by extension 'ignore_ament_install'
[0.663s] Level 1:colcon.colcon_core.package_identification:_identify(src/lidar_processor_cpp) by extensions ['colcon_pkg']
[0.663s] Level 1:colcon.colcon_core.package_identification:_identify(src/lidar_processor_cpp) by extension 'colcon_pkg'
[0.664s] Level 1:colcon.colcon_core.package_identification:_identify(src/lidar_processor_cpp) by extensions ['colcon_meta']
[0.664s] Level 1:colcon.colcon_core.package_identification:_identify(src/lidar_processor_cpp) by extension 'colcon_meta'
[0.664s] Level 1:colcon.colcon_core.package_identification:_identify(src/lidar_processor_cpp) by extensions ['ros']
[0.664s] Level 1:colcon.colcon_core.package_identification:_identify(src/lidar_processor_cpp) by extension 'ros'
[0.666s] DEBUG:colcon.colcon_core.package_identification:Package 'src/lidar_processor_cpp' with type 'ros.ament_cmake' and name 'lidar_processor_cpp'
[0.666s] Level 1:colcon.colcon_core.package_identification:_identify(src/obstacle_avoidance) by extensions ['ignore', 'ignore_ament_install']
[0.666s] Level 1:colcon.colcon_core.package_identification:_identify(src/obstacle_avoidance) by extension 'ignore'
[0.666s] Level 1:colcon.colcon_core.package_identification:_identify(src/obstacle_avoidance) by extension 'ignore_ament_install'
[0.667s] Level 1:colcon.colcon_core.package_identification:_identify(src/obstacle_avoidance) by extensions ['colcon_pkg']
[0.667s] Level 1:colcon.colcon_core.package_identification:_identify(src/obstacle_avoidance) by extension 'colcon_pkg'
[0.667s] Level 1:colcon.colcon_core.package_identification:_identify(src/obstacle_avoidance) by extensions ['colcon_meta']
[0.667s] Level 1:colcon.colcon_core.package_identification:_identify(src/obstacle_avoidance) by extension 'colcon_meta'
[0.667s] Level 1:colcon.colcon_core.package_identification:_identify(src/obstacle_avoidance) by extensions ['ros']
[0.667s] Level 1:colcon.colcon_core.package_identification:_identify(src/obstacle_avoidance) by extension 'ros'
[0.668s] DEBUG:colcon.colcon_core.package_identification:Package 'src/obstacle_avoidance' with type 'ros.ament_python' and name 'obstacle_avoidance'
[0.668s] Level 1:colcon.colcon_core.package_identification:_identify(src/speech_processor) by extensions ['ignore', 'ignore_ament_install']
[0.669s] Level 1:colcon.colcon_core.package_identification:_identify(src/speech_processor) by extension 'ignore'
[0.669s] Level 1:colcon.colcon_core.package_identification:_identify(src/speech_processor) by extension 'ignore_ament_install'
[0.669s] Level 1:colcon.colcon_core.package_identification:_identify(src/speech_processor) by extensions ['colcon_pkg']
[0.669s] Level 1:colcon.colcon_core.package_identification:_identify(src/speech_processor) by extension 'colcon_pkg'
[0.669s] Level 1:colcon.colcon_core.package_identification:_identify(src/speech_processor) by extensions ['colcon_meta']
[0.669s] Level 1:colcon.colcon_core.package_identification:_identify(src/speech_processor) by extension 'colcon_meta'
[0.669s] Level 1:colcon.colcon_core.package_identification:_identify(src/speech_processor) by extensions ['ros']
[0.669s] Level 1:colcon.colcon_core.package_identification:_identify(src/speech_processor) by extension 'ros'
[0.671s] DEBUG:colcon.colcon_core.package_identification:Package 'src/speech_processor' with type 'ros.ament_python' and name 'speech_processor'
[0.671s] Level 1:colcon.colcon_core.package_identification:_identify(tts_cache) by extensions ['ignore', 'ignore_ament_install']
[0.671s] Level 1:colcon.colcon_core.package_identification:_identify(tts_cache) by extension 'ignore'
[0.671s] Level 1:colcon.colcon_core.package_identification:_identify(tts_cache) by extension 'ignore_ament_install'
[0.671s] Level 1:colcon.colcon_core.package_identification:_identify(tts_cache) by extensions ['colcon_pkg']
[0.671s] Level 1:colcon.colcon_core.package_identification:_identify(tts_cache) by extension 'colcon_pkg'
[0.671s] Level 1:colcon.colcon_core.package_identification:_identify(tts_cache) by extensions ['colcon_meta']
[0.671s] Level 1:colcon.colcon_core.package_identification:_identify(tts_cache) by extension 'colcon_meta'
[0.671s] Level 1:colcon.colcon_core.package_identification:_identify(tts_cache) by extensions ['ros']
[0.671s] Level 1:colcon.colcon_core.package_identification:_identify(tts_cache) by extension 'ros'
[0.672s] Level 1:colcon.colcon_core.package_identification:_identify(tts_cache) by extensions ['cmake', 'python']
[0.672s] Level 1:colcon.colcon_core.package_identification:_identify(tts_cache) by extension 'cmake'
[0.672s] Level 1:colcon.colcon_core.package_identification:_identify(tts_cache) by extension 'python'
[0.672s] Level 1:colcon.colcon_core.package_identification:_identify(tts_cache) by extensions ['python_setup_py']
[0.672s] Level 1:colcon.colcon_core.package_identification:_identify(tts_cache) by extension 'python_setup_py'
[0.672s] Level 1:colcon.colcon_core.package_discovery:discover_packages(recursive) using defaults
[0.672s] Level 1:colcon.colcon_core.package_discovery:discover_packages(ignore) discover
[0.672s] Level 1:colcon.colcon_core.package_discovery:discover_packages(ignore) using defaults
[0.672s] Level 1:colcon.colcon_core.package_discovery:discover_packages(path) discover
[0.672s] Level 1:colcon.colcon_core.package_discovery:discover_packages(path) using defaults
[0.753s] Level 1:colcon.colcon_core.package_discovery:discover_packages(prefix_path) check parameters
[0.754s] Level 1:colcon.colcon_core.package_discovery:discover_packages(prefix_path) discover
[0.758s] DEBUG:colcon.colcon_installed_package_information.package_discovery:Found 7 installed packages in /home/krish/ros2_ws/install
[0.761s] DEBUG:colcon.colcon_installed_package_information.package_discovery:Found 330 installed packages in /opt/ros/humble
[0.763s] Level 1:colcon.colcon_core.package_discovery:discover_packages(prefix_path) using defaults
[0.842s] Level 5:colcon.colcon_core.verb:set package 'coco_detector' build argument 'cmake_args' from command line to 'None'
[0.843s] Level 5:colcon.colcon_core.verb:set package 'coco_detector' build argument 'cmake_target' from command line to 'None'
[0.843s] Level 5:colcon.colcon_core.verb:set package 'coco_detector' build argument 'cmake_target_skip_unavailable' from command line to 'False'
[0.843s] Level 5:colcon.colcon_core.verb:set package 'coco_detector' build argument 'cmake_clean_cache' from command line to 'False'
[0.843s] Level 5:colcon.colcon_core.verb:set package 'coco_detector' build argument 'cmake_clean_first' from command line to 'False'
[0.843s] Level 5:colcon.colcon_core.verb:set package 'coco_detector' build argument 'cmake_force_configure' from command line to 'False'
[0.843s] Level 5:colcon.colcon_core.verb:set package 'coco_detector' build argument 'ament_cmake_args' from command line to 'None'
[0.843s] Level 5:colcon.colcon_core.verb:set package 'coco_detector' build argument 'catkin_cmake_args' from command line to 'None'
[0.843s] Level 5:colcon.colcon_core.verb:set package 'coco_detector' build argument 'catkin_skip_building_tests' from command line to 'False'
[0.843s] DEBUG:colcon.colcon_core.verb:Building package 'coco_detector' with the following arguments: {'ament_cmake_args': None, 'build_base': '/home/krish/ros2_ws/build/coco_detector', 'catkin_cmake_args': None, 'catkin_skip_building_tests': False, 'cmake_args': None, 'cmake_clean_cache': False, 'cmake_clean_first': False, 'cmake_force_configure': False, 'cmake_target': None, 'cmake_target_skip_unavailable': False, 'install_base': '/home/krish/ros2_ws/install/coco_detector', 'merge_install': False, 'path': '/home/krish/ros2_ws/src/coco_detector', 'symlink_install': False, 'test_result_base': None}
[0.844s] Level 5:colcon.colcon_core.verb:set package 'go2_interfaces' build argument 'cmake_args' from command line to 'None'
[0.844s] Level 5:colcon.colcon_core.verb:set package 'go2_interfaces' build argument 'cmake_target' from command line to 'None'
[0.844s] Level 5:colcon.colcon_core.verb:set package 'go2_interfaces' build argument 'cmake_target_skip_unavailable' from command line to 'False'
[0.844s] Level 5:colcon.colcon_core.verb:set package 'go2_interfaces' build argument 'cmake_clean_cache' from command line to 'False'
[0.844s] Level 5:colcon.colcon_core.verb:set package 'go2_interfaces' build argument 'cmake_clean_first' from command line to 'False'
[0.844s] Level 5:colcon.colcon_core.verb:set package 'go2_interfaces' build argument 'cmake_force_configure' from command line to 'False'
[0.844s] Level 5:colcon.colcon_core.verb:set package 'go2_interfaces' build argument 'ament_cmake_args' from command line to 'None'
[0.844s] Level 5:colcon.colcon_core.verb:set package 'go2_interfaces' build argument 'catkin_cmake_args' from command line to 'None'
[0.844s] Level 5:colcon.colcon_core.verb:set package 'go2_interfaces' build argument 'catkin_skip_building_tests' from command line to 'False'
[0.844s] DEBUG:colcon.colcon_core.verb:Building package 'go2_interfaces' with the following arguments: {'ament_cmake_args': None, 'build_base': '/home/krish/ros2_ws/build/go2_interfaces', 'catkin_cmake_args': None, 'catkin_skip_building_tests': False, 'cmake_args': None, 'cmake_clean_cache': False, 'cmake_clean_first': False, 'cmake_force_configure': False, 'cmake_target': None, 'cmake_target_skip_unavailable': False, 'install_base': '/home/krish/ros2_ws/install/go2_interfaces', 'merge_install': False, 'path': '/home/krish/ros2_ws/src/go2_interfaces', 'symlink_install': False, 'test_result_base': None}
[0.845s] Level 5:colcon.colcon_core.verb:set package 'lidar_processor' build argument 'cmake_args' from command line to 'None'
[0.845s] Level 5:colcon.colcon_core.verb:set package 'lidar_processor' build argument 'cmake_target' from command line to 'None'
[0.845s] Level 5:colcon.colcon_core.verb:set package 'lidar_processor' build argument 'cmake_target_skip_unavailable' from command line to 'False'
[0.845s] Level 5:colcon.colcon_core.verb:set package 'lidar_processor' build argument 'cmake_clean_cache' from command line to 'False'
[0.845s] Level 5:colcon.colcon_core.verb:set package 'lidar_processor' build argument 'cmake_clean_first' from command line to 'False'
[0.845s] Level 5:colcon.colcon_core.verb:set package 'lidar_processor' build argument 'cmake_force_configure' from command line to 'False'
[0.845s] Level 5:colcon.colcon_core.verb:set package 'lidar_processor' build argument 'ament_cmake_args' from command line to 'None'
[0.845s] Level 5:colcon.colcon_core.verb:set package 'lidar_processor' build argument 'catkin_cmake_args' from command line to 'None'
[0.845s] Level 5:colcon.colcon_core.verb:set package 'lidar_processor' build argument 'catkin_skip_building_tests' from command line to 'False'
[0.845s] DEBUG:colcon.colcon_core.verb:Building package 'lidar_processor' with the following arguments: {'ament_cmake_args': None, 'build_base': '/home/krish/ros2_ws/build/lidar_processor', 'catkin_cmake_args': None, 'catkin_skip_building_tests': False, 'cmake_args': None, 'cmake_clean_cache': False, 'cmake_clean_first': False, 'cmake_force_configure': False, 'cmake_target': None, 'cmake_target_skip_unavailable': False, 'install_base': '/home/krish/ros2_ws/install/lidar_processor', 'merge_install': False, 'path': '/home/krish/ros2_ws/src/lidar_processor', 'symlink_install': False, 'test_result_base': None}
[0.846s] Level 5:colcon.colcon_core.verb:set package 'lidar_processor_cpp' build argument 'cmake_args' from command line to 'None'
[0.846s] Level 5:colcon.colcon_core.verb:set package 'lidar_processor_cpp' build argument 'cmake_target' from command line to 'None'
[0.846s] Level 5:colcon.colcon_core.verb:set package 'lidar_processor_cpp' build argument 'cmake_target_skip_unavailable' from command line to 'False'
[0.846s] Level 5:colcon.colcon_core.verb:set package 'lidar_processor_cpp' build argument 'cmake_clean_cache' from command line to 'False'
[0.846s] Level 5:colcon.colcon_core.verb:set package 'lidar_processor_cpp' build argument 'cmake_clean_first' from command line to 'False'
[0.846s] Level 5:colcon.colcon_core.verb:set package 'lidar_processor_cpp' build argument 'cmake_force_configure' from command line to 'False'
[0.846s] Level 5:colcon.colcon_core.verb:set package 'lidar_processor_cpp' build argument 'ament_cmake_args' from command line to 'None'
[0.846s] Level 5:colcon.colcon_core.verb:set package 'lidar_processor_cpp' build argument 'catkin_cmake_args' from command line to 'None'
[0.846s] Level 5:colcon.colcon_core.verb:set package 'lidar_processor_cpp' build argument 'catkin_skip_building_tests' from command line to 'False'
[0.846s] DEBUG:colcon.colcon_core.verb:Building package 'lidar_processor_cpp' with the following arguments: {'ament_cmake_args': None, 'build_base': '/home/krish/ros2_ws/build/lidar_processor_cpp', 'catkin_cmake_args': None, 'catkin_skip_building_tests': False, 'cmake_args': None, 'cmake_clean_cache': False, 'cmake_clean_first': False, 'cmake_force_configure': False, 'cmake_target': None, 'cmake_target_skip_unavailable': False, 'install_base': '/home/krish/ros2_ws/install/lidar_processor_cpp', 'merge_install': False, 'path': '/home/krish/ros2_ws/src/lidar_processor_cpp', 'symlink_install': False, 'test_result_base': None}
[0.847s] Level 5:colcon.colcon_core.verb:set package 'obstacle_avoidance' build argument 'cmake_args' from command line to 'None'
[0.847s] Level 5:colcon.colcon_core.verb:set package 'obstacle_avoidance' build argument 'cmake_target' from command line to 'None'
[0.847s] Level 5:colcon.colcon_core.verb:set package 'obstacle_avoidance' build argument 'cmake_target_skip_unavailable' from command line to 'False'
[0.847s] Level 5:colcon.colcon_core.verb:set package 'obstacle_avoidance' build argument 'cmake_clean_cache' from command line to 'False'
[0.847s] Level 5:colcon.colcon_core.verb:set package 'obstacle_avoidance' build argument 'cmake_clean_first' from command line to 'False'
[0.847s] Level 5:colcon.colcon_core.verb:set package 'obstacle_avoidance' build argument 'cmake_force_configure' from command line to 'False'
[0.847s] Level 5:colcon.colcon_core.verb:set package 'obstacle_avoidance' build argument 'ament_cmake_args' from command line to 'None'
[0.847s] Level 5:colcon.colcon_core.verb:set package 'obstacle_avoidance' build argument 'catkin_cmake_args' from command line to 'None'
[0.847s] Level 5:colcon.colcon_core.verb:set package 'obstacle_avoidance' build argument 'catkin_skip_building_tests' from command line to 'False'
[0.847s] DEBUG:colcon.colcon_core.verb:Building package 'obstacle_avoidance' with the following arguments: {'ament_cmake_args': None, 'build_base': '/home/krish/ros2_ws/build/obstacle_avoidance', 'catkin_cmake_args': None, 'catkin_skip_building_tests': False, 'cmake_args': None, 'cmake_clean_cache': False, 'cmake_clean_first': False, 'cmake_force_configure': False, 'cmake_target': None, 'cmake_target_skip_unavailable': False, 'install_base': '/home/krish/ros2_ws/install/obstacle_avoidance', 'merge_install': False, 'path': '/home/krish/ros2_ws/src/obstacle_avoidance', 'symlink_install': False, 'test_result_base': None}
[0.848s] Level 5:colcon.colcon_core.verb:set package 'go2_robot_sdk' build argument 'cmake_args' from command line to 'None'
[0.848s] Level 5:colcon.colcon_core.verb:set package 'go2_robot_sdk' build argument 'cmake_target' from command line to 'None'
[0.848s] Level 5:colcon.colcon_core.verb:set package 'go2_robot_sdk' build argument 'cmake_target_skip_unavailable' from command line to 'False'
[0.848s] Level 5:colcon.colcon_core.verb:set package 'go2_robot_sdk' build argument 'cmake_clean_cache' from command line to 'False'
[0.848s] Level 5:colcon.colcon_core.verb:set package 'go2_robot_sdk' build argument 'cmake_clean_first' from command line to 'False'
[0.848s] Level 5:colcon.colcon_core.verb:set package 'go2_robot_sdk' build argument 'cmake_force_configure' from command line to 'False'
[0.848s] Level 5:colcon.colcon_core.verb:set package 'go2_robot_sdk' build argument 'ament_cmake_args' from command line to 'None'
[0.848s] Level 5:colcon.colcon_core.verb:set package 'go2_robot_sdk' build argument 'catkin_cmake_args' from command line to 'None'
[0.848s] Level 5:colcon.colcon_core.verb:set package 'go2_robot_sdk' build argument 'catkin_skip_building_tests' from command line to 'False'
[0.848s] DEBUG:colcon.colcon_core.verb:Building package 'go2_robot_sdk' with the following arguments: {'ament_cmake_args': None, 'build_base': '/home/krish/ros2_ws/build/go2_robot_sdk', 'catkin_cmake_args': None, 'catkin_skip_building_tests': False, 'cmake_args': None, 'cmake_clean_cache': False, 'cmake_clean_first': False, 'cmake_force_configure': False, 'cmake_target': None, 'cmake_target_skip_unavailable': False, 'install_base': '/home/krish/ros2_ws/install/go2_robot_sdk', 'merge_install': False, 'path': '/home/krish/ros2_ws/src/go2_robot_sdk', 'symlink_install': False, 'test_result_base': None}
[0.849s] Level 5:colcon.colcon_core.verb:set package 'speech_processor' build argument 'cmake_args' from command line to 'None'
[0.849s] Level 5:colcon.colcon_core.verb:set package 'speech_processor' build argument 'cmake_target' from command line to 'None'
[0.849s] Level 5:colcon.colcon_core.verb:set package 'speech_processor' build argument 'cmake_target_skip_unavailable' from command line to 'False'
[0.849s] Level 5:colcon.colcon_core.verb:set package 'speech_processor' build argument 'cmake_clean_cache' from command line to 'False'
[0.849s] Level 5:colcon.colcon_core.verb:set package 'speech_processor' build argument 'cmake_clean_first' from command line to 'False'
[0.849s] Level 5:colcon.colcon_core.verb:set package 'speech_processor' build argument 'cmake_force_configure' from command line to 'False'
[0.849s] Level 5:colcon.colcon_core.verb:set package 'speech_processor' build argument 'ament_cmake_args' from command line to 'None'
[0.849s] Level 5:colcon.colcon_core.verb:set package 'speech_processor' build argument 'catkin_cmake_args' from command line to 'None'
[0.849s] Level 5:colcon.colcon_core.verb:set package 'speech_processor' build argument 'catkin_skip_building_tests' from command line to 'False'
[0.849s] DEBUG:colcon.colcon_core.verb:Building package 'speech_processor' with the following arguments: {'ament_cmake_args': None, 'build_base': '/home/krish/ros2_ws/build/speech_processor', 'catkin_cmake_args': None, 'catkin_skip_building_tests': False, 'cmake_args': None, 'cmake_clean_cache': False, 'cmake_clean_first': False, 'cmake_force_configure': False, 'cmake_target': None, 'cmake_target_skip_unavailable': False, 'install_base': '/home/krish/ros2_ws/install/speech_processor', 'merge_install': False, 'path': '/home/krish/ros2_ws/src/speech_processor', 'symlink_install': False, 'test_result_base': None}
[0.849s] INFO:colcon.colcon_core.executor:Executing jobs using 'parallel' executor
[0.851s] DEBUG:colcon.colcon_parallel_executor.executor.parallel:run_until_complete
[0.852s] INFO:colcon.colcon_ros.task.ament_cmake.build:Building ROS package in '/home/krish/ros2_ws/src/go2_interfaces' with build type 'ament_cmake'
[0.852s] INFO:colcon.colcon_cmake.task.cmake.build:Building CMake package in '/home/krish/ros2_ws/src/go2_interfaces'
[0.858s] INFO:colcon.colcon_core.plugin_system:Skipping extension 'colcon_core.shell.bat': Not used on non-Windows systems
[0.858s] INFO:colcon.colcon_core.shell:Skip shell extension 'powershell' for command environment: Not usable outside of PowerShell
[0.858s] DEBUG:colcon.colcon_core.shell:Skip shell extension 'dsv' for command environment
[0.866s] INFO:colcon.colcon_ros.task.ament_python.build:Building ROS package in '/home/krish/ros2_ws/src/coco_detector' with build type 'ament_python'
[0.866s] Level 1:colcon.colcon_core.shell:create_environment_hook('coco_detector', 'ament_prefix_path')
[0.867s] INFO:colcon.colcon_core.shell:Creating environment hook '/home/krish/ros2_ws/install/coco_detector/share/coco_detector/hook/ament_prefix_path.ps1'
[0.869s] INFO:colcon.colcon_core.shell:Creating environment descriptor '/home/krish/ros2_ws/install/coco_detector/share/coco_detector/hook/ament_prefix_path.dsv'
[0.870s] INFO:colcon.colcon_core.shell:Creating environment hook '/home/krish/ros2_ws/install/coco_detector/share/coco_detector/hook/ament_prefix_path.sh'
[0.872s] INFO:colcon.colcon_core.shell:Skip shell extension 'powershell' for command environment: Not usable outside of PowerShell
[0.872s] DEBUG:colcon.colcon_core.shell:Skip shell extension 'dsv' for command environment
[0.878s] INFO:colcon.colcon_ros.task.ament_python.build:Building ROS package in '/home/krish/ros2_ws/src/lidar_processor' with build type 'ament_python'
[0.879s] Level 1:colcon.colcon_core.shell:create_environment_hook('lidar_processor', 'ament_prefix_path')
[0.879s] INFO:colcon.colcon_core.shell:Creating environment hook '/home/krish/ros2_ws/install/lidar_processor/share/lidar_processor/hook/ament_prefix_path.ps1'
[0.880s] INFO:colcon.colcon_core.shell:Creating environment descriptor '/home/krish/ros2_ws/install/lidar_processor/share/lidar_processor/hook/ament_prefix_path.dsv'
[0.881s] INFO:colcon.colcon_core.shell:Creating environment hook '/home/krish/ros2_ws/install/lidar_processor/share/lidar_processor/hook/ament_prefix_path.sh'
[0.882s] INFO:colcon.colcon_core.shell:Skip shell extension 'powershell' for command environment: Not usable outside of PowerShell
[0.882s] DEBUG:colcon.colcon_core.shell:Skip shell extension 'dsv' for command environment
[0.888s] INFO:colcon.colcon_ros.task.ament_cmake.build:Building ROS package in '/home/krish/ros2_ws/src/lidar_processor_cpp' with build type 'ament_cmake'
[0.889s] INFO:colcon.colcon_cmake.task.cmake.build:Building CMake package in '/home/krish/ros2_ws/src/lidar_processor_cpp'
[0.889s] INFO:colcon.colcon_core.shell:Skip shell extension 'powershell' for command environment: Not usable outside of PowerShell
[0.890s] DEBUG:colcon.colcon_core.shell:Skip shell extension 'dsv' for command environment
[0.897s] INFO:colcon.colcon_ros.task.ament_python.build:Building ROS package in '/home/krish/ros2_ws/src/obstacle_avoidance' with build type 'ament_python'
[0.898s] Level 1:colcon.colcon_core.shell:create_environment_hook('obstacle_avoidance', 'ament_prefix_path')
[0.898s] INFO:colcon.colcon_core.shell:Creating environment hook '/home/krish/ros2_ws/install/obstacle_avoidance/share/obstacle_avoidance/hook/ament_prefix_path.ps1'
[0.900s] INFO:colcon.colcon_core.shell:Creating environment descriptor '/home/krish/ros2_ws/install/obstacle_avoidance/share/obstacle_avoidance/hook/ament_prefix_path.dsv'
[0.901s] INFO:colcon.colcon_core.shell:Creating environment hook '/home/krish/ros2_ws/install/obstacle_avoidance/share/obstacle_avoidance/hook/ament_prefix_path.sh'
[0.902s] INFO:colcon.colcon_core.shell:Skip shell extension 'powershell' for command environment: Not usable outside of PowerShell
[0.902s] DEBUG:colcon.colcon_core.shell:Skip shell extension 'dsv' for command environment
[0.927s] DEBUG:colcon.colcon_core.event_handler.log_command:Invoking command in '/home/krish/ros2_ws/build/go2_interfaces': CMAKE_PREFIX_PATH=${CMAKE_PREFIX_PATH}:/home/krish/ros2_ws/install/obstacle_avoidance:/home/krish/ros2_ws/install/speech_processor:/home/krish/ros2_ws/install/lidar_processor:/home/krish/ros2_ws/install/go2_robot_sdk:/home/krish/ros2_ws/install/coco_detector:/opt/ros/humble /usr/local/bin/cmake --build /home/krish/ros2_ws/build/go2_interfaces -- -j6 -l6
[1.587s] INFO:colcon.colcon_core.task.python.build:Building Python package in '/home/krish/ros2_ws/src/coco_detector'
[1.587s] INFO:colcon.colcon_core.shell:Skip shell extension 'powershell' for command environment: Not usable outside of PowerShell
[1.587s] DEBUG:colcon.colcon_core.shell:Skip shell extension 'dsv' for command environment
[2.181s] INFO:colcon.colcon_core.task.python.build:Building Python package in '/home/krish/ros2_ws/src/lidar_processor'
[2.182s] INFO:colcon.colcon_core.shell:Skip shell extension 'powershell' for command environment: Not usable outside of PowerShell
[2.182s] DEBUG:colcon.colcon_core.shell:Skip shell extension 'dsv' for command environment
[2.196s] DEBUG:colcon.colcon_core.event_handler.log_command:Invoking command in '/home/krish/ros2_ws/build/lidar_processor_cpp': CMAKE_PREFIX_PATH=${CMAKE_PREFIX_PATH}:/home/krish/ros2_ws/install/obstacle_avoidance:/home/krish/ros2_ws/install/speech_processor:/home/krish/ros2_ws/install/lidar_processor:/home/krish/ros2_ws/install/go2_robot_sdk:/home/krish/ros2_ws/install/coco_detector:/opt/ros/humble /usr/local/bin/cmake --build /home/krish/ros2_ws/build/lidar_processor_cpp -- -j6 -l6
[2.798s] INFO:colcon.colcon_core.task.python.build:Building Python package in '/home/krish/ros2_ws/src/obstacle_avoidance'
[2.799s] INFO:colcon.colcon_core.shell:Skip shell extension 'powershell' for command environment: Not usable outside of PowerShell
[2.799s] DEBUG:colcon.colcon_core.shell:Skip shell extension 'dsv' for command environment
[2.808s] DEBUG:colcon.colcon_core.event_handler.log_command:Invoked command in '/home/krish/ros2_ws/build/go2_interfaces' returned '0': CMAKE_PREFIX_PATH=${CMAKE_PREFIX_PATH}:/home/krish/ros2_ws/install/obstacle_avoidance:/home/krish/ros2_ws/install/speech_processor:/home/krish/ros2_ws/install/lidar_processor:/home/krish/ros2_ws/install/go2_robot_sdk:/home/krish/ros2_ws/install/coco_detector:/opt/ros/humble /usr/local/bin/cmake --build /home/krish/ros2_ws/build/go2_interfaces -- -j6 -l6
[2.819s] DEBUG:colcon.colcon_core.event_handler.log_command:Invoking command in '/home/krish/ros2_ws/build/go2_interfaces': CMAKE_PREFIX_PATH=${CMAKE_PREFIX_PATH}:/home/krish/ros2_ws/install/obstacle_avoidance:/home/krish/ros2_ws/install/speech_processor:/home/krish/ros2_ws/install/lidar_processor:/home/krish/ros2_ws/install/go2_robot_sdk:/home/krish/ros2_ws/install/coco_detector:/opt/ros/humble /usr/local/bin/cmake --install /home/krish/ros2_ws/build/go2_interfaces
[2.838s] DEBUG:colcon.colcon_core.event_handler.log_command:Invoked command in '/home/krish/ros2_ws/build/lidar_processor_cpp' returned '0': CMAKE_PREFIX_PATH=${CMAKE_PREFIX_PATH}:/home/krish/ros2_ws/install/obstacle_avoidance:/home/krish/ros2_ws/install/speech_processor:/home/krish/ros2_ws/install/lidar_processor:/home/krish/ros2_ws/install/go2_robot_sdk:/home/krish/ros2_ws/install/coco_detector:/opt/ros/humble /usr/local/bin/cmake --build /home/krish/ros2_ws/build/lidar_processor_cpp -- -j6 -l6
[2.841s] DEBUG:colcon.colcon_core.event_handler.log_command:Invoking command in '/home/krish/ros2_ws/build/lidar_processor_cpp': CMAKE_PREFIX_PATH=${CMAKE_PREFIX_PATH}:/home/krish/ros2_ws/install/obstacle_avoidance:/home/krish/ros2_ws/install/speech_processor:/home/krish/ros2_ws/install/lidar_processor:/home/krish/ros2_ws/install/go2_robot_sdk:/home/krish/ros2_ws/install/coco_detector:/opt/ros/humble /usr/local/bin/cmake --install /home/krish/ros2_ws/build/lidar_processor_cpp
[2.903s] Level 1:colcon.colcon_core.environment:create_environment_scripts_only(lidar_processor_cpp)
[2.924s] Level 1:colcon.colcon_core.environment:checking '/home/krish/ros2_ws/install/lidar_processor_cpp' for CMake module files
[2.928s] Level 1:colcon.colcon_core.environment:checking '/home/krish/ros2_ws/install/lidar_processor_cpp' for CMake config files
[2.931s] Level 1:colcon.colcon_core.shell:create_environment_hook('lidar_processor_cpp', 'cmake_prefix_path')
[2.932s] INFO:colcon.colcon_core.shell:Creating environment hook '/home/krish/ros2_ws/install/lidar_processor_cpp/share/lidar_processor_cpp/hook/cmake_prefix_path.ps1'
[2.936s] DEBUG:colcon.colcon_core.event_handler.log_command:Invoked command in '/home/krish/ros2_ws/build/lidar_processor_cpp' returned '0': CMAKE_PREFIX_PATH=${CMAKE_PREFIX_PATH}:/home/krish/ros2_ws/install/obstacle_avoidance:/home/krish/ros2_ws/install/speech_processor:/home/krish/ros2_ws/install/lidar_processor:/home/krish/ros2_ws/install/go2_robot_sdk:/home/krish/ros2_ws/install/coco_detector:/opt/ros/humble /usr/local/bin/cmake --install /home/krish/ros2_ws/build/lidar_processor_cpp
[2.938s] INFO:colcon.colcon_core.shell:Creating environment descriptor '/home/krish/ros2_ws/install/lidar_processor_cpp/share/lidar_processor_cpp/hook/cmake_prefix_path.dsv'
[2.941s] INFO:colcon.colcon_core.shell:Creating environment hook '/home/krish/ros2_ws/install/lidar_processor_cpp/share/lidar_processor_cpp/hook/cmake_prefix_path.sh'
[2.945s] Level 1:colcon.colcon_core.environment:checking '/home/krish/ros2_ws/install/lidar_processor_cpp/lib'
[2.947s] Level 1:colcon.colcon_core.environment:checking '/home/krish/ros2_ws/install/lidar_processor_cpp/bin'
[2.947s] Level 1:colcon.colcon_core.environment:checking '/home/krish/ros2_ws/install/lidar_processor_cpp/lib/pkgconfig/lidar_processor_cpp.pc'
[2.948s] Level 1:colcon.colcon_core.environment:checking '/home/krish/ros2_ws/install/lidar_processor_cpp/lib/python3.10/site-packages'
[2.950s] Level 1:colcon.colcon_core.environment:checking '/home/krish/ros2_ws/install/lidar_processor_cpp/bin'
[2.952s] INFO:colcon.colcon_core.shell:Creating package script '/home/krish/ros2_ws/install/lidar_processor_cpp/share/lidar_processor_cpp/package.ps1'
[2.958s] INFO:colcon.colcon_core.shell:Creating package descriptor '/home/krish/ros2_ws/install/lidar_processor_cpp/share/lidar_processor_cpp/package.dsv'
[2.961s] INFO:colcon.colcon_core.shell:Creating package script '/home/krish/ros2_ws/install/lidar_processor_cpp/share/lidar_processor_cpp/package.sh'
[2.966s] INFO:colcon.colcon_core.shell:Creating package script '/home/krish/ros2_ws/install/lidar_processor_cpp/share/lidar_processor_cpp/package.bash'
[2.971s] INFO:colcon.colcon_core.shell:Creating package script '/home/krish/ros2_ws/install/lidar_processor_cpp/share/lidar_processor_cpp/package.zsh'
[2.976s] Level 1:colcon.colcon_core.environment:create_file_with_runtime_dependencies(/home/krish/ros2_ws/install/lidar_processor_cpp/share/colcon-core/packages/lidar_processor_cpp)
[2.979s] Level 1:colcon.colcon_core.environment:create_environment_scripts_only(lidar_processor_cpp)
[2.980s] Level 1:colcon.colcon_core.environment:checking '/home/krish/ros2_ws/install/lidar_processor_cpp' for CMake module files
[2.983s] Level 1:colcon.colcon_core.environment:checking '/home/krish/ros2_ws/install/lidar_processor_cpp' for CMake config files
[2.987s] Level 1:colcon.colcon_core.shell:create_environment_hook('lidar_processor_cpp', 'cmake_prefix_path')
[2.987s] INFO:colcon.colcon_core.shell:Creating environment hook '/home/krish/ros2_ws/install/lidar_processor_cpp/share/lidar_processor_cpp/hook/cmake_prefix_path.ps1'
[2.992s] INFO:colcon.colcon_core.shell:Creating environment descriptor '/home/krish/ros2_ws/install/lidar_processor_cpp/share/lidar_processor_cpp/hook/cmake_prefix_path.dsv'
[2.994s] INFO:colcon.colcon_core.shell:Creating environment hook '/home/krish/ros2_ws/install/lidar_processor_cpp/share/lidar_processor_cpp/hook/cmake_prefix_path.sh'
[2.999s] Level 1:colcon.colcon_core.environment:checking '/home/krish/ros2_ws/install/lidar_processor_cpp/lib'
[2.999s] Level 1:colcon.colcon_core.environment:checking '/home/krish/ros2_ws/install/lidar_processor_cpp/bin'
[3.000s] Level 1:colcon.colcon_core.environment:checking '/home/krish/ros2_ws/install/lidar_processor_cpp/lib/pkgconfig/lidar_processor_cpp.pc'
[3.000s] Level 1:colcon.colcon_core.environment:checking '/home/krish/ros2_ws/install/lidar_processor_cpp/lib/python3.10/site-packages'
[3.001s] Level 1:colcon.colcon_core.environment:checking '/home/krish/ros2_ws/install/lidar_processor_cpp/bin'
[3.005s] INFO:colcon.colcon_core.shell:Creating package script '/home/krish/ros2_ws/install/lidar_processor_cpp/share/lidar_processor_cpp/package.ps1'
[3.008s] INFO:colcon.colcon_core.shell:Creating package descriptor '/home/krish/ros2_ws/install/lidar_processor_cpp/share/lidar_processor_cpp/package.dsv'
[3.011s] INFO:colcon.colcon_core.shell:Creating package script '/home/krish/ros2_ws/install/lidar_processor_cpp/share/lidar_processor_cpp/package.sh'
[3.013s] INFO:colcon.colcon_core.shell:Creating package script '/home/krish/ros2_ws/install/lidar_processor_cpp/share/lidar_processor_cpp/package.bash'
[3.017s] INFO:colcon.colcon_core.shell:Creating package script '/home/krish/ros2_ws/install/lidar_processor_cpp/share/lidar_processor_cpp/package.zsh'
[3.020s] Level 1:colcon.colcon_core.environment:create_file_with_runtime_dependencies(/home/krish/ros2_ws/install/lidar_processor_cpp/share/colcon-core/packages/lidar_processor_cpp)
[3.221s] Level 1:colcon.colcon_core.environment:create_environment_scripts_only(go2_interfaces)
[3.222s] Level 1:colcon.colcon_core.environment:checking '/home/krish/ros2_ws/install/go2_interfaces' for CMake module files
[3.224s] Level 1:colcon.colcon_core.environment:checking '/home/krish/ros2_ws/install/go2_interfaces' for CMake config files
[3.225s] Level 1:colcon.colcon_core.shell:create_environment_hook('go2_interfaces', 'cmake_prefix_path')
[3.226s] INFO:colcon.colcon_core.shell:Creating environment hook '/home/krish/ros2_ws/install/go2_interfaces/share/go2_interfaces/hook/cmake_prefix_path.ps1'
[3.228s] DEBUG:colcon.colcon_core.event_handler.log_command:Invoked command in '/home/krish/ros2_ws/build/go2_interfaces' returned '0': CMAKE_PREFIX_PATH=${CMAKE_PREFIX_PATH}:/home/krish/ros2_ws/install/obstacle_avoidance:/home/krish/ros2_ws/install/speech_processor:/home/krish/ros2_ws/install/lidar_processor:/home/krish/ros2_ws/install/go2_robot_sdk:/home/krish/ros2_ws/install/coco_detector:/opt/ros/humble /usr/local/bin/cmake --install /home/krish/ros2_ws/build/go2_interfaces
[3.228s] INFO:colcon.colcon_core.shell:Creating environment descriptor '/home/krish/ros2_ws/install/go2_interfaces/share/go2_interfaces/hook/cmake_prefix_path.dsv'
[3.230s] INFO:colcon.colcon_core.shell:Creating environment hook '/home/krish/ros2_ws/install/go2_interfaces/share/go2_interfaces/hook/cmake_prefix_path.sh'
[3.232s] Level 1:colcon.colcon_core.environment:checking '/home/krish/ros2_ws/install/go2_interfaces/lib'
[3.232s] Level 1:colcon.colcon_core.shell:create_environment_hook('go2_interfaces', 'ld_library_path_lib')
[3.233s] INFO:colcon.colcon_core.shell:Creating environment hook '/home/krish/ros2_ws/install/go2_interfaces/share/go2_interfaces/hook/ld_library_path_lib.ps1'
[3.234s] INFO:colcon.colcon_core.shell:Creating environment descriptor '/home/krish/ros2_ws/install/go2_interfaces/share/go2_interfaces/hook/ld_library_path_lib.dsv'
[3.235s] INFO:colcon.colcon_core.shell:Creating environment hook '/home/krish/ros2_ws/install/go2_interfaces/share/go2_interfaces/hook/ld_library_path_lib.sh'
[3.236s] Level 1:colcon.colcon_core.environment:checking '/home/krish/ros2_ws/install/go2_interfaces/bin'
[3.237s] Level 1:colcon.colcon_core.environment:checking '/home/krish/ros2_ws/install/go2_interfaces/lib/pkgconfig/go2_interfaces.pc'
[3.237s] Level 1:colcon.colcon_core.environment:checking '/home/krish/ros2_ws/install/go2_interfaces/lib/python3.10/site-packages'
[3.238s] Level 1:colcon.colcon_core.environment:checking '/home/krish/ros2_ws/install/go2_interfaces/bin'
[3.239s] INFO:colcon.colcon_core.shell:Creating package script '/home/krish/ros2_ws/install/go2_interfaces/share/go2_interfaces/package.ps1'
[3.241s] INFO:colcon.colcon_core.shell:Creating package descriptor '/home/krish/ros2_ws/install/go2_interfaces/share/go2_interfaces/package.dsv'
[3.242s] INFO:colcon.colcon_core.shell:Creating package script '/home/krish/ros2_ws/install/go2_interfaces/share/go2_interfaces/package.sh'
[3.243s] INFO:colcon.colcon_core.shell:Creating package script '/home/krish/ros2_ws/install/go2_interfaces/share/go2_interfaces/package.bash'
[3.244s] INFO:colcon.colcon_core.shell:Creating package script '/home/krish/ros2_ws/install/go2_interfaces/share/go2_interfaces/package.zsh'
[3.245s] Level 1:colcon.colcon_core.environment:create_file_with_runtime_dependencies(/home/krish/ros2_ws/install/go2_interfaces/share/colcon-core/packages/go2_interfaces)
[3.247s] Level 1:colcon.colcon_core.environment:create_environment_scripts_only(go2_interfaces)
[3.248s] Level 1:colcon.colcon_core.environment:checking '/home/krish/ros2_ws/install/go2_interfaces' for CMake module files
[3.249s] Level 1:colcon.colcon_core.environment:checking '/home/krish/ros2_ws/install/go2_interfaces' for CMake config files
[3.250s] Level 1:colcon.colcon_core.shell:create_environment_hook('go2_interfaces', 'cmake_prefix_path')
[3.251s] INFO:colcon.colcon_core.shell:Creating environment hook '/home/krish/ros2_ws/install/go2_interfaces/share/go2_interfaces/hook/cmake_prefix_path.ps1'
[3.253s] INFO:colcon.colcon_core.shell:Creating environment descriptor '/home/krish/ros2_ws/install/go2_interfaces/share/go2_interfaces/hook/cmake_prefix_path.dsv'
[3.254s] INFO:colcon.colcon_core.shell:Creating environment hook '/home/krish/ros2_ws/install/go2_interfaces/share/go2_interfaces/hook/cmake_prefix_path.sh'
[3.255s] Level 1:colcon.colcon_core.environment:checking '/home/krish/ros2_ws/install/go2_interfaces/lib'
[3.256s] Level 1:colcon.colcon_core.shell:create_environment_hook('go2_interfaces', 'ld_library_path_lib')
[3.257s] INFO:colcon.colcon_core.shell:Creating environment hook '/home/krish/ros2_ws/install/go2_interfaces/share/go2_interfaces/hook/ld_library_path_lib.ps1'
[3.258s] INFO:colcon.colcon_core.shell:Creating environment descriptor '/home/krish/ros2_ws/install/go2_interfaces/share/go2_interfaces/hook/ld_library_path_lib.dsv'
[3.259s] INFO:colcon.colcon_core.shell:Creating environment hook '/home/krish/ros2_ws/install/go2_interfaces/share/go2_interfaces/hook/ld_library_path_lib.sh'
[3.260s] Level 1:colcon.colcon_core.environment:checking '/home/krish/ros2_ws/install/go2_interfaces/bin'
[3.260s] Level 1:colcon.colcon_core.environment:checking '/home/krish/ros2_ws/install/go2_interfaces/lib/pkgconfig/go2_interfaces.pc'
[3.260s] Level 1:colcon.colcon_core.environment:checking '/home/krish/ros2_ws/install/go2_interfaces/lib/python3.10/site-packages'
[3.261s] Level 1:colcon.colcon_core.environment:checking '/home/krish/ros2_ws/install/go2_interfaces/bin'
[3.262s] INFO:colcon.colcon_core.shell:Creating package script '/home/krish/ros2_ws/install/go2_interfaces/share/go2_interfaces/package.ps1'
[3.265s] INFO:colcon.colcon_core.shell:Creating package descriptor '/home/krish/ros2_ws/install/go2_interfaces/share/go2_interfaces/package.dsv'
[3.266s] INFO:colcon.colcon_core.shell:Creating package script '/home/krish/ros2_ws/install/go2_interfaces/share/go2_interfaces/package.sh'
[3.267s] INFO:colcon.colcon_core.shell:Creating package script '/home/krish/ros2_ws/install/go2_interfaces/share/go2_interfaces/package.bash'
[3.269s] INFO:colcon.colcon_core.shell:Creating package script '/home/krish/ros2_ws/install/go2_interfaces/share/go2_interfaces/package.zsh'
[3.270s] Level 1:colcon.colcon_core.environment:create_file_with_runtime_dependencies(/home/krish/ros2_ws/install/go2_interfaces/share/colcon-core/packages/go2_interfaces)
[3.272s] INFO:colcon.colcon_ros.task.ament_python.build:Building ROS package in '/home/krish/ros2_ws/src/go2_robot_sdk' with build type 'ament_python'
[3.273s] Level 1:colcon.colcon_core.shell:create_environment_hook('go2_robot_sdk', 'ament_prefix_path')
[3.273s] INFO:colcon.colcon_core.shell:Creating environment hook '/home/krish/ros2_ws/install/go2_robot_sdk/share/go2_robot_sdk/hook/ament_prefix_path.ps1'
[3.274s] INFO:colcon.colcon_core.shell:Creating environment descriptor '/home/krish/ros2_ws/install/go2_robot_sdk/share/go2_robot_sdk/hook/ament_prefix_path.dsv'
[3.275s] INFO:colcon.colcon_core.shell:Creating environment hook '/home/krish/ros2_ws/install/go2_robot_sdk/share/go2_robot_sdk/hook/ament_prefix_path.sh'
[3.277s] INFO:colcon.colcon_core.shell:Skip shell extension 'powershell' for command environment: Not usable outside of PowerShell
[3.277s] DEBUG:colcon.colcon_core.shell:Skip shell extension 'dsv' for command environment
[3.335s] INFO:colcon.colcon_ros.task.ament_python.build:Building ROS package in '/home/krish/ros2_ws/src/speech_processor' with build type 'ament_python'
[3.336s] Level 1:colcon.colcon_core.shell:create_environment_hook('speech_processor', 'ament_prefix_path')
[3.337s] INFO:colcon.colcon_core.shell:Creating environment hook '/home/krish/ros2_ws/install/speech_processor/share/speech_processor/hook/ament_prefix_path.ps1'
[3.338s] INFO:colcon.colcon_core.shell:Creating environment descriptor '/home/krish/ros2_ws/install/speech_processor/share/speech_processor/hook/ament_prefix_path.dsv'
[3.339s] INFO:colcon.colcon_core.shell:Creating environment hook '/home/krish/ros2_ws/install/speech_processor/share/speech_processor/hook/ament_prefix_path.sh'
[3.341s] INFO:colcon.colcon_core.shell:Skip shell extension 'powershell' for command environment: Not usable outside of PowerShell
[3.342s] DEBUG:colcon.colcon_core.shell:Skip shell extension 'dsv' for command environment
[4.169s] INFO:colcon.colcon_core.task.python.build:Building Python package in '/home/krish/ros2_ws/src/go2_robot_sdk'
[4.170s] INFO:colcon.colcon_core.shell:Skip shell extension 'powershell' for command environment: Not usable outside of PowerShell
[4.170s] DEBUG:colcon.colcon_core.shell:Skip shell extension 'dsv' for command environment
[4.752s] INFO:colcon.colcon_core.task.python.build:Building Python package in '/home/krish/ros2_ws/src/speech_processor'
[4.753s] INFO:colcon.colcon_core.shell:Skip shell extension 'powershell' for command environment: Not usable outside of PowerShell
[4.753s] DEBUG:colcon.colcon_core.shell:Skip shell extension 'dsv' for command environment
[4.765s] DEBUG:colcon.colcon_core.event_handler.log_command:Invoking command in '/home/krish/ros2_ws/src/lidar_processor': PYTHONPATH=/home/krish/ros2_ws/build/lidar_processor/prefix_override:/usr/lib/python3/dist-packages/colcon_core/task/python/colcon_distutils_commands:/home/krish/ros2_ws/install/lidar_processor/lib/python3.10/site-packages:${PYTHONPATH} /usr/bin/python3 -W ignore:setup.py install is deprecated -W ignore:easy_install command is deprecated setup.py egg_info --egg-base ../../build/lidar_processor build --build-base /home/krish/ros2_ws/build/lidar_processor/build install --record /home/krish/ros2_ws/build/lidar_processor/install.log --single-version-externally-managed install_data
[4.770s] DEBUG:colcon.colcon_core.event_handler.log_command:Invoking command in '/home/krish/ros2_ws/src/coco_detector': PYTHONPATH=/home/krish/ros2_ws/build/coco_detector/prefix_override:/usr/lib/python3/dist-packages/colcon_core/task/python/colcon_distutils_commands:/home/krish/ros2_ws/install/coco_detector/lib/python3.10/site-packages:${PYTHONPATH} /usr/bin/python3 -W ignore:setup.py install is deprecated -W ignore:easy_install command is deprecated setup.py egg_info --egg-base ../../build/coco_detector build --build-base /home/krish/ros2_ws/build/coco_detector/build install --record /home/krish/ros2_ws/build/coco_detector/install.log --single-version-externally-managed install_data
[4.775s] DEBUG:colcon.colcon_core.event_handler.log_command:Invoking command in '/home/krish/ros2_ws/src/obstacle_avoidance': PYTHONPATH=/home/krish/ros2_ws/build/obstacle_avoidance/prefix_override:/usr/lib/python3/dist-packages/colcon_core/task/python/colcon_distutils_commands:/home/krish/ros2_ws/install/obstacle_avoidance/lib/python3.10/site-packages:${PYTHONPATH} /usr/bin/python3 -W ignore:setup.py install is deprecated -W ignore:easy_install command is deprecated setup.py egg_info --egg-base ../../build/obstacle_avoidance build --build-base /home/krish/ros2_ws/build/obstacle_avoidance/build install --record /home/krish/ros2_ws/build/obstacle_avoidance/install.log --single-version-externally-managed install_data
[5.557s] Level 1:colcon.colcon_core.environment:checking '/home/krish/ros2_ws/install/coco_detector' for CMake module files
[5.558s] Level 1:colcon.colcon_core.environment:checking '/home/krish/ros2_ws/install/coco_detector' for CMake config files
[5.559s] Level 1:colcon.colcon_core.environment:checking '/home/krish/ros2_ws/install/coco_detector/lib'
[5.559s] Level 1:colcon.colcon_core.environment:checking '/home/krish/ros2_ws/install/coco_detector/bin'
[5.559s] Level 1:colcon.colcon_core.environment:checking '/home/krish/ros2_ws/install/coco_detector/lib/pkgconfig/coco_detector.pc'
[5.560s] Level 1:colcon.colcon_core.environment:checking '/home/krish/ros2_ws/install/coco_detector/lib/python3.10/site-packages'
[5.560s] Level 1:colcon.colcon_core.shell:create_environment_hook('coco_detector', 'pythonpath')
[5.561s] INFO:colcon.colcon_core.shell:Creating environment hook '/home/krish/ros2_ws/install/coco_detector/share/coco_detector/hook/pythonpath.ps1'
[5.562s] DEBUG:colcon.colcon_core.event_handler.log_command:Invoked command in '/home/krish/ros2_ws/src/coco_detector' returned '0': PYTHONPATH=/home/krish/ros2_ws/build/coco_detector/prefix_override:/usr/lib/python3/dist-packages/colcon_core/task/python/colcon_distutils_commands:/home/krish/ros2_ws/install/coco_detector/lib/python3.10/site-packages:${PYTHONPATH} /usr/bin/python3 -W ignore:setup.py install is deprecated -W ignore:easy_install command is deprecated setup.py egg_info --egg-base ../../build/coco_detector build --build-base /home/krish/ros2_ws/build/coco_detector/build install --record /home/krish/ros2_ws/build/coco_detector/install.log --single-version-externally-managed install_data
[5.564s] INFO:colcon.colcon_core.shell:Creating environment descriptor '/home/krish/ros2_ws/install/coco_detector/share/coco_detector/hook/pythonpath.dsv'
[5.565s] INFO:colcon.colcon_core.shell:Creating environment hook '/home/krish/ros2_ws/install/coco_detector/share/coco_detector/hook/pythonpath.sh'
[5.567s] Level 1:colcon.colcon_core.environment:checking '/home/krish/ros2_ws/install/coco_detector/bin'
[5.567s] Level 1:colcon.colcon_core.environment:create_environment_scripts_only(coco_detector)
[5.568s] INFO:colcon.colcon_core.shell:Creating package script '/home/krish/ros2_ws/install/coco_detector/share/coco_detector/package.ps1'
[5.569s] INFO:colcon.colcon_core.shell:Creating package descriptor '/home/krish/ros2_ws/install/coco_detector/share/coco_detector/package.dsv'
[5.570s] INFO:colcon.colcon_core.shell:Creating package script '/home/krish/ros2_ws/install/coco_detector/share/coco_detector/package.sh'
[5.572s] INFO:colcon.colcon_core.shell:Creating package script '/home/krish/ros2_ws/install/coco_detector/share/coco_detector/package.bash'
[5.572s] INFO:colcon.colcon_core.shell:Creating package script '/home/krish/ros2_ws/install/coco_detector/share/coco_detector/package.zsh'
[5.573s] Level 1:colcon.colcon_core.environment:create_file_with_runtime_dependencies(/home/krish/ros2_ws/install/coco_detector/share/colcon-core/packages/coco_detector)
[5.660s] Level 1:colcon.colcon_core.environment:checking '/home/krish/ros2_ws/install/obstacle_avoidance' for CMake module files
[5.661s] Level 1:colcon.colcon_core.environment:checking '/home/krish/ros2_ws/install/obstacle_avoidance' for CMake config files
[5.662s] Level 1:colcon.colcon_core.environment:checking '/home/krish/ros2_ws/install/obstacle_avoidance/lib'
[5.662s] Level 1:colcon.colcon_core.environment:checking '/home/krish/ros2_ws/install/obstacle_avoidance/bin'
[5.663s] Level 1:colcon.colcon_core.environment:checking '/home/krish/ros2_ws/install/obstacle_avoidance/lib/pkgconfig/obstacle_avoidance.pc'
[5.663s] Level 1:colcon.colcon_core.environment:checking '/home/krish/ros2_ws/install/obstacle_avoidance/lib/python3.10/site-packages'
[5.663s] Level 1:colcon.colcon_core.shell:create_environment_hook('obstacle_avoidance', 'pythonpath')
[5.664s] INFO:colcon.colcon_core.shell:Creating environment hook '/home/krish/ros2_ws/install/obstacle_avoidance/share/obstacle_avoidance/hook/pythonpath.ps1'
[5.665s] DEBUG:colcon.colcon_core.event_handler.log_command:Invoked command in '/home/krish/ros2_ws/src/obstacle_avoidance' returned '0': PYTHONPATH=/home/krish/ros2_ws/build/obstacle_avoidance/prefix_override:/usr/lib/python3/dist-packages/colcon_core/task/python/colcon_distutils_commands:/home/krish/ros2_ws/install/obstacle_avoidance/lib/python3.10/site-packages:${PYTHONPATH} /usr/bin/python3 -W ignore:setup.py install is deprecated -W ignore:easy_install command is deprecated setup.py egg_info --egg-base ../../build/obstacle_avoidance build --build-base /home/krish/ros2_ws/build/obstacle_avoidance/build install --record /home/krish/ros2_ws/build/obstacle_avoidance/install.log --single-version-externally-managed install_data
[5.665s] INFO:colcon.colcon_core.shell:Creating environment descriptor '/home/krish/ros2_ws/install/obstacle_avoidance/share/obstacle_avoidance/hook/pythonpath.dsv'
[5.666s] INFO:colcon.colcon_core.shell:Creating environment hook '/home/krish/ros2_ws/install/obstacle_avoidance/share/obstacle_avoidance/hook/pythonpath.sh'
[5.668s] Level 1:colcon.colcon_core.environment:checking '/home/krish/ros2_ws/install/obstacle_avoidance/bin'
[5.668s] Level 1:colcon.colcon_core.environment:create_environment_scripts_only(obstacle_avoidance)
[5.669s] INFO:colcon.colcon_core.shell:Creating package script '/home/krish/ros2_ws/install/obstacle_avoidance/share/obstacle_avoidance/package.ps1'
[5.670s] INFO:colcon.colcon_core.shell:Creating package descriptor '/home/krish/ros2_ws/install/obstacle_avoidance/share/obstacle_avoidance/package.dsv'
[5.671s] INFO:colcon.colcon_core.shell:Creating package script '/home/krish/ros2_ws/install/obstacle_avoidance/share/obstacle_avoidance/package.sh'
[5.672s] INFO:colcon.colcon_core.shell:Creating package script '/home/krish/ros2_ws/install/obstacle_avoidance/share/obstacle_avoidance/package.bash'
[5.673s] INFO:colcon.colcon_core.shell:Creating package script '/home/krish/ros2_ws/install/obstacle_avoidance/share/obstacle_avoidance/package.zsh'
[5.674s] Level 1:colcon.colcon_core.environment:create_file_with_runtime_dependencies(/home/krish/ros2_ws/install/obstacle_avoidance/share/colcon-core/packages/obstacle_avoidance)
[5.776s] Level 1:colcon.colcon_core.environment:checking '/home/krish/ros2_ws/install/lidar_processor' for CMake module files
[5.777s] DEBUG:colcon.colcon_core.event_handler.log_command:Invoked command in '/home/krish/ros2_ws/src/lidar_processor' returned '0': PYTHONPATH=/home/krish/ros2_ws/build/lidar_processor/prefix_override:/usr/lib/python3/dist-packages/colcon_core/task/python/colcon_distutils_commands:/home/krish/ros2_ws/install/lidar_processor/lib/python3.10/site-packages:${PYTHONPATH} /usr/bin/python3 -W ignore:setup.py install is deprecated -W ignore:easy_install command is deprecated setup.py egg_info --egg-base ../../build/lidar_processor build --build-base /home/krish/ros2_ws/build/lidar_processor/build install --record /home/krish/ros2_ws/build/lidar_processor/install.log --single-version-externally-managed install_data
[5.778s] Level 1:colcon.colcon_core.environment:checking '/home/krish/ros2_ws/install/lidar_processor' for CMake config files
[5.779s] Level 1:colcon.colcon_core.environment:checking '/home/krish/ros2_ws/install/lidar_processor/lib'
[5.779s] Level 1:colcon.colcon_core.environment:checking '/home/krish/ros2_ws/install/lidar_processor/bin'
[5.779s] Level 1:colcon.colcon_core.environment:checking '/home/krish/ros2_ws/install/lidar_processor/lib/pkgconfig/lidar_processor.pc'
[5.780s] Level 1:colcon.colcon_core.environment:checking '/home/krish/ros2_ws/install/lidar_processor/lib/python3.10/site-packages'
[5.780s] Level 1:colcon.colcon_core.shell:create_environment_hook('lidar_processor', 'pythonpath')
[5.780s] INFO:colcon.colcon_core.shell:Creating environment hook '/home/krish/ros2_ws/install/lidar_processor/share/lidar_processor/hook/pythonpath.ps1'
[5.781s] INFO:colcon.colcon_core.shell:Creating environment descriptor '/home/krish/ros2_ws/install/lidar_processor/share/lidar_processor/hook/pythonpath.dsv'
[5.782s] INFO:colcon.colcon_core.shell:Creating environment hook '/home/krish/ros2_ws/install/lidar_processor/share/lidar_processor/hook/pythonpath.sh'
[5.784s] Level 1:colcon.colcon_core.environment:checking '/home/krish/ros2_ws/install/lidar_processor/bin'
[5.784s] Level 1:colcon.colcon_core.environment:create_environment_scripts_only(lidar_processor)
[5.785s] INFO:colcon.colcon_core.shell:Creating package script '/home/krish/ros2_ws/install/lidar_processor/share/lidar_processor/package.ps1'
[5.786s] INFO:colcon.colcon_core.shell:Creating package descriptor '/home/krish/ros2_ws/install/lidar_processor/share/lidar_processor/package.dsv'
[5.787s] INFO:colcon.colcon_core.shell:Creating package script '/home/krish/ros2_ws/install/lidar_processor/share/lidar_processor/package.sh'
[5.788s] INFO:colcon.colcon_core.shell:Creating package script '/home/krish/ros2_ws/install/lidar_processor/share/lidar_processor/package.bash'
[5.789s] INFO:colcon.colcon_core.shell:Creating package script '/home/krish/ros2_ws/install/lidar_processor/share/lidar_processor/package.zsh'
[5.791s] Level 1:colcon.colcon_core.environment:create_file_with_runtime_dependencies(/home/krish/ros2_ws/install/lidar_processor/share/colcon-core/packages/lidar_processor)
[5.982s] DEBUG:colcon.colcon_core.event_handler.log_command:Invoking command in '/home/krish/ros2_ws/src/speech_processor': CMAKE_PREFIX_PATH=/home/krish/ros2_ws/install/go2_interfaces:/home/krish/ros2_ws/install/lidar_processor_cpp PYTHONPATH=/home/krish/ros2_ws/build/speech_processor/prefix_override:/usr/lib/python3/dist-packages/colcon_core/task/python/colcon_distutils_commands:/home/krish/ros2_ws/install/speech_processor/lib/python3.10/site-packages:${PYTHONPATH} /usr/bin/python3 -W ignore:setup.py install is deprecated -W ignore:easy_install command is deprecated setup.py egg_info --egg-base ../../build/speech_processor build --build-base /home/krish/ros2_ws/build/speech_processor/build install --record /home/krish/ros2_ws/build/speech_processor/install.log --single-version-externally-managed install_data
[6.158s] DEBUG:colcon.colcon_core.event_handler.log_command:Invoking command in '/home/krish/ros2_ws/src/go2_robot_sdk': CMAKE_PREFIX_PATH=/home/krish/ros2_ws/install/go2_interfaces:/home/krish/ros2_ws/install/lidar_processor_cpp PYTHONPATH=/home/krish/ros2_ws/build/go2_robot_sdk/prefix_override:/usr/lib/python3/dist-packages/colcon_core/task/python/colcon_distutils_commands:/home/krish/ros2_ws/install/go2_robot_sdk/lib/python3.10/site-packages:${PYTHONPATH} /usr/bin/python3 -W ignore:setup.py install is deprecated -W ignore:easy_install command is deprecated setup.py egg_info --egg-base ../../build/go2_robot_sdk build --build-base /home/krish/ros2_ws/build/go2_robot_sdk/build install --record /home/krish/ros2_ws/build/go2_robot_sdk/install.log --single-version-externally-managed install_data
[6.718s] Level 1:colcon.colcon_core.environment:checking '/home/krish/ros2_ws/install/speech_processor' for CMake module files
[6.720s] Level 1:colcon.colcon_core.environment:checking '/home/krish/ros2_ws/install/speech_processor' for CMake config files
[6.721s] Level 1:colcon.colcon_core.environment:checking '/home/krish/ros2_ws/install/speech_processor/lib'
[6.722s] Level 1:colcon.colcon_core.environment:checking '/home/krish/ros2_ws/install/speech_processor/bin'
[6.719s] DEBUG:colcon.colcon_core.event_handler.log_command:Invoked command in '/home/krish/ros2_ws/src/speech_processor' returned '0': CMAKE_PREFIX_PATH=/home/krish/ros2_ws/install/go2_interfaces:/home/krish/ros2_ws/install/lidar_processor_cpp PYTHONPATH=/home/krish/ros2_ws/build/speech_processor/prefix_override:/usr/lib/python3/dist-packages/colcon_core/task/python/colcon_distutils_commands:/home/krish/ros2_ws/install/speech_processor/lib/python3.10/site-packages:${PYTHONPATH} /usr/bin/python3 -W ignore:setup.py install is deprecated -W ignore:easy_install command is deprecated setup.py egg_info --egg-base ../../build/speech_processor build --build-base /home/krish/ros2_ws/build/speech_processor/build install --record /home/krish/ros2_ws/build/speech_processor/install.log --single-version-externally-managed install_data
[6.723s] Level 1:colcon.colcon_core.environment:checking '/home/krish/ros2_ws/install/speech_processor/lib/pkgconfig/speech_processor.pc'
[6.723s] Level 1:colcon.colcon_core.environment:checking '/home/krish/ros2_ws/install/speech_processor/lib/python3.10/site-packages'
[6.724s] Level 1:colcon.colcon_core.shell:create_environment_hook('speech_processor', 'pythonpath')
[6.725s] INFO:colcon.colcon_core.shell:Creating environment hook '/home/krish/ros2_ws/install/speech_processor/share/speech_processor/hook/pythonpath.ps1'
[6.729s] INFO:colcon.colcon_core.shell:Creating environment descriptor '/home/krish/ros2_ws/install/speech_processor/share/speech_processor/hook/pythonpath.dsv'
[6.731s] INFO:colcon.colcon_core.shell:Creating environment hook '/home/krish/ros2_ws/install/speech_processor/share/speech_processor/hook/pythonpath.sh'
[6.733s] Level 1:colcon.colcon_core.environment:checking '/home/krish/ros2_ws/install/speech_processor/bin'
[6.733s] Level 1:colcon.colcon_core.environment:create_environment_scripts_only(speech_processor)
[6.734s] INFO:colcon.colcon_core.shell:Creating package script '/home/krish/ros2_ws/install/speech_processor/share/speech_processor/package.ps1'
[6.736s] INFO:colcon.colcon_core.shell:Creating package descriptor '/home/krish/ros2_ws/install/speech_processor/share/speech_processor/package.dsv'
[6.737s] INFO:colcon.colcon_core.shell:Creating package script '/home/krish/ros2_ws/install/speech_processor/share/speech_processor/package.sh'
[6.738s] INFO:colcon.colcon_core.shell:Creating package script '/home/krish/ros2_ws/install/speech_processor/share/speech_processor/package.bash'
[6.739s] INFO:colcon.colcon_core.shell:Creating package script '/home/krish/ros2_ws/install/speech_processor/share/speech_processor/package.zsh'
[6.740s] Level 1:colcon.colcon_core.environment:create_file_with_runtime_dependencies(/home/krish/ros2_ws/install/speech_processor/share/colcon-core/packages/speech_processor)
[6.874s] Level 1:colcon.colcon_core.environment:checking '/home/krish/ros2_ws/install/go2_robot_sdk' for CMake module files
[6.875s] DEBUG:colcon.colcon_core.event_handler.log_command:Invoked command in '/home/krish/ros2_ws/src/go2_robot_sdk' returned '0': CMAKE_PREFIX_PATH=/home/krish/ros2_ws/install/go2_interfaces:/home/krish/ros2_ws/install/lidar_processor_cpp PYTHONPATH=/home/krish/ros2_ws/build/go2_robot_sdk/prefix_override:/usr/lib/python3/dist-packages/colcon_core/task/python/colcon_distutils_commands:/home/krish/ros2_ws/install/go2_robot_sdk/lib/python3.10/site-packages:${PYTHONPATH} /usr/bin/python3 -W ignore:setup.py install is deprecated -W ignore:easy_install command is deprecated setup.py egg_info --egg-base ../../build/go2_robot_sdk build --build-base /home/krish/ros2_ws/build/go2_robot_sdk/build install --record /home/krish/ros2_ws/build/go2_robot_sdk/install.log --single-version-externally-managed install_data
[6.876s] Level 1:colcon.colcon_core.environment:checking '/home/krish/ros2_ws/install/go2_robot_sdk' for CMake config files
[6.880s] Level 1:colcon.colcon_core.environment:checking '/home/krish/ros2_ws/install/go2_robot_sdk/lib'
[6.880s] Level 1:colcon.colcon_core.environment:checking '/home/krish/ros2_ws/install/go2_robot_sdk/bin'
[6.880s] Level 1:colcon.colcon_core.environment:checking '/home/krish/ros2_ws/install/go2_robot_sdk/lib/pkgconfig/go2_robot_sdk.pc'
[6.881s] Level 1:colcon.colcon_core.environment:checking '/home/krish/ros2_ws/install/go2_robot_sdk/lib/python3.10/site-packages'
[6.881s] Level 1:colcon.colcon_core.shell:create_environment_hook('go2_robot_sdk', 'pythonpath')
[6.882s] INFO:colcon.colcon_core.shell:Creating environment hook '/home/krish/ros2_ws/install/go2_robot_sdk/share/go2_robot_sdk/hook/pythonpath.ps1'
[6.883s] INFO:colcon.colcon_core.shell:Creating environment descriptor '/home/krish/ros2_ws/install/go2_robot_sdk/share/go2_robot_sdk/hook/pythonpath.dsv'
[6.884s] INFO:colcon.colcon_core.shell:Creating environment hook '/home/krish/ros2_ws/install/go2_robot_sdk/share/go2_robot_sdk/hook/pythonpath.sh'
[6.886s] Level 1:colcon.colcon_core.environment:checking '/home/krish/ros2_ws/install/go2_robot_sdk/bin'
[6.887s] Level 1:colcon.colcon_core.environment:create_environment_scripts_only(go2_robot_sdk)
[6.887s] INFO:colcon.colcon_core.shell:Creating package script '/home/krish/ros2_ws/install/go2_robot_sdk/share/go2_robot_sdk/package.ps1'
[6.889s] INFO:colcon.colcon_core.shell:Creating package descriptor '/home/krish/ros2_ws/install/go2_robot_sdk/share/go2_robot_sdk/package.dsv'
[6.891s] INFO:colcon.colcon_core.shell:Creating package script '/home/krish/ros2_ws/install/go2_robot_sdk/share/go2_robot_sdk/package.sh'
[6.892s] INFO:colcon.colcon_core.shell:Creating package script '/home/krish/ros2_ws/install/go2_robot_sdk/share/go2_robot_sdk/package.bash'
[6.894s] INFO:colcon.colcon_core.shell:Creating package script '/home/krish/ros2_ws/install/go2_robot_sdk/share/go2_robot_sdk/package.zsh'
[6.895s] Level 1:colcon.colcon_core.environment:create_file_with_runtime_dependencies(/home/krish/ros2_ws/install/go2_robot_sdk/share/colcon-core/packages/go2_robot_sdk)
[6.896s] DEBUG:colcon.colcon_parallel_executor.executor.parallel:closing loop
[6.898s] DEBUG:colcon.colcon_parallel_executor.executor.parallel:loop closed
[6.898s] DEBUG:colcon.colcon_parallel_executor.executor.parallel:run_until_complete finished with '0'
[6.898s] DEBUG:colcon.colcon_core.event_reactor:joining thread
[6.911s] INFO:colcon.colcon_core.plugin_system:Skipping extension 'colcon_notification.desktop_notification.terminal_notifier': Not used on non-Darwin systems
[6.911s] INFO:colcon.colcon_core.plugin_system:Skipping extension 'colcon_notification.desktop_notification.win32': Not used on non-Windows systems
[6.911s] INFO:colcon.colcon_notification.desktop_notification:Sending desktop notification using 'notify2'
[6.944s] DEBUG:colcon.colcon_core.event_reactor:joined thread
[6.945s] INFO:colcon.colcon_core.shell:Creating prefix script '/home/krish/ros2_ws/install/local_setup.ps1'
[6.948s] INFO:colcon.colcon_core.shell:Creating prefix util module '/home/krish/ros2_ws/install/_local_setup_util_ps1.py'
[6.952s] INFO:colcon.colcon_core.shell:Creating prefix chain script '/home/krish/ros2_ws/install/setup.ps1'
[6.955s] INFO:colcon.colcon_core.shell:Creating prefix script '/home/krish/ros2_ws/install/local_setup.sh'
[6.956s] INFO:colcon.colcon_core.shell:Creating prefix util module '/home/krish/ros2_ws/install/_local_setup_util_sh.py'
[6.957s] INFO:colcon.colcon_core.shell:Creating prefix chain script '/home/krish/ros2_ws/install/setup.sh'
[6.960s] INFO:colcon.colcon_core.shell:Creating prefix script '/home/krish/ros2_ws/install/local_setup.bash'
[6.960s] INFO:colcon.colcon_core.shell:Creating prefix chain script '/home/krish/ros2_ws/install/setup.bash'
[6.963s] INFO:colcon.colcon_core.shell:Creating prefix script '/home/krish/ros2_ws/install/local_setup.zsh'
[6.964s] INFO:colcon.colcon_core.shell:Creating prefix chain script '/home/krish/ros2_ws/install/setup.zsh'
