running egg_info
writing ../../build/speech_processor/speech_processor.egg-info/PKG-INFO
writing dependency_links to ../../build/speech_processor/speech_processor.egg-info/dependency_links.txt
writing entry points to ../../build/speech_processor/speech_processor.egg-info/entry_points.txt
writing requirements to ../../build/speech_processor/speech_processor.egg-info/requires.txt
writing top-level names to ../../build/speech_processor/speech_processor.egg-info/top_level.txt
reading manifest file '../../build/speech_processor/speech_processor.egg-info/SOURCES.txt'
writing manifest file '../../build/speech_processor/speech_processor.egg-info/SOURCES.txt'
running build
running build_py
running install
running install_lib
running install_data
running install_egg_info
removing '/home/krish/ros2_ws/install/speech_processor/lib/python3.10/site-packages/speech_processor-1.0.0-py3.10.egg-info' (and everything under it)
Copying ../../build/speech_processor/speech_processor.egg-info to /home/krish/ros2_ws/install/speech_processor/lib/python3.10/site-packages/speech_processor-1.0.0-py3.10.egg-info
running install_scripts
Installing audio_manager script to /home/krish/ros2_ws/install/speech_processor/lib/speech_processor
Installing speech_synthesizer script to /home/krish/ros2_ws/install/speech_processor/lib/speech_processor
Installing tts_node script to /home/krish/ros2_ws/install/speech_processor/lib/speech_processor
writing list of installed files to '/home/krish/ros2_ws/build/speech_processor/install.log'
