[0.235s] DEBUG:colcon:Command line arguments: ['/usr/bin/colcon', 'build']
[0.235s] DEBUG:colcon:Parsed command line arguments: Namespace(log_base=None, log_level=None, verb_name='build', build_base='build', install_base='install', merge_install=False, symlink_install=False, test_result_base=None, continue_on_error=False, executor='parallel', parallel_workers=6, event_handlers=None, ignore_user_meta=False, metas=['./colcon.meta'], base_paths=['.'], packages_ignore=None, packages_ignore_regex=None, paths=None, packages_up_to=None, packages_up_to_regex=None, packages_above=None, packages_above_and_dependencies=None, packages_above_depth=None, packages_select_by_dep=None, packages_skip_by_dep=None, packages_skip_up_to=None, packages_select_build_failed=False, packages_skip_build_finished=False, packages_select_test_failures=False, packages_skip_test_passed=False, packages_select=None, packages_skip=None, packages_select_regex=None, packages_skip_regex=None, packages_start=None, packages_end=None, allow_overriding=[], cmake_args=None, cmake_target=None, cmake_target_skip_unavailable=False, cmake_clean_cache=False, cmake_clean_first=False, cmake_force_configure=False, ament_cmake_args=None, catkin_cmake_args=None, catkin_skip_building_tests=False, verb_parser=<colcon_defaults.argument_parser.defaults.DefaultArgumentsDecorator object at 0xffff8424e110>, verb_extension=<colcon_core.verb.build.BuildVerb object at 0xffff844075e0>, main=<bound method BuildVerb.main of <colcon_core.verb.build.BuildVerb object at 0xffff844075e0>>)
[0.596s] Level 1:colcon.colcon_core.package_discovery:discover_packages(colcon_meta) check parameters
[0.596s] Level 1:colcon.colcon_core.package_discovery:discover_packages(recursive) check parameters
[0.597s] Level 1:colcon.colcon_core.package_discovery:discover_packages(ignore) check parameters
[0.597s] Level 1:colcon.colcon_core.package_discovery:discover_packages(path) check parameters
[0.597s] Level 1:colcon.colcon_core.package_discovery:discover_packages(colcon_meta) discover
[0.597s] Level 1:colcon.colcon_core.package_discovery:discover_packages(recursive) discover
[0.597s] INFO:colcon.colcon_core.package_discovery:Crawling recursively for packages in '/home/krish/ros2_ws'
[0.597s] Level 1:colcon.colcon_core.package_identification:_identify(.) by extensions ['ignore', 'ignore_ament_install']
[0.597s] Level 1:colcon.colcon_core.package_identification:_identify(.) by extension 'ignore'
[0.598s] Level 1:colcon.colcon_core.package_identification:_identify(.) by extension 'ignore_ament_install'
[0.598s] Level 1:colcon.colcon_core.package_identification:_identify(.) by extensions ['colcon_pkg']
[0.598s] Level 1:colcon.colcon_core.package_identification:_identify(.) by extension 'colcon_pkg'
[0.598s] Level 1:colcon.colcon_core.package_identification:_identify(.) by extensions ['colcon_meta']
[0.598s] Level 1:colcon.colcon_core.package_identification:_identify(.) by extension 'colcon_meta'
[0.598s] Level 1:colcon.colcon_core.package_identification:_identify(.) by extensions ['ros']
[0.598s] Level 1:colcon.colcon_core.package_identification:_identify(.) by extension 'ros'
[0.623s] Level 1:colcon.colcon_core.package_identification:_identify(.) by extensions ['cmake', 'python']
[0.624s] Level 1:colcon.colcon_core.package_identification:_identify(.) by extension 'cmake'
[0.624s] Level 1:colcon.colcon_core.package_identification:_identify(.) by extension 'python'
[0.624s] Level 1:colcon.colcon_core.package_identification:_identify(.) by extensions ['python_setup_py']
[0.624s] Level 1:colcon.colcon_core.package_identification:_identify(.) by extension 'python_setup_py'
[0.625s] Level 1:colcon.colcon_core.package_identification:_identify(build) by extensions ['ignore', 'ignore_ament_install']
[0.625s] Level 1:colcon.colcon_core.package_identification:_identify(build) by extension 'ignore'
[0.625s] Level 1:colcon.colcon_core.package_identification:_identify(build) ignored
[0.625s] Level 1:colcon.colcon_core.package_identification:_identify(install) by extensions ['ignore', 'ignore_ament_install']
[0.625s] Level 1:colcon.colcon_core.package_identification:_identify(install) by extension 'ignore'
[0.626s] Level 1:colcon.colcon_core.package_identification:_identify(install) ignored
[0.626s] Level 1:colcon.colcon_core.package_identification:_identify(log) by extensions ['ignore', 'ignore_ament_install']
[0.626s] Level 1:colcon.colcon_core.package_identification:_identify(log) by extension 'ignore'
[0.626s] Level 1:colcon.colcon_core.package_identification:_identify(log) ignored
[0.626s] Level 1:colcon.colcon_core.package_identification:_identify(src) by extensions ['ignore', 'ignore_ament_install']
[0.626s] Level 1:colcon.colcon_core.package_identification:_identify(src) by extension 'ignore'
[0.626s] Level 1:colcon.colcon_core.package_identification:_identify(src) by extension 'ignore_ament_install'
[0.627s] Level 1:colcon.colcon_core.package_identification:_identify(src) by extensions ['colcon_pkg']
[0.627s] Level 1:colcon.colcon_core.package_identification:_identify(src) by extension 'colcon_pkg'
[0.627s] Level 1:colcon.colcon_core.package_identification:_identify(src) by extensions ['colcon_meta']
[0.627s] Level 1:colcon.colcon_core.package_identification:_identify(src) by extension 'colcon_meta'
[0.627s] Level 1:colcon.colcon_core.package_identification:_identify(src) by extensions ['ros']
[0.627s] Level 1:colcon.colcon_core.package_identification:_identify(src) by extension 'ros'
[0.627s] Level 1:colcon.colcon_core.package_identification:_identify(src) by extensions ['cmake', 'python']
[0.627s] Level 1:colcon.colcon_core.package_identification:_identify(src) by extension 'cmake'
[0.627s] Level 1:colcon.colcon_core.package_identification:_identify(src) by extension 'python'
[0.627s] Level 1:colcon.colcon_core.package_identification:_identify(src) by extensions ['python_setup_py']
[0.627s] Level 1:colcon.colcon_core.package_identification:_identify(src) by extension 'python_setup_py'
[0.628s] Level 1:colcon.colcon_core.package_identification:_identify(src/coco_detector) by extensions ['ignore', 'ignore_ament_install']
[0.628s] Level 1:colcon.colcon_core.package_identification:_identify(src/coco_detector) by extension 'ignore'
[0.628s] Level 1:colcon.colcon_core.package_identification:_identify(src/coco_detector) by extension 'ignore_ament_install'
[0.628s] Level 1:colcon.colcon_core.package_identification:_identify(src/coco_detector) by extensions ['colcon_pkg']
[0.628s] Level 1:colcon.colcon_core.package_identification:_identify(src/coco_detector) by extension 'colcon_pkg'
[0.628s] Level 1:colcon.colcon_core.package_identification:_identify(src/coco_detector) by extensions ['colcon_meta']
[0.628s] Level 1:colcon.colcon_core.package_identification:_identify(src/coco_detector) by extension 'colcon_meta'
[0.628s] Level 1:colcon.colcon_core.package_identification:_identify(src/coco_detector) by extensions ['ros']
[0.628s] Level 1:colcon.colcon_core.package_identification:_identify(src/coco_detector) by extension 'ros'
[0.635s] DEBUG:colcon.colcon_core.package_identification:Package 'src/coco_detector' with type 'ros.ament_python' and name 'coco_detector'
[0.635s] Level 1:colcon.colcon_core.package_identification:_identify(src/docker) by extensions ['ignore', 'ignore_ament_install']
[0.636s] Level 1:colcon.colcon_core.package_identification:_identify(src/docker) by extension 'ignore'
[0.636s] Level 1:colcon.colcon_core.package_identification:_identify(src/docker) by extension 'ignore_ament_install'
[0.636s] Level 1:colcon.colcon_core.package_identification:_identify(src/docker) by extensions ['colcon_pkg']
[0.636s] Level 1:colcon.colcon_core.package_identification:_identify(src/docker) by extension 'colcon_pkg'
[0.636s] Level 1:colcon.colcon_core.package_identification:_identify(src/docker) by extensions ['colcon_meta']
[0.636s] Level 1:colcon.colcon_core.package_identification:_identify(src/docker) by extension 'colcon_meta'
[0.636s] Level 1:colcon.colcon_core.package_identification:_identify(src/docker) by extensions ['ros']
[0.636s] Level 1:colcon.colcon_core.package_identification:_identify(src/docker) by extension 'ros'
[0.637s] Level 1:colcon.colcon_core.package_identification:_identify(src/docker) by extensions ['cmake', 'python']
[0.637s] Level 1:colcon.colcon_core.package_identification:_identify(src/docker) by extension 'cmake'
[0.637s] Level 1:colcon.colcon_core.package_identification:_identify(src/docker) by extension 'python'
[0.637s] Level 1:colcon.colcon_core.package_identification:_identify(src/docker) by extensions ['python_setup_py']
[0.637s] Level 1:colcon.colcon_core.package_identification:_identify(src/docker) by extension 'python_setup_py'
[0.637s] Level 1:colcon.colcon_core.package_identification:_identify(src/go2_interfaces) by extensions ['ignore', 'ignore_ament_install']
[0.637s] Level 1:colcon.colcon_core.package_identification:_identify(src/go2_interfaces) by extension 'ignore'
[0.637s] Level 1:colcon.colcon_core.package_identification:_identify(src/go2_interfaces) by extension 'ignore_ament_install'
[0.637s] Level 1:colcon.colcon_core.package_identification:_identify(src/go2_interfaces) by extensions ['colcon_pkg']
[0.638s] Level 1:colcon.colcon_core.package_identification:_identify(src/go2_interfaces) by extension 'colcon_pkg'
[0.638s] Level 1:colcon.colcon_core.package_identification:_identify(src/go2_interfaces) by extensions ['colcon_meta']
[0.638s] Level 1:colcon.colcon_core.package_identification:_identify(src/go2_interfaces) by extension 'colcon_meta'
[0.638s] Level 1:colcon.colcon_core.package_identification:_identify(src/go2_interfaces) by extensions ['ros']
[0.638s] Level 1:colcon.colcon_core.package_identification:_identify(src/go2_interfaces) by extension 'ros'
[0.640s] DEBUG:colcon.colcon_core.package_identification:Package 'src/go2_interfaces' with type 'ros.ament_cmake' and name 'go2_interfaces'
[0.640s] Level 1:colcon.colcon_core.package_identification:_identify(src/go2_robot_sdk) by extensions ['ignore', 'ignore_ament_install']
[0.640s] Level 1:colcon.colcon_core.package_identification:_identify(src/go2_robot_sdk) by extension 'ignore'
[0.640s] Level 1:colcon.colcon_core.package_identification:_identify(src/go2_robot_sdk) by extension 'ignore_ament_install'
[0.641s] Level 1:colcon.colcon_core.package_identification:_identify(src/go2_robot_sdk) by extensions ['colcon_pkg']
[0.641s] Level 1:colcon.colcon_core.package_identification:_identify(src/go2_robot_sdk) by extension 'colcon_pkg'
[0.641s] Level 1:colcon.colcon_core.package_identification:_identify(src/go2_robot_sdk) by extensions ['colcon_meta']
[0.641s] Level 1:colcon.colcon_core.package_identification:_identify(src/go2_robot_sdk) by extension 'colcon_meta'
[0.641s] Level 1:colcon.colcon_core.package_identification:_identify(src/go2_robot_sdk) by extensions ['ros']
[0.641s] Level 1:colcon.colcon_core.package_identification:_identify(src/go2_robot_sdk) by extension 'ros'
[0.643s] DEBUG:colcon.colcon_core.package_identification:Package 'src/go2_robot_sdk' with type 'ros.ament_python' and name 'go2_robot_sdk'
[0.643s] Level 1:colcon.colcon_core.package_identification:_identify(src/lidar_processor) by extensions ['ignore', 'ignore_ament_install']
[0.644s] Level 1:colcon.colcon_core.package_identification:_identify(src/lidar_processor) by extension 'ignore'
[0.644s] Level 1:colcon.colcon_core.package_identification:_identify(src/lidar_processor) by extension 'ignore_ament_install'
[0.644s] Level 1:colcon.colcon_core.package_identification:_identify(src/lidar_processor) by extensions ['colcon_pkg']
[0.644s] Level 1:colcon.colcon_core.package_identification:_identify(src/lidar_processor) by extension 'colcon_pkg'
[0.644s] Level 1:colcon.colcon_core.package_identification:_identify(src/lidar_processor) by extensions ['colcon_meta']
[0.644s] Level 1:colcon.colcon_core.package_identification:_identify(src/lidar_processor) by extension 'colcon_meta'
[0.644s] Level 1:colcon.colcon_core.package_identification:_identify(src/lidar_processor) by extensions ['ros']
[0.644s] Level 1:colcon.colcon_core.package_identification:_identify(src/lidar_processor) by extension 'ros'
[0.646s] DEBUG:colcon.colcon_core.package_identification:Package 'src/lidar_processor' with type 'ros.ament_python' and name 'lidar_processor'
[0.646s] Level 1:colcon.colcon_core.package_identification:_identify(src/lidar_processor_cpp) by extensions ['ignore', 'ignore_ament_install']
[0.646s] Level 1:colcon.colcon_core.package_identification:_identify(src/lidar_processor_cpp) by extension 'ignore'
[0.647s] Level 1:colcon.colcon_core.package_identification:_identify(src/lidar_processor_cpp) by extension 'ignore_ament_install'
[0.647s] Level 1:colcon.colcon_core.package_identification:_identify(src/lidar_processor_cpp) by extensions ['colcon_pkg']
[0.647s] Level 1:colcon.colcon_core.package_identification:_identify(src/lidar_processor_cpp) by extension 'colcon_pkg'
[0.647s] Level 1:colcon.colcon_core.package_identification:_identify(src/lidar_processor_cpp) by extensions ['colcon_meta']
[0.647s] Level 1:colcon.colcon_core.package_identification:_identify(src/lidar_processor_cpp) by extension 'colcon_meta'
[0.647s] Level 1:colcon.colcon_core.package_identification:_identify(src/lidar_processor_cpp) by extensions ['ros']
[0.647s] Level 1:colcon.colcon_core.package_identification:_identify(src/lidar_processor_cpp) by extension 'ros'
[0.649s] DEBUG:colcon.colcon_core.package_identification:Package 'src/lidar_processor_cpp' with type 'ros.ament_cmake' and name 'lidar_processor_cpp'
[0.650s] Level 1:colcon.colcon_core.package_identification:_identify(src/obstacle_avoidance) by extensions ['ignore', 'ignore_ament_install']
[0.650s] Level 1:colcon.colcon_core.package_identification:_identify(src/obstacle_avoidance) by extension 'ignore'
[0.650s] Level 1:colcon.colcon_core.package_identification:_identify(src/obstacle_avoidance) by extension 'ignore_ament_install'
[0.650s] Level 1:colcon.colcon_core.package_identification:_identify(src/obstacle_avoidance) by extensions ['colcon_pkg']
[0.650s] Level 1:colcon.colcon_core.package_identification:_identify(src/obstacle_avoidance) by extension 'colcon_pkg'
[0.650s] Level 1:colcon.colcon_core.package_identification:_identify(src/obstacle_avoidance) by extensions ['colcon_meta']
[0.650s] Level 1:colcon.colcon_core.package_identification:_identify(src/obstacle_avoidance) by extension 'colcon_meta'
[0.650s] Level 1:colcon.colcon_core.package_identification:_identify(src/obstacle_avoidance) by extensions ['ros']
[0.650s] Level 1:colcon.colcon_core.package_identification:_identify(src/obstacle_avoidance) by extension 'ros'
[0.652s] DEBUG:colcon.colcon_core.package_identification:Package 'src/obstacle_avoidance' with type 'ros.ament_python' and name 'obstacle_avoidance'
[0.652s] Level 1:colcon.colcon_core.package_identification:_identify(src/speech_processor) by extensions ['ignore', 'ignore_ament_install']
[0.652s] Level 1:colcon.colcon_core.package_identification:_identify(src/speech_processor) by extension 'ignore'
[0.652s] Level 1:colcon.colcon_core.package_identification:_identify(src/speech_processor) by extension 'ignore_ament_install'
[0.653s] Level 1:colcon.colcon_core.package_identification:_identify(src/speech_processor) by extensions ['colcon_pkg']
[0.653s] Level 1:colcon.colcon_core.package_identification:_identify(src/speech_processor) by extension 'colcon_pkg'
[0.653s] Level 1:colcon.colcon_core.package_identification:_identify(src/speech_processor) by extensions ['colcon_meta']
[0.653s] Level 1:colcon.colcon_core.package_identification:_identify(src/speech_processor) by extension 'colcon_meta'
[0.653s] Level 1:colcon.colcon_core.package_identification:_identify(src/speech_processor) by extensions ['ros']
[0.653s] Level 1:colcon.colcon_core.package_identification:_identify(src/speech_processor) by extension 'ros'
[0.654s] DEBUG:colcon.colcon_core.package_identification:Package 'src/speech_processor' with type 'ros.ament_python' and name 'speech_processor'
[0.655s] Level 1:colcon.colcon_core.package_identification:_identify(tts_cache) by extensions ['ignore', 'ignore_ament_install']
[0.655s] Level 1:colcon.colcon_core.package_identification:_identify(tts_cache) by extension 'ignore'
[0.655s] Level 1:colcon.colcon_core.package_identification:_identify(tts_cache) by extension 'ignore_ament_install'
[0.655s] Level 1:colcon.colcon_core.package_identification:_identify(tts_cache) by extensions ['colcon_pkg']
[0.655s] Level 1:colcon.colcon_core.package_identification:_identify(tts_cache) by extension 'colcon_pkg'
[0.655s] Level 1:colcon.colcon_core.package_identification:_identify(tts_cache) by extensions ['colcon_meta']
[0.655s] Level 1:colcon.colcon_core.package_identification:_identify(tts_cache) by extension 'colcon_meta'
[0.655s] Level 1:colcon.colcon_core.package_identification:_identify(tts_cache) by extensions ['ros']
[0.656s] Level 1:colcon.colcon_core.package_identification:_identify(tts_cache) by extension 'ros'
[0.656s] Level 1:colcon.colcon_core.package_identification:_identify(tts_cache) by extensions ['cmake', 'python']
[0.656s] Level 1:colcon.colcon_core.package_identification:_identify(tts_cache) by extension 'cmake'
[0.656s] Level 1:colcon.colcon_core.package_identification:_identify(tts_cache) by extension 'python'
[0.656s] Level 1:colcon.colcon_core.package_identification:_identify(tts_cache) by extensions ['python_setup_py']
[0.656s] Level 1:colcon.colcon_core.package_identification:_identify(tts_cache) by extension 'python_setup_py'
[0.656s] Level 1:colcon.colcon_core.package_discovery:discover_packages(recursive) using defaults
[0.656s] Level 1:colcon.colcon_core.package_discovery:discover_packages(ignore) discover
[0.656s] Level 1:colcon.colcon_core.package_discovery:discover_packages(ignore) using defaults
[0.656s] Level 1:colcon.colcon_core.package_discovery:discover_packages(path) discover
[0.656s] Level 1:colcon.colcon_core.package_discovery:discover_packages(path) using defaults
[0.741s] Level 1:colcon.colcon_core.package_discovery:discover_packages(prefix_path) check parameters
[0.741s] Level 1:colcon.colcon_core.package_discovery:discover_packages(prefix_path) discover
[0.746s] DEBUG:colcon.colcon_installed_package_information.package_discovery:Found 7 installed packages in /home/krish/ros2_ws/install
[0.749s] DEBUG:colcon.colcon_installed_package_information.package_discovery:Found 330 installed packages in /opt/ros/humble
[0.751s] Level 1:colcon.colcon_core.package_discovery:discover_packages(prefix_path) using defaults
[0.831s] Level 5:colcon.colcon_core.verb:set package 'coco_detector' build argument 'cmake_args' from command line to 'None'
[0.831s] Level 5:colcon.colcon_core.verb:set package 'coco_detector' build argument 'cmake_target' from command line to 'None'
[0.832s] Level 5:colcon.colcon_core.verb:set package 'coco_detector' build argument 'cmake_target_skip_unavailable' from command line to 'False'
[0.832s] Level 5:colcon.colcon_core.verb:set package 'coco_detector' build argument 'cmake_clean_cache' from command line to 'False'
[0.832s] Level 5:colcon.colcon_core.verb:set package 'coco_detector' build argument 'cmake_clean_first' from command line to 'False'
[0.832s] Level 5:colcon.colcon_core.verb:set package 'coco_detector' build argument 'cmake_force_configure' from command line to 'False'
[0.832s] Level 5:colcon.colcon_core.verb:set package 'coco_detector' build argument 'ament_cmake_args' from command line to 'None'
[0.832s] Level 5:colcon.colcon_core.verb:set package 'coco_detector' build argument 'catkin_cmake_args' from command line to 'None'
[0.832s] Level 5:colcon.colcon_core.verb:set package 'coco_detector' build argument 'catkin_skip_building_tests' from command line to 'False'
[0.832s] DEBUG:colcon.colcon_core.verb:Building package 'coco_detector' with the following arguments: {'ament_cmake_args': None, 'build_base': '/home/krish/ros2_ws/build/coco_detector', 'catkin_cmake_args': None, 'catkin_skip_building_tests': False, 'cmake_args': None, 'cmake_clean_cache': False, 'cmake_clean_first': False, 'cmake_force_configure': False, 'cmake_target': None, 'cmake_target_skip_unavailable': False, 'install_base': '/home/krish/ros2_ws/install/coco_detector', 'merge_install': False, 'path': '/home/krish/ros2_ws/src/coco_detector', 'symlink_install': False, 'test_result_base': None}
[0.833s] Level 5:colcon.colcon_core.verb:set package 'go2_interfaces' build argument 'cmake_args' from command line to 'None'
[0.833s] Level 5:colcon.colcon_core.verb:set package 'go2_interfaces' build argument 'cmake_target' from command line to 'None'
[0.833s] Level 5:colcon.colcon_core.verb:set package 'go2_interfaces' build argument 'cmake_target_skip_unavailable' from command line to 'False'
[0.833s] Level 5:colcon.colcon_core.verb:set package 'go2_interfaces' build argument 'cmake_clean_cache' from command line to 'False'
[0.833s] Level 5:colcon.colcon_core.verb:set package 'go2_interfaces' build argument 'cmake_clean_first' from command line to 'False'
[0.833s] Level 5:colcon.colcon_core.verb:set package 'go2_interfaces' build argument 'cmake_force_configure' from command line to 'False'
[0.833s] Level 5:colcon.colcon_core.verb:set package 'go2_interfaces' build argument 'ament_cmake_args' from command line to 'None'
[0.833s] Level 5:colcon.colcon_core.verb:set package 'go2_interfaces' build argument 'catkin_cmake_args' from command line to 'None'
[0.833s] Level 5:colcon.colcon_core.verb:set package 'go2_interfaces' build argument 'catkin_skip_building_tests' from command line to 'False'
[0.833s] DEBUG:colcon.colcon_core.verb:Building package 'go2_interfaces' with the following arguments: {'ament_cmake_args': None, 'build_base': '/home/krish/ros2_ws/build/go2_interfaces', 'catkin_cmake_args': None, 'catkin_skip_building_tests': False, 'cmake_args': None, 'cmake_clean_cache': False, 'cmake_clean_first': False, 'cmake_force_configure': False, 'cmake_target': None, 'cmake_target_skip_unavailable': False, 'install_base': '/home/krish/ros2_ws/install/go2_interfaces', 'merge_install': False, 'path': '/home/krish/ros2_ws/src/go2_interfaces', 'symlink_install': False, 'test_result_base': None}
[0.834s] Level 5:colcon.colcon_core.verb:set package 'lidar_processor' build argument 'cmake_args' from command line to 'None'
[0.834s] Level 5:colcon.colcon_core.verb:set package 'lidar_processor' build argument 'cmake_target' from command line to 'None'
[0.834s] Level 5:colcon.colcon_core.verb:set package 'lidar_processor' build argument 'cmake_target_skip_unavailable' from command line to 'False'
[0.834s] Level 5:colcon.colcon_core.verb:set package 'lidar_processor' build argument 'cmake_clean_cache' from command line to 'False'
[0.834s] Level 5:colcon.colcon_core.verb:set package 'lidar_processor' build argument 'cmake_clean_first' from command line to 'False'
[0.834s] Level 5:colcon.colcon_core.verb:set package 'lidar_processor' build argument 'cmake_force_configure' from command line to 'False'
[0.834s] Level 5:colcon.colcon_core.verb:set package 'lidar_processor' build argument 'ament_cmake_args' from command line to 'None'
[0.834s] Level 5:colcon.colcon_core.verb:set package 'lidar_processor' build argument 'catkin_cmake_args' from command line to 'None'
[0.834s] Level 5:colcon.colcon_core.verb:set package 'lidar_processor' build argument 'catkin_skip_building_tests' from command line to 'False'
[0.834s] DEBUG:colcon.colcon_core.verb:Building package 'lidar_processor' with the following arguments: {'ament_cmake_args': None, 'build_base': '/home/krish/ros2_ws/build/lidar_processor', 'catkin_cmake_args': None, 'catkin_skip_building_tests': False, 'cmake_args': None, 'cmake_clean_cache': False, 'cmake_clean_first': False, 'cmake_force_configure': False, 'cmake_target': None, 'cmake_target_skip_unavailable': False, 'install_base': '/home/krish/ros2_ws/install/lidar_processor', 'merge_install': False, 'path': '/home/krish/ros2_ws/src/lidar_processor', 'symlink_install': False, 'test_result_base': None}
[0.835s] Level 5:colcon.colcon_core.verb:set package 'lidar_processor_cpp' build argument 'cmake_args' from command line to 'None'
[0.835s] Level 5:colcon.colcon_core.verb:set package 'lidar_processor_cpp' build argument 'cmake_target' from command line to 'None'
[0.835s] Level 5:colcon.colcon_core.verb:set package 'lidar_processor_cpp' build argument 'cmake_target_skip_unavailable' from command line to 'False'
[0.835s] Level 5:colcon.colcon_core.verb:set package 'lidar_processor_cpp' build argument 'cmake_clean_cache' from command line to 'False'
[0.835s] Level 5:colcon.colcon_core.verb:set package 'lidar_processor_cpp' build argument 'cmake_clean_first' from command line to 'False'
[0.835s] Level 5:colcon.colcon_core.verb:set package 'lidar_processor_cpp' build argument 'cmake_force_configure' from command line to 'False'
[0.835s] Level 5:colcon.colcon_core.verb:set package 'lidar_processor_cpp' build argument 'ament_cmake_args' from command line to 'None'
[0.835s] Level 5:colcon.colcon_core.verb:set package 'lidar_processor_cpp' build argument 'catkin_cmake_args' from command line to 'None'
[0.835s] Level 5:colcon.colcon_core.verb:set package 'lidar_processor_cpp' build argument 'catkin_skip_building_tests' from command line to 'False'
[0.835s] DEBUG:colcon.colcon_core.verb:Building package 'lidar_processor_cpp' with the following arguments: {'ament_cmake_args': None, 'build_base': '/home/krish/ros2_ws/build/lidar_processor_cpp', 'catkin_cmake_args': None, 'catkin_skip_building_tests': False, 'cmake_args': None, 'cmake_clean_cache': False, 'cmake_clean_first': False, 'cmake_force_configure': False, 'cmake_target': None, 'cmake_target_skip_unavailable': False, 'install_base': '/home/krish/ros2_ws/install/lidar_processor_cpp', 'merge_install': False, 'path': '/home/krish/ros2_ws/src/lidar_processor_cpp', 'symlink_install': False, 'test_result_base': None}
[0.836s] Level 5:colcon.colcon_core.verb:set package 'obstacle_avoidance' build argument 'cmake_args' from command line to 'None'
[0.836s] Level 5:colcon.colcon_core.verb:set package 'obstacle_avoidance' build argument 'cmake_target' from command line to 'None'
[0.836s] Level 5:colcon.colcon_core.verb:set package 'obstacle_avoidance' build argument 'cmake_target_skip_unavailable' from command line to 'False'
[0.836s] Level 5:colcon.colcon_core.verb:set package 'obstacle_avoidance' build argument 'cmake_clean_cache' from command line to 'False'
[0.836s] Level 5:colcon.colcon_core.verb:set package 'obstacle_avoidance' build argument 'cmake_clean_first' from command line to 'False'
[0.836s] Level 5:colcon.colcon_core.verb:set package 'obstacle_avoidance' build argument 'cmake_force_configure' from command line to 'False'
[0.836s] Level 5:colcon.colcon_core.verb:set package 'obstacle_avoidance' build argument 'ament_cmake_args' from command line to 'None'
[0.836s] Level 5:colcon.colcon_core.verb:set package 'obstacle_avoidance' build argument 'catkin_cmake_args' from command line to 'None'
[0.836s] Level 5:colcon.colcon_core.verb:set package 'obstacle_avoidance' build argument 'catkin_skip_building_tests' from command line to 'False'
[0.836s] DEBUG:colcon.colcon_core.verb:Building package 'obstacle_avoidance' with the following arguments: {'ament_cmake_args': None, 'build_base': '/home/krish/ros2_ws/build/obstacle_avoidance', 'catkin_cmake_args': None, 'catkin_skip_building_tests': False, 'cmake_args': None, 'cmake_clean_cache': False, 'cmake_clean_first': False, 'cmake_force_configure': False, 'cmake_target': None, 'cmake_target_skip_unavailable': False, 'install_base': '/home/krish/ros2_ws/install/obstacle_avoidance', 'merge_install': False, 'path': '/home/krish/ros2_ws/src/obstacle_avoidance', 'symlink_install': False, 'test_result_base': None}
[0.837s] Level 5:colcon.colcon_core.verb:set package 'go2_robot_sdk' build argument 'cmake_args' from command line to 'None'
[0.837s] Level 5:colcon.colcon_core.verb:set package 'go2_robot_sdk' build argument 'cmake_target' from command line to 'None'
[0.837s] Level 5:colcon.colcon_core.verb:set package 'go2_robot_sdk' build argument 'cmake_target_skip_unavailable' from command line to 'False'
[0.837s] Level 5:colcon.colcon_core.verb:set package 'go2_robot_sdk' build argument 'cmake_clean_cache' from command line to 'False'
[0.837s] Level 5:colcon.colcon_core.verb:set package 'go2_robot_sdk' build argument 'cmake_clean_first' from command line to 'False'
[0.837s] Level 5:colcon.colcon_core.verb:set package 'go2_robot_sdk' build argument 'cmake_force_configure' from command line to 'False'
[0.837s] Level 5:colcon.colcon_core.verb:set package 'go2_robot_sdk' build argument 'ament_cmake_args' from command line to 'None'
[0.837s] Level 5:colcon.colcon_core.verb:set package 'go2_robot_sdk' build argument 'catkin_cmake_args' from command line to 'None'
[0.837s] Level 5:colcon.colcon_core.verb:set package 'go2_robot_sdk' build argument 'catkin_skip_building_tests' from command line to 'False'
[0.837s] DEBUG:colcon.colcon_core.verb:Building package 'go2_robot_sdk' with the following arguments: {'ament_cmake_args': None, 'build_base': '/home/krish/ros2_ws/build/go2_robot_sdk', 'catkin_cmake_args': None, 'catkin_skip_building_tests': False, 'cmake_args': None, 'cmake_clean_cache': False, 'cmake_clean_first': False, 'cmake_force_configure': False, 'cmake_target': None, 'cmake_target_skip_unavailable': False, 'install_base': '/home/krish/ros2_ws/install/go2_robot_sdk', 'merge_install': False, 'path': '/home/krish/ros2_ws/src/go2_robot_sdk', 'symlink_install': False, 'test_result_base': None}
[0.838s] Level 5:colcon.colcon_core.verb:set package 'speech_processor' build argument 'cmake_args' from command line to 'None'
[0.838s] Level 5:colcon.colcon_core.verb:set package 'speech_processor' build argument 'cmake_target' from command line to 'None'
[0.838s] Level 5:colcon.colcon_core.verb:set package 'speech_processor' build argument 'cmake_target_skip_unavailable' from command line to 'False'
[0.838s] Level 5:colcon.colcon_core.verb:set package 'speech_processor' build argument 'cmake_clean_cache' from command line to 'False'
[0.838s] Level 5:colcon.colcon_core.verb:set package 'speech_processor' build argument 'cmake_clean_first' from command line to 'False'
[0.838s] Level 5:colcon.colcon_core.verb:set package 'speech_processor' build argument 'cmake_force_configure' from command line to 'False'
[0.838s] Level 5:colcon.colcon_core.verb:set package 'speech_processor' build argument 'ament_cmake_args' from command line to 'None'
[0.838s] Level 5:colcon.colcon_core.verb:set package 'speech_processor' build argument 'catkin_cmake_args' from command line to 'None'
[0.838s] Level 5:colcon.colcon_core.verb:set package 'speech_processor' build argument 'catkin_skip_building_tests' from command line to 'False'
[0.838s] DEBUG:colcon.colcon_core.verb:Building package 'speech_processor' with the following arguments: {'ament_cmake_args': None, 'build_base': '/home/krish/ros2_ws/build/speech_processor', 'catkin_cmake_args': None, 'catkin_skip_building_tests': False, 'cmake_args': None, 'cmake_clean_cache': False, 'cmake_clean_first': False, 'cmake_force_configure': False, 'cmake_target': None, 'cmake_target_skip_unavailable': False, 'install_base': '/home/krish/ros2_ws/install/speech_processor', 'merge_install': False, 'path': '/home/krish/ros2_ws/src/speech_processor', 'symlink_install': False, 'test_result_base': None}
[0.838s] INFO:colcon.colcon_core.executor:Executing jobs using 'parallel' executor
[0.840s] DEBUG:colcon.colcon_parallel_executor.executor.parallel:run_until_complete
[0.841s] INFO:colcon.colcon_ros.task.ament_cmake.build:Building ROS package in '/home/krish/ros2_ws/src/go2_interfaces' with build type 'ament_cmake'
[0.842s] INFO:colcon.colcon_cmake.task.cmake.build:Building CMake package in '/home/krish/ros2_ws/src/go2_interfaces'
[0.846s] INFO:colcon.colcon_core.plugin_system:Skipping extension 'colcon_core.shell.bat': Not used on non-Windows systems
[0.847s] INFO:colcon.colcon_core.shell:Skip shell extension 'powershell' for command environment: Not usable outside of PowerShell
[0.847s] DEBUG:colcon.colcon_core.shell:Skip shell extension 'dsv' for command environment
[0.854s] INFO:colcon.colcon_ros.task.ament_python.build:Building ROS package in '/home/krish/ros2_ws/src/coco_detector' with build type 'ament_python'
[0.855s] Level 1:colcon.colcon_core.shell:create_environment_hook('coco_detector', 'ament_prefix_path')
[0.855s] INFO:colcon.colcon_core.shell:Creating environment hook '/home/krish/ros2_ws/install/coco_detector/share/coco_detector/hook/ament_prefix_path.ps1'
[0.857s] INFO:colcon.colcon_core.shell:Creating environment descriptor '/home/krish/ros2_ws/install/coco_detector/share/coco_detector/hook/ament_prefix_path.dsv'
[0.858s] INFO:colcon.colcon_core.shell:Creating environment hook '/home/krish/ros2_ws/install/coco_detector/share/coco_detector/hook/ament_prefix_path.sh'
[0.859s] INFO:colcon.colcon_core.shell:Skip shell extension 'powershell' for command environment: Not usable outside of PowerShell
[0.860s] DEBUG:colcon.colcon_core.shell:Skip shell extension 'dsv' for command environment
[0.866s] INFO:colcon.colcon_ros.task.ament_python.build:Building ROS package in '/home/krish/ros2_ws/src/lidar_processor' with build type 'ament_python'
[0.867s] Level 1:colcon.colcon_core.shell:create_environment_hook('lidar_processor', 'ament_prefix_path')
[0.867s] INFO:colcon.colcon_core.shell:Creating environment hook '/home/krish/ros2_ws/install/lidar_processor/share/lidar_processor/hook/ament_prefix_path.ps1'
[0.869s] INFO:colcon.colcon_core.shell:Creating environment descriptor '/home/krish/ros2_ws/install/lidar_processor/share/lidar_processor/hook/ament_prefix_path.dsv'
[0.870s] INFO:colcon.colcon_core.shell:Creating environment hook '/home/krish/ros2_ws/install/lidar_processor/share/lidar_processor/hook/ament_prefix_path.sh'
[0.871s] INFO:colcon.colcon_core.shell:Skip shell extension 'powershell' for command environment: Not usable outside of PowerShell
[0.871s] DEBUG:colcon.colcon_core.shell:Skip shell extension 'dsv' for command environment
[0.878s] INFO:colcon.colcon_ros.task.ament_cmake.build:Building ROS package in '/home/krish/ros2_ws/src/lidar_processor_cpp' with build type 'ament_cmake'
[0.879s] INFO:colcon.colcon_cmake.task.cmake.build:Building CMake package in '/home/krish/ros2_ws/src/lidar_processor_cpp'
[0.879s] INFO:colcon.colcon_core.shell:Skip shell extension 'powershell' for command environment: Not usable outside of PowerShell
[0.880s] DEBUG:colcon.colcon_core.shell:Skip shell extension 'dsv' for command environment
[0.888s] INFO:colcon.colcon_ros.task.ament_python.build:Building ROS package in '/home/krish/ros2_ws/src/obstacle_avoidance' with build type 'ament_python'
[0.888s] Level 1:colcon.colcon_core.shell:create_environment_hook('obstacle_avoidance', 'ament_prefix_path')
[0.889s] INFO:colcon.colcon_core.shell:Creating environment hook '/home/krish/ros2_ws/install/obstacle_avoidance/share/obstacle_avoidance/hook/ament_prefix_path.ps1'
[0.891s] INFO:colcon.colcon_core.shell:Creating environment descriptor '/home/krish/ros2_ws/install/obstacle_avoidance/share/obstacle_avoidance/hook/ament_prefix_path.dsv'
[0.891s] INFO:colcon.colcon_core.shell:Creating environment hook '/home/krish/ros2_ws/install/obstacle_avoidance/share/obstacle_avoidance/hook/ament_prefix_path.sh'
[0.893s] INFO:colcon.colcon_core.shell:Skip shell extension 'powershell' for command environment: Not usable outside of PowerShell
[0.893s] DEBUG:colcon.colcon_core.shell:Skip shell extension 'dsv' for command environment
[0.909s] DEBUG:colcon.colcon_core.event_handler.log_command:Invoking command in '/home/krish/ros2_ws/build/go2_interfaces': CMAKE_PREFIX_PATH=${CMAKE_PREFIX_PATH}:/home/krish/ros2_ws/install/obstacle_avoidance:/home/krish/ros2_ws/install/speech_processor:/home/krish/ros2_ws/install/lidar_processor:/home/krish/ros2_ws/install/go2_robot_sdk:/home/krish/ros2_ws/install/coco_detector:/opt/ros/humble /usr/local/bin/cmake --build /home/krish/ros2_ws/build/go2_interfaces -- -j6 -l6
[1.589s] INFO:colcon.colcon_core.task.python.build:Building Python package in '/home/krish/ros2_ws/src/coco_detector'
[1.590s] INFO:colcon.colcon_core.shell:Skip shell extension 'powershell' for command environment: Not usable outside of PowerShell
[1.590s] DEBUG:colcon.colcon_core.shell:Skip shell extension 'dsv' for command environment
[2.186s] INFO:colcon.colcon_core.task.python.build:Building Python package in '/home/krish/ros2_ws/src/lidar_processor'
[2.187s] INFO:colcon.colcon_core.shell:Skip shell extension 'powershell' for command environment: Not usable outside of PowerShell
[2.187s] DEBUG:colcon.colcon_core.shell:Skip shell extension 'dsv' for command environment
[2.200s] DEBUG:colcon.colcon_core.event_handler.log_command:Invoking command in '/home/krish/ros2_ws/build/lidar_processor_cpp': CMAKE_PREFIX_PATH=${CMAKE_PREFIX_PATH}:/home/krish/ros2_ws/install/obstacle_avoidance:/home/krish/ros2_ws/install/speech_processor:/home/krish/ros2_ws/install/lidar_processor:/home/krish/ros2_ws/install/go2_robot_sdk:/home/krish/ros2_ws/install/coco_detector:/opt/ros/humble /usr/local/bin/cmake --build /home/krish/ros2_ws/build/lidar_processor_cpp -- -j6 -l6
[2.801s] INFO:colcon.colcon_core.task.python.build:Building Python package in '/home/krish/ros2_ws/src/obstacle_avoidance'
[2.802s] INFO:colcon.colcon_core.shell:Skip shell extension 'powershell' for command environment: Not usable outside of PowerShell
[2.802s] DEBUG:colcon.colcon_core.shell:Skip shell extension 'dsv' for command environment
[2.824s] DEBUG:colcon.colcon_core.event_handler.log_command:Invoked command in '/home/krish/ros2_ws/build/go2_interfaces' returned '0': CMAKE_PREFIX_PATH=${CMAKE_PREFIX_PATH}:/home/krish/ros2_ws/install/obstacle_avoidance:/home/krish/ros2_ws/install/speech_processor:/home/krish/ros2_ws/install/lidar_processor:/home/krish/ros2_ws/install/go2_robot_sdk:/home/krish/ros2_ws/install/coco_detector:/opt/ros/humble /usr/local/bin/cmake --build /home/krish/ros2_ws/build/go2_interfaces -- -j6 -l6
[2.836s] DEBUG:colcon.colcon_core.event_handler.log_command:Invoking command in '/home/krish/ros2_ws/build/go2_interfaces': CMAKE_PREFIX_PATH=${CMAKE_PREFIX_PATH}:/home/krish/ros2_ws/install/obstacle_avoidance:/home/krish/ros2_ws/install/speech_processor:/home/krish/ros2_ws/install/lidar_processor:/home/krish/ros2_ws/install/go2_robot_sdk:/home/krish/ros2_ws/install/coco_detector:/opt/ros/humble /usr/local/bin/cmake --install /home/krish/ros2_ws/build/go2_interfaces
[2.837s] DEBUG:colcon.colcon_core.event_handler.log_command:Invoked command in '/home/krish/ros2_ws/build/lidar_processor_cpp' returned '0': CMAKE_PREFIX_PATH=${CMAKE_PREFIX_PATH}:/home/krish/ros2_ws/install/obstacle_avoidance:/home/krish/ros2_ws/install/speech_processor:/home/krish/ros2_ws/install/lidar_processor:/home/krish/ros2_ws/install/go2_robot_sdk:/home/krish/ros2_ws/install/coco_detector:/opt/ros/humble /usr/local/bin/cmake --build /home/krish/ros2_ws/build/lidar_processor_cpp -- -j6 -l6
[2.840s] DEBUG:colcon.colcon_core.event_handler.log_command:Invoking command in '/home/krish/ros2_ws/build/lidar_processor_cpp': CMAKE_PREFIX_PATH=${CMAKE_PREFIX_PATH}:/home/krish/ros2_ws/install/obstacle_avoidance:/home/krish/ros2_ws/install/speech_processor:/home/krish/ros2_ws/install/lidar_processor:/home/krish/ros2_ws/install/go2_robot_sdk:/home/krish/ros2_ws/install/coco_detector:/opt/ros/humble /usr/local/bin/cmake --install /home/krish/ros2_ws/build/lidar_processor_cpp
[2.921s] Level 1:colcon.colcon_core.environment:create_environment_scripts_only(lidar_processor_cpp)
[2.930s] DEBUG:colcon.colcon_core.event_handler.log_command:Invoked command in '/home/krish/ros2_ws/build/lidar_processor_cpp' returned '0': CMAKE_PREFIX_PATH=${CMAKE_PREFIX_PATH}:/home/krish/ros2_ws/install/obstacle_avoidance:/home/krish/ros2_ws/install/speech_processor:/home/krish/ros2_ws/install/lidar_processor:/home/krish/ros2_ws/install/go2_robot_sdk:/home/krish/ros2_ws/install/coco_detector:/opt/ros/humble /usr/local/bin/cmake --install /home/krish/ros2_ws/build/lidar_processor_cpp
[2.936s] Level 1:colcon.colcon_core.environment:checking '/home/krish/ros2_ws/install/lidar_processor_cpp' for CMake module files
[2.940s] Level 1:colcon.colcon_core.environment:checking '/home/krish/ros2_ws/install/lidar_processor_cpp' for CMake config files
[2.942s] Level 1:colcon.colcon_core.shell:create_environment_hook('lidar_processor_cpp', 'cmake_prefix_path')
[2.942s] INFO:colcon.colcon_core.shell:Creating environment hook '/home/krish/ros2_ws/install/lidar_processor_cpp/share/lidar_processor_cpp/hook/cmake_prefix_path.ps1'
[2.949s] INFO:colcon.colcon_core.shell:Creating environment descriptor '/home/krish/ros2_ws/install/lidar_processor_cpp/share/lidar_processor_cpp/hook/cmake_prefix_path.dsv'
[2.958s] INFO:colcon.colcon_core.shell:Creating environment hook '/home/krish/ros2_ws/install/lidar_processor_cpp/share/lidar_processor_cpp/hook/cmake_prefix_path.sh'
[2.960s] Level 1:colcon.colcon_core.environment:checking '/home/krish/ros2_ws/install/lidar_processor_cpp/lib'
[2.961s] Level 1:colcon.colcon_core.environment:checking '/home/krish/ros2_ws/install/lidar_processor_cpp/bin'
[2.961s] Level 1:colcon.colcon_core.environment:checking '/home/krish/ros2_ws/install/lidar_processor_cpp/lib/pkgconfig/lidar_processor_cpp.pc'
[2.962s] Level 1:colcon.colcon_core.environment:checking '/home/krish/ros2_ws/install/lidar_processor_cpp/lib/python3.10/site-packages'
[2.962s] Level 1:colcon.colcon_core.environment:checking '/home/krish/ros2_ws/install/lidar_processor_cpp/bin'
[2.964s] INFO:colcon.colcon_core.shell:Creating package script '/home/krish/ros2_ws/install/lidar_processor_cpp/share/lidar_processor_cpp/package.ps1'
[2.977s] INFO:colcon.colcon_core.shell:Creating package descriptor '/home/krish/ros2_ws/install/lidar_processor_cpp/share/lidar_processor_cpp/package.dsv'
[2.980s] INFO:colcon.colcon_core.shell:Creating package script '/home/krish/ros2_ws/install/lidar_processor_cpp/share/lidar_processor_cpp/package.sh'
[2.985s] INFO:colcon.colcon_core.shell:Creating package script '/home/krish/ros2_ws/install/lidar_processor_cpp/share/lidar_processor_cpp/package.bash'
[2.990s] INFO:colcon.colcon_core.shell:Creating package script '/home/krish/ros2_ws/install/lidar_processor_cpp/share/lidar_processor_cpp/package.zsh'
[2.996s] Level 1:colcon.colcon_core.environment:create_file_with_runtime_dependencies(/home/krish/ros2_ws/install/lidar_processor_cpp/share/colcon-core/packages/lidar_processor_cpp)
[3.005s] Level 1:colcon.colcon_core.environment:create_environment_scripts_only(lidar_processor_cpp)
[3.005s] Level 1:colcon.colcon_core.environment:checking '/home/krish/ros2_ws/install/lidar_processor_cpp' for CMake module files
[3.010s] Level 1:colcon.colcon_core.environment:checking '/home/krish/ros2_ws/install/lidar_processor_cpp' for CMake config files
[3.019s] Level 1:colcon.colcon_core.shell:create_environment_hook('lidar_processor_cpp', 'cmake_prefix_path')
[3.021s] INFO:colcon.colcon_core.shell:Creating environment hook '/home/krish/ros2_ws/install/lidar_processor_cpp/share/lidar_processor_cpp/hook/cmake_prefix_path.ps1'
[3.025s] INFO:colcon.colcon_core.shell:Creating environment descriptor '/home/krish/ros2_ws/install/lidar_processor_cpp/share/lidar_processor_cpp/hook/cmake_prefix_path.dsv'
[3.027s] INFO:colcon.colcon_core.shell:Creating environment hook '/home/krish/ros2_ws/install/lidar_processor_cpp/share/lidar_processor_cpp/hook/cmake_prefix_path.sh'
[3.040s] Level 1:colcon.colcon_core.environment:checking '/home/krish/ros2_ws/install/lidar_processor_cpp/lib'
[3.040s] Level 1:colcon.colcon_core.environment:checking '/home/krish/ros2_ws/install/lidar_processor_cpp/bin'
[3.040s] Level 1:colcon.colcon_core.environment:checking '/home/krish/ros2_ws/install/lidar_processor_cpp/lib/pkgconfig/lidar_processor_cpp.pc'
[3.042s] Level 1:colcon.colcon_core.environment:checking '/home/krish/ros2_ws/install/lidar_processor_cpp/lib/python3.10/site-packages'
[3.043s] Level 1:colcon.colcon_core.environment:checking '/home/krish/ros2_ws/install/lidar_processor_cpp/bin'
[3.046s] INFO:colcon.colcon_core.shell:Creating package script '/home/krish/ros2_ws/install/lidar_processor_cpp/share/lidar_processor_cpp/package.ps1'
[3.052s] INFO:colcon.colcon_core.shell:Creating package descriptor '/home/krish/ros2_ws/install/lidar_processor_cpp/share/lidar_processor_cpp/package.dsv'
[3.057s] INFO:colcon.colcon_core.shell:Creating package script '/home/krish/ros2_ws/install/lidar_processor_cpp/share/lidar_processor_cpp/package.sh'
[3.059s] INFO:colcon.colcon_core.shell:Creating package script '/home/krish/ros2_ws/install/lidar_processor_cpp/share/lidar_processor_cpp/package.bash'
[3.061s] INFO:colcon.colcon_core.shell:Creating package script '/home/krish/ros2_ws/install/lidar_processor_cpp/share/lidar_processor_cpp/package.zsh'
[3.074s] Level 1:colcon.colcon_core.environment:create_file_with_runtime_dependencies(/home/krish/ros2_ws/install/lidar_processor_cpp/share/colcon-core/packages/lidar_processor_cpp)
[3.348s] Level 1:colcon.colcon_core.environment:create_environment_scripts_only(go2_interfaces)
[3.349s] Level 1:colcon.colcon_core.environment:checking '/home/krish/ros2_ws/install/go2_interfaces' for CMake module files
[3.350s] Level 1:colcon.colcon_core.environment:checking '/home/krish/ros2_ws/install/go2_interfaces' for CMake config files
[3.351s] Level 1:colcon.colcon_core.shell:create_environment_hook('go2_interfaces', 'cmake_prefix_path')
[3.352s] INFO:colcon.colcon_core.shell:Creating environment hook '/home/krish/ros2_ws/install/go2_interfaces/share/go2_interfaces/hook/cmake_prefix_path.ps1'
[3.354s] DEBUG:colcon.colcon_core.event_handler.log_command:Invoked command in '/home/krish/ros2_ws/build/go2_interfaces' returned '0': CMAKE_PREFIX_PATH=${CMAKE_PREFIX_PATH}:/home/krish/ros2_ws/install/obstacle_avoidance:/home/krish/ros2_ws/install/speech_processor:/home/krish/ros2_ws/install/lidar_processor:/home/krish/ros2_ws/install/go2_robot_sdk:/home/krish/ros2_ws/install/coco_detector:/opt/ros/humble /usr/local/bin/cmake --install /home/krish/ros2_ws/build/go2_interfaces
[3.355s] INFO:colcon.colcon_core.shell:Creating environment descriptor '/home/krish/ros2_ws/install/go2_interfaces/share/go2_interfaces/hook/cmake_prefix_path.dsv'
[3.356s] INFO:colcon.colcon_core.shell:Creating environment hook '/home/krish/ros2_ws/install/go2_interfaces/share/go2_interfaces/hook/cmake_prefix_path.sh'
[3.359s] Level 1:colcon.colcon_core.environment:checking '/home/krish/ros2_ws/install/go2_interfaces/lib'
[3.359s] Level 1:colcon.colcon_core.shell:create_environment_hook('go2_interfaces', 'ld_library_path_lib')
[3.360s] INFO:colcon.colcon_core.shell:Creating environment hook '/home/krish/ros2_ws/install/go2_interfaces/share/go2_interfaces/hook/ld_library_path_lib.ps1'
[3.361s] INFO:colcon.colcon_core.shell:Creating environment descriptor '/home/krish/ros2_ws/install/go2_interfaces/share/go2_interfaces/hook/ld_library_path_lib.dsv'
[3.362s] INFO:colcon.colcon_core.shell:Creating environment hook '/home/krish/ros2_ws/install/go2_interfaces/share/go2_interfaces/hook/ld_library_path_lib.sh'
[3.365s] Level 1:colcon.colcon_core.environment:checking '/home/krish/ros2_ws/install/go2_interfaces/bin'
[3.366s] Level 1:colcon.colcon_core.environment:checking '/home/krish/ros2_ws/install/go2_interfaces/lib/pkgconfig/go2_interfaces.pc'
[3.368s] Level 1:colcon.colcon_core.environment:checking '/home/krish/ros2_ws/install/go2_interfaces/lib/python3.10/site-packages'
[3.369s] Level 1:colcon.colcon_core.environment:checking '/home/krish/ros2_ws/install/go2_interfaces/bin'
[3.370s] INFO:colcon.colcon_core.shell:Creating package script '/home/krish/ros2_ws/install/go2_interfaces/share/go2_interfaces/package.ps1'
[3.373s] INFO:colcon.colcon_core.shell:Creating package descriptor '/home/krish/ros2_ws/install/go2_interfaces/share/go2_interfaces/package.dsv'
[3.375s] INFO:colcon.colcon_core.shell:Creating package script '/home/krish/ros2_ws/install/go2_interfaces/share/go2_interfaces/package.sh'
[3.378s] INFO:colcon.colcon_core.shell:Creating package script '/home/krish/ros2_ws/install/go2_interfaces/share/go2_interfaces/package.bash'
[3.379s] INFO:colcon.colcon_core.shell:Creating package script '/home/krish/ros2_ws/install/go2_interfaces/share/go2_interfaces/package.zsh'
[3.380s] Level 1:colcon.colcon_core.environment:create_file_with_runtime_dependencies(/home/krish/ros2_ws/install/go2_interfaces/share/colcon-core/packages/go2_interfaces)
[3.382s] Level 1:colcon.colcon_core.environment:create_environment_scripts_only(go2_interfaces)
[3.382s] Level 1:colcon.colcon_core.environment:checking '/home/krish/ros2_ws/install/go2_interfaces' for CMake module files
[3.384s] Level 1:colcon.colcon_core.environment:checking '/home/krish/ros2_ws/install/go2_interfaces' for CMake config files
[3.386s] Level 1:colcon.colcon_core.shell:create_environment_hook('go2_interfaces', 'cmake_prefix_path')
[3.386s] INFO:colcon.colcon_core.shell:Creating environment hook '/home/krish/ros2_ws/install/go2_interfaces/share/go2_interfaces/hook/cmake_prefix_path.ps1'
[3.388s] INFO:colcon.colcon_core.shell:Creating environment descriptor '/home/krish/ros2_ws/install/go2_interfaces/share/go2_interfaces/hook/cmake_prefix_path.dsv'
[3.389s] INFO:colcon.colcon_core.shell:Creating environment hook '/home/krish/ros2_ws/install/go2_interfaces/share/go2_interfaces/hook/cmake_prefix_path.sh'
[3.390s] Level 1:colcon.colcon_core.environment:checking '/home/krish/ros2_ws/install/go2_interfaces/lib'
[3.390s] Level 1:colcon.colcon_core.shell:create_environment_hook('go2_interfaces', 'ld_library_path_lib')
[3.391s] INFO:colcon.colcon_core.shell:Creating environment hook '/home/krish/ros2_ws/install/go2_interfaces/share/go2_interfaces/hook/ld_library_path_lib.ps1'
[3.392s] INFO:colcon.colcon_core.shell:Creating environment descriptor '/home/krish/ros2_ws/install/go2_interfaces/share/go2_interfaces/hook/ld_library_path_lib.dsv'
[3.393s] INFO:colcon.colcon_core.shell:Creating environment hook '/home/krish/ros2_ws/install/go2_interfaces/share/go2_interfaces/hook/ld_library_path_lib.sh'
[3.394s] Level 1:colcon.colcon_core.environment:checking '/home/krish/ros2_ws/install/go2_interfaces/bin'
[3.394s] Level 1:colcon.colcon_core.environment:checking '/home/krish/ros2_ws/install/go2_interfaces/lib/pkgconfig/go2_interfaces.pc'
[3.395s] Level 1:colcon.colcon_core.environment:checking '/home/krish/ros2_ws/install/go2_interfaces/lib/python3.10/site-packages'
[3.395s] Level 1:colcon.colcon_core.environment:checking '/home/krish/ros2_ws/install/go2_interfaces/bin'
[3.396s] INFO:colcon.colcon_core.shell:Creating package script '/home/krish/ros2_ws/install/go2_interfaces/share/go2_interfaces/package.ps1'
[3.398s] INFO:colcon.colcon_core.shell:Creating package descriptor '/home/krish/ros2_ws/install/go2_interfaces/share/go2_interfaces/package.dsv'
[3.400s] INFO:colcon.colcon_core.shell:Creating package script '/home/krish/ros2_ws/install/go2_interfaces/share/go2_interfaces/package.sh'
[3.401s] INFO:colcon.colcon_core.shell:Creating package script '/home/krish/ros2_ws/install/go2_interfaces/share/go2_interfaces/package.bash'
[3.402s] INFO:colcon.colcon_core.shell:Creating package script '/home/krish/ros2_ws/install/go2_interfaces/share/go2_interfaces/package.zsh'
[3.404s] Level 1:colcon.colcon_core.environment:create_file_with_runtime_dependencies(/home/krish/ros2_ws/install/go2_interfaces/share/colcon-core/packages/go2_interfaces)
[3.406s] INFO:colcon.colcon_ros.task.ament_python.build:Building ROS package in '/home/krish/ros2_ws/src/go2_robot_sdk' with build type 'ament_python'
[3.407s] Level 1:colcon.colcon_core.shell:create_environment_hook('go2_robot_sdk', 'ament_prefix_path')
[3.407s] INFO:colcon.colcon_core.shell:Creating environment hook '/home/krish/ros2_ws/install/go2_robot_sdk/share/go2_robot_sdk/hook/ament_prefix_path.ps1'
[3.409s] INFO:colcon.colcon_core.shell:Creating environment descriptor '/home/krish/ros2_ws/install/go2_robot_sdk/share/go2_robot_sdk/hook/ament_prefix_path.dsv'
[3.412s] INFO:colcon.colcon_core.shell:Creating environment hook '/home/krish/ros2_ws/install/go2_robot_sdk/share/go2_robot_sdk/hook/ament_prefix_path.sh'
[3.416s] INFO:colcon.colcon_core.shell:Skip shell extension 'powershell' for command environment: Not usable outside of PowerShell
[3.416s] DEBUG:colcon.colcon_core.shell:Skip shell extension 'dsv' for command environment
[3.441s] INFO:colcon.colcon_ros.task.ament_python.build:Building ROS package in '/home/krish/ros2_ws/src/speech_processor' with build type 'ament_python'
[3.442s] Level 1:colcon.colcon_core.shell:create_environment_hook('speech_processor', 'ament_prefix_path')
[3.443s] INFO:colcon.colcon_core.shell:Creating environment hook '/home/krish/ros2_ws/install/speech_processor/share/speech_processor/hook/ament_prefix_path.ps1'
[3.445s] INFO:colcon.colcon_core.shell:Creating environment descriptor '/home/krish/ros2_ws/install/speech_processor/share/speech_processor/hook/ament_prefix_path.dsv'
[3.446s] INFO:colcon.colcon_core.shell:Creating environment hook '/home/krish/ros2_ws/install/speech_processor/share/speech_processor/hook/ament_prefix_path.sh'
[3.447s] INFO:colcon.colcon_core.shell:Skip shell extension 'powershell' for command environment: Not usable outside of PowerShell
[3.447s] DEBUG:colcon.colcon_core.shell:Skip shell extension 'dsv' for command environment
[4.083s] INFO:colcon.colcon_core.task.python.build:Building Python package in '/home/krish/ros2_ws/src/go2_robot_sdk'
[4.084s] INFO:colcon.colcon_core.shell:Skip shell extension 'powershell' for command environment: Not usable outside of PowerShell
[4.084s] DEBUG:colcon.colcon_core.shell:Skip shell extension 'dsv' for command environment
[4.683s] INFO:colcon.colcon_core.task.python.build:Building Python package in '/home/krish/ros2_ws/src/speech_processor'
[4.683s] INFO:colcon.colcon_core.shell:Skip shell extension 'powershell' for command environment: Not usable outside of PowerShell
[4.684s] DEBUG:colcon.colcon_core.shell:Skip shell extension 'dsv' for command environment
[4.694s] DEBUG:colcon.colcon_core.event_handler.log_command:Invoking command in '/home/krish/ros2_ws/src/coco_detector': PYTHONPATH=/home/krish/ros2_ws/build/coco_detector/prefix_override:/usr/lib/python3/dist-packages/colcon_core/task/python/colcon_distutils_commands:/home/krish/ros2_ws/install/coco_detector/lib/python3.10/site-packages:${PYTHONPATH} /usr/bin/python3 -W ignore:setup.py install is deprecated -W ignore:easy_install command is deprecated setup.py egg_info --egg-base ../../build/coco_detector build --build-base /home/krish/ros2_ws/build/coco_detector/build install --record /home/krish/ros2_ws/build/coco_detector/install.log --single-version-externally-managed install_data
[4.698s] DEBUG:colcon.colcon_core.event_handler.log_command:Invoking command in '/home/krish/ros2_ws/src/obstacle_avoidance': PYTHONPATH=/home/krish/ros2_ws/build/obstacle_avoidance/prefix_override:/usr/lib/python3/dist-packages/colcon_core/task/python/colcon_distutils_commands:/home/krish/ros2_ws/install/obstacle_avoidance/lib/python3.10/site-packages:${PYTHONPATH} /usr/bin/python3 -W ignore:setup.py install is deprecated -W ignore:easy_install command is deprecated setup.py egg_info --egg-base ../../build/obstacle_avoidance build --build-base /home/krish/ros2_ws/build/obstacle_avoidance/build install --record /home/krish/ros2_ws/build/obstacle_avoidance/install.log --single-version-externally-managed install_data
[4.716s] DEBUG:colcon.colcon_core.event_handler.log_command:Invoking command in '/home/krish/ros2_ws/src/lidar_processor': PYTHONPATH=/home/krish/ros2_ws/build/lidar_processor/prefix_override:/usr/lib/python3/dist-packages/colcon_core/task/python/colcon_distutils_commands:/home/krish/ros2_ws/install/lidar_processor/lib/python3.10/site-packages:${PYTHONPATH} /usr/bin/python3 -W ignore:setup.py install is deprecated -W ignore:easy_install command is deprecated setup.py egg_info --egg-base ../../build/lidar_processor build --build-base /home/krish/ros2_ws/build/lidar_processor/build install --record /home/krish/ros2_ws/build/lidar_processor/install.log --single-version-externally-managed install_data
[5.536s] Level 1:colcon.colcon_core.environment:checking '/home/krish/ros2_ws/install/obstacle_avoidance' for CMake module files
[5.538s] DEBUG:colcon.colcon_core.event_handler.log_command:Invoked command in '/home/krish/ros2_ws/src/obstacle_avoidance' returned '0': PYTHONPATH=/home/krish/ros2_ws/build/obstacle_avoidance/prefix_override:/usr/lib/python3/dist-packages/colcon_core/task/python/colcon_distutils_commands:/home/krish/ros2_ws/install/obstacle_avoidance/lib/python3.10/site-packages:${PYTHONPATH} /usr/bin/python3 -W ignore:setup.py install is deprecated -W ignore:easy_install command is deprecated setup.py egg_info --egg-base ../../build/obstacle_avoidance build --build-base /home/krish/ros2_ws/build/obstacle_avoidance/build install --record /home/krish/ros2_ws/build/obstacle_avoidance/install.log --single-version-externally-managed install_data
[5.539s] Level 1:colcon.colcon_core.environment:checking '/home/krish/ros2_ws/install/obstacle_avoidance' for CMake config files
[5.540s] Level 1:colcon.colcon_core.environment:checking '/home/krish/ros2_ws/install/obstacle_avoidance/lib'
[5.540s] Level 1:colcon.colcon_core.environment:checking '/home/krish/ros2_ws/install/obstacle_avoidance/bin'
[5.540s] Level 1:colcon.colcon_core.environment:checking '/home/krish/ros2_ws/install/obstacle_avoidance/lib/pkgconfig/obstacle_avoidance.pc'
[5.541s] Level 1:colcon.colcon_core.environment:checking '/home/krish/ros2_ws/install/obstacle_avoidance/lib/python3.10/site-packages'
[5.541s] Level 1:colcon.colcon_core.shell:create_environment_hook('obstacle_avoidance', 'pythonpath')
[5.542s] INFO:colcon.colcon_core.shell:Creating environment hook '/home/krish/ros2_ws/install/obstacle_avoidance/share/obstacle_avoidance/hook/pythonpath.ps1'
[5.543s] INFO:colcon.colcon_core.shell:Creating environment descriptor '/home/krish/ros2_ws/install/obstacle_avoidance/share/obstacle_avoidance/hook/pythonpath.dsv'
[5.544s] INFO:colcon.colcon_core.shell:Creating environment hook '/home/krish/ros2_ws/install/obstacle_avoidance/share/obstacle_avoidance/hook/pythonpath.sh'
[5.550s] Level 1:colcon.colcon_core.environment:checking '/home/krish/ros2_ws/install/obstacle_avoidance/bin'
[5.551s] Level 1:colcon.colcon_core.environment:create_environment_scripts_only(obstacle_avoidance)
[5.552s] INFO:colcon.colcon_core.shell:Creating package script '/home/krish/ros2_ws/install/obstacle_avoidance/share/obstacle_avoidance/package.ps1'
[5.553s] INFO:colcon.colcon_core.shell:Creating package descriptor '/home/krish/ros2_ws/install/obstacle_avoidance/share/obstacle_avoidance/package.dsv'
[5.556s] INFO:colcon.colcon_core.shell:Creating package script '/home/krish/ros2_ws/install/obstacle_avoidance/share/obstacle_avoidance/package.sh'
[5.557s] INFO:colcon.colcon_core.shell:Creating package script '/home/krish/ros2_ws/install/obstacle_avoidance/share/obstacle_avoidance/package.bash'
[5.558s] INFO:colcon.colcon_core.shell:Creating package script '/home/krish/ros2_ws/install/obstacle_avoidance/share/obstacle_avoidance/package.zsh'
[5.559s] Level 1:colcon.colcon_core.environment:create_file_with_runtime_dependencies(/home/krish/ros2_ws/install/obstacle_avoidance/share/colcon-core/packages/obstacle_avoidance)
[5.679s] Level 1:colcon.colcon_core.environment:checking '/home/krish/ros2_ws/install/coco_detector' for CMake module files
[5.681s] Level 1:colcon.colcon_core.environment:checking '/home/krish/ros2_ws/install/coco_detector' for CMake config files
[5.682s] Level 1:colcon.colcon_core.environment:checking '/home/krish/ros2_ws/install/coco_detector/lib'
[5.682s] Level 1:colcon.colcon_core.environment:checking '/home/krish/ros2_ws/install/coco_detector/bin'
[5.682s] Level 1:colcon.colcon_core.environment:checking '/home/krish/ros2_ws/install/coco_detector/lib/pkgconfig/coco_detector.pc'
[5.683s] Level 1:colcon.colcon_core.environment:checking '/home/krish/ros2_ws/install/coco_detector/lib/python3.10/site-packages'
[5.680s] DEBUG:colcon.colcon_core.event_handler.log_command:Invoked command in '/home/krish/ros2_ws/src/coco_detector' returned '0': PYTHONPATH=/home/krish/ros2_ws/build/coco_detector/prefix_override:/usr/lib/python3/dist-packages/colcon_core/task/python/colcon_distutils_commands:/home/krish/ros2_ws/install/coco_detector/lib/python3.10/site-packages:${PYTHONPATH} /usr/bin/python3 -W ignore:setup.py install is deprecated -W ignore:easy_install command is deprecated setup.py egg_info --egg-base ../../build/coco_detector build --build-base /home/krish/ros2_ws/build/coco_detector/build install --record /home/krish/ros2_ws/build/coco_detector/install.log --single-version-externally-managed install_data
[5.684s] Level 1:colcon.colcon_core.shell:create_environment_hook('coco_detector', 'pythonpath')
[5.684s] INFO:colcon.colcon_core.shell:Creating environment hook '/home/krish/ros2_ws/install/coco_detector/share/coco_detector/hook/pythonpath.ps1'
[5.687s] INFO:colcon.colcon_core.shell:Creating environment descriptor '/home/krish/ros2_ws/install/coco_detector/share/coco_detector/hook/pythonpath.dsv'
[5.689s] INFO:colcon.colcon_core.shell:Creating environment hook '/home/krish/ros2_ws/install/coco_detector/share/coco_detector/hook/pythonpath.sh'
[5.690s] Level 1:colcon.colcon_core.environment:checking '/home/krish/ros2_ws/install/coco_detector/bin'
[5.690s] Level 1:colcon.colcon_core.environment:create_environment_scripts_only(coco_detector)
[5.691s] INFO:colcon.colcon_core.shell:Creating package script '/home/krish/ros2_ws/install/coco_detector/share/coco_detector/package.ps1'
[5.693s] INFO:colcon.colcon_core.shell:Creating package descriptor '/home/krish/ros2_ws/install/coco_detector/share/coco_detector/package.dsv'
[5.694s] INFO:colcon.colcon_core.shell:Creating package script '/home/krish/ros2_ws/install/coco_detector/share/coco_detector/package.sh'
[5.696s] INFO:colcon.colcon_core.shell:Creating package script '/home/krish/ros2_ws/install/coco_detector/share/coco_detector/package.bash'
[5.697s] INFO:colcon.colcon_core.shell:Creating package script '/home/krish/ros2_ws/install/coco_detector/share/coco_detector/package.zsh'
[5.698s] Level 1:colcon.colcon_core.environment:create_file_with_runtime_dependencies(/home/krish/ros2_ws/install/coco_detector/share/colcon-core/packages/coco_detector)
[5.870s] DEBUG:colcon.colcon_core.event_handler.log_command:Invoking command in '/home/krish/ros2_ws/src/speech_processor': CMAKE_PREFIX_PATH=/home/krish/ros2_ws/install/go2_interfaces:/home/krish/ros2_ws/install/lidar_processor_cpp PYTHONPATH=/home/krish/ros2_ws/build/speech_processor/prefix_override:/usr/lib/python3/dist-packages/colcon_core/task/python/colcon_distutils_commands:/home/krish/ros2_ws/install/speech_processor/lib/python3.10/site-packages:${PYTHONPATH} /usr/bin/python3 -W ignore:setup.py install is deprecated -W ignore:easy_install command is deprecated setup.py egg_info --egg-base ../../build/speech_processor build --build-base /home/krish/ros2_ws/build/speech_processor/build install --record /home/krish/ros2_ws/build/speech_processor/install.log --single-version-externally-managed install_data
[5.895s] Level 1:colcon.colcon_core.environment:checking '/home/krish/ros2_ws/install/lidar_processor' for CMake module files
[5.896s] Level 1:colcon.colcon_core.environment:checking '/home/krish/ros2_ws/install/lidar_processor' for CMake config files
[5.897s] Level 1:colcon.colcon_core.environment:checking '/home/krish/ros2_ws/install/lidar_processor/lib'
[5.898s] Level 1:colcon.colcon_core.environment:checking '/home/krish/ros2_ws/install/lidar_processor/bin'
[5.899s] Level 1:colcon.colcon_core.environment:checking '/home/krish/ros2_ws/install/lidar_processor/lib/pkgconfig/lidar_processor.pc'
[5.899s] DEBUG:colcon.colcon_core.event_handler.log_command:Invoked command in '/home/krish/ros2_ws/src/lidar_processor' returned '0': PYTHONPATH=/home/krish/ros2_ws/build/lidar_processor/prefix_override:/usr/lib/python3/dist-packages/colcon_core/task/python/colcon_distutils_commands:/home/krish/ros2_ws/install/lidar_processor/lib/python3.10/site-packages:${PYTHONPATH} /usr/bin/python3 -W ignore:setup.py install is deprecated -W ignore:easy_install command is deprecated setup.py egg_info --egg-base ../../build/lidar_processor build --build-base /home/krish/ros2_ws/build/lidar_processor/build install --record /home/krish/ros2_ws/build/lidar_processor/install.log --single-version-externally-managed install_data
[5.899s] Level 1:colcon.colcon_core.environment:checking '/home/krish/ros2_ws/install/lidar_processor/lib/python3.10/site-packages'
[5.900s] Level 1:colcon.colcon_core.shell:create_environment_hook('lidar_processor', 'pythonpath')
[5.900s] INFO:colcon.colcon_core.shell:Creating environment hook '/home/krish/ros2_ws/install/lidar_processor/share/lidar_processor/hook/pythonpath.ps1'
[5.905s] INFO:colcon.colcon_core.shell:Creating environment descriptor '/home/krish/ros2_ws/install/lidar_processor/share/lidar_processor/hook/pythonpath.dsv'
[5.907s] INFO:colcon.colcon_core.shell:Creating environment hook '/home/krish/ros2_ws/install/lidar_processor/share/lidar_processor/hook/pythonpath.sh'
[5.909s] Level 1:colcon.colcon_core.environment:checking '/home/krish/ros2_ws/install/lidar_processor/bin'
[5.910s] Level 1:colcon.colcon_core.environment:create_environment_scripts_only(lidar_processor)
[5.911s] INFO:colcon.colcon_core.shell:Creating package script '/home/krish/ros2_ws/install/lidar_processor/share/lidar_processor/package.ps1'
[5.912s] INFO:colcon.colcon_core.shell:Creating package descriptor '/home/krish/ros2_ws/install/lidar_processor/share/lidar_processor/package.dsv'
[5.913s] INFO:colcon.colcon_core.shell:Creating package script '/home/krish/ros2_ws/install/lidar_processor/share/lidar_processor/package.sh'
[5.915s] INFO:colcon.colcon_core.shell:Creating package script '/home/krish/ros2_ws/install/lidar_processor/share/lidar_processor/package.bash'
[5.916s] INFO:colcon.colcon_core.shell:Creating package script '/home/krish/ros2_ws/install/lidar_processor/share/lidar_processor/package.zsh'
[5.917s] Level 1:colcon.colcon_core.environment:create_file_with_runtime_dependencies(/home/krish/ros2_ws/install/lidar_processor/share/colcon-core/packages/lidar_processor)
[5.984s] DEBUG:colcon.colcon_core.event_handler.log_command:Invoking command in '/home/krish/ros2_ws/src/go2_robot_sdk': CMAKE_PREFIX_PATH=/home/krish/ros2_ws/install/go2_interfaces:/home/krish/ros2_ws/install/lidar_processor_cpp PYTHONPATH=/home/krish/ros2_ws/build/go2_robot_sdk/prefix_override:/usr/lib/python3/dist-packages/colcon_core/task/python/colcon_distutils_commands:/home/krish/ros2_ws/install/go2_robot_sdk/lib/python3.10/site-packages:${PYTHONPATH} /usr/bin/python3 -W ignore:setup.py install is deprecated -W ignore:easy_install command is deprecated setup.py egg_info --egg-base ../../build/go2_robot_sdk build --build-base /home/krish/ros2_ws/build/go2_robot_sdk/build install --record /home/krish/ros2_ws/build/go2_robot_sdk/install.log --single-version-externally-managed install_data
[6.601s] Level 1:colcon.colcon_core.environment:checking '/home/krish/ros2_ws/install/speech_processor' for CMake module files
[6.602s] Level 1:colcon.colcon_core.environment:checking '/home/krish/ros2_ws/install/speech_processor' for CMake config files
[6.607s] DEBUG:colcon.colcon_core.event_handler.log_command:Invoked command in '/home/krish/ros2_ws/src/speech_processor' returned '0': CMAKE_PREFIX_PATH=/home/krish/ros2_ws/install/go2_interfaces:/home/krish/ros2_ws/install/lidar_processor_cpp PYTHONPATH=/home/krish/ros2_ws/build/speech_processor/prefix_override:/usr/lib/python3/dist-packages/colcon_core/task/python/colcon_distutils_commands:/home/krish/ros2_ws/install/speech_processor/lib/python3.10/site-packages:${PYTHONPATH} /usr/bin/python3 -W ignore:setup.py install is deprecated -W ignore:easy_install command is deprecated setup.py egg_info --egg-base ../../build/speech_processor build --build-base /home/krish/ros2_ws/build/speech_processor/build install --record /home/krish/ros2_ws/build/speech_processor/install.log --single-version-externally-managed install_data
[6.608s] Level 1:colcon.colcon_core.environment:checking '/home/krish/ros2_ws/install/speech_processor/lib'
[6.608s] Level 1:colcon.colcon_core.environment:checking '/home/krish/ros2_ws/install/speech_processor/bin'
[6.608s] Level 1:colcon.colcon_core.environment:checking '/home/krish/ros2_ws/install/speech_processor/lib/pkgconfig/speech_processor.pc'
[6.609s] Level 1:colcon.colcon_core.environment:checking '/home/krish/ros2_ws/install/speech_processor/lib/python3.10/site-packages'
[6.609s] Level 1:colcon.colcon_core.shell:create_environment_hook('speech_processor', 'pythonpath')
[6.610s] INFO:colcon.colcon_core.shell:Creating environment hook '/home/krish/ros2_ws/install/speech_processor/share/speech_processor/hook/pythonpath.ps1'
[6.612s] INFO:colcon.colcon_core.shell:Creating environment descriptor '/home/krish/ros2_ws/install/speech_processor/share/speech_processor/hook/pythonpath.dsv'
[6.613s] INFO:colcon.colcon_core.shell:Creating environment hook '/home/krish/ros2_ws/install/speech_processor/share/speech_processor/hook/pythonpath.sh'
[6.616s] Level 1:colcon.colcon_core.environment:checking '/home/krish/ros2_ws/install/speech_processor/bin'
[6.616s] Level 1:colcon.colcon_core.environment:create_environment_scripts_only(speech_processor)
[6.616s] INFO:colcon.colcon_core.shell:Creating package script '/home/krish/ros2_ws/install/speech_processor/share/speech_processor/package.ps1'
[6.618s] INFO:colcon.colcon_core.shell:Creating package descriptor '/home/krish/ros2_ws/install/speech_processor/share/speech_processor/package.dsv'
[6.619s] INFO:colcon.colcon_core.shell:Creating package script '/home/krish/ros2_ws/install/speech_processor/share/speech_processor/package.sh'
[6.621s] INFO:colcon.colcon_core.shell:Creating package script '/home/krish/ros2_ws/install/speech_processor/share/speech_processor/package.bash'
[6.622s] INFO:colcon.colcon_core.shell:Creating package script '/home/krish/ros2_ws/install/speech_processor/share/speech_processor/package.zsh'
[6.622s] Level 1:colcon.colcon_core.environment:create_file_with_runtime_dependencies(/home/krish/ros2_ws/install/speech_processor/share/colcon-core/packages/speech_processor)
[6.689s] Level 1:colcon.colcon_core.environment:checking '/home/krish/ros2_ws/install/go2_robot_sdk' for CMake module files
[6.690s] DEBUG:colcon.colcon_core.event_handler.log_command:Invoked command in '/home/krish/ros2_ws/src/go2_robot_sdk' returned '0': CMAKE_PREFIX_PATH=/home/krish/ros2_ws/install/go2_interfaces:/home/krish/ros2_ws/install/lidar_processor_cpp PYTHONPATH=/home/krish/ros2_ws/build/go2_robot_sdk/prefix_override:/usr/lib/python3/dist-packages/colcon_core/task/python/colcon_distutils_commands:/home/krish/ros2_ws/install/go2_robot_sdk/lib/python3.10/site-packages:${PYTHONPATH} /usr/bin/python3 -W ignore:setup.py install is deprecated -W ignore:easy_install command is deprecated setup.py egg_info --egg-base ../../build/go2_robot_sdk build --build-base /home/krish/ros2_ws/build/go2_robot_sdk/build install --record /home/krish/ros2_ws/build/go2_robot_sdk/install.log --single-version-externally-managed install_data
[6.691s] Level 1:colcon.colcon_core.environment:checking '/home/krish/ros2_ws/install/go2_robot_sdk' for CMake config files
[6.695s] Level 1:colcon.colcon_core.environment:checking '/home/krish/ros2_ws/install/go2_robot_sdk/lib'
[6.695s] Level 1:colcon.colcon_core.environment:checking '/home/krish/ros2_ws/install/go2_robot_sdk/bin'
[6.695s] Level 1:colcon.colcon_core.environment:checking '/home/krish/ros2_ws/install/go2_robot_sdk/lib/pkgconfig/go2_robot_sdk.pc'
[6.696s] Level 1:colcon.colcon_core.environment:checking '/home/krish/ros2_ws/install/go2_robot_sdk/lib/python3.10/site-packages'
[6.696s] Level 1:colcon.colcon_core.shell:create_environment_hook('go2_robot_sdk', 'pythonpath')
[6.696s] INFO:colcon.colcon_core.shell:Creating environment hook '/home/krish/ros2_ws/install/go2_robot_sdk/share/go2_robot_sdk/hook/pythonpath.ps1'
[6.698s] INFO:colcon.colcon_core.shell:Creating environment descriptor '/home/krish/ros2_ws/install/go2_robot_sdk/share/go2_robot_sdk/hook/pythonpath.dsv'
[6.700s] INFO:colcon.colcon_core.shell:Creating environment hook '/home/krish/ros2_ws/install/go2_robot_sdk/share/go2_robot_sdk/hook/pythonpath.sh'
[6.702s] Level 1:colcon.colcon_core.environment:checking '/home/krish/ros2_ws/install/go2_robot_sdk/bin'
[6.703s] Level 1:colcon.colcon_core.environment:create_environment_scripts_only(go2_robot_sdk)
[6.704s] INFO:colcon.colcon_core.shell:Creating package script '/home/krish/ros2_ws/install/go2_robot_sdk/share/go2_robot_sdk/package.ps1'
[6.705s] INFO:colcon.colcon_core.shell:Creating package descriptor '/home/krish/ros2_ws/install/go2_robot_sdk/share/go2_robot_sdk/package.dsv'
[6.706s] INFO:colcon.colcon_core.shell:Creating package script '/home/krish/ros2_ws/install/go2_robot_sdk/share/go2_robot_sdk/package.sh'
[6.707s] INFO:colcon.colcon_core.shell:Creating package script '/home/krish/ros2_ws/install/go2_robot_sdk/share/go2_robot_sdk/package.bash'
[6.708s] INFO:colcon.colcon_core.shell:Creating package script '/home/krish/ros2_ws/install/go2_robot_sdk/share/go2_robot_sdk/package.zsh'
[6.709s] Level 1:colcon.colcon_core.environment:create_file_with_runtime_dependencies(/home/krish/ros2_ws/install/go2_robot_sdk/share/colcon-core/packages/go2_robot_sdk)
[6.710s] DEBUG:colcon.colcon_parallel_executor.executor.parallel:closing loop
[6.711s] DEBUG:colcon.colcon_parallel_executor.executor.parallel:loop closed
[6.711s] DEBUG:colcon.colcon_parallel_executor.executor.parallel:run_until_complete finished with '0'
[6.711s] DEBUG:colcon.colcon_core.event_reactor:joining thread
[6.734s] INFO:colcon.colcon_core.plugin_system:Skipping extension 'colcon_notification.desktop_notification.terminal_notifier': Not used on non-Darwin systems
[6.734s] INFO:colcon.colcon_core.plugin_system:Skipping extension 'colcon_notification.desktop_notification.win32': Not used on non-Windows systems
[6.735s] INFO:colcon.colcon_notification.desktop_notification:Sending desktop notification using 'notify2'
[6.761s] DEBUG:colcon.colcon_core.event_reactor:joined thread
[6.762s] INFO:colcon.colcon_core.shell:Creating prefix script '/home/krish/ros2_ws/install/local_setup.ps1'
[6.765s] INFO:colcon.colcon_core.shell:Creating prefix util module '/home/krish/ros2_ws/install/_local_setup_util_ps1.py'
[6.768s] INFO:colcon.colcon_core.shell:Creating prefix chain script '/home/krish/ros2_ws/install/setup.ps1'
[6.770s] INFO:colcon.colcon_core.shell:Creating prefix script '/home/krish/ros2_ws/install/local_setup.sh'
[6.772s] INFO:colcon.colcon_core.shell:Creating prefix util module '/home/krish/ros2_ws/install/_local_setup_util_sh.py'
[6.773s] INFO:colcon.colcon_core.shell:Creating prefix chain script '/home/krish/ros2_ws/install/setup.sh'
[6.776s] INFO:colcon.colcon_core.shell:Creating prefix script '/home/krish/ros2_ws/install/local_setup.bash'
[6.777s] INFO:colcon.colcon_core.shell:Creating prefix chain script '/home/krish/ros2_ws/install/setup.bash'
[6.781s] INFO:colcon.colcon_core.shell:Creating prefix script '/home/krish/ros2_ws/install/local_setup.zsh'
[6.782s] INFO:colcon.colcon_core.shell:Creating prefix chain script '/home/krish/ros2_ws/install/setup.zsh'
