[2.054s] Invoking command in '/home/krish/ros2_ws/src/speech_processor': CMAKE_PREFIX_PATH=/home/krish/ros2_ws/install/go2_interfaces:/home/krish/ros2_ws/install/lidar_processor_cpp PYTHONPATH=/home/krish/ros2_ws/build/speech_processor/prefix_override:/usr/lib/python3/dist-packages/colcon_core/task/python/colcon_distutils_commands:/home/krish/ros2_ws/install/speech_processor/lib/python3.10/site-packages:${PYTHONPATH} /usr/bin/python3 -W ignore:setup.py install is deprecated -W ignore:easy_install command is deprecated setup.py egg_info --egg-base ../../build/speech_processor build --build-base /home/krish/ros2_ws/build/speech_processor/build install --record /home/krish/ros2_ws/build/speech_processor/install.log --single-version-externally-managed install_data
[2.548s] running egg_info
[2.550s] writing ../../build/speech_processor/speech_processor.egg-info/PKG-INFO
[2.550s] writing dependency_links to ../../build/speech_processor/speech_processor.egg-info/dependency_links.txt
[2.551s] writing entry points to ../../build/speech_processor/speech_processor.egg-info/entry_points.txt
[2.551s] writing requirements to ../../build/speech_processor/speech_processor.egg-info/requires.txt
[2.551s] writing top-level names to ../../build/speech_processor/speech_processor.egg-info/top_level.txt
[2.555s] reading manifest file '../../build/speech_processor/speech_processor.egg-info/SOURCES.txt'
[2.556s] writing manifest file '../../build/speech_processor/speech_processor.egg-info/SOURCES.txt'
[2.556s] running build
[2.557s] running build_py
[2.557s] running install
[2.558s] running install_lib
[2.560s] running install_data
[2.560s] running install_egg_info
[2.564s] removing '/home/krish/ros2_ws/install/speech_processor/lib/python3.10/site-packages/speech_processor-1.0.0-py3.10.egg-info' (and everything under it)
[2.565s] Copying ../../build/speech_processor/speech_processor.egg-info to /home/krish/ros2_ws/install/speech_processor/lib/python3.10/site-packages/speech_processor-1.0.0-py3.10.egg-info
[2.567s] running install_scripts
[2.607s] Installing audio_manager script to /home/krish/ros2_ws/install/speech_processor/lib/speech_processor
[2.608s] Installing speech_synthesizer script to /home/krish/ros2_ws/install/speech_processor/lib/speech_processor
[2.608s] Installing tts_node script to /home/krish/ros2_ws/install/speech_processor/lib/speech_processor
[2.609s] writing list of installed files to '/home/krish/ros2_ws/build/speech_processor/install.log'
[2.683s] Invoked command in '/home/krish/ros2_ws/src/speech_processor' returned '0': CMAKE_PREFIX_PATH=/home/krish/ros2_ws/install/go2_interfaces:/home/krish/ros2_ws/install/lidar_processor_cpp PYTHONPATH=/home/krish/ros2_ws/build/speech_processor/prefix_override:/usr/lib/python3/dist-packages/colcon_core/task/python/colcon_distutils_commands:/home/krish/ros2_ws/install/speech_processor/lib/python3.10/site-packages:${PYTHONPATH} /usr/bin/python3 -W ignore:setup.py install is deprecated -W ignore:easy_install command is deprecated setup.py egg_info --egg-base ../../build/speech_processor build --build-base /home/krish/ros2_ws/build/speech_processor/build install --record /home/krish/ros2_ws/build/speech_processor/install.log --single-version-externally-managed install_data
