[3.663s] Invoking command in '/home/krish/ros2_ws/src/lidar_processor': PYTHONPATH=/home/krish/ros2_ws/build/lidar_processor/prefix_override:/usr/lib/python3/dist-packages/colcon_core/task/python/colcon_distutils_commands:/home/krish/ros2_ws/install/lidar_processor/lib/python3.10/site-packages:${PYTHONPATH} /usr/bin/python3 -W ignore:setup.py install is deprecated -W ignore:easy_install command is deprecated setup.py egg_info --egg-base ../../build/lidar_processor build --build-base /home/krish/ros2_ws/build/lidar_processor/build install --record /home/krish/ros2_ws/build/lidar_processor/install.log --single-version-externally-managed install_data
[4.359s] running egg_info
[4.364s] writing ../../build/lidar_processor/lidar_processor.egg-info/PKG-INFO
[4.364s] writing dependency_links to ../../build/lidar_processor/lidar_processor.egg-info/dependency_links.txt
[4.365s] writing entry points to ../../build/lidar_processor/lidar_processor.egg-info/entry_points.txt
[4.365s] writing requirements to ../../build/lidar_processor/lidar_processor.egg-info/requires.txt
[4.365s] writing top-level names to ../../build/lidar_processor/lidar_processor.egg-info/top_level.txt
[4.371s] reading manifest file '../../build/lidar_processor/lidar_processor.egg-info/SOURCES.txt'
[4.372s] writing manifest file '../../build/lidar_processor/lidar_processor.egg-info/SOURCES.txt'
[4.373s] running build
[4.373s] running build_py
[4.373s] running install
[4.374s] running install_lib
[4.378s] running install_data
[4.378s] running install_egg_info
[4.382s] removing '/home/krish/ros2_ws/install/lidar_processor/lib/python3.10/site-packages/lidar_processor-1.0.0-py3.10.egg-info' (and everything under it)
[4.383s] Copying ../../build/lidar_processor/lidar_processor.egg-info to /home/krish/ros2_ws/install/lidar_processor/lib/python3.10/site-packages/lidar_processor-1.0.0-py3.10.egg-info
[4.385s] running install_scripts
[4.439s] Installing lidar_to_pointcloud script to /home/krish/ros2_ws/install/lidar_processor/lib/lidar_processor
[4.439s] Installing pointcloud_aggregator script to /home/krish/ros2_ws/install/lidar_processor/lib/lidar_processor
[4.440s] writing list of installed files to '/home/krish/ros2_ws/build/lidar_processor/install.log'
[4.541s] Invoked command in '/home/krish/ros2_ws/src/lidar_processor' returned '0': PYTHONPATH=/home/krish/ros2_ws/build/lidar_processor/prefix_override:/usr/lib/python3/dist-packages/colcon_core/task/python/colcon_distutils_commands:/home/krish/ros2_ws/install/lidar_processor/lib/python3.10/site-packages:${PYTHONPATH} /usr/bin/python3 -W ignore:setup.py install is deprecated -W ignore:easy_install command is deprecated setup.py egg_info --egg-base ../../build/lidar_processor build --build-base /home/krish/ros2_ws/build/lidar_processor/build install --record /home/krish/ros2_ws/build/lidar_processor/install.log --single-version-externally-managed install_data
