running develop
Removing /home/krish/ros2_ws/install/coco_detector/lib/python3.10/site-packages/coco-detector.egg-link (link to .)
running egg_info
writing ../../build/coco_detector/coco_detector.egg-info/PKG-INFO
writing dependency_links to ../../build/coco_detector/coco_detector.egg-info/dependency_links.txt
writing entry points to ../../build/coco_detector/coco_detector.egg-info/entry_points.txt
writing requirements to ../../build/coco_detector/coco_detector.egg-info/requires.txt
writing top-level names to ../../build/coco_detector/coco_detector.egg-info/top_level.txt
reading manifest file '../../build/coco_detector/coco_detector.egg-info/SOURCES.txt'
writing manifest file '../../build/coco_detector/coco_detector.egg-info/SOURCES.txt'
running build
running build_py
creating /home/krish/ros2_ws/build/coco_detector/build
creating /home/krish/ros2_ws/build/coco_detector/build/lib
creating /home/krish/ros2_ws/build/coco_detector/build/lib/coco_detector
copying coco_detector/coco_detector_node.py -> /home/krish/ros2_ws/build/coco_detector/build/lib/coco_detector
copying coco_detector/__init__.py -> /home/krish/ros2_ws/build/coco_detector/build/lib/coco_detector
running install
running install_lib
creating /home/krish/ros2_ws/install/coco_detector/lib/python3.10/site-packages/coco_detector
copying /home/krish/ros2_ws/build/coco_detector/build/lib/coco_detector/coco_detector_node.py -> /home/krish/ros2_ws/install/coco_detector/lib/python3.10/site-packages/coco_detector
copying /home/krish/ros2_ws/build/coco_detector/build/lib/coco_detector/__init__.py -> /home/krish/ros2_ws/install/coco_detector/lib/python3.10/site-packages/coco_detector
byte-compiling /home/krish/ros2_ws/install/coco_detector/lib/python3.10/site-packages/coco_detector/coco_detector_node.py to coco_detector_node.cpython-310.pyc
byte-compiling /home/krish/ros2_ws/install/coco_detector/lib/python3.10/site-packages/coco_detector/__init__.py to __init__.cpython-310.pyc
running install_data
copying resource/coco_detector -> /home/krish/ros2_ws/install/coco_detector/share/ament_index/resource_index/packages
copying package.xml -> /home/krish/ros2_ws/install/coco_detector/share/coco_detector
running install_egg_info
Copying ../../build/coco_detector/coco_detector.egg-info to /home/krish/ros2_ws/install/coco_detector/lib/python3.10/site-packages/coco_detector-0.0.0-py3.10.egg-info
running install_scripts
Installing coco_detector_node script to /home/krish/ros2_ws/install/coco_detector/lib/coco_detector
writing list of installed files to '/home/krish/ros2_ws/build/coco_detector/install.log'
