[3.075s] Invoking command in '/home/krish/ros2_ws/build/coco_detector': PYTHONPATH=/home/krish/ros2_ws/build/coco_detector/prefix_override:/usr/lib/python3/dist-packages/colcon_core/task/python/colcon_distutils_commands:/home/krish/ros2_ws/install/coco_detector/lib/python3.10/site-packages:${PYTHONPATH} /usr/bin/python3 -W ignore:setup.py install is deprecated -W ignore:easy_install command is deprecated setup.py develop --uninstall --editable --build-directory /home/krish/ros2_ws/build/coco_detector/build
[3.640s] running develop
[4.151s] Removing /home/krish/ros2_ws/install/coco_detector/lib/python3.10/site-packages/coco-detector.egg-link (link to .)
[4.258s] Invoked command in '/home/krish/ros2_ws/build/coco_detector' returned '0': PYTHONPATH=/home/krish/ros2_ws/build/coco_detector/prefix_override:/usr/lib/python3/dist-packages/colcon_core/task/python/colcon_distutils_commands:/home/krish/ros2_ws/install/coco_detector/lib/python3.10/site-packages:${PYTHONPATH} /usr/bin/python3 -W ignore:setup.py install is deprecated -W ignore:easy_install command is deprecated setup.py develop --uninstall --editable --build-directory /home/krish/ros2_ws/build/coco_detector/build
[4.259s] Invoking command in '/home/krish/ros2_ws/src/coco_detector': PYTHONPATH=/home/krish/ros2_ws/build/coco_detector/prefix_override:/usr/lib/python3/dist-packages/colcon_core/task/python/colcon_distutils_commands:/home/krish/ros2_ws/install/coco_detector/lib/python3.10/site-packages:${PYTHONPATH} /usr/bin/python3 -W ignore:setup.py install is deprecated -W ignore:easy_install command is deprecated setup.py egg_info --egg-base ../../build/coco_detector build --build-base /home/krish/ros2_ws/build/coco_detector/build install --record /home/krish/ros2_ws/build/coco_detector/install.log --single-version-externally-managed install_data --force
[4.815s] running egg_info
[4.818s] writing ../../build/coco_detector/coco_detector.egg-info/PKG-INFO
[4.819s] writing dependency_links to ../../build/coco_detector/coco_detector.egg-info/dependency_links.txt
[4.819s] writing entry points to ../../build/coco_detector/coco_detector.egg-info/entry_points.txt
[4.819s] writing requirements to ../../build/coco_detector/coco_detector.egg-info/requires.txt
[4.819s] writing top-level names to ../../build/coco_detector/coco_detector.egg-info/top_level.txt
[4.827s] reading manifest file '../../build/coco_detector/coco_detector.egg-info/SOURCES.txt'
[4.828s] writing manifest file '../../build/coco_detector/coco_detector.egg-info/SOURCES.txt'
[4.829s] running build
[4.829s] running build_py
[4.829s] creating /home/krish/ros2_ws/build/coco_detector/build
[4.829s] creating /home/krish/ros2_ws/build/coco_detector/build/lib
[4.830s] creating /home/krish/ros2_ws/build/coco_detector/build/lib/coco_detector
[4.830s] copying coco_detector/coco_detector_node.py -> /home/krish/ros2_ws/build/coco_detector/build/lib/coco_detector
[4.834s] copying coco_detector/__init__.py -> /home/krish/ros2_ws/build/coco_detector/build/lib/coco_detector
[4.834s] running install
[4.835s] running install_lib
[4.836s] creating /home/krish/ros2_ws/install/coco_detector/lib/python3.10/site-packages/coco_detector
[4.836s] copying /home/krish/ros2_ws/build/coco_detector/build/lib/coco_detector/coco_detector_node.py -> /home/krish/ros2_ws/install/coco_detector/lib/python3.10/site-packages/coco_detector
[4.836s] copying /home/krish/ros2_ws/build/coco_detector/build/lib/coco_detector/__init__.py -> /home/krish/ros2_ws/install/coco_detector/lib/python3.10/site-packages/coco_detector
[4.836s] byte-compiling /home/krish/ros2_ws/install/coco_detector/lib/python3.10/site-packages/coco_detector/coco_detector_node.py to coco_detector_node.cpython-310.pyc
[4.838s] byte-compiling /home/krish/ros2_ws/install/coco_detector/lib/python3.10/site-packages/coco_detector/__init__.py to __init__.cpython-310.pyc
[4.838s] running install_data
[4.839s] copying resource/coco_detector -> /home/krish/ros2_ws/install/coco_detector/share/ament_index/resource_index/packages
[4.839s] copying package.xml -> /home/krish/ros2_ws/install/coco_detector/share/coco_detector
[4.840s] running install_egg_info
[4.843s] Copying ../../build/coco_detector/coco_detector.egg-info to /home/krish/ros2_ws/install/coco_detector/lib/python3.10/site-packages/coco_detector-0.0.0-py3.10.egg-info
[4.845s] running install_scripts
[4.891s] Installing coco_detector_node script to /home/krish/ros2_ws/install/coco_detector/lib/coco_detector
[4.895s] writing list of installed files to '/home/krish/ros2_ws/build/coco_detector/install.log'
[4.989s] Invoked command in '/home/krish/ros2_ws/src/coco_detector' returned '0': PYTHONPATH=/home/krish/ros2_ws/build/coco_detector/prefix_override:/usr/lib/python3/dist-packages/colcon_core/task/python/colcon_distutils_commands:/home/krish/ros2_ws/install/coco_detector/lib/python3.10/site-packages:${PYTHONPATH} /usr/bin/python3 -W ignore:setup.py install is deprecated -W ignore:easy_install command is deprecated setup.py egg_info --egg-base ../../build/coco_detector build --build-base /home/krish/ros2_ws/build/coco_detector/build install --record /home/krish/ros2_ws/build/coco_detector/install.log --single-version-externally-managed install_data --force
