[  1%] Built target go2_interfaces__rs
[  1%] Built target ament_cmake_python_symlink_go2_interfaces
[  1%] Built target go2_interfaces__cpp
[ 13%] Built target go2_interfaces__rosidl_generator_c
[ 25%] Built target go2_interfaces__rosidl_typesupport_introspection_cpp
[ 37%] Built target go2_interfaces__rosidl_typesupport_fastrtps_cpp
[ 49%] Built target go2_interfaces__rosidl_typesupport_cpp
[ 61%] Built target go2_interfaces__rosidl_typesupport_introspection_c
[ 73%] Built target go2_interfaces__rosidl_typesupport_fastrtps_c
[ 85%] Built target go2_interfaces__rosidl_typesupport_c
[ 85%] Built target go2_interfaces
[ 85%] Built target go2_interfaces__py
[ 97%] Built target go2_interfaces__rosidl_generator_py
[ 98%] Built target go2_interfaces__rosidl_typesupport_c__pyext
[ 99%] Built target go2_interfaces__rosidl_typesupport_introspection_c__pyext
[100%] Built target go2_interfaces__rosidl_typesupport_fastrtps_c__pyext
running egg_info
writing go2_interfaces.egg-info/PKG-INFO
writing dependency_links to go2_interfaces.egg-info/dependency_links.txt
writing top-level names to go2_interfaces.egg-info/top_level.txt
reading manifest file 'go2_interfaces.egg-info/SOURCES.txt'
writing manifest file 'go2_interfaces.egg-info/SOURCES.txt'
[100%] Built target ament_cmake_python_build_go2_interfaces_egg
-- Install configuration: ""
-- Execute custom install script
-- Up-to-date symlink: /home/krish/ros2_ws/install/go2_interfaces/share/ament_index/resource_index/rosidl_interfaces/go2_interfaces
-- Up-to-date symlink: /home/krish/ros2_ws/install/go2_interfaces/include/go2_interfaces/go2_interfaces/msg/audio_data.h
-- Up-to-date symlink: /home/krish/ros2_ws/install/go2_interfaces/include/go2_interfaces/go2_interfaces/msg/bms_cmd.h
-- Up-to-date symlink: /home/krish/ros2_ws/install/go2_interfaces/include/go2_interfaces/go2_interfaces/msg/bms_state.h
-- Up-to-date symlink: /home/krish/ros2_ws/install/go2_interfaces/include/go2_interfaces/go2_interfaces/msg/detail/audio_data__functions.h
-- Up-to-date symlink: /home/krish/ros2_ws/install/go2_interfaces/include/go2_interfaces/go2_interfaces/msg/detail/audio_data__struct.h
-- Up-to-date symlink: /home/krish/ros2_ws/install/go2_interfaces/include/go2_interfaces/go2_interfaces/msg/detail/audio_data__type_support.h
-- Up-to-date symlink: /home/krish/ros2_ws/install/go2_interfaces/include/go2_interfaces/go2_interfaces/msg/detail/bms_cmd__functions.h
-- Up-to-date symlink: /home/krish/ros2_ws/install/go2_interfaces/include/go2_interfaces/go2_interfaces/msg/detail/bms_cmd__struct.h
-- Up-to-date symlink: /home/krish/ros2_ws/install/go2_interfaces/include/go2_interfaces/go2_interfaces/msg/detail/bms_cmd__type_support.h
-- Up-to-date symlink: /home/krish/ros2_ws/install/go2_interfaces/include/go2_interfaces/go2_interfaces/msg/detail/bms_state__functions.h
-- Up-to-date symlink: /home/krish/ros2_ws/install/go2_interfaces/include/go2_interfaces/go2_interfaces/msg/detail/bms_state__struct.h
-- Up-to-date symlink: /home/krish/ros2_ws/install/go2_interfaces/include/go2_interfaces/go2_interfaces/msg/detail/bms_state__type_support.h
-- Up-to-date symlink: /home/krish/ros2_ws/install/go2_interfaces/include/go2_interfaces/go2_interfaces/msg/detail/error__functions.h
-- Up-to-date symlink: /home/krish/ros2_ws/install/go2_interfaces/include/go2_interfaces/go2_interfaces/msg/detail/error__struct.h
-- Up-to-date symlink: /home/krish/ros2_ws/install/go2_interfaces/include/go2_interfaces/go2_interfaces/msg/detail/error__type_support.h
-- Up-to-date symlink: /home/krish/ros2_ws/install/go2_interfaces/include/go2_interfaces/go2_interfaces/msg/detail/go2_cmd__functions.h
-- Up-to-date symlink: /home/krish/ros2_ws/install/go2_interfaces/include/go2_interfaces/go2_interfaces/msg/detail/go2_cmd__struct.h
-- Up-to-date symlink: /home/krish/ros2_ws/install/go2_interfaces/include/go2_interfaces/go2_interfaces/msg/detail/go2_cmd__type_support.h
-- Up-to-date symlink: /home/krish/ros2_ws/install/go2_interfaces/include/go2_interfaces/go2_interfaces/msg/detail/go2_front_video_data__functions.h
-- Up-to-date symlink: /home/krish/ros2_ws/install/go2_interfaces/include/go2_interfaces/go2_interfaces/msg/detail/go2_front_video_data__struct.h
-- Up-to-date symlink: /home/krish/ros2_ws/install/go2_interfaces/include/go2_interfaces/go2_interfaces/msg/detail/go2_front_video_data__type_support.h
-- Up-to-date symlink: /home/krish/ros2_ws/install/go2_interfaces/include/go2_interfaces/go2_interfaces/msg/detail/go2_move__functions.h
-- Up-to-date symlink: /home/krish/ros2_ws/install/go2_interfaces/include/go2_interfaces/go2_interfaces/msg/detail/go2_move__struct.h
-- Up-to-date symlink: /home/krish/ros2_ws/install/go2_interfaces/include/go2_interfaces/go2_interfaces/msg/detail/go2_move__type_support.h
-- Up-to-date symlink: /home/krish/ros2_ws/install/go2_interfaces/include/go2_interfaces/go2_interfaces/msg/detail/go2_rpy_cmd__functions.h
-- Up-to-date symlink: /home/krish/ros2_ws/install/go2_interfaces/include/go2_interfaces/go2_interfaces/msg/detail/go2_rpy_cmd__struct.h
-- Up-to-date symlink: /home/krish/ros2_ws/install/go2_interfaces/include/go2_interfaces/go2_interfaces/msg/detail/go2_rpy_cmd__type_support.h
-- Up-to-date symlink: /home/krish/ros2_ws/install/go2_interfaces/include/go2_interfaces/go2_interfaces/msg/detail/go2_state__functions.h
-- Up-to-date symlink: /home/krish/ros2_ws/install/go2_interfaces/include/go2_interfaces/go2_interfaces/msg/detail/go2_state__struct.h
-- Up-to-date symlink: /home/krish/ros2_ws/install/go2_interfaces/include/go2_interfaces/go2_interfaces/msg/detail/go2_state__type_support.h
-- Up-to-date symlink: /home/krish/ros2_ws/install/go2_interfaces/include/go2_interfaces/go2_interfaces/msg/detail/height_map__functions.h
-- Up-to-date symlink: /home/krish/ros2_ws/install/go2_interfaces/include/go2_interfaces/go2_interfaces/msg/detail/height_map__struct.h
-- Up-to-date symlink: /home/krish/ros2_ws/install/go2_interfaces/include/go2_interfaces/go2_interfaces/msg/detail/height_map__type_support.h
-- Up-to-date symlink: /home/krish/ros2_ws/install/go2_interfaces/include/go2_interfaces/go2_interfaces/msg/detail/imu__functions.h
-- Up-to-date symlink: /home/krish/ros2_ws/install/go2_interfaces/include/go2_interfaces/go2_interfaces/msg/detail/imu__struct.h
-- Up-to-date symlink: /home/krish/ros2_ws/install/go2_interfaces/include/go2_interfaces/go2_interfaces/msg/detail/imu__type_support.h
-- Up-to-date symlink: /home/krish/ros2_ws/install/go2_interfaces/include/go2_interfaces/go2_interfaces/msg/detail/interface_config__functions.h
-- Up-to-date symlink: /home/krish/ros2_ws/install/go2_interfaces/include/go2_interfaces/go2_interfaces/msg/detail/interface_config__struct.h
-- Up-to-date symlink: /home/krish/ros2_ws/install/go2_interfaces/include/go2_interfaces/go2_interfaces/msg/detail/interface_config__type_support.h
-- Up-to-date symlink: /home/krish/ros2_ws/install/go2_interfaces/include/go2_interfaces/go2_interfaces/msg/detail/lidar_state__functions.h
-- Up-to-date symlink: /home/krish/ros2_ws/install/go2_interfaces/include/go2_interfaces/go2_interfaces/msg/detail/lidar_state__struct.h
-- Up-to-date symlink: /home/krish/ros2_ws/install/go2_interfaces/include/go2_interfaces/go2_interfaces/msg/detail/lidar_state__type_support.h
-- Up-to-date symlink: /home/krish/ros2_ws/install/go2_interfaces/include/go2_interfaces/go2_interfaces/msg/detail/low_cmd__functions.h
-- Up-to-date symlink: /home/krish/ros2_ws/install/go2_interfaces/include/go2_interfaces/go2_interfaces/msg/detail/low_cmd__struct.h
-- Up-to-date symlink: /home/krish/ros2_ws/install/go2_interfaces/include/go2_interfaces/go2_interfaces/msg/detail/low_cmd__type_support.h
-- Up-to-date symlink: /home/krish/ros2_ws/install/go2_interfaces/include/go2_interfaces/go2_interfaces/msg/detail/low_state__functions.h
-- Up-to-date symlink: /home/krish/ros2_ws/install/go2_interfaces/include/go2_interfaces/go2_interfaces/msg/detail/low_state__struct.h
-- Up-to-date symlink: /home/krish/ros2_ws/install/go2_interfaces/include/go2_interfaces/go2_interfaces/msg/detail/low_state__type_support.h
-- Up-to-date symlink: /home/krish/ros2_ws/install/go2_interfaces/include/go2_interfaces/go2_interfaces/msg/detail/motor_cmd__functions.h
-- Up-to-date symlink: /home/krish/ros2_ws/install/go2_interfaces/include/go2_interfaces/go2_interfaces/msg/detail/motor_cmd__struct.h
-- Up-to-date symlink: /home/krish/ros2_ws/install/go2_interfaces/include/go2_interfaces/go2_interfaces/msg/detail/motor_cmd__type_support.h
-- Up-to-date symlink: /home/krish/ros2_ws/install/go2_interfaces/include/go2_interfaces/go2_interfaces/msg/detail/motor_cmds__functions.h
-- Up-to-date symlink: /home/krish/ros2_ws/install/go2_interfaces/include/go2_interfaces/go2_interfaces/msg/detail/motor_cmds__struct.h
-- Up-to-date symlink: /home/krish/ros2_ws/install/go2_interfaces/include/go2_interfaces/go2_interfaces/msg/detail/motor_cmds__type_support.h
-- Up-to-date symlink: /home/krish/ros2_ws/install/go2_interfaces/include/go2_interfaces/go2_interfaces/msg/detail/motor_state__functions.h
-- Up-to-date symlink: /home/krish/ros2_ws/install/go2_interfaces/include/go2_interfaces/go2_interfaces/msg/detail/motor_state__struct.h
-- Up-to-date symlink: /home/krish/ros2_ws/install/go2_interfaces/include/go2_interfaces/go2_interfaces/msg/detail/motor_state__type_support.h
-- Up-to-date symlink: /home/krish/ros2_ws/install/go2_interfaces/include/go2_interfaces/go2_interfaces/msg/detail/motor_states__functions.h
-- Up-to-date symlink: /home/krish/ros2_ws/install/go2_interfaces/include/go2_interfaces/go2_interfaces/msg/detail/motor_states__struct.h
-- Up-to-date symlink: /home/krish/ros2_ws/install/go2_interfaces/include/go2_interfaces/go2_interfaces/msg/detail/motor_states__type_support.h
-- Up-to-date symlink: /home/krish/ros2_ws/install/go2_interfaces/include/go2_interfaces/go2_interfaces/msg/detail/path_point__functions.h
-- Up-to-date symlink: /home/krish/ros2_ws/install/go2_interfaces/include/go2_interfaces/go2_interfaces/msg/detail/path_point__struct.h
-- Up-to-date symlink: /home/krish/ros2_ws/install/go2_interfaces/include/go2_interfaces/go2_interfaces/msg/detail/path_point__type_support.h
-- Up-to-date symlink: /home/krish/ros2_ws/install/go2_interfaces/include/go2_interfaces/go2_interfaces/msg/detail/req__functions.h
-- Up-to-date symlink: /home/krish/ros2_ws/install/go2_interfaces/include/go2_interfaces/go2_interfaces/msg/detail/req__struct.h
-- Up-to-date symlink: /home/krish/ros2_ws/install/go2_interfaces/include/go2_interfaces/go2_interfaces/msg/detail/req__type_support.h
-- Up-to-date symlink: /home/krish/ros2_ws/install/go2_interfaces/include/go2_interfaces/go2_interfaces/msg/detail/res__functions.h
-- Up-to-date symlink: /home/krish/ros2_ws/install/go2_interfaces/include/go2_interfaces/go2_interfaces/msg/detail/res__struct.h
-- Up-to-date symlink: /home/krish/ros2_ws/install/go2_interfaces/include/go2_interfaces/go2_interfaces/msg/detail/res__type_support.h
-- Up-to-date symlink: /home/krish/ros2_ws/install/go2_interfaces/include/go2_interfaces/go2_interfaces/msg/detail/sport_mode_cmd__functions.h
-- Up-to-date symlink: /home/krish/ros2_ws/install/go2_interfaces/include/go2_interfaces/go2_interfaces/msg/detail/sport_mode_cmd__struct.h
-- Up-to-date symlink: /home/krish/ros2_ws/install/go2_interfaces/include/go2_interfaces/go2_interfaces/msg/detail/sport_mode_cmd__type_support.h
-- Up-to-date symlink: /home/krish/ros2_ws/install/go2_interfaces/include/go2_interfaces/go2_interfaces/msg/detail/sport_mode_state__functions.h
-- Up-to-date symlink: /home/krish/ros2_ws/install/go2_interfaces/include/go2_interfaces/go2_interfaces/msg/detail/sport_mode_state__struct.h
-- Up-to-date symlink: /home/krish/ros2_ws/install/go2_interfaces/include/go2_interfaces/go2_interfaces/msg/detail/sport_mode_state__type_support.h
-- Up-to-date symlink: /home/krish/ros2_ws/install/go2_interfaces/include/go2_interfaces/go2_interfaces/msg/detail/time_spec__functions.h
-- Up-to-date symlink: /home/krish/ros2_ws/install/go2_interfaces/include/go2_interfaces/go2_interfaces/msg/detail/time_spec__struct.h
-- Up-to-date symlink: /home/krish/ros2_ws/install/go2_interfaces/include/go2_interfaces/go2_interfaces/msg/detail/time_spec__type_support.h
-- Up-to-date symlink: /home/krish/ros2_ws/install/go2_interfaces/include/go2_interfaces/go2_interfaces/msg/detail/uwb_state__functions.h
-- Up-to-date symlink: /home/krish/ros2_ws/install/go2_interfaces/include/go2_interfaces/go2_interfaces/msg/detail/uwb_state__struct.h
-- Up-to-date symlink: /home/krish/ros2_ws/install/go2_interfaces/include/go2_interfaces/go2_interfaces/msg/detail/uwb_state__type_support.h
-- Up-to-date symlink: /home/krish/ros2_ws/install/go2_interfaces/include/go2_interfaces/go2_interfaces/msg/detail/uwb_switch__functions.h
-- Up-to-date symlink: /home/krish/ros2_ws/install/go2_interfaces/include/go2_interfaces/go2_interfaces/msg/detail/uwb_switch__struct.h
-- Up-to-date symlink: /home/krish/ros2_ws/install/go2_interfaces/include/go2_interfaces/go2_interfaces/msg/detail/uwb_switch__type_support.h
-- Up-to-date symlink: /home/krish/ros2_ws/install/go2_interfaces/include/go2_interfaces/go2_interfaces/msg/detail/voxel_height_map_state__functions.h
-- Up-to-date symlink: /home/krish/ros2_ws/install/go2_interfaces/include/go2_interfaces/go2_interfaces/msg/detail/voxel_height_map_state__struct.h
-- Up-to-date symlink: /home/krish/ros2_ws/install/go2_interfaces/include/go2_interfaces/go2_interfaces/msg/detail/voxel_height_map_state__type_support.h
-- Up-to-date symlink: /home/krish/ros2_ws/install/go2_interfaces/include/go2_interfaces/go2_interfaces/msg/detail/voxel_map_compressed__functions.h
-- Up-to-date symlink: /home/krish/ros2_ws/install/go2_interfaces/include/go2_interfaces/go2_interfaces/msg/detail/voxel_map_compressed__struct.h
-- Up-to-date symlink: /home/krish/ros2_ws/install/go2_interfaces/include/go2_interfaces/go2_interfaces/msg/detail/voxel_map_compressed__type_support.h
-- Up-to-date symlink: /home/krish/ros2_ws/install/go2_interfaces/include/go2_interfaces/go2_interfaces/msg/detail/web_rtc_req__functions.h
-- Up-to-date symlink: /home/krish/ros2_ws/install/go2_interfaces/include/go2_interfaces/go2_interfaces/msg/detail/web_rtc_req__struct.h
-- Up-to-date symlink: /home/krish/ros2_ws/install/go2_interfaces/include/go2_interfaces/go2_interfaces/msg/detail/web_rtc_req__type_support.h
-- Up-to-date symlink: /home/krish/ros2_ws/install/go2_interfaces/include/go2_interfaces/go2_interfaces/msg/detail/wireless_controller__functions.h
-- Up-to-date symlink: /home/krish/ros2_ws/install/go2_interfaces/include/go2_interfaces/go2_interfaces/msg/detail/wireless_controller__struct.h
-- Up-to-date symlink: /home/krish/ros2_ws/install/go2_interfaces/include/go2_interfaces/go2_interfaces/msg/detail/wireless_controller__type_support.h
-- Up-to-date symlink: /home/krish/ros2_ws/install/go2_interfaces/include/go2_interfaces/go2_interfaces/msg/error.h
-- Up-to-date symlink: /home/krish/ros2_ws/install/go2_interfaces/include/go2_interfaces/go2_interfaces/msg/go2_cmd.h
-- Up-to-date symlink: /home/krish/ros2_ws/install/go2_interfaces/include/go2_interfaces/go2_interfaces/msg/go2_front_video_data.h
-- Up-to-date symlink: /home/krish/ros2_ws/install/go2_interfaces/include/go2_interfaces/go2_interfaces/msg/go2_move.h
-- Up-to-date symlink: /home/krish/ros2_ws/install/go2_interfaces/include/go2_interfaces/go2_interfaces/msg/go2_rpy_cmd.h
-- Up-to-date symlink: /home/krish/ros2_ws/install/go2_interfaces/include/go2_interfaces/go2_interfaces/msg/go2_state.h
-- Up-to-date symlink: /home/krish/ros2_ws/install/go2_interfaces/include/go2_interfaces/go2_interfaces/msg/height_map.h
-- Up-to-date symlink: /home/krish/ros2_ws/install/go2_interfaces/include/go2_interfaces/go2_interfaces/msg/imu.h
-- Up-to-date symlink: /home/krish/ros2_ws/install/go2_interfaces/include/go2_interfaces/go2_interfaces/msg/interface_config.h
-- Up-to-date symlink: /home/krish/ros2_ws/install/go2_interfaces/include/go2_interfaces/go2_interfaces/msg/lidar_state.h
-- Up-to-date symlink: /home/krish/ros2_ws/install/go2_interfaces/include/go2_interfaces/go2_interfaces/msg/low_cmd.h
-- Up-to-date symlink: /home/krish/ros2_ws/install/go2_interfaces/include/go2_interfaces/go2_interfaces/msg/low_state.h
-- Up-to-date symlink: /home/krish/ros2_ws/install/go2_interfaces/include/go2_interfaces/go2_interfaces/msg/motor_cmd.h
-- Up-to-date symlink: /home/krish/ros2_ws/install/go2_interfaces/include/go2_interfaces/go2_interfaces/msg/motor_cmds.h
-- Up-to-date symlink: /home/krish/ros2_ws/install/go2_interfaces/include/go2_interfaces/go2_interfaces/msg/motor_state.h
-- Up-to-date symlink: /home/krish/ros2_ws/install/go2_interfaces/include/go2_interfaces/go2_interfaces/msg/motor_states.h
-- Up-to-date symlink: /home/krish/ros2_ws/install/go2_interfaces/include/go2_interfaces/go2_interfaces/msg/path_point.h
-- Up-to-date symlink: /home/krish/ros2_ws/install/go2_interfaces/include/go2_interfaces/go2_interfaces/msg/req.h
-- Up-to-date symlink: /home/krish/ros2_ws/install/go2_interfaces/include/go2_interfaces/go2_interfaces/msg/res.h
-- Up-to-date symlink: /home/krish/ros2_ws/install/go2_interfaces/include/go2_interfaces/go2_interfaces/msg/rosidl_generator_c__visibility_control.h
-- Up-to-date symlink: /home/krish/ros2_ws/install/go2_interfaces/include/go2_interfaces/go2_interfaces/msg/sport_mode_cmd.h
-- Up-to-date symlink: /home/krish/ros2_ws/install/go2_interfaces/include/go2_interfaces/go2_interfaces/msg/sport_mode_state.h
-- Up-to-date symlink: /home/krish/ros2_ws/install/go2_interfaces/include/go2_interfaces/go2_interfaces/msg/time_spec.h
-- Up-to-date symlink: /home/krish/ros2_ws/install/go2_interfaces/include/go2_interfaces/go2_interfaces/msg/uwb_state.h
-- Up-to-date symlink: /home/krish/ros2_ws/install/go2_interfaces/include/go2_interfaces/go2_interfaces/msg/uwb_switch.h
-- Up-to-date symlink: /home/krish/ros2_ws/install/go2_interfaces/include/go2_interfaces/go2_interfaces/msg/voxel_height_map_state.h
-- Up-to-date symlink: /home/krish/ros2_ws/install/go2_interfaces/include/go2_interfaces/go2_interfaces/msg/voxel_map_compressed.h
-- Up-to-date symlink: /home/krish/ros2_ws/install/go2_interfaces/include/go2_interfaces/go2_interfaces/msg/web_rtc_req.h
-- Up-to-date symlink: /home/krish/ros2_ws/install/go2_interfaces/include/go2_interfaces/go2_interfaces/msg/wireless_controller.h
-- Up-to-date symlink: /home/krish/ros2_ws/install/go2_interfaces/share/go2_interfaces/environment/library_path.sh
-- Up-to-date symlink: /home/krish/ros2_ws/install/go2_interfaces/share/go2_interfaces/environment/library_path.dsv
-- Up-to-date symlink: /home/krish/ros2_ws/install/go2_interfaces/include/go2_interfaces/go2_interfaces/msg/detail/audio_data__rosidl_typesupport_fastrtps_c.h
-- Up-to-date symlink: /home/krish/ros2_ws/install/go2_interfaces/include/go2_interfaces/go2_interfaces/msg/detail/bms_cmd__rosidl_typesupport_fastrtps_c.h
-- Up-to-date symlink: /home/krish/ros2_ws/install/go2_interfaces/include/go2_interfaces/go2_interfaces/msg/detail/bms_state__rosidl_typesupport_fastrtps_c.h
-- Up-to-date symlink: /home/krish/ros2_ws/install/go2_interfaces/include/go2_interfaces/go2_interfaces/msg/detail/error__rosidl_typesupport_fastrtps_c.h
-- Up-to-date symlink: /home/krish/ros2_ws/install/go2_interfaces/include/go2_interfaces/go2_interfaces/msg/detail/go2_cmd__rosidl_typesupport_fastrtps_c.h
-- Up-to-date symlink: /home/krish/ros2_ws/install/go2_interfaces/include/go2_interfaces/go2_interfaces/msg/detail/go2_front_video_data__rosidl_typesupport_fastrtps_c.h
-- Up-to-date symlink: /home/krish/ros2_ws/install/go2_interfaces/include/go2_interfaces/go2_interfaces/msg/detail/go2_move__rosidl_typesupport_fastrtps_c.h
-- Up-to-date symlink: /home/krish/ros2_ws/install/go2_interfaces/include/go2_interfaces/go2_interfaces/msg/detail/go2_rpy_cmd__rosidl_typesupport_fastrtps_c.h
-- Up-to-date symlink: /home/krish/ros2_ws/install/go2_interfaces/include/go2_interfaces/go2_interfaces/msg/detail/go2_state__rosidl_typesupport_fastrtps_c.h
-- Up-to-date symlink: /home/krish/ros2_ws/install/go2_interfaces/include/go2_interfaces/go2_interfaces/msg/detail/height_map__rosidl_typesupport_fastrtps_c.h
-- Up-to-date symlink: /home/krish/ros2_ws/install/go2_interfaces/include/go2_interfaces/go2_interfaces/msg/detail/imu__rosidl_typesupport_fastrtps_c.h
-- Up-to-date symlink: /home/krish/ros2_ws/install/go2_interfaces/include/go2_interfaces/go2_interfaces/msg/detail/interface_config__rosidl_typesupport_fastrtps_c.h
-- Up-to-date symlink: /home/krish/ros2_ws/install/go2_interfaces/include/go2_interfaces/go2_interfaces/msg/detail/lidar_state__rosidl_typesupport_fastrtps_c.h
-- Up-to-date symlink: /home/krish/ros2_ws/install/go2_interfaces/include/go2_interfaces/go2_interfaces/msg/detail/low_cmd__rosidl_typesupport_fastrtps_c.h
-- Up-to-date symlink: /home/krish/ros2_ws/install/go2_interfaces/include/go2_interfaces/go2_interfaces/msg/detail/low_state__rosidl_typesupport_fastrtps_c.h
-- Up-to-date symlink: /home/krish/ros2_ws/install/go2_interfaces/include/go2_interfaces/go2_interfaces/msg/detail/motor_cmd__rosidl_typesupport_fastrtps_c.h
-- Up-to-date symlink: /home/krish/ros2_ws/install/go2_interfaces/include/go2_interfaces/go2_interfaces/msg/detail/motor_cmds__rosidl_typesupport_fastrtps_c.h
-- Up-to-date symlink: /home/krish/ros2_ws/install/go2_interfaces/include/go2_interfaces/go2_interfaces/msg/detail/motor_state__rosidl_typesupport_fastrtps_c.h
-- Up-to-date symlink: /home/krish/ros2_ws/install/go2_interfaces/include/go2_interfaces/go2_interfaces/msg/detail/motor_states__rosidl_typesupport_fastrtps_c.h
-- Up-to-date symlink: /home/krish/ros2_ws/install/go2_interfaces/include/go2_interfaces/go2_interfaces/msg/detail/path_point__rosidl_typesupport_fastrtps_c.h
-- Up-to-date symlink: /home/krish/ros2_ws/install/go2_interfaces/include/go2_interfaces/go2_interfaces/msg/detail/req__rosidl_typesupport_fastrtps_c.h
-- Up-to-date symlink: /home/krish/ros2_ws/install/go2_interfaces/include/go2_interfaces/go2_interfaces/msg/detail/res__rosidl_typesupport_fastrtps_c.h
-- Up-to-date symlink: /home/krish/ros2_ws/install/go2_interfaces/include/go2_interfaces/go2_interfaces/msg/detail/sport_mode_cmd__rosidl_typesupport_fastrtps_c.h
-- Up-to-date symlink: /home/krish/ros2_ws/install/go2_interfaces/include/go2_interfaces/go2_interfaces/msg/detail/sport_mode_state__rosidl_typesupport_fastrtps_c.h
-- Up-to-date symlink: /home/krish/ros2_ws/install/go2_interfaces/include/go2_interfaces/go2_interfaces/msg/detail/time_spec__rosidl_typesupport_fastrtps_c.h
-- Up-to-date symlink: /home/krish/ros2_ws/install/go2_interfaces/include/go2_interfaces/go2_interfaces/msg/detail/uwb_state__rosidl_typesupport_fastrtps_c.h
-- Up-to-date symlink: /home/krish/ros2_ws/install/go2_interfaces/include/go2_interfaces/go2_interfaces/msg/detail/uwb_switch__rosidl_typesupport_fastrtps_c.h
-- Up-to-date symlink: /home/krish/ros2_ws/install/go2_interfaces/include/go2_interfaces/go2_interfaces/msg/detail/voxel_height_map_state__rosidl_typesupport_fastrtps_c.h
-- Up-to-date symlink: /home/krish/ros2_ws/install/go2_interfaces/include/go2_interfaces/go2_interfaces/msg/detail/voxel_map_compressed__rosidl_typesupport_fastrtps_c.h
-- Up-to-date symlink: /home/krish/ros2_ws/install/go2_interfaces/include/go2_interfaces/go2_interfaces/msg/detail/web_rtc_req__rosidl_typesupport_fastrtps_c.h
-- Up-to-date symlink: /home/krish/ros2_ws/install/go2_interfaces/include/go2_interfaces/go2_interfaces/msg/detail/wireless_controller__rosidl_typesupport_fastrtps_c.h
-- Up-to-date symlink: /home/krish/ros2_ws/install/go2_interfaces/include/go2_interfaces/go2_interfaces/msg/rosidl_typesupport_fastrtps_c__visibility_control.h
-- Up-to-date symlink: /home/krish/ros2_ws/install/go2_interfaces/include/go2_interfaces/go2_interfaces/msg/audio_data.hpp
-- Up-to-date symlink: /home/krish/ros2_ws/install/go2_interfaces/include/go2_interfaces/go2_interfaces/msg/bms_cmd.hpp
-- Up-to-date symlink: /home/krish/ros2_ws/install/go2_interfaces/include/go2_interfaces/go2_interfaces/msg/bms_state.hpp
-- Up-to-date symlink: /home/krish/ros2_ws/install/go2_interfaces/include/go2_interfaces/go2_interfaces/msg/detail/audio_data__builder.hpp
-- Up-to-date symlink: /home/krish/ros2_ws/install/go2_interfaces/include/go2_interfaces/go2_interfaces/msg/detail/audio_data__struct.hpp
-- Up-to-date symlink: /home/krish/ros2_ws/install/go2_interfaces/include/go2_interfaces/go2_interfaces/msg/detail/audio_data__traits.hpp
-- Up-to-date symlink: /home/krish/ros2_ws/install/go2_interfaces/include/go2_interfaces/go2_interfaces/msg/detail/audio_data__type_support.hpp
-- Up-to-date symlink: /home/krish/ros2_ws/install/go2_interfaces/include/go2_interfaces/go2_interfaces/msg/detail/bms_cmd__builder.hpp
-- Up-to-date symlink: /home/krish/ros2_ws/install/go2_interfaces/include/go2_interfaces/go2_interfaces/msg/detail/bms_cmd__struct.hpp
-- Up-to-date symlink: /home/krish/ros2_ws/install/go2_interfaces/include/go2_interfaces/go2_interfaces/msg/detail/bms_cmd__traits.hpp
-- Up-to-date symlink: /home/krish/ros2_ws/install/go2_interfaces/include/go2_interfaces/go2_interfaces/msg/detail/bms_cmd__type_support.hpp
-- Up-to-date symlink: /home/krish/ros2_ws/install/go2_interfaces/include/go2_interfaces/go2_interfaces/msg/detail/bms_state__builder.hpp
-- Up-to-date symlink: /home/krish/ros2_ws/install/go2_interfaces/include/go2_interfaces/go2_interfaces/msg/detail/bms_state__struct.hpp
-- Up-to-date symlink: /home/krish/ros2_ws/install/go2_interfaces/include/go2_interfaces/go2_interfaces/msg/detail/bms_state__traits.hpp
-- Up-to-date symlink: /home/krish/ros2_ws/install/go2_interfaces/include/go2_interfaces/go2_interfaces/msg/detail/bms_state__type_support.hpp
-- Up-to-date symlink: /home/krish/ros2_ws/install/go2_interfaces/include/go2_interfaces/go2_interfaces/msg/detail/error__builder.hpp
-- Up-to-date symlink: /home/krish/ros2_ws/install/go2_interfaces/include/go2_interfaces/go2_interfaces/msg/detail/error__struct.hpp
-- Up-to-date symlink: /home/krish/ros2_ws/install/go2_interfaces/include/go2_interfaces/go2_interfaces/msg/detail/error__traits.hpp
-- Up-to-date symlink: /home/krish/ros2_ws/install/go2_interfaces/include/go2_interfaces/go2_interfaces/msg/detail/error__type_support.hpp
-- Up-to-date symlink: /home/krish/ros2_ws/install/go2_interfaces/include/go2_interfaces/go2_interfaces/msg/detail/go2_cmd__builder.hpp
-- Up-to-date symlink: /home/krish/ros2_ws/install/go2_interfaces/include/go2_interfaces/go2_interfaces/msg/detail/go2_cmd__struct.hpp
-- Up-to-date symlink: /home/krish/ros2_ws/install/go2_interfaces/include/go2_interfaces/go2_interfaces/msg/detail/go2_cmd__traits.hpp
-- Up-to-date symlink: /home/krish/ros2_ws/install/go2_interfaces/include/go2_interfaces/go2_interfaces/msg/detail/go2_cmd__type_support.hpp
-- Up-to-date symlink: /home/krish/ros2_ws/install/go2_interfaces/include/go2_interfaces/go2_interfaces/msg/detail/go2_front_video_data__builder.hpp
-- Up-to-date symlink: /home/krish/ros2_ws/install/go2_interfaces/include/go2_interfaces/go2_interfaces/msg/detail/go2_front_video_data__struct.hpp
-- Up-to-date symlink: /home/krish/ros2_ws/install/go2_interfaces/include/go2_interfaces/go2_interfaces/msg/detail/go2_front_video_data__traits.hpp
-- Up-to-date symlink: /home/krish/ros2_ws/install/go2_interfaces/include/go2_interfaces/go2_interfaces/msg/detail/go2_front_video_data__type_support.hpp
-- Up-to-date symlink: /home/krish/ros2_ws/install/go2_interfaces/include/go2_interfaces/go2_interfaces/msg/detail/go2_move__builder.hpp
-- Up-to-date symlink: /home/krish/ros2_ws/install/go2_interfaces/include/go2_interfaces/go2_interfaces/msg/detail/go2_move__struct.hpp
-- Up-to-date symlink: /home/krish/ros2_ws/install/go2_interfaces/include/go2_interfaces/go2_interfaces/msg/detail/go2_move__traits.hpp
-- Up-to-date symlink: /home/krish/ros2_ws/install/go2_interfaces/include/go2_interfaces/go2_interfaces/msg/detail/go2_move__type_support.hpp
-- Up-to-date symlink: /home/krish/ros2_ws/install/go2_interfaces/include/go2_interfaces/go2_interfaces/msg/detail/go2_rpy_cmd__builder.hpp
-- Up-to-date symlink: /home/krish/ros2_ws/install/go2_interfaces/include/go2_interfaces/go2_interfaces/msg/detail/go2_rpy_cmd__struct.hpp
-- Up-to-date symlink: /home/krish/ros2_ws/install/go2_interfaces/include/go2_interfaces/go2_interfaces/msg/detail/go2_rpy_cmd__traits.hpp
-- Up-to-date symlink: /home/krish/ros2_ws/install/go2_interfaces/include/go2_interfaces/go2_interfaces/msg/detail/go2_rpy_cmd__type_support.hpp
-- Up-to-date symlink: /home/krish/ros2_ws/install/go2_interfaces/include/go2_interfaces/go2_interfaces/msg/detail/go2_state__builder.hpp
-- Up-to-date symlink: /home/krish/ros2_ws/install/go2_interfaces/include/go2_interfaces/go2_interfaces/msg/detail/go2_state__struct.hpp
-- Up-to-date symlink: /home/krish/ros2_ws/install/go2_interfaces/include/go2_interfaces/go2_interfaces/msg/detail/go2_state__traits.hpp
-- Up-to-date symlink: /home/krish/ros2_ws/install/go2_interfaces/include/go2_interfaces/go2_interfaces/msg/detail/go2_state__type_support.hpp
-- Up-to-date symlink: /home/krish/ros2_ws/install/go2_interfaces/include/go2_interfaces/go2_interfaces/msg/detail/height_map__builder.hpp
-- Up-to-date symlink: /home/krish/ros2_ws/install/go2_interfaces/include/go2_interfaces/go2_interfaces/msg/detail/height_map__struct.hpp
-- Up-to-date symlink: /home/krish/ros2_ws/install/go2_interfaces/include/go2_interfaces/go2_interfaces/msg/detail/height_map__traits.hpp
-- Up-to-date symlink: /home/krish/ros2_ws/install/go2_interfaces/include/go2_interfaces/go2_interfaces/msg/detail/height_map__type_support.hpp
-- Up-to-date symlink: /home/krish/ros2_ws/install/go2_interfaces/include/go2_interfaces/go2_interfaces/msg/detail/imu__builder.hpp
-- Up-to-date symlink: /home/krish/ros2_ws/install/go2_interfaces/include/go2_interfaces/go2_interfaces/msg/detail/imu__struct.hpp
-- Up-to-date symlink: /home/krish/ros2_ws/install/go2_interfaces/include/go2_interfaces/go2_interfaces/msg/detail/imu__traits.hpp
-- Up-to-date symlink: /home/krish/ros2_ws/install/go2_interfaces/include/go2_interfaces/go2_interfaces/msg/detail/imu__type_support.hpp
-- Up-to-date symlink: /home/krish/ros2_ws/install/go2_interfaces/include/go2_interfaces/go2_interfaces/msg/detail/interface_config__builder.hpp
-- Up-to-date symlink: /home/krish/ros2_ws/install/go2_interfaces/include/go2_interfaces/go2_interfaces/msg/detail/interface_config__struct.hpp
-- Up-to-date symlink: /home/krish/ros2_ws/install/go2_interfaces/include/go2_interfaces/go2_interfaces/msg/detail/interface_config__traits.hpp
-- Up-to-date symlink: /home/krish/ros2_ws/install/go2_interfaces/include/go2_interfaces/go2_interfaces/msg/detail/interface_config__type_support.hpp
-- Up-to-date symlink: /home/krish/ros2_ws/install/go2_interfaces/include/go2_interfaces/go2_interfaces/msg/detail/lidar_state__builder.hpp
-- Up-to-date symlink: /home/krish/ros2_ws/install/go2_interfaces/include/go2_interfaces/go2_interfaces/msg/detail/lidar_state__struct.hpp
-- Up-to-date symlink: /home/krish/ros2_ws/install/go2_interfaces/include/go2_interfaces/go2_interfaces/msg/detail/lidar_state__traits.hpp
-- Up-to-date symlink: /home/krish/ros2_ws/install/go2_interfaces/include/go2_interfaces/go2_interfaces/msg/detail/lidar_state__type_support.hpp
-- Up-to-date symlink: /home/krish/ros2_ws/install/go2_interfaces/include/go2_interfaces/go2_interfaces/msg/detail/low_cmd__builder.hpp
-- Up-to-date symlink: /home/krish/ros2_ws/install/go2_interfaces/include/go2_interfaces/go2_interfaces/msg/detail/low_cmd__struct.hpp
-- Up-to-date symlink: /home/krish/ros2_ws/install/go2_interfaces/include/go2_interfaces/go2_interfaces/msg/detail/low_cmd__traits.hpp
-- Up-to-date symlink: /home/krish/ros2_ws/install/go2_interfaces/include/go2_interfaces/go2_interfaces/msg/detail/low_cmd__type_support.hpp
-- Up-to-date symlink: /home/krish/ros2_ws/install/go2_interfaces/include/go2_interfaces/go2_interfaces/msg/detail/low_state__builder.hpp
-- Up-to-date symlink: /home/krish/ros2_ws/install/go2_interfaces/include/go2_interfaces/go2_interfaces/msg/detail/low_state__struct.hpp
-- Up-to-date symlink: /home/krish/ros2_ws/install/go2_interfaces/include/go2_interfaces/go2_interfaces/msg/detail/low_state__traits.hpp
-- Up-to-date symlink: /home/krish/ros2_ws/install/go2_interfaces/include/go2_interfaces/go2_interfaces/msg/detail/low_state__type_support.hpp
-- Up-to-date symlink: /home/krish/ros2_ws/install/go2_interfaces/include/go2_interfaces/go2_interfaces/msg/detail/motor_cmd__builder.hpp
-- Up-to-date symlink: /home/krish/ros2_ws/install/go2_interfaces/include/go2_interfaces/go2_interfaces/msg/detail/motor_cmd__struct.hpp
-- Up-to-date symlink: /home/krish/ros2_ws/install/go2_interfaces/include/go2_interfaces/go2_interfaces/msg/detail/motor_cmd__traits.hpp
-- Up-to-date symlink: /home/krish/ros2_ws/install/go2_interfaces/include/go2_interfaces/go2_interfaces/msg/detail/motor_cmd__type_support.hpp
-- Up-to-date symlink: /home/krish/ros2_ws/install/go2_interfaces/include/go2_interfaces/go2_interfaces/msg/detail/motor_cmds__builder.hpp
-- Up-to-date symlink: /home/krish/ros2_ws/install/go2_interfaces/include/go2_interfaces/go2_interfaces/msg/detail/motor_cmds__struct.hpp
-- Up-to-date symlink: /home/krish/ros2_ws/install/go2_interfaces/include/go2_interfaces/go2_interfaces/msg/detail/motor_cmds__traits.hpp
-- Up-to-date symlink: /home/krish/ros2_ws/install/go2_interfaces/include/go2_interfaces/go2_interfaces/msg/detail/motor_cmds__type_support.hpp
-- Up-to-date symlink: /home/krish/ros2_ws/install/go2_interfaces/include/go2_interfaces/go2_interfaces/msg/detail/motor_state__builder.hpp
-- Up-to-date symlink: /home/krish/ros2_ws/install/go2_interfaces/include/go2_interfaces/go2_interfaces/msg/detail/motor_state__struct.hpp
-- Up-to-date symlink: /home/krish/ros2_ws/install/go2_interfaces/include/go2_interfaces/go2_interfaces/msg/detail/motor_state__traits.hpp
-- Up-to-date symlink: /home/krish/ros2_ws/install/go2_interfaces/include/go2_interfaces/go2_interfaces/msg/detail/motor_state__type_support.hpp
-- Up-to-date symlink: /home/krish/ros2_ws/install/go2_interfaces/include/go2_interfaces/go2_interfaces/msg/detail/motor_states__builder.hpp
-- Up-to-date symlink: /home/krish/ros2_ws/install/go2_interfaces/include/go2_interfaces/go2_interfaces/msg/detail/motor_states__struct.hpp
-- Up-to-date symlink: /home/krish/ros2_ws/install/go2_interfaces/include/go2_interfaces/go2_interfaces/msg/detail/motor_states__traits.hpp
-- Up-to-date symlink: /home/krish/ros2_ws/install/go2_interfaces/include/go2_interfaces/go2_interfaces/msg/detail/motor_states__type_support.hpp
-- Up-to-date symlink: /home/krish/ros2_ws/install/go2_interfaces/include/go2_interfaces/go2_interfaces/msg/detail/path_point__builder.hpp
-- Up-to-date symlink: /home/krish/ros2_ws/install/go2_interfaces/include/go2_interfaces/go2_interfaces/msg/detail/path_point__struct.hpp
-- Up-to-date symlink: /home/krish/ros2_ws/install/go2_interfaces/include/go2_interfaces/go2_interfaces/msg/detail/path_point__traits.hpp
-- Up-to-date symlink: /home/krish/ros2_ws/install/go2_interfaces/include/go2_interfaces/go2_interfaces/msg/detail/path_point__type_support.hpp
-- Up-to-date symlink: /home/krish/ros2_ws/install/go2_interfaces/include/go2_interfaces/go2_interfaces/msg/detail/req__builder.hpp
-- Up-to-date symlink: /home/krish/ros2_ws/install/go2_interfaces/include/go2_interfaces/go2_interfaces/msg/detail/req__struct.hpp
-- Up-to-date symlink: /home/krish/ros2_ws/install/go2_interfaces/include/go2_interfaces/go2_interfaces/msg/detail/req__traits.hpp
-- Up-to-date symlink: /home/krish/ros2_ws/install/go2_interfaces/include/go2_interfaces/go2_interfaces/msg/detail/req__type_support.hpp
-- Up-to-date symlink: /home/krish/ros2_ws/install/go2_interfaces/include/go2_interfaces/go2_interfaces/msg/detail/res__builder.hpp
-- Up-to-date symlink: /home/krish/ros2_ws/install/go2_interfaces/include/go2_interfaces/go2_interfaces/msg/detail/res__struct.hpp
-- Up-to-date symlink: /home/krish/ros2_ws/install/go2_interfaces/include/go2_interfaces/go2_interfaces/msg/detail/res__traits.hpp
-- Up-to-date symlink: /home/krish/ros2_ws/install/go2_interfaces/include/go2_interfaces/go2_interfaces/msg/detail/res__type_support.hpp
-- Up-to-date symlink: /home/krish/ros2_ws/install/go2_interfaces/include/go2_interfaces/go2_interfaces/msg/detail/sport_mode_cmd__builder.hpp
-- Up-to-date symlink: /home/krish/ros2_ws/install/go2_interfaces/include/go2_interfaces/go2_interfaces/msg/detail/sport_mode_cmd__struct.hpp
-- Up-to-date symlink: /home/krish/ros2_ws/install/go2_interfaces/include/go2_interfaces/go2_interfaces/msg/detail/sport_mode_cmd__traits.hpp
-- Up-to-date symlink: /home/krish/ros2_ws/install/go2_interfaces/include/go2_interfaces/go2_interfaces/msg/detail/sport_mode_cmd__type_support.hpp
-- Up-to-date symlink: /home/krish/ros2_ws/install/go2_interfaces/include/go2_interfaces/go2_interfaces/msg/detail/sport_mode_state__builder.hpp
-- Up-to-date symlink: /home/krish/ros2_ws/install/go2_interfaces/include/go2_interfaces/go2_interfaces/msg/detail/sport_mode_state__struct.hpp
-- Up-to-date symlink: /home/krish/ros2_ws/install/go2_interfaces/include/go2_interfaces/go2_interfaces/msg/detail/sport_mode_state__traits.hpp
-- Up-to-date symlink: /home/krish/ros2_ws/install/go2_interfaces/include/go2_interfaces/go2_interfaces/msg/detail/sport_mode_state__type_support.hpp
-- Up-to-date symlink: /home/krish/ros2_ws/install/go2_interfaces/include/go2_interfaces/go2_interfaces/msg/detail/time_spec__builder.hpp
-- Up-to-date symlink: /home/krish/ros2_ws/install/go2_interfaces/include/go2_interfaces/go2_interfaces/msg/detail/time_spec__struct.hpp
-- Up-to-date symlink: /home/krish/ros2_ws/install/go2_interfaces/include/go2_interfaces/go2_interfaces/msg/detail/time_spec__traits.hpp
-- Up-to-date symlink: /home/krish/ros2_ws/install/go2_interfaces/include/go2_interfaces/go2_interfaces/msg/detail/time_spec__type_support.hpp
-- Up-to-date symlink: /home/krish/ros2_ws/install/go2_interfaces/include/go2_interfaces/go2_interfaces/msg/detail/uwb_state__builder.hpp
-- Up-to-date symlink: /home/krish/ros2_ws/install/go2_interfaces/include/go2_interfaces/go2_interfaces/msg/detail/uwb_state__struct.hpp
-- Up-to-date symlink: /home/krish/ros2_ws/install/go2_interfaces/include/go2_interfaces/go2_interfaces/msg/detail/uwb_state__traits.hpp
-- Up-to-date symlink: /home/krish/ros2_ws/install/go2_interfaces/include/go2_interfaces/go2_interfaces/msg/detail/uwb_state__type_support.hpp
-- Up-to-date symlink: /home/krish/ros2_ws/install/go2_interfaces/include/go2_interfaces/go2_interfaces/msg/detail/uwb_switch__builder.hpp
-- Up-to-date symlink: /home/krish/ros2_ws/install/go2_interfaces/include/go2_interfaces/go2_interfaces/msg/detail/uwb_switch__struct.hpp
-- Up-to-date symlink: /home/krish/ros2_ws/install/go2_interfaces/include/go2_interfaces/go2_interfaces/msg/detail/uwb_switch__traits.hpp
-- Up-to-date symlink: /home/krish/ros2_ws/install/go2_interfaces/include/go2_interfaces/go2_interfaces/msg/detail/uwb_switch__type_support.hpp
-- Up-to-date symlink: /home/krish/ros2_ws/install/go2_interfaces/include/go2_interfaces/go2_interfaces/msg/detail/voxel_height_map_state__builder.hpp
-- Up-to-date symlink: /home/krish/ros2_ws/install/go2_interfaces/include/go2_interfaces/go2_interfaces/msg/detail/voxel_height_map_state__struct.hpp
-- Up-to-date symlink: /home/krish/ros2_ws/install/go2_interfaces/include/go2_interfaces/go2_interfaces/msg/detail/voxel_height_map_state__traits.hpp
-- Up-to-date symlink: /home/krish/ros2_ws/install/go2_interfaces/include/go2_interfaces/go2_interfaces/msg/detail/voxel_height_map_state__type_support.hpp
-- Up-to-date symlink: /home/krish/ros2_ws/install/go2_interfaces/include/go2_interfaces/go2_interfaces/msg/detail/voxel_map_compressed__builder.hpp
-- Up-to-date symlink: /home/krish/ros2_ws/install/go2_interfaces/include/go2_interfaces/go2_interfaces/msg/detail/voxel_map_compressed__struct.hpp
-- Up-to-date symlink: /home/krish/ros2_ws/install/go2_interfaces/include/go2_interfaces/go2_interfaces/msg/detail/voxel_map_compressed__traits.hpp
-- Up-to-date symlink: /home/krish/ros2_ws/install/go2_interfaces/include/go2_interfaces/go2_interfaces/msg/detail/voxel_map_compressed__type_support.hpp
-- Up-to-date symlink: /home/krish/ros2_ws/install/go2_interfaces/include/go2_interfaces/go2_interfaces/msg/detail/web_rtc_req__builder.hpp
-- Up-to-date symlink: /home/krish/ros2_ws/install/go2_interfaces/include/go2_interfaces/go2_interfaces/msg/detail/web_rtc_req__struct.hpp
-- Up-to-date symlink: /home/krish/ros2_ws/install/go2_interfaces/include/go2_interfaces/go2_interfaces/msg/detail/web_rtc_req__traits.hpp
-- Up-to-date symlink: /home/krish/ros2_ws/install/go2_interfaces/include/go2_interfaces/go2_interfaces/msg/detail/web_rtc_req__type_support.hpp
-- Up-to-date symlink: /home/krish/ros2_ws/install/go2_interfaces/include/go2_interfaces/go2_interfaces/msg/detail/wireless_controller__builder.hpp
-- Up-to-date symlink: /home/krish/ros2_ws/install/go2_interfaces/include/go2_interfaces/go2_interfaces/msg/detail/wireless_controller__struct.hpp
-- Up-to-date symlink: /home/krish/ros2_ws/install/go2_interfaces/include/go2_interfaces/go2_interfaces/msg/detail/wireless_controller__traits.hpp
-- Up-to-date symlink: /home/krish/ros2_ws/install/go2_interfaces/include/go2_interfaces/go2_interfaces/msg/detail/wireless_controller__type_support.hpp
-- Up-to-date symlink: /home/krish/ros2_ws/install/go2_interfaces/include/go2_interfaces/go2_interfaces/msg/error.hpp
-- Up-to-date symlink: /home/krish/ros2_ws/install/go2_interfaces/include/go2_interfaces/go2_interfaces/msg/go2_cmd.hpp
-- Up-to-date symlink: /home/krish/ros2_ws/install/go2_interfaces/include/go2_interfaces/go2_interfaces/msg/go2_front_video_data.hpp
-- Up-to-date symlink: /home/krish/ros2_ws/install/go2_interfaces/include/go2_interfaces/go2_interfaces/msg/go2_move.hpp
-- Up-to-date symlink: /home/krish/ros2_ws/install/go2_interfaces/include/go2_interfaces/go2_interfaces/msg/go2_rpy_cmd.hpp
-- Up-to-date symlink: /home/krish/ros2_ws/install/go2_interfaces/include/go2_interfaces/go2_interfaces/msg/go2_state.hpp
-- Up-to-date symlink: /home/krish/ros2_ws/install/go2_interfaces/include/go2_interfaces/go2_interfaces/msg/height_map.hpp
-- Up-to-date symlink: /home/krish/ros2_ws/install/go2_interfaces/include/go2_interfaces/go2_interfaces/msg/imu.hpp
-- Up-to-date symlink: /home/krish/ros2_ws/install/go2_interfaces/include/go2_interfaces/go2_interfaces/msg/interface_config.hpp
-- Up-to-date symlink: /home/krish/ros2_ws/install/go2_interfaces/include/go2_interfaces/go2_interfaces/msg/lidar_state.hpp
-- Up-to-date symlink: /home/krish/ros2_ws/install/go2_interfaces/include/go2_interfaces/go2_interfaces/msg/low_cmd.hpp
-- Up-to-date symlink: /home/krish/ros2_ws/install/go2_interfaces/include/go2_interfaces/go2_interfaces/msg/low_state.hpp
-- Up-to-date symlink: /home/krish/ros2_ws/install/go2_interfaces/include/go2_interfaces/go2_interfaces/msg/motor_cmd.hpp
-- Up-to-date symlink: /home/krish/ros2_ws/install/go2_interfaces/include/go2_interfaces/go2_interfaces/msg/motor_cmds.hpp
-- Up-to-date symlink: /home/krish/ros2_ws/install/go2_interfaces/include/go2_interfaces/go2_interfaces/msg/motor_state.hpp
-- Up-to-date symlink: /home/krish/ros2_ws/install/go2_interfaces/include/go2_interfaces/go2_interfaces/msg/motor_states.hpp
-- Up-to-date symlink: /home/krish/ros2_ws/install/go2_interfaces/include/go2_interfaces/go2_interfaces/msg/path_point.hpp
-- Up-to-date symlink: /home/krish/ros2_ws/install/go2_interfaces/include/go2_interfaces/go2_interfaces/msg/req.hpp
-- Up-to-date symlink: /home/krish/ros2_ws/install/go2_interfaces/include/go2_interfaces/go2_interfaces/msg/res.hpp
-- Up-to-date symlink: /home/krish/ros2_ws/install/go2_interfaces/include/go2_interfaces/go2_interfaces/msg/rosidl_generator_cpp__visibility_control.hpp
-- Up-to-date symlink: /home/krish/ros2_ws/install/go2_interfaces/include/go2_interfaces/go2_interfaces/msg/sport_mode_cmd.hpp
-- Up-to-date symlink: /home/krish/ros2_ws/install/go2_interfaces/include/go2_interfaces/go2_interfaces/msg/sport_mode_state.hpp
-- Up-to-date symlink: /home/krish/ros2_ws/install/go2_interfaces/include/go2_interfaces/go2_interfaces/msg/time_spec.hpp
-- Up-to-date symlink: /home/krish/ros2_ws/install/go2_interfaces/include/go2_interfaces/go2_interfaces/msg/uwb_state.hpp
-- Up-to-date symlink: /home/krish/ros2_ws/install/go2_interfaces/include/go2_interfaces/go2_interfaces/msg/uwb_switch.hpp
-- Up-to-date symlink: /home/krish/ros2_ws/install/go2_interfaces/include/go2_interfaces/go2_interfaces/msg/voxel_height_map_state.hpp
-- Up-to-date symlink: /home/krish/ros2_ws/install/go2_interfaces/include/go2_interfaces/go2_interfaces/msg/voxel_map_compressed.hpp
-- Up-to-date symlink: /home/krish/ros2_ws/install/go2_interfaces/include/go2_interfaces/go2_interfaces/msg/web_rtc_req.hpp
-- Up-to-date symlink: /home/krish/ros2_ws/install/go2_interfaces/include/go2_interfaces/go2_interfaces/msg/wireless_controller.hpp
-- Up-to-date symlink: /home/krish/ros2_ws/install/go2_interfaces/include/go2_interfaces/go2_interfaces/msg/detail/audio_data__rosidl_typesupport_fastrtps_cpp.hpp
-- Up-to-date symlink: /home/krish/ros2_ws/install/go2_interfaces/include/go2_interfaces/go2_interfaces/msg/detail/bms_cmd__rosidl_typesupport_fastrtps_cpp.hpp
-- Up-to-date symlink: /home/krish/ros2_ws/install/go2_interfaces/include/go2_interfaces/go2_interfaces/msg/detail/bms_state__rosidl_typesupport_fastrtps_cpp.hpp
-- Up-to-date symlink: /home/krish/ros2_ws/install/go2_interfaces/include/go2_interfaces/go2_interfaces/msg/detail/error__rosidl_typesupport_fastrtps_cpp.hpp
-- Up-to-date symlink: /home/krish/ros2_ws/install/go2_interfaces/include/go2_interfaces/go2_interfaces/msg/detail/go2_cmd__rosidl_typesupport_fastrtps_cpp.hpp
-- Up-to-date symlink: /home/krish/ros2_ws/install/go2_interfaces/include/go2_interfaces/go2_interfaces/msg/detail/go2_front_video_data__rosidl_typesupport_fastrtps_cpp.hpp
-- Up-to-date symlink: /home/krish/ros2_ws/install/go2_interfaces/include/go2_interfaces/go2_interfaces/msg/detail/go2_move__rosidl_typesupport_fastrtps_cpp.hpp
-- Up-to-date symlink: /home/krish/ros2_ws/install/go2_interfaces/include/go2_interfaces/go2_interfaces/msg/detail/go2_rpy_cmd__rosidl_typesupport_fastrtps_cpp.hpp
-- Up-to-date symlink: /home/krish/ros2_ws/install/go2_interfaces/include/go2_interfaces/go2_interfaces/msg/detail/go2_state__rosidl_typesupport_fastrtps_cpp.hpp
-- Up-to-date symlink: /home/krish/ros2_ws/install/go2_interfaces/include/go2_interfaces/go2_interfaces/msg/detail/height_map__rosidl_typesupport_fastrtps_cpp.hpp
-- Up-to-date symlink: /home/krish/ros2_ws/install/go2_interfaces/include/go2_interfaces/go2_interfaces/msg/detail/imu__rosidl_typesupport_fastrtps_cpp.hpp
-- Up-to-date symlink: /home/krish/ros2_ws/install/go2_interfaces/include/go2_interfaces/go2_interfaces/msg/detail/interface_config__rosidl_typesupport_fastrtps_cpp.hpp
-- Up-to-date symlink: /home/krish/ros2_ws/install/go2_interfaces/include/go2_interfaces/go2_interfaces/msg/detail/lidar_state__rosidl_typesupport_fastrtps_cpp.hpp
-- Up-to-date symlink: /home/krish/ros2_ws/install/go2_interfaces/include/go2_interfaces/go2_interfaces/msg/detail/low_cmd__rosidl_typesupport_fastrtps_cpp.hpp
-- Up-to-date symlink: /home/krish/ros2_ws/install/go2_interfaces/include/go2_interfaces/go2_interfaces/msg/detail/low_state__rosidl_typesupport_fastrtps_cpp.hpp
-- Up-to-date symlink: /home/krish/ros2_ws/install/go2_interfaces/include/go2_interfaces/go2_interfaces/msg/detail/motor_cmd__rosidl_typesupport_fastrtps_cpp.hpp
-- Up-to-date symlink: /home/krish/ros2_ws/install/go2_interfaces/include/go2_interfaces/go2_interfaces/msg/detail/motor_cmds__rosidl_typesupport_fastrtps_cpp.hpp
-- Up-to-date symlink: /home/krish/ros2_ws/install/go2_interfaces/include/go2_interfaces/go2_interfaces/msg/detail/motor_state__rosidl_typesupport_fastrtps_cpp.hpp
-- Up-to-date symlink: /home/krish/ros2_ws/install/go2_interfaces/include/go2_interfaces/go2_interfaces/msg/detail/motor_states__rosidl_typesupport_fastrtps_cpp.hpp
-- Up-to-date symlink: /home/krish/ros2_ws/install/go2_interfaces/include/go2_interfaces/go2_interfaces/msg/detail/path_point__rosidl_typesupport_fastrtps_cpp.hpp
-- Up-to-date symlink: /home/krish/ros2_ws/install/go2_interfaces/include/go2_interfaces/go2_interfaces/msg/detail/req__rosidl_typesupport_fastrtps_cpp.hpp
-- Up-to-date symlink: /home/krish/ros2_ws/install/go2_interfaces/include/go2_interfaces/go2_interfaces/msg/detail/res__rosidl_typesupport_fastrtps_cpp.hpp
-- Up-to-date symlink: /home/krish/ros2_ws/install/go2_interfaces/include/go2_interfaces/go2_interfaces/msg/detail/sport_mode_cmd__rosidl_typesupport_fastrtps_cpp.hpp
-- Up-to-date symlink: /home/krish/ros2_ws/install/go2_interfaces/include/go2_interfaces/go2_interfaces/msg/detail/sport_mode_state__rosidl_typesupport_fastrtps_cpp.hpp
-- Up-to-date symlink: /home/krish/ros2_ws/install/go2_interfaces/include/go2_interfaces/go2_interfaces/msg/detail/time_spec__rosidl_typesupport_fastrtps_cpp.hpp
-- Up-to-date symlink: /home/krish/ros2_ws/install/go2_interfaces/include/go2_interfaces/go2_interfaces/msg/detail/uwb_state__rosidl_typesupport_fastrtps_cpp.hpp
-- Up-to-date symlink: /home/krish/ros2_ws/install/go2_interfaces/include/go2_interfaces/go2_interfaces/msg/detail/uwb_switch__rosidl_typesupport_fastrtps_cpp.hpp
-- Up-to-date symlink: /home/krish/ros2_ws/install/go2_interfaces/include/go2_interfaces/go2_interfaces/msg/detail/voxel_height_map_state__rosidl_typesupport_fastrtps_cpp.hpp
-- Up-to-date symlink: /home/krish/ros2_ws/install/go2_interfaces/include/go2_interfaces/go2_interfaces/msg/detail/voxel_map_compressed__rosidl_typesupport_fastrtps_cpp.hpp
-- Up-to-date symlink: /home/krish/ros2_ws/install/go2_interfaces/include/go2_interfaces/go2_interfaces/msg/detail/web_rtc_req__rosidl_typesupport_fastrtps_cpp.hpp
-- Up-to-date symlink: /home/krish/ros2_ws/install/go2_interfaces/include/go2_interfaces/go2_interfaces/msg/detail/wireless_controller__rosidl_typesupport_fastrtps_cpp.hpp
-- Up-to-date symlink: /home/krish/ros2_ws/install/go2_interfaces/include/go2_interfaces/go2_interfaces/msg/rosidl_typesupport_fastrtps_cpp__visibility_control.h
-- Up-to-date symlink: /home/krish/ros2_ws/install/go2_interfaces/include/go2_interfaces/go2_interfaces/msg/detail/audio_data__rosidl_typesupport_introspection_c.h
-- Up-to-date symlink: /home/krish/ros2_ws/install/go2_interfaces/include/go2_interfaces/go2_interfaces/msg/detail/bms_cmd__rosidl_typesupport_introspection_c.h
-- Up-to-date symlink: /home/krish/ros2_ws/install/go2_interfaces/include/go2_interfaces/go2_interfaces/msg/detail/bms_state__rosidl_typesupport_introspection_c.h
-- Up-to-date symlink: /home/krish/ros2_ws/install/go2_interfaces/include/go2_interfaces/go2_interfaces/msg/detail/error__rosidl_typesupport_introspection_c.h
-- Up-to-date symlink: /home/krish/ros2_ws/install/go2_interfaces/include/go2_interfaces/go2_interfaces/msg/detail/go2_cmd__rosidl_typesupport_introspection_c.h
-- Up-to-date symlink: /home/krish/ros2_ws/install/go2_interfaces/include/go2_interfaces/go2_interfaces/msg/detail/go2_front_video_data__rosidl_typesupport_introspection_c.h
-- Up-to-date symlink: /home/krish/ros2_ws/install/go2_interfaces/include/go2_interfaces/go2_interfaces/msg/detail/go2_move__rosidl_typesupport_introspection_c.h
-- Up-to-date symlink: /home/krish/ros2_ws/install/go2_interfaces/include/go2_interfaces/go2_interfaces/msg/detail/go2_rpy_cmd__rosidl_typesupport_introspection_c.h
-- Up-to-date symlink: /home/krish/ros2_ws/install/go2_interfaces/include/go2_interfaces/go2_interfaces/msg/detail/go2_state__rosidl_typesupport_introspection_c.h
-- Up-to-date symlink: /home/krish/ros2_ws/install/go2_interfaces/include/go2_interfaces/go2_interfaces/msg/detail/height_map__rosidl_typesupport_introspection_c.h
-- Up-to-date symlink: /home/krish/ros2_ws/install/go2_interfaces/include/go2_interfaces/go2_interfaces/msg/detail/imu__rosidl_typesupport_introspection_c.h
-- Up-to-date symlink: /home/krish/ros2_ws/install/go2_interfaces/include/go2_interfaces/go2_interfaces/msg/detail/interface_config__rosidl_typesupport_introspection_c.h
-- Up-to-date symlink: /home/krish/ros2_ws/install/go2_interfaces/include/go2_interfaces/go2_interfaces/msg/detail/lidar_state__rosidl_typesupport_introspection_c.h
-- Up-to-date symlink: /home/krish/ros2_ws/install/go2_interfaces/include/go2_interfaces/go2_interfaces/msg/detail/low_cmd__rosidl_typesupport_introspection_c.h
-- Up-to-date symlink: /home/krish/ros2_ws/install/go2_interfaces/include/go2_interfaces/go2_interfaces/msg/detail/low_state__rosidl_typesupport_introspection_c.h
-- Up-to-date symlink: /home/krish/ros2_ws/install/go2_interfaces/include/go2_interfaces/go2_interfaces/msg/detail/motor_cmd__rosidl_typesupport_introspection_c.h
-- Up-to-date symlink: /home/krish/ros2_ws/install/go2_interfaces/include/go2_interfaces/go2_interfaces/msg/detail/motor_cmds__rosidl_typesupport_introspection_c.h
-- Up-to-date symlink: /home/krish/ros2_ws/install/go2_interfaces/include/go2_interfaces/go2_interfaces/msg/detail/motor_state__rosidl_typesupport_introspection_c.h
-- Up-to-date symlink: /home/krish/ros2_ws/install/go2_interfaces/include/go2_interfaces/go2_interfaces/msg/detail/motor_states__rosidl_typesupport_introspection_c.h
-- Up-to-date symlink: /home/krish/ros2_ws/install/go2_interfaces/include/go2_interfaces/go2_interfaces/msg/detail/path_point__rosidl_typesupport_introspection_c.h
-- Up-to-date symlink: /home/krish/ros2_ws/install/go2_interfaces/include/go2_interfaces/go2_interfaces/msg/detail/req__rosidl_typesupport_introspection_c.h
-- Up-to-date symlink: /home/krish/ros2_ws/install/go2_interfaces/include/go2_interfaces/go2_interfaces/msg/detail/res__rosidl_typesupport_introspection_c.h
-- Up-to-date symlink: /home/krish/ros2_ws/install/go2_interfaces/include/go2_interfaces/go2_interfaces/msg/detail/sport_mode_cmd__rosidl_typesupport_introspection_c.h
-- Up-to-date symlink: /home/krish/ros2_ws/install/go2_interfaces/include/go2_interfaces/go2_interfaces/msg/detail/sport_mode_state__rosidl_typesupport_introspection_c.h
-- Up-to-date symlink: /home/krish/ros2_ws/install/go2_interfaces/include/go2_interfaces/go2_interfaces/msg/detail/time_spec__rosidl_typesupport_introspection_c.h
-- Up-to-date symlink: /home/krish/ros2_ws/install/go2_interfaces/include/go2_interfaces/go2_interfaces/msg/detail/uwb_state__rosidl_typesupport_introspection_c.h
-- Up-to-date symlink: /home/krish/ros2_ws/install/go2_interfaces/include/go2_interfaces/go2_interfaces/msg/detail/uwb_switch__rosidl_typesupport_introspection_c.h
-- Up-to-date symlink: /home/krish/ros2_ws/install/go2_interfaces/include/go2_interfaces/go2_interfaces/msg/detail/voxel_height_map_state__rosidl_typesupport_introspection_c.h
-- Up-to-date symlink: /home/krish/ros2_ws/install/go2_interfaces/include/go2_interfaces/go2_interfaces/msg/detail/voxel_map_compressed__rosidl_typesupport_introspection_c.h
-- Up-to-date symlink: /home/krish/ros2_ws/install/go2_interfaces/include/go2_interfaces/go2_interfaces/msg/detail/web_rtc_req__rosidl_typesupport_introspection_c.h
-- Up-to-date symlink: /home/krish/ros2_ws/install/go2_interfaces/include/go2_interfaces/go2_interfaces/msg/detail/wireless_controller__rosidl_typesupport_introspection_c.h
-- Up-to-date symlink: /home/krish/ros2_ws/install/go2_interfaces/include/go2_interfaces/go2_interfaces/msg/rosidl_typesupport_introspection_c__visibility_control.h
-- Up-to-date symlink: /home/krish/ros2_ws/install/go2_interfaces/include/go2_interfaces/go2_interfaces/msg/detail/audio_data__rosidl_typesupport_introspection_cpp.hpp
-- Up-to-date symlink: /home/krish/ros2_ws/install/go2_interfaces/include/go2_interfaces/go2_interfaces/msg/detail/bms_cmd__rosidl_typesupport_introspection_cpp.hpp
-- Up-to-date symlink: /home/krish/ros2_ws/install/go2_interfaces/include/go2_interfaces/go2_interfaces/msg/detail/bms_state__rosidl_typesupport_introspection_cpp.hpp
-- Up-to-date symlink: /home/krish/ros2_ws/install/go2_interfaces/include/go2_interfaces/go2_interfaces/msg/detail/error__rosidl_typesupport_introspection_cpp.hpp
-- Up-to-date symlink: /home/krish/ros2_ws/install/go2_interfaces/include/go2_interfaces/go2_interfaces/msg/detail/go2_cmd__rosidl_typesupport_introspection_cpp.hpp
-- Up-to-date symlink: /home/krish/ros2_ws/install/go2_interfaces/include/go2_interfaces/go2_interfaces/msg/detail/go2_front_video_data__rosidl_typesupport_introspection_cpp.hpp
-- Up-to-date symlink: /home/krish/ros2_ws/install/go2_interfaces/include/go2_interfaces/go2_interfaces/msg/detail/go2_move__rosidl_typesupport_introspection_cpp.hpp
-- Up-to-date symlink: /home/krish/ros2_ws/install/go2_interfaces/include/go2_interfaces/go2_interfaces/msg/detail/go2_rpy_cmd__rosidl_typesupport_introspection_cpp.hpp
-- Up-to-date symlink: /home/krish/ros2_ws/install/go2_interfaces/include/go2_interfaces/go2_interfaces/msg/detail/go2_state__rosidl_typesupport_introspection_cpp.hpp
-- Up-to-date symlink: /home/krish/ros2_ws/install/go2_interfaces/include/go2_interfaces/go2_interfaces/msg/detail/height_map__rosidl_typesupport_introspection_cpp.hpp
-- Up-to-date symlink: /home/krish/ros2_ws/install/go2_interfaces/include/go2_interfaces/go2_interfaces/msg/detail/imu__rosidl_typesupport_introspection_cpp.hpp
-- Up-to-date symlink: /home/krish/ros2_ws/install/go2_interfaces/include/go2_interfaces/go2_interfaces/msg/detail/interface_config__rosidl_typesupport_introspection_cpp.hpp
-- Up-to-date symlink: /home/krish/ros2_ws/install/go2_interfaces/include/go2_interfaces/go2_interfaces/msg/detail/lidar_state__rosidl_typesupport_introspection_cpp.hpp
-- Up-to-date symlink: /home/krish/ros2_ws/install/go2_interfaces/include/go2_interfaces/go2_interfaces/msg/detail/low_cmd__rosidl_typesupport_introspection_cpp.hpp
-- Up-to-date symlink: /home/krish/ros2_ws/install/go2_interfaces/include/go2_interfaces/go2_interfaces/msg/detail/low_state__rosidl_typesupport_introspection_cpp.hpp
-- Up-to-date symlink: /home/krish/ros2_ws/install/go2_interfaces/include/go2_interfaces/go2_interfaces/msg/detail/motor_cmd__rosidl_typesupport_introspection_cpp.hpp
-- Up-to-date symlink: /home/krish/ros2_ws/install/go2_interfaces/include/go2_interfaces/go2_interfaces/msg/detail/motor_cmds__rosidl_typesupport_introspection_cpp.hpp
-- Up-to-date symlink: /home/krish/ros2_ws/install/go2_interfaces/include/go2_interfaces/go2_interfaces/msg/detail/motor_state__rosidl_typesupport_introspection_cpp.hpp
-- Up-to-date symlink: /home/krish/ros2_ws/install/go2_interfaces/include/go2_interfaces/go2_interfaces/msg/detail/motor_states__rosidl_typesupport_introspection_cpp.hpp
-- Up-to-date symlink: /home/krish/ros2_ws/install/go2_interfaces/include/go2_interfaces/go2_interfaces/msg/detail/path_point__rosidl_typesupport_introspection_cpp.hpp
-- Up-to-date symlink: /home/krish/ros2_ws/install/go2_interfaces/include/go2_interfaces/go2_interfaces/msg/detail/req__rosidl_typesupport_introspection_cpp.hpp
-- Up-to-date symlink: /home/krish/ros2_ws/install/go2_interfaces/include/go2_interfaces/go2_interfaces/msg/detail/res__rosidl_typesupport_introspection_cpp.hpp
-- Up-to-date symlink: /home/krish/ros2_ws/install/go2_interfaces/include/go2_interfaces/go2_interfaces/msg/detail/sport_mode_cmd__rosidl_typesupport_introspection_cpp.hpp
-- Up-to-date symlink: /home/krish/ros2_ws/install/go2_interfaces/include/go2_interfaces/go2_interfaces/msg/detail/sport_mode_state__rosidl_typesupport_introspection_cpp.hpp
-- Up-to-date symlink: /home/krish/ros2_ws/install/go2_interfaces/include/go2_interfaces/go2_interfaces/msg/detail/time_spec__rosidl_typesupport_introspection_cpp.hpp
-- Up-to-date symlink: /home/krish/ros2_ws/install/go2_interfaces/include/go2_interfaces/go2_interfaces/msg/detail/uwb_state__rosidl_typesupport_introspection_cpp.hpp
-- Up-to-date symlink: /home/krish/ros2_ws/install/go2_interfaces/include/go2_interfaces/go2_interfaces/msg/detail/uwb_switch__rosidl_typesupport_introspection_cpp.hpp
-- Up-to-date symlink: /home/krish/ros2_ws/install/go2_interfaces/include/go2_interfaces/go2_interfaces/msg/detail/voxel_height_map_state__rosidl_typesupport_introspection_cpp.hpp
-- Up-to-date symlink: /home/krish/ros2_ws/install/go2_interfaces/include/go2_interfaces/go2_interfaces/msg/detail/voxel_map_compressed__rosidl_typesupport_introspection_cpp.hpp
-- Up-to-date symlink: /home/krish/ros2_ws/install/go2_interfaces/include/go2_interfaces/go2_interfaces/msg/detail/web_rtc_req__rosidl_typesupport_introspection_cpp.hpp
-- Up-to-date symlink: /home/krish/ros2_ws/install/go2_interfaces/include/go2_interfaces/go2_interfaces/msg/detail/wireless_controller__rosidl_typesupport_introspection_cpp.hpp
-- Up-to-date symlink: /home/krish/ros2_ws/install/go2_interfaces/share/go2_interfaces/environment/pythonpath.sh
-- Up-to-date symlink: /home/krish/ros2_ws/install/go2_interfaces/share/go2_interfaces/environment/pythonpath.dsv
-- Up-to-date symlink: /home/krish/ros2_ws/install/go2_interfaces/local/lib/python3.10/dist-packages/go2_interfaces-0.0.0-py3.10.egg-info/PKG-INFO
-- Up-to-date symlink: /home/krish/ros2_ws/install/go2_interfaces/local/lib/python3.10/dist-packages/go2_interfaces-0.0.0-py3.10.egg-info/SOURCES.txt
-- Up-to-date symlink: /home/krish/ros2_ws/install/go2_interfaces/local/lib/python3.10/dist-packages/go2_interfaces-0.0.0-py3.10.egg-info/dependency_links.txt
-- Up-to-date symlink: /home/krish/ros2_ws/install/go2_interfaces/local/lib/python3.10/dist-packages/go2_interfaces-0.0.0-py3.10.egg-info/top_level.txt
-- Up-to-date symlink: /home/krish/ros2_ws/install/go2_interfaces/local/lib/python3.10/dist-packages/go2_interfaces/__init__.py
-- Up-to-date symlink: /home/krish/ros2_ws/install/go2_interfaces/local/lib/python3.10/dist-packages/go2_interfaces/_go2_interfaces_s.ep.rosidl_typesupport_c.c
-- Up-to-date symlink: /home/krish/ros2_ws/install/go2_interfaces/local/lib/python3.10/dist-packages/go2_interfaces/_go2_interfaces_s.ep.rosidl_typesupport_fastrtps_c.c
-- Up-to-date symlink: /home/krish/ros2_ws/install/go2_interfaces/local/lib/python3.10/dist-packages/go2_interfaces/_go2_interfaces_s.ep.rosidl_typesupport_introspection_c.c
-- Up-to-date symlink: /home/krish/ros2_ws/install/go2_interfaces/local/lib/python3.10/dist-packages/go2_interfaces/go2_interfaces_s__rosidl_typesupport_c.cpython-310-aarch64-linux-gnu.so
-- Up-to-date symlink: /home/krish/ros2_ws/install/go2_interfaces/local/lib/python3.10/dist-packages/go2_interfaces/go2_interfaces_s__rosidl_typesupport_fastrtps_c.cpython-310-aarch64-linux-gnu.so
-- Up-to-date symlink: /home/krish/ros2_ws/install/go2_interfaces/local/lib/python3.10/dist-packages/go2_interfaces/go2_interfaces_s__rosidl_typesupport_introspection_c.cpython-310-aarch64-linux-gnu.so
-- Up-to-date symlink: /home/krish/ros2_ws/install/go2_interfaces/local/lib/python3.10/dist-packages/go2_interfaces/libgo2_interfaces__rosidl_generator_py.so
-- Up-to-date symlink: /home/krish/ros2_ws/install/go2_interfaces/local/lib/python3.10/dist-packages/go2_interfaces/msg/__init__.py
-- Up-to-date symlink: /home/krish/ros2_ws/install/go2_interfaces/local/lib/python3.10/dist-packages/go2_interfaces/msg/_audio_data.py
-- Up-to-date symlink: /home/krish/ros2_ws/install/go2_interfaces/local/lib/python3.10/dist-packages/go2_interfaces/msg/_audio_data_s.c
-- Up-to-date symlink: /home/krish/ros2_ws/install/go2_interfaces/local/lib/python3.10/dist-packages/go2_interfaces/msg/_bms_cmd.py
-- Up-to-date symlink: /home/krish/ros2_ws/install/go2_interfaces/local/lib/python3.10/dist-packages/go2_interfaces/msg/_bms_cmd_s.c
-- Up-to-date symlink: /home/krish/ros2_ws/install/go2_interfaces/local/lib/python3.10/dist-packages/go2_interfaces/msg/_bms_state.py
-- Up-to-date symlink: /home/krish/ros2_ws/install/go2_interfaces/local/lib/python3.10/dist-packages/go2_interfaces/msg/_bms_state_s.c
-- Up-to-date symlink: /home/krish/ros2_ws/install/go2_interfaces/local/lib/python3.10/dist-packages/go2_interfaces/msg/_error.py
-- Up-to-date symlink: /home/krish/ros2_ws/install/go2_interfaces/local/lib/python3.10/dist-packages/go2_interfaces/msg/_error_s.c
-- Up-to-date symlink: /home/krish/ros2_ws/install/go2_interfaces/local/lib/python3.10/dist-packages/go2_interfaces/msg/_go2_cmd.py
-- Up-to-date symlink: /home/krish/ros2_ws/install/go2_interfaces/local/lib/python3.10/dist-packages/go2_interfaces/msg/_go2_cmd_s.c
-- Up-to-date symlink: /home/krish/ros2_ws/install/go2_interfaces/local/lib/python3.10/dist-packages/go2_interfaces/msg/_go2_front_video_data.py
-- Up-to-date symlink: /home/krish/ros2_ws/install/go2_interfaces/local/lib/python3.10/dist-packages/go2_interfaces/msg/_go2_front_video_data_s.c
-- Up-to-date symlink: /home/krish/ros2_ws/install/go2_interfaces/local/lib/python3.10/dist-packages/go2_interfaces/msg/_go2_move.py
-- Up-to-date symlink: /home/krish/ros2_ws/install/go2_interfaces/local/lib/python3.10/dist-packages/go2_interfaces/msg/_go2_move_s.c
-- Up-to-date symlink: /home/krish/ros2_ws/install/go2_interfaces/local/lib/python3.10/dist-packages/go2_interfaces/msg/_go2_rpy_cmd.py
-- Up-to-date symlink: /home/krish/ros2_ws/install/go2_interfaces/local/lib/python3.10/dist-packages/go2_interfaces/msg/_go2_rpy_cmd_s.c
-- Up-to-date symlink: /home/krish/ros2_ws/install/go2_interfaces/local/lib/python3.10/dist-packages/go2_interfaces/msg/_go2_state.py
-- Up-to-date symlink: /home/krish/ros2_ws/install/go2_interfaces/local/lib/python3.10/dist-packages/go2_interfaces/msg/_go2_state_s.c
-- Up-to-date symlink: /home/krish/ros2_ws/install/go2_interfaces/local/lib/python3.10/dist-packages/go2_interfaces/msg/_height_map.py
-- Up-to-date symlink: /home/krish/ros2_ws/install/go2_interfaces/local/lib/python3.10/dist-packages/go2_interfaces/msg/_height_map_s.c
-- Up-to-date symlink: /home/krish/ros2_ws/install/go2_interfaces/local/lib/python3.10/dist-packages/go2_interfaces/msg/_imu.py
-- Up-to-date symlink: /home/krish/ros2_ws/install/go2_interfaces/local/lib/python3.10/dist-packages/go2_interfaces/msg/_imu_s.c
-- Up-to-date symlink: /home/krish/ros2_ws/install/go2_interfaces/local/lib/python3.10/dist-packages/go2_interfaces/msg/_interface_config.py
-- Up-to-date symlink: /home/krish/ros2_ws/install/go2_interfaces/local/lib/python3.10/dist-packages/go2_interfaces/msg/_interface_config_s.c
-- Up-to-date symlink: /home/krish/ros2_ws/install/go2_interfaces/local/lib/python3.10/dist-packages/go2_interfaces/msg/_lidar_state.py
-- Up-to-date symlink: /home/krish/ros2_ws/install/go2_interfaces/local/lib/python3.10/dist-packages/go2_interfaces/msg/_lidar_state_s.c
-- Up-to-date symlink: /home/krish/ros2_ws/install/go2_interfaces/local/lib/python3.10/dist-packages/go2_interfaces/msg/_low_cmd.py
-- Up-to-date symlink: /home/krish/ros2_ws/install/go2_interfaces/local/lib/python3.10/dist-packages/go2_interfaces/msg/_low_cmd_s.c
-- Up-to-date symlink: /home/krish/ros2_ws/install/go2_interfaces/local/lib/python3.10/dist-packages/go2_interfaces/msg/_low_state.py
-- Up-to-date symlink: /home/krish/ros2_ws/install/go2_interfaces/local/lib/python3.10/dist-packages/go2_interfaces/msg/_low_state_s.c
-- Up-to-date symlink: /home/krish/ros2_ws/install/go2_interfaces/local/lib/python3.10/dist-packages/go2_interfaces/msg/_motor_cmd.py
-- Up-to-date symlink: /home/krish/ros2_ws/install/go2_interfaces/local/lib/python3.10/dist-packages/go2_interfaces/msg/_motor_cmd_s.c
-- Up-to-date symlink: /home/krish/ros2_ws/install/go2_interfaces/local/lib/python3.10/dist-packages/go2_interfaces/msg/_motor_cmds.py
-- Up-to-date symlink: /home/krish/ros2_ws/install/go2_interfaces/local/lib/python3.10/dist-packages/go2_interfaces/msg/_motor_cmds_s.c
-- Up-to-date symlink: /home/krish/ros2_ws/install/go2_interfaces/local/lib/python3.10/dist-packages/go2_interfaces/msg/_motor_state.py
-- Up-to-date symlink: /home/krish/ros2_ws/install/go2_interfaces/local/lib/python3.10/dist-packages/go2_interfaces/msg/_motor_state_s.c
-- Up-to-date symlink: /home/krish/ros2_ws/install/go2_interfaces/local/lib/python3.10/dist-packages/go2_interfaces/msg/_motor_states.py
-- Up-to-date symlink: /home/krish/ros2_ws/install/go2_interfaces/local/lib/python3.10/dist-packages/go2_interfaces/msg/_motor_states_s.c
-- Up-to-date symlink: /home/krish/ros2_ws/install/go2_interfaces/local/lib/python3.10/dist-packages/go2_interfaces/msg/_path_point.py
-- Up-to-date symlink: /home/krish/ros2_ws/install/go2_interfaces/local/lib/python3.10/dist-packages/go2_interfaces/msg/_path_point_s.c
-- Up-to-date symlink: /home/krish/ros2_ws/install/go2_interfaces/local/lib/python3.10/dist-packages/go2_interfaces/msg/_req.py
-- Up-to-date symlink: /home/krish/ros2_ws/install/go2_interfaces/local/lib/python3.10/dist-packages/go2_interfaces/msg/_req_s.c
-- Up-to-date symlink: /home/krish/ros2_ws/install/go2_interfaces/local/lib/python3.10/dist-packages/go2_interfaces/msg/_res.py
-- Up-to-date symlink: /home/krish/ros2_ws/install/go2_interfaces/local/lib/python3.10/dist-packages/go2_interfaces/msg/_res_s.c
-- Up-to-date symlink: /home/krish/ros2_ws/install/go2_interfaces/local/lib/python3.10/dist-packages/go2_interfaces/msg/_sport_mode_cmd.py
-- Up-to-date symlink: /home/krish/ros2_ws/install/go2_interfaces/local/lib/python3.10/dist-packages/go2_interfaces/msg/_sport_mode_cmd_s.c
-- Up-to-date symlink: /home/krish/ros2_ws/install/go2_interfaces/local/lib/python3.10/dist-packages/go2_interfaces/msg/_sport_mode_state.py
-- Up-to-date symlink: /home/krish/ros2_ws/install/go2_interfaces/local/lib/python3.10/dist-packages/go2_interfaces/msg/_sport_mode_state_s.c
-- Up-to-date symlink: /home/krish/ros2_ws/install/go2_interfaces/local/lib/python3.10/dist-packages/go2_interfaces/msg/_time_spec.py
-- Up-to-date symlink: /home/krish/ros2_ws/install/go2_interfaces/local/lib/python3.10/dist-packages/go2_interfaces/msg/_time_spec_s.c
-- Up-to-date symlink: /home/krish/ros2_ws/install/go2_interfaces/local/lib/python3.10/dist-packages/go2_interfaces/msg/_uwb_state.py
-- Up-to-date symlink: /home/krish/ros2_ws/install/go2_interfaces/local/lib/python3.10/dist-packages/go2_interfaces/msg/_uwb_state_s.c
-- Up-to-date symlink: /home/krish/ros2_ws/install/go2_interfaces/local/lib/python3.10/dist-packages/go2_interfaces/msg/_uwb_switch.py
-- Up-to-date symlink: /home/krish/ros2_ws/install/go2_interfaces/local/lib/python3.10/dist-packages/go2_interfaces/msg/_uwb_switch_s.c
-- Up-to-date symlink: /home/krish/ros2_ws/install/go2_interfaces/local/lib/python3.10/dist-packages/go2_interfaces/msg/_voxel_height_map_state.py
-- Up-to-date symlink: /home/krish/ros2_ws/install/go2_interfaces/local/lib/python3.10/dist-packages/go2_interfaces/msg/_voxel_height_map_state_s.c
-- Up-to-date symlink: /home/krish/ros2_ws/install/go2_interfaces/local/lib/python3.10/dist-packages/go2_interfaces/msg/_voxel_map_compressed.py
-- Up-to-date symlink: /home/krish/ros2_ws/install/go2_interfaces/local/lib/python3.10/dist-packages/go2_interfaces/msg/_voxel_map_compressed_s.c
-- Up-to-date symlink: /home/krish/ros2_ws/install/go2_interfaces/local/lib/python3.10/dist-packages/go2_interfaces/msg/_web_rtc_req.py
-- Up-to-date symlink: /home/krish/ros2_ws/install/go2_interfaces/local/lib/python3.10/dist-packages/go2_interfaces/msg/_web_rtc_req_s.c
-- Up-to-date symlink: /home/krish/ros2_ws/install/go2_interfaces/local/lib/python3.10/dist-packages/go2_interfaces/msg/_wireless_controller.py
-- Up-to-date symlink: /home/krish/ros2_ws/install/go2_interfaces/local/lib/python3.10/dist-packages/go2_interfaces/msg/_wireless_controller_s.c
-- Up-to-date symlink: /home/krish/ros2_ws/install/go2_interfaces/local/lib/python3.10/dist-packages/go2_interfaces/go2_interfaces_s__rosidl_typesupport_fastrtps_c.cpython-310-aarch64-linux-gnu.so
-- Up-to-date symlink: /home/krish/ros2_ws/install/go2_interfaces/local/lib/python3.10/dist-packages/go2_interfaces/go2_interfaces_s__rosidl_typesupport_introspection_c.cpython-310-aarch64-linux-gnu.so
-- Up-to-date symlink: /home/krish/ros2_ws/install/go2_interfaces/local/lib/python3.10/dist-packages/go2_interfaces/go2_interfaces_s__rosidl_typesupport_c.cpython-310-aarch64-linux-gnu.so
-- Up-to-date symlink: /home/krish/ros2_ws/install/go2_interfaces/share/ament_index/resource_index/rust_packages/go2_interfaces
-- Up-to-date symlink: /home/krish/ros2_ws/install/go2_interfaces/share/go2_interfaces/rust/Cargo.toml
-- Up-to-date symlink: /home/krish/ros2_ws/install/go2_interfaces/share/go2_interfaces/rust/build.rs
-- Up-to-date symlink: /home/krish/ros2_ws/install/go2_interfaces/share/go2_interfaces/rust/src/lib.rs
-- Up-to-date symlink: /home/krish/ros2_ws/install/go2_interfaces/share/go2_interfaces/rust/src/msg.rs
-- Up-to-date symlink: /home/krish/ros2_ws/install/go2_interfaces/share/go2_interfaces/rust/src/msg/rmw.rs
-- Up-to-date symlink: /home/krish/ros2_ws/install/go2_interfaces/share/go2_interfaces/msg/Go2Cmd.idl
-- Up-to-date symlink: /home/krish/ros2_ws/install/go2_interfaces/share/go2_interfaces/msg/Go2State.idl
-- Up-to-date symlink: /home/krish/ros2_ws/install/go2_interfaces/share/go2_interfaces/msg/Go2Move.idl
-- Up-to-date symlink: /home/krish/ros2_ws/install/go2_interfaces/share/go2_interfaces/msg/Go2RpyCmd.idl
-- Up-to-date symlink: /home/krish/ros2_ws/install/go2_interfaces/share/go2_interfaces/msg/IMU.idl
-- Up-to-date symlink: /home/krish/ros2_ws/install/go2_interfaces/share/go2_interfaces/msg/AudioData.idl
-- Up-to-date symlink: /home/krish/ros2_ws/install/go2_interfaces/share/go2_interfaces/msg/BmsCmd.idl
-- Up-to-date symlink: /home/krish/ros2_ws/install/go2_interfaces/share/go2_interfaces/msg/BmsState.idl
-- Up-to-date symlink: /home/krish/ros2_ws/install/go2_interfaces/share/go2_interfaces/msg/Error.idl
-- Up-to-date symlink: /home/krish/ros2_ws/install/go2_interfaces/share/go2_interfaces/msg/Go2FrontVideoData.idl
-- Up-to-date symlink: /home/krish/ros2_ws/install/go2_interfaces/share/go2_interfaces/msg/HeightMap.idl
-- Up-to-date symlink: /home/krish/ros2_ws/install/go2_interfaces/share/go2_interfaces/msg/InterfaceConfig.idl
-- Up-to-date symlink: /home/krish/ros2_ws/install/go2_interfaces/share/go2_interfaces/msg/LidarState.idl
-- Up-to-date symlink: /home/krish/ros2_ws/install/go2_interfaces/share/go2_interfaces/msg/LowCmd.idl
-- Up-to-date symlink: /home/krish/ros2_ws/install/go2_interfaces/share/go2_interfaces/msg/LowState.idl
-- Up-to-date symlink: /home/krish/ros2_ws/install/go2_interfaces/share/go2_interfaces/msg/MotorCmd.idl
-- Up-to-date symlink: /home/krish/ros2_ws/install/go2_interfaces/share/go2_interfaces/msg/MotorCmds.idl
-- Up-to-date symlink: /home/krish/ros2_ws/install/go2_interfaces/share/go2_interfaces/msg/MotorState.idl
-- Up-to-date symlink: /home/krish/ros2_ws/install/go2_interfaces/share/go2_interfaces/msg/MotorStates.idl
-- Up-to-date symlink: /home/krish/ros2_ws/install/go2_interfaces/share/go2_interfaces/msg/PathPoint.idl
-- Up-to-date symlink: /home/krish/ros2_ws/install/go2_interfaces/share/go2_interfaces/msg/Req.idl
-- Up-to-date symlink: /home/krish/ros2_ws/install/go2_interfaces/share/go2_interfaces/msg/Res.idl
-- Up-to-date symlink: /home/krish/ros2_ws/install/go2_interfaces/share/go2_interfaces/msg/SportModeCmd.idl
-- Up-to-date symlink: /home/krish/ros2_ws/install/go2_interfaces/share/go2_interfaces/msg/SportModeState.idl
-- Up-to-date symlink: /home/krish/ros2_ws/install/go2_interfaces/share/go2_interfaces/msg/TimeSpec.idl
-- Up-to-date symlink: /home/krish/ros2_ws/install/go2_interfaces/share/go2_interfaces/msg/UwbState.idl
-- Up-to-date symlink: /home/krish/ros2_ws/install/go2_interfaces/share/go2_interfaces/msg/UwbSwitch.idl
-- Up-to-date symlink: /home/krish/ros2_ws/install/go2_interfaces/share/go2_interfaces/msg/VoxelMapCompressed.idl
-- Up-to-date symlink: /home/krish/ros2_ws/install/go2_interfaces/share/go2_interfaces/msg/VoxelHeightMapState.idl
-- Up-to-date symlink: /home/krish/ros2_ws/install/go2_interfaces/share/go2_interfaces/msg/WebRtcReq.idl
-- Up-to-date symlink: /home/krish/ros2_ws/install/go2_interfaces/share/go2_interfaces/msg/WirelessController.idl
-- Up-to-date symlink: /home/krish/ros2_ws/install/go2_interfaces/share/go2_interfaces/msg/Go2Cmd.msg
-- Up-to-date symlink: /home/krish/ros2_ws/install/go2_interfaces/share/go2_interfaces/msg/Go2State.msg
-- Up-to-date symlink: /home/krish/ros2_ws/install/go2_interfaces/share/go2_interfaces/msg/Go2Move.msg
-- Up-to-date symlink: /home/krish/ros2_ws/install/go2_interfaces/share/go2_interfaces/msg/Go2RpyCmd.msg
-- Up-to-date symlink: /home/krish/ros2_ws/install/go2_interfaces/share/go2_interfaces/msg/IMU.msg
-- Up-to-date symlink: /home/krish/ros2_ws/install/go2_interfaces/share/go2_interfaces/msg/AudioData.msg
-- Up-to-date symlink: /home/krish/ros2_ws/install/go2_interfaces/share/go2_interfaces/msg/BmsCmd.msg
-- Up-to-date symlink: /home/krish/ros2_ws/install/go2_interfaces/share/go2_interfaces/msg/BmsState.msg
-- Up-to-date symlink: /home/krish/ros2_ws/install/go2_interfaces/share/go2_interfaces/msg/Error.msg
-- Up-to-date symlink: /home/krish/ros2_ws/install/go2_interfaces/share/go2_interfaces/msg/Go2FrontVideoData.msg
-- Up-to-date symlink: /home/krish/ros2_ws/install/go2_interfaces/share/go2_interfaces/msg/HeightMap.msg
-- Up-to-date symlink: /home/krish/ros2_ws/install/go2_interfaces/share/go2_interfaces/msg/InterfaceConfig.msg
-- Up-to-date symlink: /home/krish/ros2_ws/install/go2_interfaces/share/go2_interfaces/msg/LidarState.msg
-- Up-to-date symlink: /home/krish/ros2_ws/install/go2_interfaces/share/go2_interfaces/msg/LowCmd.msg
-- Up-to-date symlink: /home/krish/ros2_ws/install/go2_interfaces/share/go2_interfaces/msg/LowState.msg
-- Up-to-date symlink: /home/krish/ros2_ws/install/go2_interfaces/share/go2_interfaces/msg/MotorCmd.msg
-- Up-to-date symlink: /home/krish/ros2_ws/install/go2_interfaces/share/go2_interfaces/msg/MotorCmds.msg
-- Up-to-date symlink: /home/krish/ros2_ws/install/go2_interfaces/share/go2_interfaces/msg/MotorState.msg
-- Up-to-date symlink: /home/krish/ros2_ws/install/go2_interfaces/share/go2_interfaces/msg/MotorStates.msg
-- Up-to-date symlink: /home/krish/ros2_ws/install/go2_interfaces/share/go2_interfaces/msg/PathPoint.msg
-- Up-to-date symlink: /home/krish/ros2_ws/install/go2_interfaces/share/go2_interfaces/msg/Req.msg
-- Up-to-date symlink: /home/krish/ros2_ws/install/go2_interfaces/share/go2_interfaces/msg/Res.msg
-- Up-to-date symlink: /home/krish/ros2_ws/install/go2_interfaces/share/go2_interfaces/msg/SportModeCmd.msg
-- Up-to-date symlink: /home/krish/ros2_ws/install/go2_interfaces/share/go2_interfaces/msg/SportModeState.msg
-- Up-to-date symlink: /home/krish/ros2_ws/install/go2_interfaces/share/go2_interfaces/msg/TimeSpec.msg
-- Up-to-date symlink: /home/krish/ros2_ws/install/go2_interfaces/share/go2_interfaces/msg/UwbState.msg
-- Up-to-date symlink: /home/krish/ros2_ws/install/go2_interfaces/share/go2_interfaces/msg/UwbSwitch.msg
-- Up-to-date symlink: /home/krish/ros2_ws/install/go2_interfaces/share/go2_interfaces/msg/VoxelMapCompressed.msg
-- Up-to-date symlink: /home/krish/ros2_ws/install/go2_interfaces/share/go2_interfaces/msg/VoxelHeightMapState.msg
-- Up-to-date symlink: /home/krish/ros2_ws/install/go2_interfaces/share/go2_interfaces/msg/WebRtcReq.msg
-- Up-to-date symlink: /home/krish/ros2_ws/install/go2_interfaces/share/go2_interfaces/msg/WirelessController.msg
-- Up-to-date symlink: /home/krish/ros2_ws/install/go2_interfaces/share/ament_index/resource_index/package_run_dependencies/go2_interfaces
-- Up-to-date symlink: /home/krish/ros2_ws/install/go2_interfaces/share/ament_index/resource_index/parent_prefix_path/go2_interfaces
-- Up-to-date symlink: /home/krish/ros2_ws/install/go2_interfaces/share/go2_interfaces/environment/ament_prefix_path.sh
-- Up-to-date symlink: /home/krish/ros2_ws/install/go2_interfaces/share/go2_interfaces/environment/ament_prefix_path.dsv
-- Up-to-date symlink: /home/krish/ros2_ws/install/go2_interfaces/share/go2_interfaces/environment/path.sh
-- Up-to-date symlink: /home/krish/ros2_ws/install/go2_interfaces/share/go2_interfaces/environment/path.dsv
-- Up-to-date symlink: /home/krish/ros2_ws/install/go2_interfaces/share/go2_interfaces/local_setup.bash
-- Up-to-date symlink: /home/krish/ros2_ws/install/go2_interfaces/share/go2_interfaces/local_setup.sh
-- Up-to-date symlink: /home/krish/ros2_ws/install/go2_interfaces/share/go2_interfaces/local_setup.zsh
-- Up-to-date symlink: /home/krish/ros2_ws/install/go2_interfaces/share/go2_interfaces/local_setup.dsv
-- Symlinking: /home/krish/ros2_ws/install/go2_interfaces/share/go2_interfaces/package.dsv
-- Up-to-date symlink: /home/krish/ros2_ws/install/go2_interfaces/share/ament_index/resource_index/packages/go2_interfaces
-- Up-to-date symlink: /home/krish/ros2_ws/install/go2_interfaces/share/go2_interfaces/cmake/rosidl_cmake-extras.cmake
-- Up-to-date symlink: /home/krish/ros2_ws/install/go2_interfaces/share/go2_interfaces/cmake/ament_cmake_export_dependencies-extras.cmake
-- Up-to-date symlink: /home/krish/ros2_ws/install/go2_interfaces/share/go2_interfaces/cmake/ament_cmake_export_include_directories-extras.cmake
-- Up-to-date symlink: /home/krish/ros2_ws/install/go2_interfaces/share/go2_interfaces/cmake/ament_cmake_export_libraries-extras.cmake
-- Up-to-date symlink: /home/krish/ros2_ws/install/go2_interfaces/share/go2_interfaces/cmake/ament_cmake_export_targets-extras.cmake
-- Up-to-date symlink: /home/krish/ros2_ws/install/go2_interfaces/share/go2_interfaces/cmake/rosidl_cmake_export_typesupport_targets-extras.cmake
-- Up-to-date symlink: /home/krish/ros2_ws/install/go2_interfaces/share/go2_interfaces/cmake/rosidl_cmake_export_typesupport_libraries-extras.cmake
-- Up-to-date symlink: /home/krish/ros2_ws/install/go2_interfaces/share/go2_interfaces/cmake/go2_interfacesConfig.cmake
-- Up-to-date symlink: /home/krish/ros2_ws/install/go2_interfaces/share/go2_interfaces/cmake/go2_interfacesConfig-version.cmake
-- Up-to-date symlink: /home/krish/ros2_ws/install/go2_interfaces/share/go2_interfaces/package.xml
-- Up-to-date: /home/krish/ros2_ws/install/go2_interfaces/lib/libgo2_interfaces__rosidl_generator_c.so
-- Up-to-date: /home/krish/ros2_ws/install/go2_interfaces/lib/libgo2_interfaces__rosidl_typesupport_fastrtps_c.so
-- Up-to-date: /home/krish/ros2_ws/install/go2_interfaces/lib/libgo2_interfaces__rosidl_typesupport_fastrtps_cpp.so
-- Up-to-date: /home/krish/ros2_ws/install/go2_interfaces/lib/libgo2_interfaces__rosidl_typesupport_introspection_c.so
-- Up-to-date: /home/krish/ros2_ws/install/go2_interfaces/lib/libgo2_interfaces__rosidl_typesupport_c.so
-- Up-to-date: /home/krish/ros2_ws/install/go2_interfaces/lib/libgo2_interfaces__rosidl_typesupport_introspection_cpp.so
-- Up-to-date: /home/krish/ros2_ws/install/go2_interfaces/lib/libgo2_interfaces__rosidl_typesupport_cpp.so
Listing '/home/krish/ros2_ws/install/go2_interfaces/local/lib/python3.10/dist-packages/go2_interfaces'...
Listing '/home/krish/ros2_ws/install/go2_interfaces/local/lib/python3.10/dist-packages/go2_interfaces/msg'...
-- Up-to-date: /home/krish/ros2_ws/install/go2_interfaces/lib/libgo2_interfaces__rosidl_generator_py.so
-- Up-to-date: /home/krish/ros2_ws/install/go2_interfaces/share/go2_interfaces/cmake/export_go2_interfaces__rosidl_generator_cExport.cmake
-- Up-to-date: /home/krish/ros2_ws/install/go2_interfaces/share/go2_interfaces/cmake/export_go2_interfaces__rosidl_generator_cExport-noconfig.cmake
-- Up-to-date: /home/krish/ros2_ws/install/go2_interfaces/share/go2_interfaces/cmake/export_go2_interfaces__rosidl_typesupport_fastrtps_cExport.cmake
-- Up-to-date: /home/krish/ros2_ws/install/go2_interfaces/share/go2_interfaces/cmake/export_go2_interfaces__rosidl_typesupport_fastrtps_cExport-noconfig.cmake
-- Up-to-date: /home/krish/ros2_ws/install/go2_interfaces/share/go2_interfaces/cmake/export_go2_interfaces__rosidl_generator_cppExport.cmake
-- Up-to-date: /home/krish/ros2_ws/install/go2_interfaces/share/go2_interfaces/cmake/export_go2_interfaces__rosidl_typesupport_fastrtps_cppExport.cmake
-- Up-to-date: /home/krish/ros2_ws/install/go2_interfaces/share/go2_interfaces/cmake/export_go2_interfaces__rosidl_typesupport_fastrtps_cppExport-noconfig.cmake
-- Up-to-date: /home/krish/ros2_ws/install/go2_interfaces/share/go2_interfaces/cmake/go2_interfaces__rosidl_typesupport_introspection_cExport.cmake
-- Up-to-date: /home/krish/ros2_ws/install/go2_interfaces/share/go2_interfaces/cmake/go2_interfaces__rosidl_typesupport_introspection_cExport-noconfig.cmake
-- Up-to-date: /home/krish/ros2_ws/install/go2_interfaces/share/go2_interfaces/cmake/go2_interfaces__rosidl_typesupport_cExport.cmake
-- Up-to-date: /home/krish/ros2_ws/install/go2_interfaces/share/go2_interfaces/cmake/go2_interfaces__rosidl_typesupport_cExport-noconfig.cmake
-- Up-to-date: /home/krish/ros2_ws/install/go2_interfaces/share/go2_interfaces/cmake/go2_interfaces__rosidl_typesupport_introspection_cppExport.cmake
-- Up-to-date: /home/krish/ros2_ws/install/go2_interfaces/share/go2_interfaces/cmake/go2_interfaces__rosidl_typesupport_introspection_cppExport-noconfig.cmake
-- Up-to-date: /home/krish/ros2_ws/install/go2_interfaces/share/go2_interfaces/cmake/go2_interfaces__rosidl_typesupport_cppExport.cmake
-- Up-to-date: /home/krish/ros2_ws/install/go2_interfaces/share/go2_interfaces/cmake/go2_interfaces__rosidl_typesupport_cppExport-noconfig.cmake
-- Up-to-date: /home/krish/ros2_ws/install/go2_interfaces/share/go2_interfaces/cmake/export_go2_interfaces__rosidl_generator_pyExport.cmake
-- Up-to-date: /home/krish/ros2_ws/install/go2_interfaces/share/go2_interfaces/cmake/export_go2_interfaces__rosidl_generator_pyExport-noconfig.cmake
