[3.394s] Invoking command in '/home/krish/ros2_ws/src/lidar_processor': PYTHONPATH=/home/krish/ros2_ws/build/lidar_processor/prefix_override:/usr/lib/python3/dist-packages/colcon_core/task/python/colcon_distutils_commands:/home/krish/ros2_ws/install/lidar_processor/lib/python3.10/site-packages:${PYTHONPATH} /usr/bin/python3 -W ignore:setup.py install is deprecated -W ignore:easy_install command is deprecated setup.py egg_info --egg-base ../../build/lidar_processor build --build-base /home/krish/ros2_ws/build/lidar_processor/build install --record /home/krish/ros2_ws/build/lidar_processor/install.log --single-version-externally-managed install_data
[4.015s] running egg_info
[4.017s] writing ../../build/lidar_processor/lidar_processor.egg-info/PKG-INFO
[4.018s] writing dependency_links to ../../build/lidar_processor/lidar_processor.egg-info/dependency_links.txt
[4.018s] writing entry points to ../../build/lidar_processor/lidar_processor.egg-info/entry_points.txt
[4.019s] writing requirements to ../../build/lidar_processor/lidar_processor.egg-info/requires.txt
[4.019s] writing top-level names to ../../build/lidar_processor/lidar_processor.egg-info/top_level.txt
[4.023s] reading manifest file '../../build/lidar_processor/lidar_processor.egg-info/SOURCES.txt'
[4.026s] writing manifest file '../../build/lidar_processor/lidar_processor.egg-info/SOURCES.txt'
[4.026s] running build
[4.026s] running build_py
[4.026s] running install
[4.027s] running install_lib
[4.029s] running install_data
[4.030s] running install_egg_info
[4.033s] removing '/home/krish/ros2_ws/install/lidar_processor/lib/python3.10/site-packages/lidar_processor-1.0.0-py3.10.egg-info' (and everything under it)
[4.034s] Copying ../../build/lidar_processor/lidar_processor.egg-info to /home/krish/ros2_ws/install/lidar_processor/lib/python3.10/site-packages/lidar_processor-1.0.0-py3.10.egg-info
[4.036s] running install_scripts
[4.078s] Installing lidar_to_pointcloud script to /home/krish/ros2_ws/install/lidar_processor/lib/lidar_processor
[4.079s] Installing pointcloud_aggregator script to /home/krish/ros2_ws/install/lidar_processor/lib/lidar_processor
[4.080s] writing list of installed files to '/home/krish/ros2_ws/build/lidar_processor/install.log'
[4.180s] Invoked command in '/home/krish/ros2_ws/src/lidar_processor' returned '0': PYTHONPATH=/home/krish/ros2_ws/build/lidar_processor/prefix_override:/usr/lib/python3/dist-packages/colcon_core/task/python/colcon_distutils_commands:/home/krish/ros2_ws/install/lidar_processor/lib/python3.10/site-packages:${PYTHONPATH} /usr/bin/python3 -W ignore:setup.py install is deprecated -W ignore:easy_install command is deprecated setup.py egg_info --egg-base ../../build/lidar_processor build --build-base /home/krish/ros2_ws/build/lidar_processor/build install --record /home/krish/ros2_ws/build/lidar_processor/install.log --single-version-externally-managed install_data
