[3.392s] Invoking command in '/home/krish/ros2_ws/src/obstacle_avoidance': PYTHONPATH=/home/krish/ros2_ws/build/obstacle_avoidance/prefix_override:/usr/lib/python3/dist-packages/colcon_core/task/python/colcon_distutils_commands:/home/krish/ros2_ws/install/obstacle_avoidance/lib/python3.10/site-packages:${PYTHONPATH} /usr/bin/python3 -W ignore:setup.py install is deprecated -W ignore:easy_install command is deprecated setup.py egg_info --egg-base ../../build/obstacle_avoidance build --build-base /home/krish/ros2_ws/build/obstacle_avoidance/build install --record /home/krish/ros2_ws/build/obstacle_avoidance/install.log --single-version-externally-managed install_data
[3.920s] running egg_info
[3.922s] writing ../../build/obstacle_avoidance/obstacle_avoidance.egg-info/PKG-INFO
[3.922s] writing dependency_links to ../../build/obstacle_avoidance/obstacle_avoidance.egg-info/dependency_links.txt
[3.923s] writing entry points to ../../build/obstacle_avoidance/obstacle_avoidance.egg-info/entry_points.txt
[3.923s] writing requirements to ../../build/obstacle_avoidance/obstacle_avoidance.egg-info/requires.txt
[3.923s] writing top-level names to ../../build/obstacle_avoidance/obstacle_avoidance.egg-info/top_level.txt
[3.928s] reading manifest file '../../build/obstacle_avoidance/obstacle_avoidance.egg-info/SOURCES.txt'
[3.930s] writing manifest file '../../build/obstacle_avoidance/obstacle_avoidance.egg-info/SOURCES.txt'
[3.930s] running build
[3.931s] running build_py
[3.931s] copying obstacle_avoidance/avoider.py -> /home/krish/ros2_ws/build/obstacle_avoidance/build/lib/obstacle_avoidance
[3.931s] running install
[3.932s] running install_lib
[3.933s] copying /home/krish/ros2_ws/build/obstacle_avoidance/build/lib/obstacle_avoidance/avoider.py -> /home/krish/ros2_ws/install/obstacle_avoidance/lib/python3.10/site-packages/obstacle_avoidance
[3.935s] byte-compiling /home/krish/ros2_ws/install/obstacle_avoidance/lib/python3.10/site-packages/obstacle_avoidance/avoider.py to avoider.cpython-310.pyc
[3.937s] running install_data
[3.937s] running install_egg_info
[3.940s] removing '/home/krish/ros2_ws/install/obstacle_avoidance/lib/python3.10/site-packages/obstacle_avoidance-0.0.0-py3.10.egg-info' (and everything under it)
[3.941s] Copying ../../build/obstacle_avoidance/obstacle_avoidance.egg-info to /home/krish/ros2_ws/install/obstacle_avoidance/lib/python3.10/site-packages/obstacle_avoidance-0.0.0-py3.10.egg-info
[3.943s] running install_scripts
[3.986s] Installing avoider script to /home/krish/ros2_ws/install/obstacle_avoidance/lib/obstacle_avoidance
[3.987s] writing list of installed files to '/home/krish/ros2_ws/build/obstacle_avoidance/install.log'
[4.080s] Invoked command in '/home/krish/ros2_ws/src/obstacle_avoidance' returned '0': PYTHONPATH=/home/krish/ros2_ws/build/obstacle_avoidance/prefix_override:/usr/lib/python3/dist-packages/colcon_core/task/python/colcon_distutils_commands:/home/krish/ros2_ws/install/obstacle_avoidance/lib/python3.10/site-packages:${PYTHONPATH} /usr/bin/python3 -W ignore:setup.py install is deprecated -W ignore:easy_install command is deprecated setup.py egg_info --egg-base ../../build/obstacle_avoidance build --build-base /home/krish/ros2_ws/build/obstacle_avoidance/build install --record /home/krish/ros2_ws/build/obstacle_avoidance/install.log --single-version-externally-managed install_data
