[3.321s] Invoking command in '/home/krish/ros2_ws/src/lidar_processor': PYTHONPATH=/home/krish/ros2_ws/build/lidar_processor/prefix_override:/usr/lib/python3/dist-packages/colcon_core/task/python/colcon_distutils_commands:/home/krish/ros2_ws/install/lidar_processor/lib/python3.10/site-packages:${PYTHONPATH} /usr/bin/python3 -W ignore:setup.py install is deprecated -W ignore:easy_install command is deprecated setup.py egg_info --egg-base ../../build/lidar_processor build --build-base /home/krish/ros2_ws/build/lidar_processor/build install --record /home/krish/ros2_ws/build/lidar_processor/install.log --single-version-externally-managed install_data
[3.874s] running egg_info
[3.876s] writing ../../build/lidar_processor/lidar_processor.egg-info/PKG-INFO
[3.877s] writing dependency_links to ../../build/lidar_processor/lidar_processor.egg-info/dependency_links.txt
[3.877s] writing entry points to ../../build/lidar_processor/lidar_processor.egg-info/entry_points.txt
[3.878s] writing requirements to ../../build/lidar_processor/lidar_processor.egg-info/requires.txt
[3.878s] writing top-level names to ../../build/lidar_processor/lidar_processor.egg-info/top_level.txt
[3.884s] reading manifest file '../../build/lidar_processor/lidar_processor.egg-info/SOURCES.txt'
[3.886s] writing manifest file '../../build/lidar_processor/lidar_processor.egg-info/SOURCES.txt'
[3.886s] running build
[3.886s] running build_py
[3.887s] running install
[3.888s] running install_lib
[3.891s] running install_data
[3.891s] running install_egg_info
[3.895s] removing '/home/krish/ros2_ws/install/lidar_processor/lib/python3.10/site-packages/lidar_processor-1.0.0-py3.10.egg-info' (and everything under it)
[3.896s] Copying ../../build/lidar_processor/lidar_processor.egg-info to /home/krish/ros2_ws/install/lidar_processor/lib/python3.10/site-packages/lidar_processor-1.0.0-py3.10.egg-info
[3.898s] running install_scripts
[3.944s] Installing lidar_to_pointcloud script to /home/krish/ros2_ws/install/lidar_processor/lib/lidar_processor
[3.945s] Installing pointcloud_aggregator script to /home/krish/ros2_ws/install/lidar_processor/lib/lidar_processor
[3.946s] writing list of installed files to '/home/krish/ros2_ws/build/lidar_processor/install.log'
[4.045s] Invoked command in '/home/krish/ros2_ws/src/lidar_processor' returned '0': PYTHONPATH=/home/krish/ros2_ws/build/lidar_processor/prefix_override:/usr/lib/python3/dist-packages/colcon_core/task/python/colcon_distutils_commands:/home/krish/ros2_ws/install/lidar_processor/lib/python3.10/site-packages:${PYTHONPATH} /usr/bin/python3 -W ignore:setup.py install is deprecated -W ignore:easy_install command is deprecated setup.py egg_info --egg-base ../../build/lidar_processor build --build-base /home/krish/ros2_ws/build/lidar_processor/build install --record /home/krish/ros2_ws/build/lidar_processor/install.log --single-version-externally-managed install_data
