[2.345s] Invoking command in '/home/krish/ros2_ws/src/go2_robot_sdk': CMAKE_PREFIX_PATH=/home/krish/ros2_ws/install/go2_interfaces:/home/krish/ros2_ws/install/lidar_processor_cpp PYTHONPATH=/home/krish/ros2_ws/build/go2_robot_sdk/prefix_override:/usr/lib/python3/dist-packages/colcon_core/task/python/colcon_distutils_commands:/home/krish/ros2_ws/install/go2_robot_sdk/lib/python3.10/site-packages:${PYTHONPATH} /usr/bin/python3 -W ignore:setup.py install is deprecated -W ignore:easy_install command is deprecated setup.py egg_info --egg-base ../../build/go2_robot_sdk build --build-base /home/krish/ros2_ws/build/go2_robot_sdk/build install --record /home/krish/ros2_ws/build/go2_robot_sdk/install.log --single-version-externally-managed install_data
[2.854s] running egg_info
[2.855s] writing ../../build/go2_robot_sdk/go2_robot_sdk.egg-info/PKG-INFO
[2.856s] writing dependency_links to ../../build/go2_robot_sdk/go2_robot_sdk.egg-info/dependency_links.txt
[2.857s] writing entry points to ../../build/go2_robot_sdk/go2_robot_sdk.egg-info/entry_points.txt
[2.858s] writing requirements to ../../build/go2_robot_sdk/go2_robot_sdk.egg-info/requires.txt
[2.858s] writing top-level names to ../../build/go2_robot_sdk/go2_robot_sdk.egg-info/top_level.txt
[2.864s] reading manifest file '../../build/go2_robot_sdk/go2_robot_sdk.egg-info/SOURCES.txt'
[2.864s] adding license file 'LICENSE'
[2.867s] writing manifest file '../../build/go2_robot_sdk/go2_robot_sdk.egg-info/SOURCES.txt'
[2.868s] running build
[2.868s] running build_py
[2.874s] running install
[2.875s] running install_lib
[2.882s] running install_data
[2.884s] running install_egg_info
[2.888s] removing '/home/krish/ros2_ws/install/go2_robot_sdk/lib/python3.10/site-packages/go2_robot_sdk-0.0.0-py3.10.egg-info' (and everything under it)
[2.889s] Copying ../../build/go2_robot_sdk/go2_robot_sdk.egg-info to /home/krish/ros2_ws/install/go2_robot_sdk/lib/python3.10/site-packages/go2_robot_sdk-0.0.0-py3.10.egg-info
[2.890s] running install_scripts
[2.936s] Installing go2_driver_node script to /home/krish/ros2_ws/install/go2_robot_sdk/lib/go2_robot_sdk
[2.939s] writing list of installed files to '/home/krish/ros2_ws/build/go2_robot_sdk/install.log'
[3.024s] Invoked command in '/home/krish/ros2_ws/src/go2_robot_sdk' returned '0': CMAKE_PREFIX_PATH=/home/krish/ros2_ws/install/go2_interfaces:/home/krish/ros2_ws/install/lidar_processor_cpp PYTHONPATH=/home/krish/ros2_ws/build/go2_robot_sdk/prefix_override:/usr/lib/python3/dist-packages/colcon_core/task/python/colcon_distutils_commands:/home/krish/ros2_ws/install/go2_robot_sdk/lib/python3.10/site-packages:${PYTHONPATH} /usr/bin/python3 -W ignore:setup.py install is deprecated -W ignore:easy_install command is deprecated setup.py egg_info --egg-base ../../build/go2_robot_sdk build --build-base /home/krish/ros2_ws/build/go2_robot_sdk/build install --record /home/krish/ros2_ws/build/go2_robot_sdk/install.log --single-version-externally-managed install_data
