[0.067s] Invoking command in '/home/krish/ros2_ws/build/go2_interfaces': CMAKE_PREFIX_PATH=${CMAKE_PREFIX_PATH}:/home/krish/ros2_ws/install/obstacle_avoidance:/home/krish/ros2_ws/install/speech_processor:/home/krish/ros2_ws/install/lidar_processor:/home/krish/ros2_ws/install/go2_robot_sdk:/home/krish/ros2_ws/install/coco_detector:/opt/ros/humble /usr/local/bin/cmake --build /home/krish/ros2_ws/build/go2_interfaces -- -j6 -l6
[1.970s] [  0%] Built target go2_interfaces__cpp
[1.971s] [  1%] Built target go2_interfaces__rs
[1.971s] [  1%] Built target ament_cmake_python_symlink_go2_interfaces
[1.972s] [ 13%] Built target go2_interfaces__rosidl_generator_c
[1.973s] [ 25%] Built target go2_interfaces__rosidl_typesupport_fastrtps_cpp
[1.974s] [ 37%] Built target go2_interfaces__rosidl_typesupport_cpp
[1.974s] [ 49%] Built target go2_interfaces__rosidl_typesupport_introspection_cpp
[1.975s] [ 61%] Built target go2_interfaces__rosidl_typesupport_fastrtps_c
[1.975s] [ 73%] Built target go2_interfaces__rosidl_typesupport_c
[1.976s] [ 85%] Built target go2_interfaces__rosidl_typesupport_introspection_c
[1.976s] [ 85%] Built target go2_interfaces
[1.977s] [ 85%] Built target go2_interfaces__py
[1.978s] [ 97%] Built target go2_interfaces__rosidl_generator_py
[1.978s] [ 98%] Built target go2_interfaces__rosidl_typesupport_introspection_c__pyext
[1.978s] [ 99%] Built target go2_interfaces__rosidl_typesupport_c__pyext
[1.978s] [100%] Built target go2_interfaces__rosidl_typesupport_fastrtps_c__pyext
[1.978s] running egg_info
[1.978s] writing go2_interfaces.egg-info/PKG-INFO
[1.978s] writing dependency_links to go2_interfaces.egg-info/dependency_links.txt
[1.978s] writing top-level names to go2_interfaces.egg-info/top_level.txt
[1.978s] reading manifest file 'go2_interfaces.egg-info/SOURCES.txt'
[1.979s] writing manifest file 'go2_interfaces.egg-info/SOURCES.txt'
[1.979s] [100%] Built target ament_cmake_python_build_go2_interfaces_egg
[1.981s] Invoked command in '/home/krish/ros2_ws/build/go2_interfaces' returned '0': CMAKE_PREFIX_PATH=${CMAKE_PREFIX_PATH}:/home/krish/ros2_ws/install/obstacle_avoidance:/home/krish/ros2_ws/install/speech_processor:/home/krish/ros2_ws/install/lidar_processor:/home/krish/ros2_ws/install/go2_robot_sdk:/home/krish/ros2_ws/install/coco_detector:/opt/ros/humble /usr/local/bin/cmake --build /home/krish/ros2_ws/build/go2_interfaces -- -j6 -l6
[1.993s] Invoking command in '/home/krish/ros2_ws/build/go2_interfaces': CMAKE_PREFIX_PATH=${CMAKE_PREFIX_PATH}:/home/krish/ros2_ws/install/obstacle_avoidance:/home/krish/ros2_ws/install/speech_processor:/home/krish/ros2_ws/install/lidar_processor:/home/krish/ros2_ws/install/go2_robot_sdk:/home/krish/ros2_ws/install/coco_detector:/opt/ros/humble /usr/local/bin/cmake --install /home/krish/ros2_ws/build/go2_interfaces
[2.003s] -- Install configuration: ""
[2.004s] -- Execute custom install script
[2.005s] -- Up-to-date symlink: /home/krish/ros2_ws/install/go2_interfaces/share/ament_index/resource_index/rosidl_interfaces/go2_interfaces
[2.008s] -- Up-to-date symlink: /home/krish/ros2_ws/install/go2_interfaces/include/go2_interfaces/go2_interfaces/msg/audio_data.h
[2.009s] -- Up-to-date symlink: /home/krish/ros2_ws/install/go2_interfaces/include/go2_interfaces/go2_interfaces/msg/bms_cmd.h
[2.010s] -- Up-to-date symlink: /home/krish/ros2_ws/install/go2_interfaces/include/go2_interfaces/go2_interfaces/msg/bms_state.h
[2.010s] -- Up-to-date symlink: /home/krish/ros2_ws/install/go2_interfaces/include/go2_interfaces/go2_interfaces/msg/detail/audio_data__functions.h
[2.010s] -- Up-to-date symlink: /home/krish/ros2_ws/install/go2_interfaces/include/go2_interfaces/go2_interfaces/msg/detail/audio_data__struct.h
[2.010s] -- Up-to-date symlink: /home/krish/ros2_ws/install/go2_interfaces/include/go2_interfaces/go2_interfaces/msg/detail/audio_data__type_support.h
[2.010s] -- Up-to-date symlink: /home/krish/ros2_ws/install/go2_interfaces/include/go2_interfaces/go2_interfaces/msg/detail/bms_cmd__functions.h
[2.010s] -- Up-to-date symlink: /home/krish/ros2_ws/install/go2_interfaces/include/go2_interfaces/go2_interfaces/msg/detail/bms_cmd__struct.h
[2.011s] -- Up-to-date symlink: /home/krish/ros2_ws/install/go2_interfaces/include/go2_interfaces/go2_interfaces/msg/detail/bms_cmd__type_support.h
[2.011s] -- Up-to-date symlink: /home/krish/ros2_ws/install/go2_interfaces/include/go2_interfaces/go2_interfaces/msg/detail/bms_state__functions.h
[2.011s] -- Up-to-date symlink: /home/krish/ros2_ws/install/go2_interfaces/include/go2_interfaces/go2_interfaces/msg/detail/bms_state__struct.h
[2.011s] -- Up-to-date symlink: /home/krish/ros2_ws/install/go2_interfaces/include/go2_interfaces/go2_interfaces/msg/detail/bms_state__type_support.h
[2.011s] -- Up-to-date symlink: /home/krish/ros2_ws/install/go2_interfaces/include/go2_interfaces/go2_interfaces/msg/detail/error__functions.h
[2.012s] -- Up-to-date symlink: /home/krish/ros2_ws/install/go2_interfaces/include/go2_interfaces/go2_interfaces/msg/detail/error__struct.h
[2.012s] -- Up-to-date symlink: /home/krish/ros2_ws/install/go2_interfaces/include/go2_interfaces/go2_interfaces/msg/detail/error__type_support.h
[2.013s] -- Up-to-date symlink: /home/krish/ros2_ws/install/go2_interfaces/include/go2_interfaces/go2_interfaces/msg/detail/go2_cmd__functions.h
[2.013s] -- Up-to-date symlink: /home/krish/ros2_ws/install/go2_interfaces/include/go2_interfaces/go2_interfaces/msg/detail/go2_cmd__struct.h
[2.013s] -- Up-to-date symlink: /home/krish/ros2_ws/install/go2_interfaces/include/go2_interfaces/go2_interfaces/msg/detail/go2_cmd__type_support.h
[2.013s] -- Up-to-date symlink: /home/krish/ros2_ws/install/go2_interfaces/include/go2_interfaces/go2_interfaces/msg/detail/go2_front_video_data__functions.h
[2.014s] -- Up-to-date symlink: /home/krish/ros2_ws/install/go2_interfaces/include/go2_interfaces/go2_interfaces/msg/detail/go2_front_video_data__struct.h
[2.014s] -- Up-to-date symlink: /home/krish/ros2_ws/install/go2_interfaces/include/go2_interfaces/go2_interfaces/msg/detail/go2_front_video_data__type_support.h
[2.014s] -- Up-to-date symlink: /home/krish/ros2_ws/install/go2_interfaces/include/go2_interfaces/go2_interfaces/msg/detail/go2_move__functions.h
[2.014s] -- Up-to-date symlink: /home/krish/ros2_ws/install/go2_interfaces/include/go2_interfaces/go2_interfaces/msg/detail/go2_move__struct.h
[2.014s] -- Up-to-date symlink: /home/krish/ros2_ws/install/go2_interfaces/include/go2_interfaces/go2_interfaces/msg/detail/go2_move__type_support.h
[2.015s] -- Up-to-date symlink: /home/krish/ros2_ws/install/go2_interfaces/include/go2_interfaces/go2_interfaces/msg/detail/go2_rpy_cmd__functions.h
[2.015s] -- Up-to-date symlink: /home/krish/ros2_ws/install/go2_interfaces/include/go2_interfaces/go2_interfaces/msg/detail/go2_rpy_cmd__struct.h
[2.016s] -- Up-to-date symlink: /home/krish/ros2_ws/install/go2_interfaces/include/go2_interfaces/go2_interfaces/msg/detail/go2_rpy_cmd__type_support.h
[2.017s] -- Up-to-date symlink: /home/krish/ros2_ws/install/go2_interfaces/include/go2_interfaces/go2_interfaces/msg/detail/go2_state__functions.h
[2.017s] -- Up-to-date symlink: /home/krish/ros2_ws/install/go2_interfaces/include/go2_interfaces/go2_interfaces/msg/detail/go2_state__struct.h
[2.018s] -- Up-to-date symlink: /home/krish/ros2_ws/install/go2_interfaces/include/go2_interfaces/go2_interfaces/msg/detail/go2_state__type_support.h
[2.018s] -- Up-to-date symlink: /home/krish/ros2_ws/install/go2_interfaces/include/go2_interfaces/go2_interfaces/msg/detail/height_map__functions.h
[2.018s] -- Up-to-date symlink: /home/krish/ros2_ws/install/go2_interfaces/include/go2_interfaces/go2_interfaces/msg/detail/height_map__struct.h
[2.018s] -- Up-to-date symlink: /home/krish/ros2_ws/install/go2_interfaces/include/go2_interfaces/go2_interfaces/msg/detail/height_map__type_support.h
[2.018s] -- Up-to-date symlink: /home/krish/ros2_ws/install/go2_interfaces/include/go2_interfaces/go2_interfaces/msg/detail/imu__functions.h
[2.018s] -- Up-to-date symlink: /home/krish/ros2_ws/install/go2_interfaces/include/go2_interfaces/go2_interfaces/msg/detail/imu__struct.h
[2.018s] -- Up-to-date symlink: /home/krish/ros2_ws/install/go2_interfaces/include/go2_interfaces/go2_interfaces/msg/detail/imu__type_support.h
[2.019s] -- Up-to-date symlink: /home/krish/ros2_ws/install/go2_interfaces/include/go2_interfaces/go2_interfaces/msg/detail/interface_config__functions.h
[2.019s] -- Up-to-date symlink: /home/krish/ros2_ws/install/go2_interfaces/include/go2_interfaces/go2_interfaces/msg/detail/interface_config__struct.h
[2.019s] -- Up-to-date symlink: /home/krish/ros2_ws/install/go2_interfaces/include/go2_interfaces/go2_interfaces/msg/detail/interface_config__type_support.h
[2.019s] -- Up-to-date symlink: /home/krish/ros2_ws/install/go2_interfaces/include/go2_interfaces/go2_interfaces/msg/detail/lidar_state__functions.h
[2.019s] -- Up-to-date symlink: /home/krish/ros2_ws/install/go2_interfaces/include/go2_interfaces/go2_interfaces/msg/detail/lidar_state__struct.h
[2.019s] -- Up-to-date symlink: /home/krish/ros2_ws/install/go2_interfaces/include/go2_interfaces/go2_interfaces/msg/detail/lidar_state__type_support.h
[2.019s] -- Up-to-date symlink: /home/krish/ros2_ws/install/go2_interfaces/include/go2_interfaces/go2_interfaces/msg/detail/low_cmd__functions.h
[2.020s] -- Up-to-date symlink: /home/krish/ros2_ws/install/go2_interfaces/include/go2_interfaces/go2_interfaces/msg/detail/low_cmd__struct.h
[2.020s] -- Up-to-date symlink: /home/krish/ros2_ws/install/go2_interfaces/include/go2_interfaces/go2_interfaces/msg/detail/low_cmd__type_support.h
[2.020s] -- Up-to-date symlink: /home/krish/ros2_ws/install/go2_interfaces/include/go2_interfaces/go2_interfaces/msg/detail/low_state__functions.h
[2.022s] -- Up-to-date symlink: /home/krish/ros2_ws/install/go2_interfaces/include/go2_interfaces/go2_interfaces/msg/detail/low_state__struct.h
[2.022s] -- Up-to-date symlink: /home/krish/ros2_ws/install/go2_interfaces/include/go2_interfaces/go2_interfaces/msg/detail/low_state__type_support.h
[2.023s] -- Up-to-date symlink: /home/krish/ros2_ws/install/go2_interfaces/include/go2_interfaces/go2_interfaces/msg/detail/motor_cmd__functions.h
[2.026s] -- Up-to-date symlink: /home/krish/ros2_ws/install/go2_interfaces/include/go2_interfaces/go2_interfaces/msg/detail/motor_cmd__struct.h
[2.026s] -- Up-to-date symlink: /home/krish/ros2_ws/install/go2_interfaces/include/go2_interfaces/go2_interfaces/msg/detail/motor_cmd__type_support.h
[2.026s] -- Up-to-date symlink: /home/krish/ros2_ws/install/go2_interfaces/include/go2_interfaces/go2_interfaces/msg/detail/motor_cmds__functions.h
[2.026s] -- Up-to-date symlink: /home/krish/ros2_ws/install/go2_interfaces/include/go2_interfaces/go2_interfaces/msg/detail/motor_cmds__struct.h
[2.027s] -- Up-to-date symlink: /home/krish/ros2_ws/install/go2_interfaces/include/go2_interfaces/go2_interfaces/msg/detail/motor_cmds__type_support.h
[2.027s] -- Up-to-date symlink: /home/krish/ros2_ws/install/go2_interfaces/include/go2_interfaces/go2_interfaces/msg/detail/motor_state__functions.h
[2.027s] -- Up-to-date symlink: /home/krish/ros2_ws/install/go2_interfaces/include/go2_interfaces/go2_interfaces/msg/detail/motor_state__struct.h
[2.028s] -- Up-to-date symlink: /home/krish/ros2_ws/install/go2_interfaces/include/go2_interfaces/go2_interfaces/msg/detail/motor_state__type_support.h
[2.028s] -- Up-to-date symlink: /home/krish/ros2_ws/install/go2_interfaces/include/go2_interfaces/go2_interfaces/msg/detail/motor_states__functions.h
[2.028s] -- Up-to-date symlink: /home/krish/ros2_ws/install/go2_interfaces/include/go2_interfaces/go2_interfaces/msg/detail/motor_states__struct.h
[2.028s] -- Up-to-date symlink: /home/krish/ros2_ws/install/go2_interfaces/include/go2_interfaces/go2_interfaces/msg/detail/motor_states__type_support.h
[2.029s] -- Up-to-date symlink: /home/krish/ros2_ws/install/go2_interfaces/include/go2_interfaces/go2_interfaces/msg/detail/path_point__functions.h
[2.030s] -- Up-to-date symlink: /home/krish/ros2_ws/install/go2_interfaces/include/go2_interfaces/go2_interfaces/msg/detail/path_point__struct.h
[2.030s] -- Up-to-date symlink: /home/krish/ros2_ws/install/go2_interfaces/include/go2_interfaces/go2_interfaces/msg/detail/path_point__type_support.h
[2.030s] -- Up-to-date symlink: /home/krish/ros2_ws/install/go2_interfaces/include/go2_interfaces/go2_interfaces/msg/detail/req__functions.h
[2.031s] -- Up-to-date symlink: /home/krish/ros2_ws/install/go2_interfaces/include/go2_interfaces/go2_interfaces/msg/detail/req__struct.h
[2.031s] -- Up-to-date symlink: /home/krish/ros2_ws/install/go2_interfaces/include/go2_interfaces/go2_interfaces/msg/detail/req__type_support.h
[2.031s] -- Up-to-date symlink: /home/krish/ros2_ws/install/go2_interfaces/include/go2_interfaces/go2_interfaces/msg/detail/res__functions.h
[2.032s] -- Up-to-date symlink: /home/krish/ros2_ws/install/go2_interfaces/include/go2_interfaces/go2_interfaces/msg/detail/res__struct.h
[2.032s] -- Up-to-date symlink: /home/krish/ros2_ws/install/go2_interfaces/include/go2_interfaces/go2_interfaces/msg/detail/res__type_support.h
[2.032s] -- Up-to-date symlink: /home/krish/ros2_ws/install/go2_interfaces/include/go2_interfaces/go2_interfaces/msg/detail/sport_mode_cmd__functions.h
[2.032s] -- Up-to-date symlink: /home/krish/ros2_ws/install/go2_interfaces/include/go2_interfaces/go2_interfaces/msg/detail/sport_mode_cmd__struct.h
[2.034s] -- Up-to-date symlink: /home/krish/ros2_ws/install/go2_interfaces/include/go2_interfaces/go2_interfaces/msg/detail/sport_mode_cmd__type_support.h
[2.035s] -- Up-to-date symlink: /home/krish/ros2_ws/install/go2_interfaces/include/go2_interfaces/go2_interfaces/msg/detail/sport_mode_state__functions.h
[2.036s] -- Up-to-date symlink: /home/krish/ros2_ws/install/go2_interfaces/include/go2_interfaces/go2_interfaces/msg/detail/sport_mode_state__struct.h
[2.038s] -- Up-to-date symlink: /home/krish/ros2_ws/install/go2_interfaces/include/go2_interfaces/go2_interfaces/msg/detail/sport_mode_state__type_support.h
[2.038s] -- Up-to-date symlink: /home/krish/ros2_ws/install/go2_interfaces/include/go2_interfaces/go2_interfaces/msg/detail/time_spec__functions.h
[2.038s] -- Up-to-date symlink: /home/krish/ros2_ws/install/go2_interfaces/include/go2_interfaces/go2_interfaces/msg/detail/time_spec__struct.h
[2.038s] -- Up-to-date symlink: /home/krish/ros2_ws/install/go2_interfaces/include/go2_interfaces/go2_interfaces/msg/detail/time_spec__type_support.h
[2.039s] -- Up-to-date symlink: /home/krish/ros2_ws/install/go2_interfaces/include/go2_interfaces/go2_interfaces/msg/detail/uwb_state__functions.h
[2.040s] -- Up-to-date symlink: /home/krish/ros2_ws/install/go2_interfaces/include/go2_interfaces/go2_interfaces/msg/detail/uwb_state__struct.h
[2.041s] -- Up-to-date symlink: /home/krish/ros2_ws/install/go2_interfaces/include/go2_interfaces/go2_interfaces/msg/detail/uwb_state__type_support.h
[2.041s] -- Up-to-date symlink: /home/krish/ros2_ws/install/go2_interfaces/include/go2_interfaces/go2_interfaces/msg/detail/uwb_switch__functions.h
[2.043s] -- Up-to-date symlink: /home/krish/ros2_ws/install/go2_interfaces/include/go2_interfaces/go2_interfaces/msg/detail/uwb_switch__struct.h
[2.043s] -- Up-to-date symlink: /home/krish/ros2_ws/install/go2_interfaces/include/go2_interfaces/go2_interfaces/msg/detail/uwb_switch__type_support.h
[2.044s] -- Up-to-date symlink: /home/krish/ros2_ws/install/go2_interfaces/include/go2_interfaces/go2_interfaces/msg/detail/voxel_height_map_state__functions.h
[2.045s] -- Up-to-date symlink: /home/krish/ros2_ws/install/go2_interfaces/include/go2_interfaces/go2_interfaces/msg/detail/voxel_height_map_state__struct.h
[2.045s] -- Up-to-date symlink: /home/krish/ros2_ws/install/go2_interfaces/include/go2_interfaces/go2_interfaces/msg/detail/voxel_height_map_state__type_support.h
[2.045s] -- Up-to-date symlink: /home/krish/ros2_ws/install/go2_interfaces/include/go2_interfaces/go2_interfaces/msg/detail/voxel_map_compressed__functions.h
[2.045s] -- Up-to-date symlink: /home/krish/ros2_ws/install/go2_interfaces/include/go2_interfaces/go2_interfaces/msg/detail/voxel_map_compressed__struct.h
[2.045s] -- Up-to-date symlink: /home/krish/ros2_ws/install/go2_interfaces/include/go2_interfaces/go2_interfaces/msg/detail/voxel_map_compressed__type_support.h
[2.045s] -- Up-to-date symlink: /home/krish/ros2_ws/install/go2_interfaces/include/go2_interfaces/go2_interfaces/msg/detail/web_rtc_req__functions.h
[2.045s] -- Up-to-date symlink: /home/krish/ros2_ws/install/go2_interfaces/include/go2_interfaces/go2_interfaces/msg/detail/web_rtc_req__struct.h
[2.045s] -- Up-to-date symlink: /home/krish/ros2_ws/install/go2_interfaces/include/go2_interfaces/go2_interfaces/msg/detail/web_rtc_req__type_support.h
[2.045s] -- Up-to-date symlink: /home/krish/ros2_ws/install/go2_interfaces/include/go2_interfaces/go2_interfaces/msg/detail/wireless_controller__functions.h
[2.046s] -- Up-to-date symlink: /home/krish/ros2_ws/install/go2_interfaces/include/go2_interfaces/go2_interfaces/msg/detail/wireless_controller__struct.h
[2.046s] -- Up-to-date symlink: /home/krish/ros2_ws/install/go2_interfaces/include/go2_interfaces/go2_interfaces/msg/detail/wireless_controller__type_support.h
[2.046s] -- Up-to-date symlink: /home/krish/ros2_ws/install/go2_interfaces/include/go2_interfaces/go2_interfaces/msg/error.h
[2.046s] -- Up-to-date symlink: /home/krish/ros2_ws/install/go2_interfaces/include/go2_interfaces/go2_interfaces/msg/go2_cmd.h
[2.046s] -- Up-to-date symlink: /home/krish/ros2_ws/install/go2_interfaces/include/go2_interfaces/go2_interfaces/msg/go2_front_video_data.h
[2.049s] -- Up-to-date symlink: /home/krish/ros2_ws/install/go2_interfaces/include/go2_interfaces/go2_interfaces/msg/go2_move.h
[2.049s] -- Up-to-date symlink: /home/krish/ros2_ws/install/go2_interfaces/include/go2_interfaces/go2_interfaces/msg/go2_rpy_cmd.h
[2.050s] -- Up-to-date symlink: /home/krish/ros2_ws/install/go2_interfaces/include/go2_interfaces/go2_interfaces/msg/go2_state.h
[2.051s] -- Up-to-date symlink: /home/krish/ros2_ws/install/go2_interfaces/include/go2_interfaces/go2_interfaces/msg/height_map.h
[2.052s] -- Up-to-date symlink: /home/krish/ros2_ws/install/go2_interfaces/include/go2_interfaces/go2_interfaces/msg/imu.h
[2.052s] -- Up-to-date symlink: /home/krish/ros2_ws/install/go2_interfaces/include/go2_interfaces/go2_interfaces/msg/interface_config.h
[2.053s] -- Up-to-date symlink: /home/krish/ros2_ws/install/go2_interfaces/include/go2_interfaces/go2_interfaces/msg/lidar_state.h
[2.053s] -- Up-to-date symlink: /home/krish/ros2_ws/install/go2_interfaces/include/go2_interfaces/go2_interfaces/msg/low_cmd.h
[2.054s] -- Up-to-date symlink: /home/krish/ros2_ws/install/go2_interfaces/include/go2_interfaces/go2_interfaces/msg/low_state.h
[2.055s] -- Up-to-date symlink: /home/krish/ros2_ws/install/go2_interfaces/include/go2_interfaces/go2_interfaces/msg/motor_cmd.h
[2.055s] -- Up-to-date symlink: /home/krish/ros2_ws/install/go2_interfaces/include/go2_interfaces/go2_interfaces/msg/motor_cmds.h
[2.055s] -- Up-to-date symlink: /home/krish/ros2_ws/install/go2_interfaces/include/go2_interfaces/go2_interfaces/msg/motor_state.h
[2.055s] -- Up-to-date symlink: /home/krish/ros2_ws/install/go2_interfaces/include/go2_interfaces/go2_interfaces/msg/motor_states.h
[2.056s] -- Up-to-date symlink: /home/krish/ros2_ws/install/go2_interfaces/include/go2_interfaces/go2_interfaces/msg/path_point.h
[2.056s] -- Up-to-date symlink: /home/krish/ros2_ws/install/go2_interfaces/include/go2_interfaces/go2_interfaces/msg/req.h
[2.056s] -- Up-to-date symlink: /home/krish/ros2_ws/install/go2_interfaces/include/go2_interfaces/go2_interfaces/msg/res.h
[2.056s] -- Up-to-date symlink: /home/krish/ros2_ws/install/go2_interfaces/include/go2_interfaces/go2_interfaces/msg/rosidl_generator_c__visibility_control.h
[2.056s] -- Up-to-date symlink: /home/krish/ros2_ws/install/go2_interfaces/include/go2_interfaces/go2_interfaces/msg/sport_mode_cmd.h
[2.056s] -- Up-to-date symlink: /home/krish/ros2_ws/install/go2_interfaces/include/go2_interfaces/go2_interfaces/msg/sport_mode_state.h
[2.056s] -- Up-to-date symlink: /home/krish/ros2_ws/install/go2_interfaces/include/go2_interfaces/go2_interfaces/msg/time_spec.h
[2.056s] -- Up-to-date symlink: /home/krish/ros2_ws/install/go2_interfaces/include/go2_interfaces/go2_interfaces/msg/uwb_state.h
[2.057s] -- Up-to-date symlink: /home/krish/ros2_ws/install/go2_interfaces/include/go2_interfaces/go2_interfaces/msg/uwb_switch.h
[2.057s] -- Up-to-date symlink: /home/krish/ros2_ws/install/go2_interfaces/include/go2_interfaces/go2_interfaces/msg/voxel_height_map_state.h
[2.057s] -- Up-to-date symlink: /home/krish/ros2_ws/install/go2_interfaces/include/go2_interfaces/go2_interfaces/msg/voxel_map_compressed.h
[2.057s] -- Up-to-date symlink: /home/krish/ros2_ws/install/go2_interfaces/include/go2_interfaces/go2_interfaces/msg/web_rtc_req.h
[2.057s] -- Up-to-date symlink: /home/krish/ros2_ws/install/go2_interfaces/include/go2_interfaces/go2_interfaces/msg/wireless_controller.h
[2.057s] -- Up-to-date symlink: /home/krish/ros2_ws/install/go2_interfaces/share/go2_interfaces/environment/library_path.sh
[2.057s] -- Up-to-date symlink: /home/krish/ros2_ws/install/go2_interfaces/share/go2_interfaces/environment/library_path.dsv
[2.059s] -- Up-to-date symlink: /home/krish/ros2_ws/install/go2_interfaces/include/go2_interfaces/go2_interfaces/msg/detail/audio_data__rosidl_typesupport_fastrtps_c.h
[2.060s] -- Up-to-date symlink: /home/krish/ros2_ws/install/go2_interfaces/include/go2_interfaces/go2_interfaces/msg/detail/bms_cmd__rosidl_typesupport_fastrtps_c.h
[2.060s] -- Up-to-date symlink: /home/krish/ros2_ws/install/go2_interfaces/include/go2_interfaces/go2_interfaces/msg/detail/bms_state__rosidl_typesupport_fastrtps_c.h
[2.060s] -- Up-to-date symlink: /home/krish/ros2_ws/install/go2_interfaces/include/go2_interfaces/go2_interfaces/msg/detail/error__rosidl_typesupport_fastrtps_c.h
[2.060s] -- Up-to-date symlink: /home/krish/ros2_ws/install/go2_interfaces/include/go2_interfaces/go2_interfaces/msg/detail/go2_cmd__rosidl_typesupport_fastrtps_c.h
[2.060s] -- Up-to-date symlink: /home/krish/ros2_ws/install/go2_interfaces/include/go2_interfaces/go2_interfaces/msg/detail/go2_front_video_data__rosidl_typesupport_fastrtps_c.h
[2.060s] -- Up-to-date symlink: /home/krish/ros2_ws/install/go2_interfaces/include/go2_interfaces/go2_interfaces/msg/detail/go2_move__rosidl_typesupport_fastrtps_c.h
[2.060s] -- Up-to-date symlink: /home/krish/ros2_ws/install/go2_interfaces/include/go2_interfaces/go2_interfaces/msg/detail/go2_rpy_cmd__rosidl_typesupport_fastrtps_c.h
[2.060s] -- Up-to-date symlink: /home/krish/ros2_ws/install/go2_interfaces/include/go2_interfaces/go2_interfaces/msg/detail/go2_state__rosidl_typesupport_fastrtps_c.h
[2.062s] -- Up-to-date symlink: /home/krish/ros2_ws/install/go2_interfaces/include/go2_interfaces/go2_interfaces/msg/detail/height_map__rosidl_typesupport_fastrtps_c.h
[2.062s] -- Up-to-date symlink: /home/krish/ros2_ws/install/go2_interfaces/include/go2_interfaces/go2_interfaces/msg/detail/imu__rosidl_typesupport_fastrtps_c.h
[2.062s] -- Up-to-date symlink: /home/krish/ros2_ws/install/go2_interfaces/include/go2_interfaces/go2_interfaces/msg/detail/interface_config__rosidl_typesupport_fastrtps_c.h
[2.062s] -- Up-to-date symlink: /home/krish/ros2_ws/install/go2_interfaces/include/go2_interfaces/go2_interfaces/msg/detail/lidar_state__rosidl_typesupport_fastrtps_c.h
[2.062s] -- Up-to-date symlink: /home/krish/ros2_ws/install/go2_interfaces/include/go2_interfaces/go2_interfaces/msg/detail/low_cmd__rosidl_typesupport_fastrtps_c.h
[2.062s] -- Up-to-date symlink: /home/krish/ros2_ws/install/go2_interfaces/include/go2_interfaces/go2_interfaces/msg/detail/low_state__rosidl_typesupport_fastrtps_c.h
[2.062s] -- Up-to-date symlink: /home/krish/ros2_ws/install/go2_interfaces/include/go2_interfaces/go2_interfaces/msg/detail/motor_cmd__rosidl_typesupport_fastrtps_c.h
[2.062s] -- Up-to-date symlink: /home/krish/ros2_ws/install/go2_interfaces/include/go2_interfaces/go2_interfaces/msg/detail/motor_cmds__rosidl_typesupport_fastrtps_c.h
[2.063s] -- Up-to-date symlink: /home/krish/ros2_ws/install/go2_interfaces/include/go2_interfaces/go2_interfaces/msg/detail/motor_state__rosidl_typesupport_fastrtps_c.h
[2.063s] -- Up-to-date symlink: /home/krish/ros2_ws/install/go2_interfaces/include/go2_interfaces/go2_interfaces/msg/detail/motor_states__rosidl_typesupport_fastrtps_c.h
[2.063s] -- Up-to-date symlink: /home/krish/ros2_ws/install/go2_interfaces/include/go2_interfaces/go2_interfaces/msg/detail/path_point__rosidl_typesupport_fastrtps_c.h
[2.063s] -- Up-to-date symlink: /home/krish/ros2_ws/install/go2_interfaces/include/go2_interfaces/go2_interfaces/msg/detail/req__rosidl_typesupport_fastrtps_c.h
[2.063s] -- Up-to-date symlink: /home/krish/ros2_ws/install/go2_interfaces/include/go2_interfaces/go2_interfaces/msg/detail/res__rosidl_typesupport_fastrtps_c.h
[2.063s] -- Up-to-date symlink: /home/krish/ros2_ws/install/go2_interfaces/include/go2_interfaces/go2_interfaces/msg/detail/sport_mode_cmd__rosidl_typesupport_fastrtps_c.h
[2.063s] -- Up-to-date symlink: /home/krish/ros2_ws/install/go2_interfaces/include/go2_interfaces/go2_interfaces/msg/detail/sport_mode_state__rosidl_typesupport_fastrtps_c.h
[2.064s] -- Up-to-date symlink: /home/krish/ros2_ws/install/go2_interfaces/include/go2_interfaces/go2_interfaces/msg/detail/time_spec__rosidl_typesupport_fastrtps_c.h
[2.064s] -- Up-to-date symlink: /home/krish/ros2_ws/install/go2_interfaces/include/go2_interfaces/go2_interfaces/msg/detail/uwb_state__rosidl_typesupport_fastrtps_c.h
[2.064s] -- Up-to-date symlink: /home/krish/ros2_ws/install/go2_interfaces/include/go2_interfaces/go2_interfaces/msg/detail/uwb_switch__rosidl_typesupport_fastrtps_c.h
[2.064s] -- Up-to-date symlink: /home/krish/ros2_ws/install/go2_interfaces/include/go2_interfaces/go2_interfaces/msg/detail/voxel_height_map_state__rosidl_typesupport_fastrtps_c.h
[2.064s] -- Up-to-date symlink: /home/krish/ros2_ws/install/go2_interfaces/include/go2_interfaces/go2_interfaces/msg/detail/voxel_map_compressed__rosidl_typesupport_fastrtps_c.h
[2.064s] -- Up-to-date symlink: /home/krish/ros2_ws/install/go2_interfaces/include/go2_interfaces/go2_interfaces/msg/detail/web_rtc_req__rosidl_typesupport_fastrtps_c.h
[2.064s] -- Up-to-date symlink: /home/krish/ros2_ws/install/go2_interfaces/include/go2_interfaces/go2_interfaces/msg/detail/wireless_controller__rosidl_typesupport_fastrtps_c.h
[2.065s] -- Up-to-date symlink: /home/krish/ros2_ws/install/go2_interfaces/include/go2_interfaces/go2_interfaces/msg/rosidl_typesupport_fastrtps_c__visibility_control.h
[2.065s] -- Up-to-date symlink: /home/krish/ros2_ws/install/go2_interfaces/include/go2_interfaces/go2_interfaces/msg/audio_data.hpp
[2.065s] -- Up-to-date symlink: /home/krish/ros2_ws/install/go2_interfaces/include/go2_interfaces/go2_interfaces/msg/bms_cmd.hpp
[2.065s] -- Up-to-date symlink: /home/krish/ros2_ws/install/go2_interfaces/include/go2_interfaces/go2_interfaces/msg/bms_state.hpp
[2.065s] -- Up-to-date symlink: /home/krish/ros2_ws/install/go2_interfaces/include/go2_interfaces/go2_interfaces/msg/detail/audio_data__builder.hpp
[2.065s] -- Up-to-date symlink: /home/krish/ros2_ws/install/go2_interfaces/include/go2_interfaces/go2_interfaces/msg/detail/audio_data__struct.hpp
[2.065s] -- Up-to-date symlink: /home/krish/ros2_ws/install/go2_interfaces/include/go2_interfaces/go2_interfaces/msg/detail/audio_data__traits.hpp
[2.066s] -- Up-to-date symlink: /home/krish/ros2_ws/install/go2_interfaces/include/go2_interfaces/go2_interfaces/msg/detail/audio_data__type_support.hpp
[2.066s] -- Up-to-date symlink: /home/krish/ros2_ws/install/go2_interfaces/include/go2_interfaces/go2_interfaces/msg/detail/bms_cmd__builder.hpp
[2.066s] -- Up-to-date symlink: /home/krish/ros2_ws/install/go2_interfaces/include/go2_interfaces/go2_interfaces/msg/detail/bms_cmd__struct.hpp
[2.067s] -- Up-to-date symlink: /home/krish/ros2_ws/install/go2_interfaces/include/go2_interfaces/go2_interfaces/msg/detail/bms_cmd__traits.hpp
[2.067s] -- Up-to-date symlink: /home/krish/ros2_ws/install/go2_interfaces/include/go2_interfaces/go2_interfaces/msg/detail/bms_cmd__type_support.hpp
[2.067s] -- Up-to-date symlink: /home/krish/ros2_ws/install/go2_interfaces/include/go2_interfaces/go2_interfaces/msg/detail/bms_state__builder.hpp
[2.067s] -- Up-to-date symlink: /home/krish/ros2_ws/install/go2_interfaces/include/go2_interfaces/go2_interfaces/msg/detail/bms_state__struct.hpp
[2.067s] -- Up-to-date symlink: /home/krish/ros2_ws/install/go2_interfaces/include/go2_interfaces/go2_interfaces/msg/detail/bms_state__traits.hpp
[2.067s] -- Up-to-date symlink: /home/krish/ros2_ws/install/go2_interfaces/include/go2_interfaces/go2_interfaces/msg/detail/bms_state__type_support.hpp
[2.067s] -- Up-to-date symlink: /home/krish/ros2_ws/install/go2_interfaces/include/go2_interfaces/go2_interfaces/msg/detail/error__builder.hpp
[2.068s] -- Up-to-date symlink: /home/krish/ros2_ws/install/go2_interfaces/include/go2_interfaces/go2_interfaces/msg/detail/error__struct.hpp
[2.068s] -- Up-to-date symlink: /home/krish/ros2_ws/install/go2_interfaces/include/go2_interfaces/go2_interfaces/msg/detail/error__traits.hpp
[2.068s] -- Up-to-date symlink: /home/krish/ros2_ws/install/go2_interfaces/include/go2_interfaces/go2_interfaces/msg/detail/error__type_support.hpp
[2.069s] -- Up-to-date symlink: /home/krish/ros2_ws/install/go2_interfaces/include/go2_interfaces/go2_interfaces/msg/detail/go2_cmd__builder.hpp
[2.069s] -- Up-to-date symlink: /home/krish/ros2_ws/install/go2_interfaces/include/go2_interfaces/go2_interfaces/msg/detail/go2_cmd__struct.hpp
[2.069s] -- Up-to-date symlink: /home/krish/ros2_ws/install/go2_interfaces/include/go2_interfaces/go2_interfaces/msg/detail/go2_cmd__traits.hpp
[2.070s] -- Up-to-date symlink: /home/krish/ros2_ws/install/go2_interfaces/include/go2_interfaces/go2_interfaces/msg/detail/go2_cmd__type_support.hpp
[2.070s] -- Up-to-date symlink: /home/krish/ros2_ws/install/go2_interfaces/include/go2_interfaces/go2_interfaces/msg/detail/go2_front_video_data__builder.hpp
[2.070s] -- Up-to-date symlink: /home/krish/ros2_ws/install/go2_interfaces/include/go2_interfaces/go2_interfaces/msg/detail/go2_front_video_data__struct.hpp
[2.070s] -- Up-to-date symlink: /home/krish/ros2_ws/install/go2_interfaces/include/go2_interfaces/go2_interfaces/msg/detail/go2_front_video_data__traits.hpp
[2.070s] -- Up-to-date symlink: /home/krish/ros2_ws/install/go2_interfaces/include/go2_interfaces/go2_interfaces/msg/detail/go2_front_video_data__type_support.hpp
[2.070s] -- Up-to-date symlink: /home/krish/ros2_ws/install/go2_interfaces/include/go2_interfaces/go2_interfaces/msg/detail/go2_move__builder.hpp
[2.070s] -- Up-to-date symlink: /home/krish/ros2_ws/install/go2_interfaces/include/go2_interfaces/go2_interfaces/msg/detail/go2_move__struct.hpp
[2.070s] -- Up-to-date symlink: /home/krish/ros2_ws/install/go2_interfaces/include/go2_interfaces/go2_interfaces/msg/detail/go2_move__traits.hpp
[2.071s] -- Up-to-date symlink: /home/krish/ros2_ws/install/go2_interfaces/include/go2_interfaces/go2_interfaces/msg/detail/go2_move__type_support.hpp
[2.071s] -- Up-to-date symlink: /home/krish/ros2_ws/install/go2_interfaces/include/go2_interfaces/go2_interfaces/msg/detail/go2_rpy_cmd__builder.hpp
[2.071s] -- Up-to-date symlink: /home/krish/ros2_ws/install/go2_interfaces/include/go2_interfaces/go2_interfaces/msg/detail/go2_rpy_cmd__struct.hpp
[2.071s] -- Up-to-date symlink: /home/krish/ros2_ws/install/go2_interfaces/include/go2_interfaces/go2_interfaces/msg/detail/go2_rpy_cmd__traits.hpp
[2.071s] -- Up-to-date symlink: /home/krish/ros2_ws/install/go2_interfaces/include/go2_interfaces/go2_interfaces/msg/detail/go2_rpy_cmd__type_support.hpp
[2.071s] -- Up-to-date symlink: /home/krish/ros2_ws/install/go2_interfaces/include/go2_interfaces/go2_interfaces/msg/detail/go2_state__builder.hpp
[2.072s] -- Up-to-date symlink: /home/krish/ros2_ws/install/go2_interfaces/include/go2_interfaces/go2_interfaces/msg/detail/go2_state__struct.hpp
[2.073s] -- Up-to-date symlink: /home/krish/ros2_ws/install/go2_interfaces/include/go2_interfaces/go2_interfaces/msg/detail/go2_state__traits.hpp
[2.073s] -- Up-to-date symlink: /home/krish/ros2_ws/install/go2_interfaces/include/go2_interfaces/go2_interfaces/msg/detail/go2_state__type_support.hpp
[2.073s] -- Up-to-date symlink: /home/krish/ros2_ws/install/go2_interfaces/include/go2_interfaces/go2_interfaces/msg/detail/height_map__builder.hpp
[2.073s] -- Up-to-date symlink: /home/krish/ros2_ws/install/go2_interfaces/include/go2_interfaces/go2_interfaces/msg/detail/height_map__struct.hpp
[2.073s] -- Up-to-date symlink: /home/krish/ros2_ws/install/go2_interfaces/include/go2_interfaces/go2_interfaces/msg/detail/height_map__traits.hpp
[2.073s] -- Up-to-date symlink: /home/krish/ros2_ws/install/go2_interfaces/include/go2_interfaces/go2_interfaces/msg/detail/height_map__type_support.hpp
[2.074s] -- Up-to-date symlink: /home/krish/ros2_ws/install/go2_interfaces/include/go2_interfaces/go2_interfaces/msg/detail/imu__builder.hpp
[2.074s] -- Up-to-date symlink: /home/krish/ros2_ws/install/go2_interfaces/include/go2_interfaces/go2_interfaces/msg/detail/imu__struct.hpp
[2.074s] -- Up-to-date symlink: /home/krish/ros2_ws/install/go2_interfaces/include/go2_interfaces/go2_interfaces/msg/detail/imu__traits.hpp
[2.074s] -- Up-to-date symlink: /home/krish/ros2_ws/install/go2_interfaces/include/go2_interfaces/go2_interfaces/msg/detail/imu__type_support.hpp
[2.074s] -- Up-to-date symlink: /home/krish/ros2_ws/install/go2_interfaces/include/go2_interfaces/go2_interfaces/msg/detail/interface_config__builder.hpp
[2.074s] -- Up-to-date symlink: /home/krish/ros2_ws/install/go2_interfaces/include/go2_interfaces/go2_interfaces/msg/detail/interface_config__struct.hpp
[2.074s] -- Up-to-date symlink: /home/krish/ros2_ws/install/go2_interfaces/include/go2_interfaces/go2_interfaces/msg/detail/interface_config__traits.hpp
[2.075s] -- Up-to-date symlink: /home/krish/ros2_ws/install/go2_interfaces/include/go2_interfaces/go2_interfaces/msg/detail/interface_config__type_support.hpp
[2.075s] -- Up-to-date symlink: /home/krish/ros2_ws/install/go2_interfaces/include/go2_interfaces/go2_interfaces/msg/detail/lidar_state__builder.hpp
[2.075s] -- Up-to-date symlink: /home/krish/ros2_ws/install/go2_interfaces/include/go2_interfaces/go2_interfaces/msg/detail/lidar_state__struct.hpp
[2.075s] -- Up-to-date symlink: /home/krish/ros2_ws/install/go2_interfaces/include/go2_interfaces/go2_interfaces/msg/detail/lidar_state__traits.hpp
[2.075s] -- Up-to-date symlink: /home/krish/ros2_ws/install/go2_interfaces/include/go2_interfaces/go2_interfaces/msg/detail/lidar_state__type_support.hpp
[2.075s] -- Up-to-date symlink: /home/krish/ros2_ws/install/go2_interfaces/include/go2_interfaces/go2_interfaces/msg/detail/low_cmd__builder.hpp
[2.087s] -- Up-to-date symlink: /home/krish/ros2_ws/install/go2_interfaces/include/go2_interfaces/go2_interfaces/msg/detail/low_cmd__struct.hpp
[2.087s] -- Up-to-date symlink: /home/krish/ros2_ws/install/go2_interfaces/include/go2_interfaces/go2_interfaces/msg/detail/low_cmd__traits.hpp
[2.087s] -- Up-to-date symlink: /home/krish/ros2_ws/install/go2_interfaces/include/go2_interfaces/go2_interfaces/msg/detail/low_cmd__type_support.hpp
[2.087s] -- Up-to-date symlink: /home/krish/ros2_ws/install/go2_interfaces/include/go2_interfaces/go2_interfaces/msg/detail/low_state__builder.hpp
[2.087s] -- Up-to-date symlink: /home/krish/ros2_ws/install/go2_interfaces/include/go2_interfaces/go2_interfaces/msg/detail/low_state__struct.hpp
[2.087s] -- Up-to-date symlink: /home/krish/ros2_ws/install/go2_interfaces/include/go2_interfaces/go2_interfaces/msg/detail/low_state__traits.hpp
[2.088s] -- Up-to-date symlink: /home/krish/ros2_ws/install/go2_interfaces/include/go2_interfaces/go2_interfaces/msg/detail/low_state__type_support.hpp
[2.089s] -- Up-to-date symlink: /home/krish/ros2_ws/install/go2_interfaces/include/go2_interfaces/go2_interfaces/msg/detail/motor_cmd__builder.hpp
[2.089s] -- Up-to-date symlink: /home/krish/ros2_ws/install/go2_interfaces/include/go2_interfaces/go2_interfaces/msg/detail/motor_cmd__struct.hpp
[2.089s] -- Up-to-date symlink: /home/krish/ros2_ws/install/go2_interfaces/include/go2_interfaces/go2_interfaces/msg/detail/motor_cmd__traits.hpp
[2.089s] -- Up-to-date symlink: /home/krish/ros2_ws/install/go2_interfaces/include/go2_interfaces/go2_interfaces/msg/detail/motor_cmd__type_support.hpp
[2.089s] -- Up-to-date symlink: /home/krish/ros2_ws/install/go2_interfaces/include/go2_interfaces/go2_interfaces/msg/detail/motor_cmds__builder.hpp
[2.089s] -- Up-to-date symlink: /home/krish/ros2_ws/install/go2_interfaces/include/go2_interfaces/go2_interfaces/msg/detail/motor_cmds__struct.hpp
[2.089s] -- Up-to-date symlink: /home/krish/ros2_ws/install/go2_interfaces/include/go2_interfaces/go2_interfaces/msg/detail/motor_cmds__traits.hpp
[2.089s] -- Up-to-date symlink: /home/krish/ros2_ws/install/go2_interfaces/include/go2_interfaces/go2_interfaces/msg/detail/motor_cmds__type_support.hpp
[2.094s] -- Up-to-date symlink: /home/krish/ros2_ws/install/go2_interfaces/include/go2_interfaces/go2_interfaces/msg/detail/motor_state__builder.hpp
[2.094s] -- Up-to-date symlink: /home/krish/ros2_ws/install/go2_interfaces/include/go2_interfaces/go2_interfaces/msg/detail/motor_state__struct.hpp
[2.094s] -- Up-to-date symlink: /home/krish/ros2_ws/install/go2_interfaces/include/go2_interfaces/go2_interfaces/msg/detail/motor_state__traits.hpp
[2.094s] -- Up-to-date symlink: /home/krish/ros2_ws/install/go2_interfaces/include/go2_interfaces/go2_interfaces/msg/detail/motor_state__type_support.hpp
[2.094s] -- Up-to-date symlink: /home/krish/ros2_ws/install/go2_interfaces/include/go2_interfaces/go2_interfaces/msg/detail/motor_states__builder.hpp
[2.095s] -- Up-to-date symlink: /home/krish/ros2_ws/install/go2_interfaces/include/go2_interfaces/go2_interfaces/msg/detail/motor_states__struct.hpp
[2.095s] -- Up-to-date symlink: /home/krish/ros2_ws/install/go2_interfaces/include/go2_interfaces/go2_interfaces/msg/detail/motor_states__traits.hpp
[2.095s] -- Up-to-date symlink: /home/krish/ros2_ws/install/go2_interfaces/include/go2_interfaces/go2_interfaces/msg/detail/motor_states__type_support.hpp
[2.095s] -- Up-to-date symlink: /home/krish/ros2_ws/install/go2_interfaces/include/go2_interfaces/go2_interfaces/msg/detail/path_point__builder.hpp
[2.095s] -- Up-to-date symlink: /home/krish/ros2_ws/install/go2_interfaces/include/go2_interfaces/go2_interfaces/msg/detail/path_point__struct.hpp
[2.095s] -- Up-to-date symlink: /home/krish/ros2_ws/install/go2_interfaces/include/go2_interfaces/go2_interfaces/msg/detail/path_point__traits.hpp
[2.095s] -- Up-to-date symlink: /home/krish/ros2_ws/install/go2_interfaces/include/go2_interfaces/go2_interfaces/msg/detail/path_point__type_support.hpp
[2.095s] -- Up-to-date symlink: /home/krish/ros2_ws/install/go2_interfaces/include/go2_interfaces/go2_interfaces/msg/detail/req__builder.hpp
[2.096s] -- Up-to-date symlink: /home/krish/ros2_ws/install/go2_interfaces/include/go2_interfaces/go2_interfaces/msg/detail/req__struct.hpp
[2.096s] -- Up-to-date symlink: /home/krish/ros2_ws/install/go2_interfaces/include/go2_interfaces/go2_interfaces/msg/detail/req__traits.hpp
[2.096s] -- Up-to-date symlink: /home/krish/ros2_ws/install/go2_interfaces/include/go2_interfaces/go2_interfaces/msg/detail/req__type_support.hpp
[2.096s] -- Up-to-date symlink: /home/krish/ros2_ws/install/go2_interfaces/include/go2_interfaces/go2_interfaces/msg/detail/res__builder.hpp
[2.102s] -- Up-to-date symlink: /home/krish/ros2_ws/install/go2_interfaces/include/go2_interfaces/go2_interfaces/msg/detail/res__struct.hpp
[2.103s] -- Up-to-date symlink: /home/krish/ros2_ws/install/go2_interfaces/include/go2_interfaces/go2_interfaces/msg/detail/res__traits.hpp
[2.103s] -- Up-to-date symlink: /home/krish/ros2_ws/install/go2_interfaces/include/go2_interfaces/go2_interfaces/msg/detail/res__type_support.hpp
[2.103s] -- Up-to-date symlink: /home/krish/ros2_ws/install/go2_interfaces/include/go2_interfaces/go2_interfaces/msg/detail/sport_mode_cmd__builder.hpp
[2.103s] -- Up-to-date symlink: /home/krish/ros2_ws/install/go2_interfaces/include/go2_interfaces/go2_interfaces/msg/detail/sport_mode_cmd__struct.hpp
[2.103s] -- Up-to-date symlink: /home/krish/ros2_ws/install/go2_interfaces/include/go2_interfaces/go2_interfaces/msg/detail/sport_mode_cmd__traits.hpp
[2.103s] -- Up-to-date symlink: /home/krish/ros2_ws/install/go2_interfaces/include/go2_interfaces/go2_interfaces/msg/detail/sport_mode_cmd__type_support.hpp
[2.104s] -- Up-to-date symlink: /home/krish/ros2_ws/install/go2_interfaces/include/go2_interfaces/go2_interfaces/msg/detail/sport_mode_state__builder.hpp
[2.104s] -- Up-to-date symlink: /home/krish/ros2_ws/install/go2_interfaces/include/go2_interfaces/go2_interfaces/msg/detail/sport_mode_state__struct.hpp
[2.104s] -- Up-to-date symlink: /home/krish/ros2_ws/install/go2_interfaces/include/go2_interfaces/go2_interfaces/msg/detail/sport_mode_state__traits.hpp
[2.104s] -- Up-to-date symlink: /home/krish/ros2_ws/install/go2_interfaces/include/go2_interfaces/go2_interfaces/msg/detail/sport_mode_state__type_support.hpp
[2.104s] -- Up-to-date symlink: /home/krish/ros2_ws/install/go2_interfaces/include/go2_interfaces/go2_interfaces/msg/detail/time_spec__builder.hpp
[2.104s] -- Up-to-date symlink: /home/krish/ros2_ws/install/go2_interfaces/include/go2_interfaces/go2_interfaces/msg/detail/time_spec__struct.hpp
[2.104s] -- Up-to-date symlink: /home/krish/ros2_ws/install/go2_interfaces/include/go2_interfaces/go2_interfaces/msg/detail/time_spec__traits.hpp
[2.104s] -- Up-to-date symlink: /home/krish/ros2_ws/install/go2_interfaces/include/go2_interfaces/go2_interfaces/msg/detail/time_spec__type_support.hpp
[2.105s] -- Up-to-date symlink: /home/krish/ros2_ws/install/go2_interfaces/include/go2_interfaces/go2_interfaces/msg/detail/uwb_state__builder.hpp
[2.105s] -- Up-to-date symlink: /home/krish/ros2_ws/install/go2_interfaces/include/go2_interfaces/go2_interfaces/msg/detail/uwb_state__struct.hpp
[2.105s] -- Up-to-date symlink: /home/krish/ros2_ws/install/go2_interfaces/include/go2_interfaces/go2_interfaces/msg/detail/uwb_state__traits.hpp
[2.105s] -- Up-to-date symlink: /home/krish/ros2_ws/install/go2_interfaces/include/go2_interfaces/go2_interfaces/msg/detail/uwb_state__type_support.hpp
[2.105s] -- Up-to-date symlink: /home/krish/ros2_ws/install/go2_interfaces/include/go2_interfaces/go2_interfaces/msg/detail/uwb_switch__builder.hpp
[2.105s] -- Up-to-date symlink: /home/krish/ros2_ws/install/go2_interfaces/include/go2_interfaces/go2_interfaces/msg/detail/uwb_switch__struct.hpp
[2.105s] -- Up-to-date symlink: /home/krish/ros2_ws/install/go2_interfaces/include/go2_interfaces/go2_interfaces/msg/detail/uwb_switch__traits.hpp
[2.105s] -- Up-to-date symlink: /home/krish/ros2_ws/install/go2_interfaces/include/go2_interfaces/go2_interfaces/msg/detail/uwb_switch__type_support.hpp
[2.106s] -- Up-to-date symlink: /home/krish/ros2_ws/install/go2_interfaces/include/go2_interfaces/go2_interfaces/msg/detail/voxel_height_map_state__builder.hpp
[2.106s] -- Up-to-date symlink: /home/krish/ros2_ws/install/go2_interfaces/include/go2_interfaces/go2_interfaces/msg/detail/voxel_height_map_state__struct.hpp
[2.106s] -- Up-to-date symlink: /home/krish/ros2_ws/install/go2_interfaces/include/go2_interfaces/go2_interfaces/msg/detail/voxel_height_map_state__traits.hpp
[2.107s] -- Up-to-date symlink: /home/krish/ros2_ws/install/go2_interfaces/include/go2_interfaces/go2_interfaces/msg/detail/voxel_height_map_state__type_support.hpp
[2.107s] -- Up-to-date symlink: /home/krish/ros2_ws/install/go2_interfaces/include/go2_interfaces/go2_interfaces/msg/detail/voxel_map_compressed__builder.hpp
[2.107s] -- Up-to-date symlink: /home/krish/ros2_ws/install/go2_interfaces/include/go2_interfaces/go2_interfaces/msg/detail/voxel_map_compressed__struct.hpp
[2.107s] -- Up-to-date symlink: /home/krish/ros2_ws/install/go2_interfaces/include/go2_interfaces/go2_interfaces/msg/detail/voxel_map_compressed__traits.hpp
[2.108s] -- Up-to-date symlink: /home/krish/ros2_ws/install/go2_interfaces/include/go2_interfaces/go2_interfaces/msg/detail/voxel_map_compressed__type_support.hpp
[2.108s] -- Up-to-date symlink: /home/krish/ros2_ws/install/go2_interfaces/include/go2_interfaces/go2_interfaces/msg/detail/web_rtc_req__builder.hpp
[2.108s] -- Up-to-date symlink: /home/krish/ros2_ws/install/go2_interfaces/include/go2_interfaces/go2_interfaces/msg/detail/web_rtc_req__struct.hpp
[2.108s] -- Up-to-date symlink: /home/krish/ros2_ws/install/go2_interfaces/include/go2_interfaces/go2_interfaces/msg/detail/web_rtc_req__traits.hpp
[2.109s] -- Up-to-date symlink: /home/krish/ros2_ws/install/go2_interfaces/include/go2_interfaces/go2_interfaces/msg/detail/web_rtc_req__type_support.hpp
[2.109s] -- Up-to-date symlink: /home/krish/ros2_ws/install/go2_interfaces/include/go2_interfaces/go2_interfaces/msg/detail/wireless_controller__builder.hpp
[2.114s] -- Up-to-date symlink: /home/krish/ros2_ws/install/go2_interfaces/include/go2_interfaces/go2_interfaces/msg/detail/wireless_controller__struct.hpp
[2.114s] -- Up-to-date symlink: /home/krish/ros2_ws/install/go2_interfaces/include/go2_interfaces/go2_interfaces/msg/detail/wireless_controller__traits.hpp
[2.115s] -- Up-to-date symlink: /home/krish/ros2_ws/install/go2_interfaces/include/go2_interfaces/go2_interfaces/msg/detail/wireless_controller__type_support.hpp
[2.115s] -- Up-to-date symlink: /home/krish/ros2_ws/install/go2_interfaces/include/go2_interfaces/go2_interfaces/msg/error.hpp
[2.115s] -- Up-to-date symlink: /home/krish/ros2_ws/install/go2_interfaces/include/go2_interfaces/go2_interfaces/msg/go2_cmd.hpp
[2.122s] -- Up-to-date symlink: /home/krish/ros2_ws/install/go2_interfaces/include/go2_interfaces/go2_interfaces/msg/go2_front_video_data.hpp
[2.122s] -- Up-to-date symlink: /home/krish/ros2_ws/install/go2_interfaces/include/go2_interfaces/go2_interfaces/msg/go2_move.hpp
[2.122s] -- Up-to-date symlink: /home/krish/ros2_ws/install/go2_interfaces/include/go2_interfaces/go2_interfaces/msg/go2_rpy_cmd.hpp
[2.122s] -- Up-to-date symlink: /home/krish/ros2_ws/install/go2_interfaces/include/go2_interfaces/go2_interfaces/msg/go2_state.hpp
[2.122s] -- Up-to-date symlink: /home/krish/ros2_ws/install/go2_interfaces/include/go2_interfaces/go2_interfaces/msg/height_map.hpp
[2.122s] -- Up-to-date symlink: /home/krish/ros2_ws/install/go2_interfaces/include/go2_interfaces/go2_interfaces/msg/imu.hpp
[2.123s] -- Up-to-date symlink: /home/krish/ros2_ws/install/go2_interfaces/include/go2_interfaces/go2_interfaces/msg/interface_config.hpp
[2.123s] -- Up-to-date symlink: /home/krish/ros2_ws/install/go2_interfaces/include/go2_interfaces/go2_interfaces/msg/lidar_state.hpp
[2.123s] -- Up-to-date symlink: /home/krish/ros2_ws/install/go2_interfaces/include/go2_interfaces/go2_interfaces/msg/low_cmd.hpp
[2.123s] -- Up-to-date symlink: /home/krish/ros2_ws/install/go2_interfaces/include/go2_interfaces/go2_interfaces/msg/low_state.hpp
[2.123s] -- Up-to-date symlink: /home/krish/ros2_ws/install/go2_interfaces/include/go2_interfaces/go2_interfaces/msg/motor_cmd.hpp
[2.123s] -- Up-to-date symlink: /home/krish/ros2_ws/install/go2_interfaces/include/go2_interfaces/go2_interfaces/msg/motor_cmds.hpp
[2.123s] -- Up-to-date symlink: /home/krish/ros2_ws/install/go2_interfaces/include/go2_interfaces/go2_interfaces/msg/motor_state.hpp
[2.123s] -- Up-to-date symlink: /home/krish/ros2_ws/install/go2_interfaces/include/go2_interfaces/go2_interfaces/msg/motor_states.hpp
[2.123s] -- Up-to-date symlink: /home/krish/ros2_ws/install/go2_interfaces/include/go2_interfaces/go2_interfaces/msg/path_point.hpp
[2.124s] -- Up-to-date symlink: /home/krish/ros2_ws/install/go2_interfaces/include/go2_interfaces/go2_interfaces/msg/req.hpp
[2.124s] -- Up-to-date symlink: /home/krish/ros2_ws/install/go2_interfaces/include/go2_interfaces/go2_interfaces/msg/res.hpp
[2.124s] -- Up-to-date symlink: /home/krish/ros2_ws/install/go2_interfaces/include/go2_interfaces/go2_interfaces/msg/rosidl_generator_cpp__visibility_control.hpp
[2.124s] -- Up-to-date symlink: /home/krish/ros2_ws/install/go2_interfaces/include/go2_interfaces/go2_interfaces/msg/sport_mode_cmd.hpp
[2.124s] -- Up-to-date symlink: /home/krish/ros2_ws/install/go2_interfaces/include/go2_interfaces/go2_interfaces/msg/sport_mode_state.hpp
[2.124s] -- Up-to-date symlink: /home/krish/ros2_ws/install/go2_interfaces/include/go2_interfaces/go2_interfaces/msg/time_spec.hpp
[2.124s] -- Up-to-date symlink: /home/krish/ros2_ws/install/go2_interfaces/include/go2_interfaces/go2_interfaces/msg/uwb_state.hpp
[2.124s] -- Up-to-date symlink: /home/krish/ros2_ws/install/go2_interfaces/include/go2_interfaces/go2_interfaces/msg/uwb_switch.hpp
[2.124s] -- Up-to-date symlink: /home/krish/ros2_ws/install/go2_interfaces/include/go2_interfaces/go2_interfaces/msg/voxel_height_map_state.hpp
[2.124s] -- Up-to-date symlink: /home/krish/ros2_ws/install/go2_interfaces/include/go2_interfaces/go2_interfaces/msg/voxel_map_compressed.hpp
[2.125s] -- Up-to-date symlink: /home/krish/ros2_ws/install/go2_interfaces/include/go2_interfaces/go2_interfaces/msg/web_rtc_req.hpp
[2.125s] -- Up-to-date symlink: /home/krish/ros2_ws/install/go2_interfaces/include/go2_interfaces/go2_interfaces/msg/wireless_controller.hpp
[2.125s] -- Up-to-date symlink: /home/krish/ros2_ws/install/go2_interfaces/include/go2_interfaces/go2_interfaces/msg/detail/audio_data__rosidl_typesupport_fastrtps_cpp.hpp
[2.125s] -- Up-to-date symlink: /home/krish/ros2_ws/install/go2_interfaces/include/go2_interfaces/go2_interfaces/msg/detail/bms_cmd__rosidl_typesupport_fastrtps_cpp.hpp
[2.125s] -- Up-to-date symlink: /home/krish/ros2_ws/install/go2_interfaces/include/go2_interfaces/go2_interfaces/msg/detail/bms_state__rosidl_typesupport_fastrtps_cpp.hpp
[2.125s] -- Up-to-date symlink: /home/krish/ros2_ws/install/go2_interfaces/include/go2_interfaces/go2_interfaces/msg/detail/error__rosidl_typesupport_fastrtps_cpp.hpp
[2.125s] -- Up-to-date symlink: /home/krish/ros2_ws/install/go2_interfaces/include/go2_interfaces/go2_interfaces/msg/detail/go2_cmd__rosidl_typesupport_fastrtps_cpp.hpp
[2.125s] -- Up-to-date symlink: /home/krish/ros2_ws/install/go2_interfaces/include/go2_interfaces/go2_interfaces/msg/detail/go2_front_video_data__rosidl_typesupport_fastrtps_cpp.hpp
[2.125s] -- Up-to-date symlink: /home/krish/ros2_ws/install/go2_interfaces/include/go2_interfaces/go2_interfaces/msg/detail/go2_move__rosidl_typesupport_fastrtps_cpp.hpp
[2.126s] -- Up-to-date symlink: /home/krish/ros2_ws/install/go2_interfaces/include/go2_interfaces/go2_interfaces/msg/detail/go2_rpy_cmd__rosidl_typesupport_fastrtps_cpp.hpp
[2.126s] -- Up-to-date symlink: /home/krish/ros2_ws/install/go2_interfaces/include/go2_interfaces/go2_interfaces/msg/detail/go2_state__rosidl_typesupport_fastrtps_cpp.hpp
[2.126s] -- Up-to-date symlink: /home/krish/ros2_ws/install/go2_interfaces/include/go2_interfaces/go2_interfaces/msg/detail/height_map__rosidl_typesupport_fastrtps_cpp.hpp
[2.126s] -- Up-to-date symlink: /home/krish/ros2_ws/install/go2_interfaces/include/go2_interfaces/go2_interfaces/msg/detail/imu__rosidl_typesupport_fastrtps_cpp.hpp
[2.126s] -- Up-to-date symlink: /home/krish/ros2_ws/install/go2_interfaces/include/go2_interfaces/go2_interfaces/msg/detail/interface_config__rosidl_typesupport_fastrtps_cpp.hpp
[2.137s] -- Up-to-date symlink: /home/krish/ros2_ws/install/go2_interfaces/include/go2_interfaces/go2_interfaces/msg/detail/lidar_state__rosidl_typesupport_fastrtps_cpp.hpp
[2.137s] -- Up-to-date symlink: /home/krish/ros2_ws/install/go2_interfaces/include/go2_interfaces/go2_interfaces/msg/detail/low_cmd__rosidl_typesupport_fastrtps_cpp.hpp
[2.138s] -- Up-to-date symlink: /home/krish/ros2_ws/install/go2_interfaces/include/go2_interfaces/go2_interfaces/msg/detail/low_state__rosidl_typesupport_fastrtps_cpp.hpp
[2.138s] -- Up-to-date symlink: /home/krish/ros2_ws/install/go2_interfaces/include/go2_interfaces/go2_interfaces/msg/detail/motor_cmd__rosidl_typesupport_fastrtps_cpp.hpp
[2.140s] -- Up-to-date symlink: /home/krish/ros2_ws/install/go2_interfaces/include/go2_interfaces/go2_interfaces/msg/detail/motor_cmds__rosidl_typesupport_fastrtps_cpp.hpp
[2.140s] -- Up-to-date symlink: /home/krish/ros2_ws/install/go2_interfaces/include/go2_interfaces/go2_interfaces/msg/detail/motor_state__rosidl_typesupport_fastrtps_cpp.hpp
[2.140s] -- Up-to-date symlink: /home/krish/ros2_ws/install/go2_interfaces/include/go2_interfaces/go2_interfaces/msg/detail/motor_states__rosidl_typesupport_fastrtps_cpp.hpp
[2.140s] -- Up-to-date symlink: /home/krish/ros2_ws/install/go2_interfaces/include/go2_interfaces/go2_interfaces/msg/detail/path_point__rosidl_typesupport_fastrtps_cpp.hpp
[2.141s] -- Up-to-date symlink: /home/krish/ros2_ws/install/go2_interfaces/include/go2_interfaces/go2_interfaces/msg/detail/req__rosidl_typesupport_fastrtps_cpp.hpp
[2.141s] -- Up-to-date symlink: /home/krish/ros2_ws/install/go2_interfaces/include/go2_interfaces/go2_interfaces/msg/detail/res__rosidl_typesupport_fastrtps_cpp.hpp
[2.141s] -- Up-to-date symlink: /home/krish/ros2_ws/install/go2_interfaces/include/go2_interfaces/go2_interfaces/msg/detail/sport_mode_cmd__rosidl_typesupport_fastrtps_cpp.hpp
[2.141s] -- Up-to-date symlink: /home/krish/ros2_ws/install/go2_interfaces/include/go2_interfaces/go2_interfaces/msg/detail/sport_mode_state__rosidl_typesupport_fastrtps_cpp.hpp
[2.141s] -- Up-to-date symlink: /home/krish/ros2_ws/install/go2_interfaces/include/go2_interfaces/go2_interfaces/msg/detail/time_spec__rosidl_typesupport_fastrtps_cpp.hpp
[2.141s] -- Up-to-date symlink: /home/krish/ros2_ws/install/go2_interfaces/include/go2_interfaces/go2_interfaces/msg/detail/uwb_state__rosidl_typesupport_fastrtps_cpp.hpp
[2.141s] -- Up-to-date symlink: /home/krish/ros2_ws/install/go2_interfaces/include/go2_interfaces/go2_interfaces/msg/detail/uwb_switch__rosidl_typesupport_fastrtps_cpp.hpp
[2.141s] -- Up-to-date symlink: /home/krish/ros2_ws/install/go2_interfaces/include/go2_interfaces/go2_interfaces/msg/detail/voxel_height_map_state__rosidl_typesupport_fastrtps_cpp.hpp
[2.142s] -- Up-to-date symlink: /home/krish/ros2_ws/install/go2_interfaces/include/go2_interfaces/go2_interfaces/msg/detail/voxel_map_compressed__rosidl_typesupport_fastrtps_cpp.hpp
[2.142s] -- Up-to-date symlink: /home/krish/ros2_ws/install/go2_interfaces/include/go2_interfaces/go2_interfaces/msg/detail/web_rtc_req__rosidl_typesupport_fastrtps_cpp.hpp
[2.142s] -- Up-to-date symlink: /home/krish/ros2_ws/install/go2_interfaces/include/go2_interfaces/go2_interfaces/msg/detail/wireless_controller__rosidl_typesupport_fastrtps_cpp.hpp
[2.142s] -- Up-to-date symlink: /home/krish/ros2_ws/install/go2_interfaces/include/go2_interfaces/go2_interfaces/msg/rosidl_typesupport_fastrtps_cpp__visibility_control.h
[2.142s] -- Up-to-date symlink: /home/krish/ros2_ws/install/go2_interfaces/include/go2_interfaces/go2_interfaces/msg/detail/audio_data__rosidl_typesupport_introspection_c.h
[2.142s] -- Up-to-date symlink: /home/krish/ros2_ws/install/go2_interfaces/include/go2_interfaces/go2_interfaces/msg/detail/bms_cmd__rosidl_typesupport_introspection_c.h
[2.142s] -- Up-to-date symlink: /home/krish/ros2_ws/install/go2_interfaces/include/go2_interfaces/go2_interfaces/msg/detail/bms_state__rosidl_typesupport_introspection_c.h
[2.142s] -- Up-to-date symlink: /home/krish/ros2_ws/install/go2_interfaces/include/go2_interfaces/go2_interfaces/msg/detail/error__rosidl_typesupport_introspection_c.h
[2.142s] -- Up-to-date symlink: /home/krish/ros2_ws/install/go2_interfaces/include/go2_interfaces/go2_interfaces/msg/detail/go2_cmd__rosidl_typesupport_introspection_c.h
[2.144s] -- Up-to-date symlink: /home/krish/ros2_ws/install/go2_interfaces/include/go2_interfaces/go2_interfaces/msg/detail/go2_front_video_data__rosidl_typesupport_introspection_c.h
[2.145s] -- Up-to-date symlink: /home/krish/ros2_ws/install/go2_interfaces/include/go2_interfaces/go2_interfaces/msg/detail/go2_move__rosidl_typesupport_introspection_c.h
[2.145s] -- Up-to-date symlink: /home/krish/ros2_ws/install/go2_interfaces/include/go2_interfaces/go2_interfaces/msg/detail/go2_rpy_cmd__rosidl_typesupport_introspection_c.h
[2.145s] -- Up-to-date symlink: /home/krish/ros2_ws/install/go2_interfaces/include/go2_interfaces/go2_interfaces/msg/detail/go2_state__rosidl_typesupport_introspection_c.h
[2.146s] -- Up-to-date symlink: /home/krish/ros2_ws/install/go2_interfaces/include/go2_interfaces/go2_interfaces/msg/detail/height_map__rosidl_typesupport_introspection_c.h
[2.146s] -- Up-to-date symlink: /home/krish/ros2_ws/install/go2_interfaces/include/go2_interfaces/go2_interfaces/msg/detail/imu__rosidl_typesupport_introspection_c.h
[2.147s] -- Up-to-date symlink: /home/krish/ros2_ws/install/go2_interfaces/include/go2_interfaces/go2_interfaces/msg/detail/interface_config__rosidl_typesupport_introspection_c.h
[2.148s] -- Up-to-date symlink: /home/krish/ros2_ws/install/go2_interfaces/include/go2_interfaces/go2_interfaces/msg/detail/lidar_state__rosidl_typesupport_introspection_c.h
[2.148s] -- Up-to-date symlink: /home/krish/ros2_ws/install/go2_interfaces/include/go2_interfaces/go2_interfaces/msg/detail/low_cmd__rosidl_typesupport_introspection_c.h
[2.149s] -- Up-to-date symlink: /home/krish/ros2_ws/install/go2_interfaces/include/go2_interfaces/go2_interfaces/msg/detail/low_state__rosidl_typesupport_introspection_c.h
[2.151s] -- Up-to-date symlink: /home/krish/ros2_ws/install/go2_interfaces/include/go2_interfaces/go2_interfaces/msg/detail/motor_cmd__rosidl_typesupport_introspection_c.h
[2.152s] -- Up-to-date symlink: /home/krish/ros2_ws/install/go2_interfaces/include/go2_interfaces/go2_interfaces/msg/detail/motor_cmds__rosidl_typesupport_introspection_c.h
[2.152s] -- Up-to-date symlink: /home/krish/ros2_ws/install/go2_interfaces/include/go2_interfaces/go2_interfaces/msg/detail/motor_state__rosidl_typesupport_introspection_c.h
[2.152s] -- Up-to-date symlink: /home/krish/ros2_ws/install/go2_interfaces/include/go2_interfaces/go2_interfaces/msg/detail/motor_states__rosidl_typesupport_introspection_c.h
[2.152s] -- Up-to-date symlink: /home/krish/ros2_ws/install/go2_interfaces/include/go2_interfaces/go2_interfaces/msg/detail/path_point__rosidl_typesupport_introspection_c.h
[2.152s] -- Up-to-date symlink: /home/krish/ros2_ws/install/go2_interfaces/include/go2_interfaces/go2_interfaces/msg/detail/req__rosidl_typesupport_introspection_c.h
[2.153s] -- Up-to-date symlink: /home/krish/ros2_ws/install/go2_interfaces/include/go2_interfaces/go2_interfaces/msg/detail/res__rosidl_typesupport_introspection_c.h
[2.153s] -- Up-to-date symlink: /home/krish/ros2_ws/install/go2_interfaces/include/go2_interfaces/go2_interfaces/msg/detail/sport_mode_cmd__rosidl_typesupport_introspection_c.h
[2.158s] -- Up-to-date symlink: /home/krish/ros2_ws/install/go2_interfaces/include/go2_interfaces/go2_interfaces/msg/detail/sport_mode_state__rosidl_typesupport_introspection_c.h
[2.158s] -- Up-to-date symlink: /home/krish/ros2_ws/install/go2_interfaces/include/go2_interfaces/go2_interfaces/msg/detail/time_spec__rosidl_typesupport_introspection_c.h
[2.158s] -- Up-to-date symlink: /home/krish/ros2_ws/install/go2_interfaces/include/go2_interfaces/go2_interfaces/msg/detail/uwb_state__rosidl_typesupport_introspection_c.h
[2.158s] -- Up-to-date symlink: /home/krish/ros2_ws/install/go2_interfaces/include/go2_interfaces/go2_interfaces/msg/detail/uwb_switch__rosidl_typesupport_introspection_c.h
[2.158s] -- Up-to-date symlink: /home/krish/ros2_ws/install/go2_interfaces/include/go2_interfaces/go2_interfaces/msg/detail/voxel_height_map_state__rosidl_typesupport_introspection_c.h
[2.158s] -- Up-to-date symlink: /home/krish/ros2_ws/install/go2_interfaces/include/go2_interfaces/go2_interfaces/msg/detail/voxel_map_compressed__rosidl_typesupport_introspection_c.h
[2.159s] -- Up-to-date symlink: /home/krish/ros2_ws/install/go2_interfaces/include/go2_interfaces/go2_interfaces/msg/detail/web_rtc_req__rosidl_typesupport_introspection_c.h
[2.159s] -- Up-to-date symlink: /home/krish/ros2_ws/install/go2_interfaces/include/go2_interfaces/go2_interfaces/msg/detail/wireless_controller__rosidl_typesupport_introspection_c.h
[2.159s] -- Up-to-date symlink: /home/krish/ros2_ws/install/go2_interfaces/include/go2_interfaces/go2_interfaces/msg/rosidl_typesupport_introspection_c__visibility_control.h
[2.160s] -- Up-to-date symlink: /home/krish/ros2_ws/install/go2_interfaces/include/go2_interfaces/go2_interfaces/msg/detail/audio_data__rosidl_typesupport_introspection_cpp.hpp
[2.161s] -- Up-to-date symlink: /home/krish/ros2_ws/install/go2_interfaces/include/go2_interfaces/go2_interfaces/msg/detail/bms_cmd__rosidl_typesupport_introspection_cpp.hpp
[2.163s] -- Up-to-date symlink: /home/krish/ros2_ws/install/go2_interfaces/include/go2_interfaces/go2_interfaces/msg/detail/bms_state__rosidl_typesupport_introspection_cpp.hpp
[2.164s] -- Up-to-date symlink: /home/krish/ros2_ws/install/go2_interfaces/include/go2_interfaces/go2_interfaces/msg/detail/error__rosidl_typesupport_introspection_cpp.hpp
[2.165s] -- Up-to-date symlink: /home/krish/ros2_ws/install/go2_interfaces/include/go2_interfaces/go2_interfaces/msg/detail/go2_cmd__rosidl_typesupport_introspection_cpp.hpp
[2.165s] -- Up-to-date symlink: /home/krish/ros2_ws/install/go2_interfaces/include/go2_interfaces/go2_interfaces/msg/detail/go2_front_video_data__rosidl_typesupport_introspection_cpp.hpp
[2.166s] -- Up-to-date symlink: /home/krish/ros2_ws/install/go2_interfaces/include/go2_interfaces/go2_interfaces/msg/detail/go2_move__rosidl_typesupport_introspection_cpp.hpp
[2.167s] -- Up-to-date symlink: /home/krish/ros2_ws/install/go2_interfaces/include/go2_interfaces/go2_interfaces/msg/detail/go2_rpy_cmd__rosidl_typesupport_introspection_cpp.hpp
[2.167s] -- Up-to-date symlink: /home/krish/ros2_ws/install/go2_interfaces/include/go2_interfaces/go2_interfaces/msg/detail/go2_state__rosidl_typesupport_introspection_cpp.hpp
[2.168s] -- Up-to-date symlink: /home/krish/ros2_ws/install/go2_interfaces/include/go2_interfaces/go2_interfaces/msg/detail/height_map__rosidl_typesupport_introspection_cpp.hpp
[2.169s] -- Up-to-date symlink: /home/krish/ros2_ws/install/go2_interfaces/include/go2_interfaces/go2_interfaces/msg/detail/imu__rosidl_typesupport_introspection_cpp.hpp
[2.170s] -- Up-to-date symlink: /home/krish/ros2_ws/install/go2_interfaces/include/go2_interfaces/go2_interfaces/msg/detail/interface_config__rosidl_typesupport_introspection_cpp.hpp
[2.170s] -- Up-to-date symlink: /home/krish/ros2_ws/install/go2_interfaces/include/go2_interfaces/go2_interfaces/msg/detail/lidar_state__rosidl_typesupport_introspection_cpp.hpp
[2.171s] -- Up-to-date symlink: /home/krish/ros2_ws/install/go2_interfaces/include/go2_interfaces/go2_interfaces/msg/detail/low_cmd__rosidl_typesupport_introspection_cpp.hpp
[2.171s] -- Up-to-date symlink: /home/krish/ros2_ws/install/go2_interfaces/include/go2_interfaces/go2_interfaces/msg/detail/low_state__rosidl_typesupport_introspection_cpp.hpp
[2.172s] -- Up-to-date symlink: /home/krish/ros2_ws/install/go2_interfaces/include/go2_interfaces/go2_interfaces/msg/detail/motor_cmd__rosidl_typesupport_introspection_cpp.hpp
[2.173s] -- Up-to-date symlink: /home/krish/ros2_ws/install/go2_interfaces/include/go2_interfaces/go2_interfaces/msg/detail/motor_cmds__rosidl_typesupport_introspection_cpp.hpp
[2.173s] -- Up-to-date symlink: /home/krish/ros2_ws/install/go2_interfaces/include/go2_interfaces/go2_interfaces/msg/detail/motor_state__rosidl_typesupport_introspection_cpp.hpp
[2.174s] -- Up-to-date symlink: /home/krish/ros2_ws/install/go2_interfaces/include/go2_interfaces/go2_interfaces/msg/detail/motor_states__rosidl_typesupport_introspection_cpp.hpp
[2.175s] -- Up-to-date symlink: /home/krish/ros2_ws/install/go2_interfaces/include/go2_interfaces/go2_interfaces/msg/detail/path_point__rosidl_typesupport_introspection_cpp.hpp
[2.175s] -- Up-to-date symlink: /home/krish/ros2_ws/install/go2_interfaces/include/go2_interfaces/go2_interfaces/msg/detail/req__rosidl_typesupport_introspection_cpp.hpp
[2.176s] -- Up-to-date symlink: /home/krish/ros2_ws/install/go2_interfaces/include/go2_interfaces/go2_interfaces/msg/detail/res__rosidl_typesupport_introspection_cpp.hpp
[2.177s] -- Up-to-date symlink: /home/krish/ros2_ws/install/go2_interfaces/include/go2_interfaces/go2_interfaces/msg/detail/sport_mode_cmd__rosidl_typesupport_introspection_cpp.hpp
[2.178s] -- Up-to-date symlink: /home/krish/ros2_ws/install/go2_interfaces/include/go2_interfaces/go2_interfaces/msg/detail/sport_mode_state__rosidl_typesupport_introspection_cpp.hpp
[2.180s] -- Up-to-date symlink: /home/krish/ros2_ws/install/go2_interfaces/include/go2_interfaces/go2_interfaces/msg/detail/time_spec__rosidl_typesupport_introspection_cpp.hpp
[2.180s] -- Up-to-date symlink: /home/krish/ros2_ws/install/go2_interfaces/include/go2_interfaces/go2_interfaces/msg/detail/uwb_state__rosidl_typesupport_introspection_cpp.hpp
[2.181s] -- Up-to-date symlink: /home/krish/ros2_ws/install/go2_interfaces/include/go2_interfaces/go2_interfaces/msg/detail/uwb_switch__rosidl_typesupport_introspection_cpp.hpp
[2.181s] -- Up-to-date symlink: /home/krish/ros2_ws/install/go2_interfaces/include/go2_interfaces/go2_interfaces/msg/detail/voxel_height_map_state__rosidl_typesupport_introspection_cpp.hpp
[2.181s] -- Up-to-date symlink: /home/krish/ros2_ws/install/go2_interfaces/include/go2_interfaces/go2_interfaces/msg/detail/voxel_map_compressed__rosidl_typesupport_introspection_cpp.hpp
[2.181s] -- Up-to-date symlink: /home/krish/ros2_ws/install/go2_interfaces/include/go2_interfaces/go2_interfaces/msg/detail/web_rtc_req__rosidl_typesupport_introspection_cpp.hpp
[2.182s] -- Up-to-date symlink: /home/krish/ros2_ws/install/go2_interfaces/include/go2_interfaces/go2_interfaces/msg/detail/wireless_controller__rosidl_typesupport_introspection_cpp.hpp
[2.183s] -- Up-to-date symlink: /home/krish/ros2_ws/install/go2_interfaces/share/go2_interfaces/environment/pythonpath.sh
[2.184s] -- Up-to-date symlink: /home/krish/ros2_ws/install/go2_interfaces/share/go2_interfaces/environment/pythonpath.dsv
[2.185s] -- Up-to-date symlink: /home/krish/ros2_ws/install/go2_interfaces/local/lib/python3.10/dist-packages/go2_interfaces-0.0.0-py3.10.egg-info/PKG-INFO
[2.186s] -- Up-to-date symlink: /home/krish/ros2_ws/install/go2_interfaces/local/lib/python3.10/dist-packages/go2_interfaces-0.0.0-py3.10.egg-info/SOURCES.txt
[2.187s] -- Up-to-date symlink: /home/krish/ros2_ws/install/go2_interfaces/local/lib/python3.10/dist-packages/go2_interfaces-0.0.0-py3.10.egg-info/dependency_links.txt
[2.187s] -- Up-to-date symlink: /home/krish/ros2_ws/install/go2_interfaces/local/lib/python3.10/dist-packages/go2_interfaces-0.0.0-py3.10.egg-info/top_level.txt
[2.190s] -- Up-to-date symlink: /home/krish/ros2_ws/install/go2_interfaces/local/lib/python3.10/dist-packages/go2_interfaces/__init__.py
[2.191s] -- Up-to-date symlink: /home/krish/ros2_ws/install/go2_interfaces/local/lib/python3.10/dist-packages/go2_interfaces/_go2_interfaces_s.ep.rosidl_typesupport_c.c
[2.192s] -- Up-to-date symlink: /home/krish/ros2_ws/install/go2_interfaces/local/lib/python3.10/dist-packages/go2_interfaces/_go2_interfaces_s.ep.rosidl_typesupport_fastrtps_c.c
[2.192s] -- Up-to-date symlink: /home/krish/ros2_ws/install/go2_interfaces/local/lib/python3.10/dist-packages/go2_interfaces/_go2_interfaces_s.ep.rosidl_typesupport_introspection_c.c
[2.197s] -- Up-to-date symlink: /home/krish/ros2_ws/install/go2_interfaces/local/lib/python3.10/dist-packages/go2_interfaces/go2_interfaces_s__rosidl_typesupport_c.cpython-310-aarch64-linux-gnu.so
[2.202s] -- Up-to-date symlink: /home/krish/ros2_ws/install/go2_interfaces/local/lib/python3.10/dist-packages/go2_interfaces/go2_interfaces_s__rosidl_typesupport_fastrtps_c.cpython-310-aarch64-linux-gnu.so
[2.203s] -- Up-to-date symlink: /home/krish/ros2_ws/install/go2_interfaces/local/lib/python3.10/dist-packages/go2_interfaces/go2_interfaces_s__rosidl_typesupport_introspection_c.cpython-310-aarch64-linux-gnu.so
[2.204s] -- Up-to-date symlink: /home/krish/ros2_ws/install/go2_interfaces/local/lib/python3.10/dist-packages/go2_interfaces/libgo2_interfaces__rosidl_generator_py.so
[2.205s] -- Up-to-date symlink: /home/krish/ros2_ws/install/go2_interfaces/local/lib/python3.10/dist-packages/go2_interfaces/msg/__init__.py
[2.205s] -- Up-to-date symlink: /home/krish/ros2_ws/install/go2_interfaces/local/lib/python3.10/dist-packages/go2_interfaces/msg/_audio_data.py
[2.205s] -- Up-to-date symlink: /home/krish/ros2_ws/install/go2_interfaces/local/lib/python3.10/dist-packages/go2_interfaces/msg/_audio_data_s.c
[2.205s] -- Up-to-date symlink: /home/krish/ros2_ws/install/go2_interfaces/local/lib/python3.10/dist-packages/go2_interfaces/msg/_bms_cmd.py
[2.209s] -- Up-to-date symlink: /home/krish/ros2_ws/install/go2_interfaces/local/lib/python3.10/dist-packages/go2_interfaces/msg/_bms_cmd_s.c
[2.229s] -- Up-to-date symlink: /home/krish/ros2_ws/install/go2_interfaces/local/lib/python3.10/dist-packages/go2_interfaces/msg/_bms_state.py
[2.230s] -- Up-to-date symlink: /home/krish/ros2_ws/install/go2_interfaces/local/lib/python3.10/dist-packages/go2_interfaces/msg/_bms_state_s.c
[2.230s] -- Up-to-date symlink: /home/krish/ros2_ws/install/go2_interfaces/local/lib/python3.10/dist-packages/go2_interfaces/msg/_error.py
[2.230s] -- Up-to-date symlink: /home/krish/ros2_ws/install/go2_interfaces/local/lib/python3.10/dist-packages/go2_interfaces/msg/_error_s.c
[2.230s] -- Up-to-date symlink: /home/krish/ros2_ws/install/go2_interfaces/local/lib/python3.10/dist-packages/go2_interfaces/msg/_go2_cmd.py
[2.230s] -- Up-to-date symlink: /home/krish/ros2_ws/install/go2_interfaces/local/lib/python3.10/dist-packages/go2_interfaces/msg/_go2_cmd_s.c
[2.230s] -- Up-to-date symlink: /home/krish/ros2_ws/install/go2_interfaces/local/lib/python3.10/dist-packages/go2_interfaces/msg/_go2_front_video_data.py
[2.230s] -- Up-to-date symlink: /home/krish/ros2_ws/install/go2_interfaces/local/lib/python3.10/dist-packages/go2_interfaces/msg/_go2_front_video_data_s.c
[2.230s] -- Up-to-date symlink: /home/krish/ros2_ws/install/go2_interfaces/local/lib/python3.10/dist-packages/go2_interfaces/msg/_go2_move.py
[2.231s] -- Up-to-date symlink: /home/krish/ros2_ws/install/go2_interfaces/local/lib/python3.10/dist-packages/go2_interfaces/msg/_go2_move_s.c
[2.231s] -- Up-to-date symlink: /home/krish/ros2_ws/install/go2_interfaces/local/lib/python3.10/dist-packages/go2_interfaces/msg/_go2_rpy_cmd.py
[2.238s] -- Up-to-date symlink: /home/krish/ros2_ws/install/go2_interfaces/local/lib/python3.10/dist-packages/go2_interfaces/msg/_go2_rpy_cmd_s.c
[2.240s] -- Up-to-date symlink: /home/krish/ros2_ws/install/go2_interfaces/local/lib/python3.10/dist-packages/go2_interfaces/msg/_go2_state.py
[2.240s] -- Up-to-date symlink: /home/krish/ros2_ws/install/go2_interfaces/local/lib/python3.10/dist-packages/go2_interfaces/msg/_go2_state_s.c
[2.242s] -- Up-to-date symlink: /home/krish/ros2_ws/install/go2_interfaces/local/lib/python3.10/dist-packages/go2_interfaces/msg/_height_map.py
[2.243s] -- Up-to-date symlink: /home/krish/ros2_ws/install/go2_interfaces/local/lib/python3.10/dist-packages/go2_interfaces/msg/_height_map_s.c
[2.243s] -- Up-to-date symlink: /home/krish/ros2_ws/install/go2_interfaces/local/lib/python3.10/dist-packages/go2_interfaces/msg/_imu.py
[2.244s] -- Up-to-date symlink: /home/krish/ros2_ws/install/go2_interfaces/local/lib/python3.10/dist-packages/go2_interfaces/msg/_imu_s.c
[2.245s] -- Up-to-date symlink: /home/krish/ros2_ws/install/go2_interfaces/local/lib/python3.10/dist-packages/go2_interfaces/msg/_interface_config.py
[2.245s] -- Up-to-date symlink: /home/krish/ros2_ws/install/go2_interfaces/local/lib/python3.10/dist-packages/go2_interfaces/msg/_interface_config_s.c
[2.246s] -- Up-to-date symlink: /home/krish/ros2_ws/install/go2_interfaces/local/lib/python3.10/dist-packages/go2_interfaces/msg/_lidar_state.py
[2.247s] -- Up-to-date symlink: /home/krish/ros2_ws/install/go2_interfaces/local/lib/python3.10/dist-packages/go2_interfaces/msg/_lidar_state_s.c
[2.248s] -- Up-to-date symlink: /home/krish/ros2_ws/install/go2_interfaces/local/lib/python3.10/dist-packages/go2_interfaces/msg/_low_cmd.py
[2.256s] -- Up-to-date symlink: /home/krish/ros2_ws/install/go2_interfaces/local/lib/python3.10/dist-packages/go2_interfaces/msg/_low_cmd_s.c
[2.257s] -- Up-to-date symlink: /home/krish/ros2_ws/install/go2_interfaces/local/lib/python3.10/dist-packages/go2_interfaces/msg/_low_state.py
[2.258s] -- Up-to-date symlink: /home/krish/ros2_ws/install/go2_interfaces/local/lib/python3.10/dist-packages/go2_interfaces/msg/_low_state_s.c
[2.259s] -- Up-to-date symlink: /home/krish/ros2_ws/install/go2_interfaces/local/lib/python3.10/dist-packages/go2_interfaces/msg/_motor_cmd.py
[2.260s] -- Up-to-date symlink: /home/krish/ros2_ws/install/go2_interfaces/local/lib/python3.10/dist-packages/go2_interfaces/msg/_motor_cmd_s.c
[2.260s] -- Up-to-date symlink: /home/krish/ros2_ws/install/go2_interfaces/local/lib/python3.10/dist-packages/go2_interfaces/msg/_motor_cmds.py
[2.261s] -- Up-to-date symlink: /home/krish/ros2_ws/install/go2_interfaces/local/lib/python3.10/dist-packages/go2_interfaces/msg/_motor_cmds_s.c
[2.262s] -- Up-to-date symlink: /home/krish/ros2_ws/install/go2_interfaces/local/lib/python3.10/dist-packages/go2_interfaces/msg/_motor_state.py
[2.264s] -- Up-to-date symlink: /home/krish/ros2_ws/install/go2_interfaces/local/lib/python3.10/dist-packages/go2_interfaces/msg/_motor_state_s.c
[2.265s] -- Up-to-date symlink: /home/krish/ros2_ws/install/go2_interfaces/local/lib/python3.10/dist-packages/go2_interfaces/msg/_motor_states.py
[2.265s] -- Up-to-date symlink: /home/krish/ros2_ws/install/go2_interfaces/local/lib/python3.10/dist-packages/go2_interfaces/msg/_motor_states_s.c
[2.266s] -- Up-to-date symlink: /home/krish/ros2_ws/install/go2_interfaces/local/lib/python3.10/dist-packages/go2_interfaces/msg/_path_point.py
[2.267s] -- Up-to-date symlink: /home/krish/ros2_ws/install/go2_interfaces/local/lib/python3.10/dist-packages/go2_interfaces/msg/_path_point_s.c
[2.267s] -- Up-to-date symlink: /home/krish/ros2_ws/install/go2_interfaces/local/lib/python3.10/dist-packages/go2_interfaces/msg/_req.py
[2.268s] -- Up-to-date symlink: /home/krish/ros2_ws/install/go2_interfaces/local/lib/python3.10/dist-packages/go2_interfaces/msg/_req_s.c
[2.269s] -- Up-to-date symlink: /home/krish/ros2_ws/install/go2_interfaces/local/lib/python3.10/dist-packages/go2_interfaces/msg/_res.py
[2.270s] -- Up-to-date symlink: /home/krish/ros2_ws/install/go2_interfaces/local/lib/python3.10/dist-packages/go2_interfaces/msg/_res_s.c
[2.270s] -- Up-to-date symlink: /home/krish/ros2_ws/install/go2_interfaces/local/lib/python3.10/dist-packages/go2_interfaces/msg/_sport_mode_cmd.py
[2.271s] -- Up-to-date symlink: /home/krish/ros2_ws/install/go2_interfaces/local/lib/python3.10/dist-packages/go2_interfaces/msg/_sport_mode_cmd_s.c
[2.272s] -- Up-to-date symlink: /home/krish/ros2_ws/install/go2_interfaces/local/lib/python3.10/dist-packages/go2_interfaces/msg/_sport_mode_state.py
[2.273s] -- Up-to-date symlink: /home/krish/ros2_ws/install/go2_interfaces/local/lib/python3.10/dist-packages/go2_interfaces/msg/_sport_mode_state_s.c
[2.273s] -- Up-to-date symlink: /home/krish/ros2_ws/install/go2_interfaces/local/lib/python3.10/dist-packages/go2_interfaces/msg/_time_spec.py
[2.274s] -- Up-to-date symlink: /home/krish/ros2_ws/install/go2_interfaces/local/lib/python3.10/dist-packages/go2_interfaces/msg/_time_spec_s.c
[2.275s] -- Up-to-date symlink: /home/krish/ros2_ws/install/go2_interfaces/local/lib/python3.10/dist-packages/go2_interfaces/msg/_uwb_state.py
[2.275s] -- Up-to-date symlink: /home/krish/ros2_ws/install/go2_interfaces/local/lib/python3.10/dist-packages/go2_interfaces/msg/_uwb_state_s.c
[2.276s] -- Up-to-date symlink: /home/krish/ros2_ws/install/go2_interfaces/local/lib/python3.10/dist-packages/go2_interfaces/msg/_uwb_switch.py
[2.276s] -- Up-to-date symlink: /home/krish/ros2_ws/install/go2_interfaces/local/lib/python3.10/dist-packages/go2_interfaces/msg/_uwb_switch_s.c
[2.277s] -- Up-to-date symlink: /home/krish/ros2_ws/install/go2_interfaces/local/lib/python3.10/dist-packages/go2_interfaces/msg/_voxel_height_map_state.py
[2.278s] -- Up-to-date symlink: /home/krish/ros2_ws/install/go2_interfaces/local/lib/python3.10/dist-packages/go2_interfaces/msg/_voxel_height_map_state_s.c
[2.278s] -- Up-to-date symlink: /home/krish/ros2_ws/install/go2_interfaces/local/lib/python3.10/dist-packages/go2_interfaces/msg/_voxel_map_compressed.py
[2.279s] -- Up-to-date symlink: /home/krish/ros2_ws/install/go2_interfaces/local/lib/python3.10/dist-packages/go2_interfaces/msg/_voxel_map_compressed_s.c
[2.280s] -- Up-to-date symlink: /home/krish/ros2_ws/install/go2_interfaces/local/lib/python3.10/dist-packages/go2_interfaces/msg/_web_rtc_req.py
[2.280s] -- Up-to-date symlink: /home/krish/ros2_ws/install/go2_interfaces/local/lib/python3.10/dist-packages/go2_interfaces/msg/_web_rtc_req_s.c
[2.281s] -- Up-to-date symlink: /home/krish/ros2_ws/install/go2_interfaces/local/lib/python3.10/dist-packages/go2_interfaces/msg/_wireless_controller.py
[2.282s] -- Up-to-date symlink: /home/krish/ros2_ws/install/go2_interfaces/local/lib/python3.10/dist-packages/go2_interfaces/msg/_wireless_controller_s.c
[2.283s] -- Up-to-date symlink: /home/krish/ros2_ws/install/go2_interfaces/local/lib/python3.10/dist-packages/go2_interfaces/go2_interfaces_s__rosidl_typesupport_fastrtps_c.cpython-310-aarch64-linux-gnu.so
[2.284s] -- Up-to-date symlink: /home/krish/ros2_ws/install/go2_interfaces/local/lib/python3.10/dist-packages/go2_interfaces/go2_interfaces_s__rosidl_typesupport_introspection_c.cpython-310-aarch64-linux-gnu.so
[2.285s] -- Up-to-date symlink: /home/krish/ros2_ws/install/go2_interfaces/local/lib/python3.10/dist-packages/go2_interfaces/go2_interfaces_s__rosidl_typesupport_c.cpython-310-aarch64-linux-gnu.so
[2.286s] -- Up-to-date symlink: /home/krish/ros2_ws/install/go2_interfaces/share/ament_index/resource_index/rust_packages/go2_interfaces
[2.288s] -- Up-to-date symlink: /home/krish/ros2_ws/install/go2_interfaces/share/go2_interfaces/rust/Cargo.toml
[2.288s] -- Up-to-date symlink: /home/krish/ros2_ws/install/go2_interfaces/share/go2_interfaces/rust/build.rs
[2.289s] -- Up-to-date symlink: /home/krish/ros2_ws/install/go2_interfaces/share/go2_interfaces/rust/src/lib.rs
[2.290s] -- Up-to-date symlink: /home/krish/ros2_ws/install/go2_interfaces/share/go2_interfaces/rust/src/msg.rs
[2.290s] -- Up-to-date symlink: /home/krish/ros2_ws/install/go2_interfaces/share/go2_interfaces/rust/src/msg/rmw.rs
[2.291s] -- Up-to-date symlink: /home/krish/ros2_ws/install/go2_interfaces/share/go2_interfaces/msg/Go2Cmd.idl
[2.292s] -- Up-to-date symlink: /home/krish/ros2_ws/install/go2_interfaces/share/go2_interfaces/msg/Go2State.idl
[2.293s] -- Up-to-date symlink: /home/krish/ros2_ws/install/go2_interfaces/share/go2_interfaces/msg/Go2Move.idl
[2.294s] -- Up-to-date symlink: /home/krish/ros2_ws/install/go2_interfaces/share/go2_interfaces/msg/Go2RpyCmd.idl
[2.295s] -- Up-to-date symlink: /home/krish/ros2_ws/install/go2_interfaces/share/go2_interfaces/msg/IMU.idl
[2.296s] -- Up-to-date symlink: /home/krish/ros2_ws/install/go2_interfaces/share/go2_interfaces/msg/AudioData.idl
[2.297s] -- Up-to-date symlink: /home/krish/ros2_ws/install/go2_interfaces/share/go2_interfaces/msg/BmsCmd.idl
[2.298s] -- Up-to-date symlink: /home/krish/ros2_ws/install/go2_interfaces/share/go2_interfaces/msg/BmsState.idl
[2.299s] -- Up-to-date symlink: /home/krish/ros2_ws/install/go2_interfaces/share/go2_interfaces/msg/Error.idl
[2.299s] -- Up-to-date symlink: /home/krish/ros2_ws/install/go2_interfaces/share/go2_interfaces/msg/Go2FrontVideoData.idl
[2.300s] -- Up-to-date symlink: /home/krish/ros2_ws/install/go2_interfaces/share/go2_interfaces/msg/HeightMap.idl
[2.301s] -- Up-to-date symlink: /home/krish/ros2_ws/install/go2_interfaces/share/go2_interfaces/msg/InterfaceConfig.idl
[2.302s] -- Up-to-date symlink: /home/krish/ros2_ws/install/go2_interfaces/share/go2_interfaces/msg/LidarState.idl
[2.303s] -- Up-to-date symlink: /home/krish/ros2_ws/install/go2_interfaces/share/go2_interfaces/msg/LowCmd.idl
[2.304s] -- Up-to-date symlink: /home/krish/ros2_ws/install/go2_interfaces/share/go2_interfaces/msg/LowState.idl
[2.304s] -- Up-to-date symlink: /home/krish/ros2_ws/install/go2_interfaces/share/go2_interfaces/msg/MotorCmd.idl
[2.305s] -- Up-to-date symlink: /home/krish/ros2_ws/install/go2_interfaces/share/go2_interfaces/msg/MotorCmds.idl
[2.306s] -- Up-to-date symlink: /home/krish/ros2_ws/install/go2_interfaces/share/go2_interfaces/msg/MotorState.idl
[2.307s] -- Up-to-date symlink: /home/krish/ros2_ws/install/go2_interfaces/share/go2_interfaces/msg/MotorStates.idl
[2.308s] -- Up-to-date symlink: /home/krish/ros2_ws/install/go2_interfaces/share/go2_interfaces/msg/PathPoint.idl
[2.309s] -- Up-to-date symlink: /home/krish/ros2_ws/install/go2_interfaces/share/go2_interfaces/msg/Req.idl
[2.309s] -- Up-to-date symlink: /home/krish/ros2_ws/install/go2_interfaces/share/go2_interfaces/msg/Res.idl
[2.310s] -- Up-to-date symlink: /home/krish/ros2_ws/install/go2_interfaces/share/go2_interfaces/msg/SportModeCmd.idl
[2.311s] -- Up-to-date symlink: /home/krish/ros2_ws/install/go2_interfaces/share/go2_interfaces/msg/SportModeState.idl
[2.312s] -- Up-to-date symlink: /home/krish/ros2_ws/install/go2_interfaces/share/go2_interfaces/msg/TimeSpec.idl
[2.313s] -- Up-to-date symlink: /home/krish/ros2_ws/install/go2_interfaces/share/go2_interfaces/msg/UwbState.idl
[2.314s] -- Up-to-date symlink: /home/krish/ros2_ws/install/go2_interfaces/share/go2_interfaces/msg/UwbSwitch.idl
[2.315s] -- Up-to-date symlink: /home/krish/ros2_ws/install/go2_interfaces/share/go2_interfaces/msg/VoxelMapCompressed.idl
[2.316s] -- Up-to-date symlink: /home/krish/ros2_ws/install/go2_interfaces/share/go2_interfaces/msg/VoxelHeightMapState.idl
[2.317s] -- Up-to-date symlink: /home/krish/ros2_ws/install/go2_interfaces/share/go2_interfaces/msg/WebRtcReq.idl
[2.318s] -- Up-to-date symlink: /home/krish/ros2_ws/install/go2_interfaces/share/go2_interfaces/msg/WirelessController.idl
[2.319s] -- Up-to-date symlink: /home/krish/ros2_ws/install/go2_interfaces/share/go2_interfaces/msg/Go2Cmd.msg
[2.320s] -- Up-to-date symlink: /home/krish/ros2_ws/install/go2_interfaces/share/go2_interfaces/msg/Go2State.msg
[2.320s] -- Up-to-date symlink: /home/krish/ros2_ws/install/go2_interfaces/share/go2_interfaces/msg/Go2Move.msg
[2.322s] -- Up-to-date symlink: /home/krish/ros2_ws/install/go2_interfaces/share/go2_interfaces/msg/Go2RpyCmd.msg
[2.324s] -- Up-to-date symlink: /home/krish/ros2_ws/install/go2_interfaces/share/go2_interfaces/msg/IMU.msg
[2.326s] -- Up-to-date symlink: /home/krish/ros2_ws/install/go2_interfaces/share/go2_interfaces/msg/AudioData.msg
[2.327s] -- Up-to-date symlink: /home/krish/ros2_ws/install/go2_interfaces/share/go2_interfaces/msg/BmsCmd.msg
[2.328s] -- Up-to-date symlink: /home/krish/ros2_ws/install/go2_interfaces/share/go2_interfaces/msg/BmsState.msg
[2.329s] -- Up-to-date symlink: /home/krish/ros2_ws/install/go2_interfaces/share/go2_interfaces/msg/Error.msg
[2.329s] -- Up-to-date symlink: /home/krish/ros2_ws/install/go2_interfaces/share/go2_interfaces/msg/Go2FrontVideoData.msg
[2.330s] -- Up-to-date symlink: /home/krish/ros2_ws/install/go2_interfaces/share/go2_interfaces/msg/HeightMap.msg
[2.331s] -- Up-to-date symlink: /home/krish/ros2_ws/install/go2_interfaces/share/go2_interfaces/msg/InterfaceConfig.msg
[2.332s] -- Up-to-date symlink: /home/krish/ros2_ws/install/go2_interfaces/share/go2_interfaces/msg/LidarState.msg
[2.333s] -- Up-to-date symlink: /home/krish/ros2_ws/install/go2_interfaces/share/go2_interfaces/msg/LowCmd.msg
[2.334s] -- Up-to-date symlink: /home/krish/ros2_ws/install/go2_interfaces/share/go2_interfaces/msg/LowState.msg
[2.335s] -- Up-to-date symlink: /home/krish/ros2_ws/install/go2_interfaces/share/go2_interfaces/msg/MotorCmd.msg
[2.335s] -- Up-to-date symlink: /home/krish/ros2_ws/install/go2_interfaces/share/go2_interfaces/msg/MotorCmds.msg
[2.336s] -- Up-to-date symlink: /home/krish/ros2_ws/install/go2_interfaces/share/go2_interfaces/msg/MotorState.msg
[2.337s] -- Up-to-date symlink: /home/krish/ros2_ws/install/go2_interfaces/share/go2_interfaces/msg/MotorStates.msg
[2.338s] -- Up-to-date symlink: /home/krish/ros2_ws/install/go2_interfaces/share/go2_interfaces/msg/PathPoint.msg
[2.339s] -- Up-to-date symlink: /home/krish/ros2_ws/install/go2_interfaces/share/go2_interfaces/msg/Req.msg
[2.340s] -- Up-to-date symlink: /home/krish/ros2_ws/install/go2_interfaces/share/go2_interfaces/msg/Res.msg
[2.341s] -- Up-to-date symlink: /home/krish/ros2_ws/install/go2_interfaces/share/go2_interfaces/msg/SportModeCmd.msg
[2.342s] -- Up-to-date symlink: /home/krish/ros2_ws/install/go2_interfaces/share/go2_interfaces/msg/SportModeState.msg
[2.343s] -- Up-to-date symlink: /home/krish/ros2_ws/install/go2_interfaces/share/go2_interfaces/msg/TimeSpec.msg
[2.343s] -- Up-to-date symlink: /home/krish/ros2_ws/install/go2_interfaces/share/go2_interfaces/msg/UwbState.msg
[2.344s] -- Up-to-date symlink: /home/krish/ros2_ws/install/go2_interfaces/share/go2_interfaces/msg/UwbSwitch.msg
[2.345s] -- Up-to-date symlink: /home/krish/ros2_ws/install/go2_interfaces/share/go2_interfaces/msg/VoxelMapCompressed.msg
[2.346s] -- Up-to-date symlink: /home/krish/ros2_ws/install/go2_interfaces/share/go2_interfaces/msg/VoxelHeightMapState.msg
[2.347s] -- Up-to-date symlink: /home/krish/ros2_ws/install/go2_interfaces/share/go2_interfaces/msg/WebRtcReq.msg
[2.348s] -- Up-to-date symlink: /home/krish/ros2_ws/install/go2_interfaces/share/go2_interfaces/msg/WirelessController.msg
[2.348s] -- Up-to-date symlink: /home/krish/ros2_ws/install/go2_interfaces/share/ament_index/resource_index/package_run_dependencies/go2_interfaces
[2.349s] -- Up-to-date symlink: /home/krish/ros2_ws/install/go2_interfaces/share/ament_index/resource_index/parent_prefix_path/go2_interfaces
[2.350s] -- Up-to-date symlink: /home/krish/ros2_ws/install/go2_interfaces/share/go2_interfaces/environment/ament_prefix_path.sh
[2.351s] -- Up-to-date symlink: /home/krish/ros2_ws/install/go2_interfaces/share/go2_interfaces/environment/ament_prefix_path.dsv
[2.352s] -- Up-to-date symlink: /home/krish/ros2_ws/install/go2_interfaces/share/go2_interfaces/environment/path.sh
[2.353s] -- Up-to-date symlink: /home/krish/ros2_ws/install/go2_interfaces/share/go2_interfaces/environment/path.dsv
[2.353s] -- Up-to-date symlink: /home/krish/ros2_ws/install/go2_interfaces/share/go2_interfaces/local_setup.bash
[2.354s] -- Up-to-date symlink: /home/krish/ros2_ws/install/go2_interfaces/share/go2_interfaces/local_setup.sh
[2.355s] -- Up-to-date symlink: /home/krish/ros2_ws/install/go2_interfaces/share/go2_interfaces/local_setup.zsh
[2.356s] -- Up-to-date symlink: /home/krish/ros2_ws/install/go2_interfaces/share/go2_interfaces/local_setup.dsv
[2.356s] -- Symlinking: /home/krish/ros2_ws/install/go2_interfaces/share/go2_interfaces/package.dsv
[2.366s] -- Up-to-date symlink: /home/krish/ros2_ws/install/go2_interfaces/share/ament_index/resource_index/packages/go2_interfaces
[2.367s] -- Up-to-date symlink: /home/krish/ros2_ws/install/go2_interfaces/share/go2_interfaces/cmake/rosidl_cmake-extras.cmake
[2.368s] -- Up-to-date symlink: /home/krish/ros2_ws/install/go2_interfaces/share/go2_interfaces/cmake/ament_cmake_export_dependencies-extras.cmake
[2.369s] -- Up-to-date symlink: /home/krish/ros2_ws/install/go2_interfaces/share/go2_interfaces/cmake/ament_cmake_export_include_directories-extras.cmake
[2.370s] -- Up-to-date symlink: /home/krish/ros2_ws/install/go2_interfaces/share/go2_interfaces/cmake/ament_cmake_export_libraries-extras.cmake
[2.370s] -- Up-to-date symlink: /home/krish/ros2_ws/install/go2_interfaces/share/go2_interfaces/cmake/ament_cmake_export_targets-extras.cmake
[2.371s] -- Up-to-date symlink: /home/krish/ros2_ws/install/go2_interfaces/share/go2_interfaces/cmake/rosidl_cmake_export_typesupport_targets-extras.cmake
[2.372s] -- Up-to-date symlink: /home/krish/ros2_ws/install/go2_interfaces/share/go2_interfaces/cmake/rosidl_cmake_export_typesupport_libraries-extras.cmake
[2.373s] -- Up-to-date symlink: /home/krish/ros2_ws/install/go2_interfaces/share/go2_interfaces/cmake/go2_interfacesConfig.cmake
[2.373s] -- Up-to-date symlink: /home/krish/ros2_ws/install/go2_interfaces/share/go2_interfaces/cmake/go2_interfacesConfig-version.cmake
[2.374s] -- Up-to-date symlink: /home/krish/ros2_ws/install/go2_interfaces/share/go2_interfaces/package.xml
[2.375s] -- Up-to-date: /home/krish/ros2_ws/install/go2_interfaces/lib/libgo2_interfaces__rosidl_generator_c.so
[2.376s] -- Up-to-date: /home/krish/ros2_ws/install/go2_interfaces/lib/libgo2_interfaces__rosidl_typesupport_fastrtps_c.so
[2.377s] -- Up-to-date: /home/krish/ros2_ws/install/go2_interfaces/lib/libgo2_interfaces__rosidl_typesupport_fastrtps_cpp.so
[2.378s] -- Up-to-date: /home/krish/ros2_ws/install/go2_interfaces/lib/libgo2_interfaces__rosidl_typesupport_introspection_c.so
[2.379s] -- Up-to-date: /home/krish/ros2_ws/install/go2_interfaces/lib/libgo2_interfaces__rosidl_typesupport_c.so
[2.380s] -- Up-to-date: /home/krish/ros2_ws/install/go2_interfaces/lib/libgo2_interfaces__rosidl_typesupport_introspection_cpp.so
[2.381s] -- Up-to-date: /home/krish/ros2_ws/install/go2_interfaces/lib/libgo2_interfaces__rosidl_typesupport_cpp.so
[2.478s] Listing '/home/krish/ros2_ws/install/go2_interfaces/local/lib/python3.10/dist-packages/go2_interfaces'...
[2.479s] Listing '/home/krish/ros2_ws/install/go2_interfaces/local/lib/python3.10/dist-packages/go2_interfaces/msg'...
[2.495s] -- Up-to-date: /home/krish/ros2_ws/install/go2_interfaces/lib/libgo2_interfaces__rosidl_generator_py.so
[2.496s] -- Up-to-date: /home/krish/ros2_ws/install/go2_interfaces/share/go2_interfaces/cmake/export_go2_interfaces__rosidl_generator_cExport.cmake
[2.496s] -- Up-to-date: /home/krish/ros2_ws/install/go2_interfaces/share/go2_interfaces/cmake/export_go2_interfaces__rosidl_generator_cExport-noconfig.cmake
[2.497s] -- Up-to-date: /home/krish/ros2_ws/install/go2_interfaces/share/go2_interfaces/cmake/export_go2_interfaces__rosidl_typesupport_fastrtps_cExport.cmake
[2.497s] -- Up-to-date: /home/krish/ros2_ws/install/go2_interfaces/share/go2_interfaces/cmake/export_go2_interfaces__rosidl_typesupport_fastrtps_cExport-noconfig.cmake
[2.497s] -- Up-to-date: /home/krish/ros2_ws/install/go2_interfaces/share/go2_interfaces/cmake/export_go2_interfaces__rosidl_generator_cppExport.cmake
[2.497s] -- Up-to-date: /home/krish/ros2_ws/install/go2_interfaces/share/go2_interfaces/cmake/export_go2_interfaces__rosidl_typesupport_fastrtps_cppExport.cmake
[2.498s] -- Up-to-date: /home/krish/ros2_ws/install/go2_interfaces/share/go2_interfaces/cmake/export_go2_interfaces__rosidl_typesupport_fastrtps_cppExport-noconfig.cmake
[2.498s] -- Up-to-date: /home/krish/ros2_ws/install/go2_interfaces/share/go2_interfaces/cmake/go2_interfaces__rosidl_typesupport_introspection_cExport.cmake
[2.498s] -- Up-to-date: /home/krish/ros2_ws/install/go2_interfaces/share/go2_interfaces/cmake/go2_interfaces__rosidl_typesupport_introspection_cExport-noconfig.cmake
[2.500s] -- Up-to-date: /home/krish/ros2_ws/install/go2_interfaces/share/go2_interfaces/cmake/go2_interfaces__rosidl_typesupport_cExport.cmake
[2.500s] -- Up-to-date: /home/krish/ros2_ws/install/go2_interfaces/share/go2_interfaces/cmake/go2_interfaces__rosidl_typesupport_cExport-noconfig.cmake
[2.500s] -- Up-to-date: /home/krish/ros2_ws/install/go2_interfaces/share/go2_interfaces/cmake/go2_interfaces__rosidl_typesupport_introspection_cppExport.cmake
[2.500s] -- Up-to-date: /home/krish/ros2_ws/install/go2_interfaces/share/go2_interfaces/cmake/go2_interfaces__rosidl_typesupport_introspection_cppExport-noconfig.cmake
[2.501s] -- Up-to-date: /home/krish/ros2_ws/install/go2_interfaces/share/go2_interfaces/cmake/go2_interfaces__rosidl_typesupport_cppExport.cmake
[2.501s] -- Up-to-date: /home/krish/ros2_ws/install/go2_interfaces/share/go2_interfaces/cmake/go2_interfaces__rosidl_typesupport_cppExport-noconfig.cmake
[2.503s] -- Up-to-date: /home/krish/ros2_ws/install/go2_interfaces/share/go2_interfaces/cmake/export_go2_interfaces__rosidl_generator_pyExport.cmake
[2.503s] -- Up-to-date: /home/krish/ros2_ws/install/go2_interfaces/share/go2_interfaces/cmake/export_go2_interfaces__rosidl_generator_pyExport-noconfig.cmake
[2.511s] Invoked command in '/home/krish/ros2_ws/build/go2_interfaces' returned '0': CMAKE_PREFIX_PATH=${CMAKE_PREFIX_PATH}:/home/krish/ros2_ws/install/obstacle_avoidance:/home/krish/ros2_ws/install/speech_processor:/home/krish/ros2_ws/install/lidar_processor:/home/krish/ros2_ws/install/go2_robot_sdk:/home/krish/ros2_ws/install/coco_detector:/opt/ros/humble /usr/local/bin/cmake --install /home/krish/ros2_ws/build/go2_interfaces
