[0.213s] DEBUG:colcon:Command line arguments: ['/usr/bin/colcon', 'build']
[0.213s] DEBUG:colcon:Parsed command line arguments: Namespace(log_base=None, log_level=None, verb_name='build', build_base='build', install_base='install', merge_install=False, symlink_install=False, test_result_base=None, continue_on_error=False, executor='parallel', parallel_workers=6, event_handlers=None, ignore_user_meta=False, metas=['./colcon.meta'], base_paths=['.'], packages_ignore=None, packages_ignore_regex=None, paths=None, packages_up_to=None, packages_up_to_regex=None, packages_above=None, packages_above_and_dependencies=None, packages_above_depth=None, packages_select_by_dep=None, packages_skip_by_dep=None, packages_skip_up_to=None, packages_select_build_failed=False, packages_skip_build_finished=False, packages_select_test_failures=False, packages_skip_test_passed=False, packages_select=None, packages_skip=None, packages_select_regex=None, packages_skip_regex=None, packages_start=None, packages_end=None, allow_overriding=[], cmake_args=None, cmake_target=None, cmake_target_skip_unavailable=False, cmake_clean_cache=False, cmake_clean_first=False, cmake_force_configure=False, ament_cmake_args=None, catkin_cmake_args=None, catkin_skip_building_tests=False, verb_parser=<colcon_defaults.argument_parser.defaults.DefaultArgumentsDecorator object at 0xffff819017e0>, verb_extension=<colcon_core.verb.build.BuildVerb object at 0xffff81acab90>, main=<bound method BuildVerb.main of <colcon_core.verb.build.BuildVerb object at 0xffff81acab90>>)
[0.553s] Level 1:colcon.colcon_core.package_discovery:discover_packages(colcon_meta) check parameters
[0.553s] Level 1:colcon.colcon_core.package_discovery:discover_packages(recursive) check parameters
[0.554s] Level 1:colcon.colcon_core.package_discovery:discover_packages(ignore) check parameters
[0.554s] Level 1:colcon.colcon_core.package_discovery:discover_packages(path) check parameters
[0.554s] Level 1:colcon.colcon_core.package_discovery:discover_packages(colcon_meta) discover
[0.554s] Level 1:colcon.colcon_core.package_discovery:discover_packages(recursive) discover
[0.554s] INFO:colcon.colcon_core.package_discovery:Crawling recursively for packages in '/home/krish/ros2_ws'
[0.554s] Level 1:colcon.colcon_core.package_identification:_identify(.) by extensions ['ignore', 'ignore_ament_install']
[0.554s] Level 1:colcon.colcon_core.package_identification:_identify(.) by extension 'ignore'
[0.554s] Level 1:colcon.colcon_core.package_identification:_identify(.) by extension 'ignore_ament_install'
[0.555s] Level 1:colcon.colcon_core.package_identification:_identify(.) by extensions ['colcon_pkg']
[0.555s] Level 1:colcon.colcon_core.package_identification:_identify(.) by extension 'colcon_pkg'
[0.555s] Level 1:colcon.colcon_core.package_identification:_identify(.) by extensions ['colcon_meta']
[0.555s] Level 1:colcon.colcon_core.package_identification:_identify(.) by extension 'colcon_meta'
[0.555s] Level 1:colcon.colcon_core.package_identification:_identify(.) by extensions ['ros']
[0.555s] Level 1:colcon.colcon_core.package_identification:_identify(.) by extension 'ros'
[0.575s] Level 1:colcon.colcon_core.package_identification:_identify(.) by extensions ['cmake', 'python']
[0.575s] Level 1:colcon.colcon_core.package_identification:_identify(.) by extension 'cmake'
[0.575s] Level 1:colcon.colcon_core.package_identification:_identify(.) by extension 'python'
[0.575s] Level 1:colcon.colcon_core.package_identification:_identify(.) by extensions ['python_setup_py']
[0.575s] Level 1:colcon.colcon_core.package_identification:_identify(.) by extension 'python_setup_py'
[0.576s] Level 1:colcon.colcon_core.package_identification:_identify(build) by extensions ['ignore', 'ignore_ament_install']
[0.576s] Level 1:colcon.colcon_core.package_identification:_identify(build) by extension 'ignore'
[0.576s] Level 1:colcon.colcon_core.package_identification:_identify(build) ignored
[0.576s] Level 1:colcon.colcon_core.package_identification:_identify(install) by extensions ['ignore', 'ignore_ament_install']
[0.576s] Level 1:colcon.colcon_core.package_identification:_identify(install) by extension 'ignore'
[0.577s] Level 1:colcon.colcon_core.package_identification:_identify(install) ignored
[0.577s] Level 1:colcon.colcon_core.package_identification:_identify(log) by extensions ['ignore', 'ignore_ament_install']
[0.577s] Level 1:colcon.colcon_core.package_identification:_identify(log) by extension 'ignore'
[0.577s] Level 1:colcon.colcon_core.package_identification:_identify(log) ignored
[0.577s] Level 1:colcon.colcon_core.package_identification:_identify(src) by extensions ['ignore', 'ignore_ament_install']
[0.577s] Level 1:colcon.colcon_core.package_identification:_identify(src) by extension 'ignore'
[0.577s] Level 1:colcon.colcon_core.package_identification:_identify(src) by extension 'ignore_ament_install'
[0.578s] Level 1:colcon.colcon_core.package_identification:_identify(src) by extensions ['colcon_pkg']
[0.578s] Level 1:colcon.colcon_core.package_identification:_identify(src) by extension 'colcon_pkg'
[0.578s] Level 1:colcon.colcon_core.package_identification:_identify(src) by extensions ['colcon_meta']
[0.578s] Level 1:colcon.colcon_core.package_identification:_identify(src) by extension 'colcon_meta'
[0.578s] Level 1:colcon.colcon_core.package_identification:_identify(src) by extensions ['ros']
[0.578s] Level 1:colcon.colcon_core.package_identification:_identify(src) by extension 'ros'
[0.578s] Level 1:colcon.colcon_core.package_identification:_identify(src) by extensions ['cmake', 'python']
[0.578s] Level 1:colcon.colcon_core.package_identification:_identify(src) by extension 'cmake'
[0.578s] Level 1:colcon.colcon_core.package_identification:_identify(src) by extension 'python'
[0.578s] Level 1:colcon.colcon_core.package_identification:_identify(src) by extensions ['python_setup_py']
[0.578s] Level 1:colcon.colcon_core.package_identification:_identify(src) by extension 'python_setup_py'
[0.578s] Level 1:colcon.colcon_core.package_identification:_identify(src/coco_detector) by extensions ['ignore', 'ignore_ament_install']
[0.579s] Level 1:colcon.colcon_core.package_identification:_identify(src/coco_detector) by extension 'ignore'
[0.579s] Level 1:colcon.colcon_core.package_identification:_identify(src/coco_detector) by extension 'ignore_ament_install'
[0.579s] Level 1:colcon.colcon_core.package_identification:_identify(src/coco_detector) by extensions ['colcon_pkg']
[0.579s] Level 1:colcon.colcon_core.package_identification:_identify(src/coco_detector) by extension 'colcon_pkg'
[0.579s] Level 1:colcon.colcon_core.package_identification:_identify(src/coco_detector) by extensions ['colcon_meta']
[0.579s] Level 1:colcon.colcon_core.package_identification:_identify(src/coco_detector) by extension 'colcon_meta'
[0.579s] Level 1:colcon.colcon_core.package_identification:_identify(src/coco_detector) by extensions ['ros']
[0.579s] Level 1:colcon.colcon_core.package_identification:_identify(src/coco_detector) by extension 'ros'
[0.584s] DEBUG:colcon.colcon_core.package_identification:Package 'src/coco_detector' with type 'ros.ament_python' and name 'coco_detector'
[0.584s] Level 1:colcon.colcon_core.package_identification:_identify(src/docker) by extensions ['ignore', 'ignore_ament_install']
[0.584s] Level 1:colcon.colcon_core.package_identification:_identify(src/docker) by extension 'ignore'
[0.584s] Level 1:colcon.colcon_core.package_identification:_identify(src/docker) by extension 'ignore_ament_install'
[0.584s] Level 1:colcon.colcon_core.package_identification:_identify(src/docker) by extensions ['colcon_pkg']
[0.584s] Level 1:colcon.colcon_core.package_identification:_identify(src/docker) by extension 'colcon_pkg'
[0.585s] Level 1:colcon.colcon_core.package_identification:_identify(src/docker) by extensions ['colcon_meta']
[0.585s] Level 1:colcon.colcon_core.package_identification:_identify(src/docker) by extension 'colcon_meta'
[0.585s] Level 1:colcon.colcon_core.package_identification:_identify(src/docker) by extensions ['ros']
[0.585s] Level 1:colcon.colcon_core.package_identification:_identify(src/docker) by extension 'ros'
[0.585s] Level 1:colcon.colcon_core.package_identification:_identify(src/docker) by extensions ['cmake', 'python']
[0.585s] Level 1:colcon.colcon_core.package_identification:_identify(src/docker) by extension 'cmake'
[0.585s] Level 1:colcon.colcon_core.package_identification:_identify(src/docker) by extension 'python'
[0.585s] Level 1:colcon.colcon_core.package_identification:_identify(src/docker) by extensions ['python_setup_py']
[0.585s] Level 1:colcon.colcon_core.package_identification:_identify(src/docker) by extension 'python_setup_py'
[0.585s] Level 1:colcon.colcon_core.package_identification:_identify(src/go2_interfaces) by extensions ['ignore', 'ignore_ament_install']
[0.586s] Level 1:colcon.colcon_core.package_identification:_identify(src/go2_interfaces) by extension 'ignore'
[0.586s] Level 1:colcon.colcon_core.package_identification:_identify(src/go2_interfaces) by extension 'ignore_ament_install'
[0.586s] Level 1:colcon.colcon_core.package_identification:_identify(src/go2_interfaces) by extensions ['colcon_pkg']
[0.586s] Level 1:colcon.colcon_core.package_identification:_identify(src/go2_interfaces) by extension 'colcon_pkg'
[0.586s] Level 1:colcon.colcon_core.package_identification:_identify(src/go2_interfaces) by extensions ['colcon_meta']
[0.586s] Level 1:colcon.colcon_core.package_identification:_identify(src/go2_interfaces) by extension 'colcon_meta'
[0.586s] Level 1:colcon.colcon_core.package_identification:_identify(src/go2_interfaces) by extensions ['ros']
[0.586s] Level 1:colcon.colcon_core.package_identification:_identify(src/go2_interfaces) by extension 'ros'
[0.587s] DEBUG:colcon.colcon_core.package_identification:Package 'src/go2_interfaces' with type 'ros.ament_cmake' and name 'go2_interfaces'
[0.587s] Level 1:colcon.colcon_core.package_identification:_identify(src/go2_robot_sdk) by extensions ['ignore', 'ignore_ament_install']
[0.588s] Level 1:colcon.colcon_core.package_identification:_identify(src/go2_robot_sdk) by extension 'ignore'
[0.588s] Level 1:colcon.colcon_core.package_identification:_identify(src/go2_robot_sdk) by extension 'ignore_ament_install'
[0.588s] Level 1:colcon.colcon_core.package_identification:_identify(src/go2_robot_sdk) by extensions ['colcon_pkg']
[0.588s] Level 1:colcon.colcon_core.package_identification:_identify(src/go2_robot_sdk) by extension 'colcon_pkg'
[0.588s] Level 1:colcon.colcon_core.package_identification:_identify(src/go2_robot_sdk) by extensions ['colcon_meta']
[0.588s] Level 1:colcon.colcon_core.package_identification:_identify(src/go2_robot_sdk) by extension 'colcon_meta'
[0.588s] Level 1:colcon.colcon_core.package_identification:_identify(src/go2_robot_sdk) by extensions ['ros']
[0.588s] Level 1:colcon.colcon_core.package_identification:_identify(src/go2_robot_sdk) by extension 'ros'
[0.590s] DEBUG:colcon.colcon_core.package_identification:Package 'src/go2_robot_sdk' with type 'ros.ament_python' and name 'go2_robot_sdk'
[0.590s] Level 1:colcon.colcon_core.package_identification:_identify(src/lidar_processor) by extensions ['ignore', 'ignore_ament_install']
[0.590s] Level 1:colcon.colcon_core.package_identification:_identify(src/lidar_processor) by extension 'ignore'
[0.590s] Level 1:colcon.colcon_core.package_identification:_identify(src/lidar_processor) by extension 'ignore_ament_install'
[0.590s] Level 1:colcon.colcon_core.package_identification:_identify(src/lidar_processor) by extensions ['colcon_pkg']
[0.590s] Level 1:colcon.colcon_core.package_identification:_identify(src/lidar_processor) by extension 'colcon_pkg'
[0.590s] Level 1:colcon.colcon_core.package_identification:_identify(src/lidar_processor) by extensions ['colcon_meta']
[0.591s] Level 1:colcon.colcon_core.package_identification:_identify(src/lidar_processor) by extension 'colcon_meta'
[0.591s] Level 1:colcon.colcon_core.package_identification:_identify(src/lidar_processor) by extensions ['ros']
[0.591s] Level 1:colcon.colcon_core.package_identification:_identify(src/lidar_processor) by extension 'ros'
[0.592s] DEBUG:colcon.colcon_core.package_identification:Package 'src/lidar_processor' with type 'ros.ament_python' and name 'lidar_processor'
[0.592s] Level 1:colcon.colcon_core.package_identification:_identify(src/lidar_processor_cpp) by extensions ['ignore', 'ignore_ament_install']
[0.592s] Level 1:colcon.colcon_core.package_identification:_identify(src/lidar_processor_cpp) by extension 'ignore'
[0.593s] Level 1:colcon.colcon_core.package_identification:_identify(src/lidar_processor_cpp) by extension 'ignore_ament_install'
[0.593s] Level 1:colcon.colcon_core.package_identification:_identify(src/lidar_processor_cpp) by extensions ['colcon_pkg']
[0.593s] Level 1:colcon.colcon_core.package_identification:_identify(src/lidar_processor_cpp) by extension 'colcon_pkg'
[0.593s] Level 1:colcon.colcon_core.package_identification:_identify(src/lidar_processor_cpp) by extensions ['colcon_meta']
[0.593s] Level 1:colcon.colcon_core.package_identification:_identify(src/lidar_processor_cpp) by extension 'colcon_meta'
[0.593s] Level 1:colcon.colcon_core.package_identification:_identify(src/lidar_processor_cpp) by extensions ['ros']
[0.593s] Level 1:colcon.colcon_core.package_identification:_identify(src/lidar_processor_cpp) by extension 'ros'
[0.595s] DEBUG:colcon.colcon_core.package_identification:Package 'src/lidar_processor_cpp' with type 'ros.ament_cmake' and name 'lidar_processor_cpp'
[0.595s] Level 1:colcon.colcon_core.package_identification:_identify(src/obstacle_avoidance) by extensions ['ignore', 'ignore_ament_install']
[0.595s] Level 1:colcon.colcon_core.package_identification:_identify(src/obstacle_avoidance) by extension 'ignore'
[0.595s] Level 1:colcon.colcon_core.package_identification:_identify(src/obstacle_avoidance) by extension 'ignore_ament_install'
[0.595s] Level 1:colcon.colcon_core.package_identification:_identify(src/obstacle_avoidance) by extensions ['colcon_pkg']
[0.596s] Level 1:colcon.colcon_core.package_identification:_identify(src/obstacle_avoidance) by extension 'colcon_pkg'
[0.596s] Level 1:colcon.colcon_core.package_identification:_identify(src/obstacle_avoidance) by extensions ['colcon_meta']
[0.596s] Level 1:colcon.colcon_core.package_identification:_identify(src/obstacle_avoidance) by extension 'colcon_meta'
[0.596s] Level 1:colcon.colcon_core.package_identification:_identify(src/obstacle_avoidance) by extensions ['ros']
[0.596s] Level 1:colcon.colcon_core.package_identification:_identify(src/obstacle_avoidance) by extension 'ros'
[0.597s] DEBUG:colcon.colcon_core.package_identification:Package 'src/obstacle_avoidance' with type 'ros.ament_python' and name 'obstacle_avoidance'
[0.597s] Level 1:colcon.colcon_core.package_identification:_identify(src/speech_processor) by extensions ['ignore', 'ignore_ament_install']
[0.597s] Level 1:colcon.colcon_core.package_identification:_identify(src/speech_processor) by extension 'ignore'
[0.597s] Level 1:colcon.colcon_core.package_identification:_identify(src/speech_processor) by extension 'ignore_ament_install'
[0.597s] Level 1:colcon.colcon_core.package_identification:_identify(src/speech_processor) by extensions ['colcon_pkg']
[0.598s] Level 1:colcon.colcon_core.package_identification:_identify(src/speech_processor) by extension 'colcon_pkg'
[0.598s] Level 1:colcon.colcon_core.package_identification:_identify(src/speech_processor) by extensions ['colcon_meta']
[0.598s] Level 1:colcon.colcon_core.package_identification:_identify(src/speech_processor) by extension 'colcon_meta'
[0.598s] Level 1:colcon.colcon_core.package_identification:_identify(src/speech_processor) by extensions ['ros']
[0.598s] Level 1:colcon.colcon_core.package_identification:_identify(src/speech_processor) by extension 'ros'
[0.599s] DEBUG:colcon.colcon_core.package_identification:Package 'src/speech_processor' with type 'ros.ament_python' and name 'speech_processor'
[0.599s] Level 1:colcon.colcon_core.package_identification:_identify(tts_cache) by extensions ['ignore', 'ignore_ament_install']
[0.599s] Level 1:colcon.colcon_core.package_identification:_identify(tts_cache) by extension 'ignore'
[0.600s] Level 1:colcon.colcon_core.package_identification:_identify(tts_cache) by extension 'ignore_ament_install'
[0.600s] Level 1:colcon.colcon_core.package_identification:_identify(tts_cache) by extensions ['colcon_pkg']
[0.600s] Level 1:colcon.colcon_core.package_identification:_identify(tts_cache) by extension 'colcon_pkg'
[0.600s] Level 1:colcon.colcon_core.package_identification:_identify(tts_cache) by extensions ['colcon_meta']
[0.600s] Level 1:colcon.colcon_core.package_identification:_identify(tts_cache) by extension 'colcon_meta'
[0.600s] Level 1:colcon.colcon_core.package_identification:_identify(tts_cache) by extensions ['ros']
[0.600s] Level 1:colcon.colcon_core.package_identification:_identify(tts_cache) by extension 'ros'
[0.600s] Level 1:colcon.colcon_core.package_identification:_identify(tts_cache) by extensions ['cmake', 'python']
[0.600s] Level 1:colcon.colcon_core.package_identification:_identify(tts_cache) by extension 'cmake'
[0.600s] Level 1:colcon.colcon_core.package_identification:_identify(tts_cache) by extension 'python'
[0.600s] Level 1:colcon.colcon_core.package_identification:_identify(tts_cache) by extensions ['python_setup_py']
[0.601s] Level 1:colcon.colcon_core.package_identification:_identify(tts_cache) by extension 'python_setup_py'
[0.601s] Level 1:colcon.colcon_core.package_discovery:discover_packages(recursive) using defaults
[0.601s] Level 1:colcon.colcon_core.package_discovery:discover_packages(ignore) discover
[0.601s] Level 1:colcon.colcon_core.package_discovery:discover_packages(ignore) using defaults
[0.601s] Level 1:colcon.colcon_core.package_discovery:discover_packages(path) discover
[0.601s] Level 1:colcon.colcon_core.package_discovery:discover_packages(path) using defaults
[0.669s] Level 1:colcon.colcon_core.package_discovery:discover_packages(prefix_path) check parameters
[0.669s] Level 1:colcon.colcon_core.package_discovery:discover_packages(prefix_path) discover
[0.673s] DEBUG:colcon.colcon_installed_package_information.package_discovery:Found 7 installed packages in /home/krish/ros2_ws/install
[0.675s] DEBUG:colcon.colcon_installed_package_information.package_discovery:Found 330 installed packages in /opt/ros/humble
[0.678s] Level 1:colcon.colcon_core.package_discovery:discover_packages(prefix_path) using defaults
[0.757s] Level 5:colcon.colcon_core.verb:set package 'coco_detector' build argument 'cmake_args' from command line to 'None'
[0.757s] Level 5:colcon.colcon_core.verb:set package 'coco_detector' build argument 'cmake_target' from command line to 'None'
[0.757s] Level 5:colcon.colcon_core.verb:set package 'coco_detector' build argument 'cmake_target_skip_unavailable' from command line to 'False'
[0.757s] Level 5:colcon.colcon_core.verb:set package 'coco_detector' build argument 'cmake_clean_cache' from command line to 'False'
[0.757s] Level 5:colcon.colcon_core.verb:set package 'coco_detector' build argument 'cmake_clean_first' from command line to 'False'
[0.758s] Level 5:colcon.colcon_core.verb:set package 'coco_detector' build argument 'cmake_force_configure' from command line to 'False'
[0.758s] Level 5:colcon.colcon_core.verb:set package 'coco_detector' build argument 'ament_cmake_args' from command line to 'None'
[0.758s] Level 5:colcon.colcon_core.verb:set package 'coco_detector' build argument 'catkin_cmake_args' from command line to 'None'
[0.758s] Level 5:colcon.colcon_core.verb:set package 'coco_detector' build argument 'catkin_skip_building_tests' from command line to 'False'
[0.758s] DEBUG:colcon.colcon_core.verb:Building package 'coco_detector' with the following arguments: {'ament_cmake_args': None, 'build_base': '/home/krish/ros2_ws/build/coco_detector', 'catkin_cmake_args': None, 'catkin_skip_building_tests': False, 'cmake_args': None, 'cmake_clean_cache': False, 'cmake_clean_first': False, 'cmake_force_configure': False, 'cmake_target': None, 'cmake_target_skip_unavailable': False, 'install_base': '/home/krish/ros2_ws/install/coco_detector', 'merge_install': False, 'path': '/home/krish/ros2_ws/src/coco_detector', 'symlink_install': False, 'test_result_base': None}
[0.758s] Level 5:colcon.colcon_core.verb:set package 'go2_interfaces' build argument 'cmake_args' from command line to 'None'
[0.758s] Level 5:colcon.colcon_core.verb:set package 'go2_interfaces' build argument 'cmake_target' from command line to 'None'
[0.759s] Level 5:colcon.colcon_core.verb:set package 'go2_interfaces' build argument 'cmake_target_skip_unavailable' from command line to 'False'
[0.759s] Level 5:colcon.colcon_core.verb:set package 'go2_interfaces' build argument 'cmake_clean_cache' from command line to 'False'
[0.759s] Level 5:colcon.colcon_core.verb:set package 'go2_interfaces' build argument 'cmake_clean_first' from command line to 'False'
[0.759s] Level 5:colcon.colcon_core.verb:set package 'go2_interfaces' build argument 'cmake_force_configure' from command line to 'False'
[0.759s] Level 5:colcon.colcon_core.verb:set package 'go2_interfaces' build argument 'ament_cmake_args' from command line to 'None'
[0.759s] Level 5:colcon.colcon_core.verb:set package 'go2_interfaces' build argument 'catkin_cmake_args' from command line to 'None'
[0.759s] Level 5:colcon.colcon_core.verb:set package 'go2_interfaces' build argument 'catkin_skip_building_tests' from command line to 'False'
[0.759s] DEBUG:colcon.colcon_core.verb:Building package 'go2_interfaces' with the following arguments: {'ament_cmake_args': None, 'build_base': '/home/krish/ros2_ws/build/go2_interfaces', 'catkin_cmake_args': None, 'catkin_skip_building_tests': False, 'cmake_args': None, 'cmake_clean_cache': False, 'cmake_clean_first': False, 'cmake_force_configure': False, 'cmake_target': None, 'cmake_target_skip_unavailable': False, 'install_base': '/home/krish/ros2_ws/install/go2_interfaces', 'merge_install': False, 'path': '/home/krish/ros2_ws/src/go2_interfaces', 'symlink_install': False, 'test_result_base': None}
[0.759s] Level 5:colcon.colcon_core.verb:set package 'lidar_processor' build argument 'cmake_args' from command line to 'None'
[0.759s] Level 5:colcon.colcon_core.verb:set package 'lidar_processor' build argument 'cmake_target' from command line to 'None'
[0.759s] Level 5:colcon.colcon_core.verb:set package 'lidar_processor' build argument 'cmake_target_skip_unavailable' from command line to 'False'
[0.760s] Level 5:colcon.colcon_core.verb:set package 'lidar_processor' build argument 'cmake_clean_cache' from command line to 'False'
[0.760s] Level 5:colcon.colcon_core.verb:set package 'lidar_processor' build argument 'cmake_clean_first' from command line to 'False'
[0.760s] Level 5:colcon.colcon_core.verb:set package 'lidar_processor' build argument 'cmake_force_configure' from command line to 'False'
[0.760s] Level 5:colcon.colcon_core.verb:set package 'lidar_processor' build argument 'ament_cmake_args' from command line to 'None'
[0.760s] Level 5:colcon.colcon_core.verb:set package 'lidar_processor' build argument 'catkin_cmake_args' from command line to 'None'
[0.760s] Level 5:colcon.colcon_core.verb:set package 'lidar_processor' build argument 'catkin_skip_building_tests' from command line to 'False'
[0.760s] DEBUG:colcon.colcon_core.verb:Building package 'lidar_processor' with the following arguments: {'ament_cmake_args': None, 'build_base': '/home/krish/ros2_ws/build/lidar_processor', 'catkin_cmake_args': None, 'catkin_skip_building_tests': False, 'cmake_args': None, 'cmake_clean_cache': False, 'cmake_clean_first': False, 'cmake_force_configure': False, 'cmake_target': None, 'cmake_target_skip_unavailable': False, 'install_base': '/home/krish/ros2_ws/install/lidar_processor', 'merge_install': False, 'path': '/home/krish/ros2_ws/src/lidar_processor', 'symlink_install': False, 'test_result_base': None}
[0.760s] Level 5:colcon.colcon_core.verb:set package 'lidar_processor_cpp' build argument 'cmake_args' from command line to 'None'
[0.760s] Level 5:colcon.colcon_core.verb:set package 'lidar_processor_cpp' build argument 'cmake_target' from command line to 'None'
[0.760s] Level 5:colcon.colcon_core.verb:set package 'lidar_processor_cpp' build argument 'cmake_target_skip_unavailable' from command line to 'False'
[0.760s] Level 5:colcon.colcon_core.verb:set package 'lidar_processor_cpp' build argument 'cmake_clean_cache' from command line to 'False'
[0.761s] Level 5:colcon.colcon_core.verb:set package 'lidar_processor_cpp' build argument 'cmake_clean_first' from command line to 'False'
[0.761s] Level 5:colcon.colcon_core.verb:set package 'lidar_processor_cpp' build argument 'cmake_force_configure' from command line to 'False'
[0.761s] Level 5:colcon.colcon_core.verb:set package 'lidar_processor_cpp' build argument 'ament_cmake_args' from command line to 'None'
[0.761s] Level 5:colcon.colcon_core.verb:set package 'lidar_processor_cpp' build argument 'catkin_cmake_args' from command line to 'None'
[0.761s] Level 5:colcon.colcon_core.verb:set package 'lidar_processor_cpp' build argument 'catkin_skip_building_tests' from command line to 'False'
[0.761s] DEBUG:colcon.colcon_core.verb:Building package 'lidar_processor_cpp' with the following arguments: {'ament_cmake_args': None, 'build_base': '/home/krish/ros2_ws/build/lidar_processor_cpp', 'catkin_cmake_args': None, 'catkin_skip_building_tests': False, 'cmake_args': None, 'cmake_clean_cache': False, 'cmake_clean_first': False, 'cmake_force_configure': False, 'cmake_target': None, 'cmake_target_skip_unavailable': False, 'install_base': '/home/krish/ros2_ws/install/lidar_processor_cpp', 'merge_install': False, 'path': '/home/krish/ros2_ws/src/lidar_processor_cpp', 'symlink_install': False, 'test_result_base': None}
[0.761s] Level 5:colcon.colcon_core.verb:set package 'obstacle_avoidance' build argument 'cmake_args' from command line to 'None'
[0.761s] Level 5:colcon.colcon_core.verb:set package 'obstacle_avoidance' build argument 'cmake_target' from command line to 'None'
[0.761s] Level 5:colcon.colcon_core.verb:set package 'obstacle_avoidance' build argument 'cmake_target_skip_unavailable' from command line to 'False'
[0.762s] Level 5:colcon.colcon_core.verb:set package 'obstacle_avoidance' build argument 'cmake_clean_cache' from command line to 'False'
[0.762s] Level 5:colcon.colcon_core.verb:set package 'obstacle_avoidance' build argument 'cmake_clean_first' from command line to 'False'
[0.762s] Level 5:colcon.colcon_core.verb:set package 'obstacle_avoidance' build argument 'cmake_force_configure' from command line to 'False'
[0.762s] Level 5:colcon.colcon_core.verb:set package 'obstacle_avoidance' build argument 'ament_cmake_args' from command line to 'None'
[0.762s] Level 5:colcon.colcon_core.verb:set package 'obstacle_avoidance' build argument 'catkin_cmake_args' from command line to 'None'
[0.762s] Level 5:colcon.colcon_core.verb:set package 'obstacle_avoidance' build argument 'catkin_skip_building_tests' from command line to 'False'
[0.762s] DEBUG:colcon.colcon_core.verb:Building package 'obstacle_avoidance' with the following arguments: {'ament_cmake_args': None, 'build_base': '/home/krish/ros2_ws/build/obstacle_avoidance', 'catkin_cmake_args': None, 'catkin_skip_building_tests': False, 'cmake_args': None, 'cmake_clean_cache': False, 'cmake_clean_first': False, 'cmake_force_configure': False, 'cmake_target': None, 'cmake_target_skip_unavailable': False, 'install_base': '/home/krish/ros2_ws/install/obstacle_avoidance', 'merge_install': False, 'path': '/home/krish/ros2_ws/src/obstacle_avoidance', 'symlink_install': False, 'test_result_base': None}
[0.762s] Level 5:colcon.colcon_core.verb:set package 'go2_robot_sdk' build argument 'cmake_args' from command line to 'None'
[0.762s] Level 5:colcon.colcon_core.verb:set package 'go2_robot_sdk' build argument 'cmake_target' from command line to 'None'
[0.762s] Level 5:colcon.colcon_core.verb:set package 'go2_robot_sdk' build argument 'cmake_target_skip_unavailable' from command line to 'False'
[0.762s] Level 5:colcon.colcon_core.verb:set package 'go2_robot_sdk' build argument 'cmake_clean_cache' from command line to 'False'
[0.762s] Level 5:colcon.colcon_core.verb:set package 'go2_robot_sdk' build argument 'cmake_clean_first' from command line to 'False'
[0.762s] Level 5:colcon.colcon_core.verb:set package 'go2_robot_sdk' build argument 'cmake_force_configure' from command line to 'False'
[0.763s] Level 5:colcon.colcon_core.verb:set package 'go2_robot_sdk' build argument 'ament_cmake_args' from command line to 'None'
[0.763s] Level 5:colcon.colcon_core.verb:set package 'go2_robot_sdk' build argument 'catkin_cmake_args' from command line to 'None'
[0.763s] Level 5:colcon.colcon_core.verb:set package 'go2_robot_sdk' build argument 'catkin_skip_building_tests' from command line to 'False'
[0.763s] DEBUG:colcon.colcon_core.verb:Building package 'go2_robot_sdk' with the following arguments: {'ament_cmake_args': None, 'build_base': '/home/krish/ros2_ws/build/go2_robot_sdk', 'catkin_cmake_args': None, 'catkin_skip_building_tests': False, 'cmake_args': None, 'cmake_clean_cache': False, 'cmake_clean_first': False, 'cmake_force_configure': False, 'cmake_target': None, 'cmake_target_skip_unavailable': False, 'install_base': '/home/krish/ros2_ws/install/go2_robot_sdk', 'merge_install': False, 'path': '/home/krish/ros2_ws/src/go2_robot_sdk', 'symlink_install': False, 'test_result_base': None}
[0.763s] Level 5:colcon.colcon_core.verb:set package 'speech_processor' build argument 'cmake_args' from command line to 'None'
[0.763s] Level 5:colcon.colcon_core.verb:set package 'speech_processor' build argument 'cmake_target' from command line to 'None'
[0.763s] Level 5:colcon.colcon_core.verb:set package 'speech_processor' build argument 'cmake_target_skip_unavailable' from command line to 'False'
[0.763s] Level 5:colcon.colcon_core.verb:set package 'speech_processor' build argument 'cmake_clean_cache' from command line to 'False'
[0.763s] Level 5:colcon.colcon_core.verb:set package 'speech_processor' build argument 'cmake_clean_first' from command line to 'False'
[0.764s] Level 5:colcon.colcon_core.verb:set package 'speech_processor' build argument 'cmake_force_configure' from command line to 'False'
[0.764s] Level 5:colcon.colcon_core.verb:set package 'speech_processor' build argument 'ament_cmake_args' from command line to 'None'
[0.764s] Level 5:colcon.colcon_core.verb:set package 'speech_processor' build argument 'catkin_cmake_args' from command line to 'None'
[0.764s] Level 5:colcon.colcon_core.verb:set package 'speech_processor' build argument 'catkin_skip_building_tests' from command line to 'False'
[0.764s] DEBUG:colcon.colcon_core.verb:Building package 'speech_processor' with the following arguments: {'ament_cmake_args': None, 'build_base': '/home/krish/ros2_ws/build/speech_processor', 'catkin_cmake_args': None, 'catkin_skip_building_tests': False, 'cmake_args': None, 'cmake_clean_cache': False, 'cmake_clean_first': False, 'cmake_force_configure': False, 'cmake_target': None, 'cmake_target_skip_unavailable': False, 'install_base': '/home/krish/ros2_ws/install/speech_processor', 'merge_install': False, 'path': '/home/krish/ros2_ws/src/speech_processor', 'symlink_install': False, 'test_result_base': None}
[0.764s] INFO:colcon.colcon_core.executor:Executing jobs using 'parallel' executor
[0.766s] DEBUG:colcon.colcon_parallel_executor.executor.parallel:run_until_complete
[0.767s] INFO:colcon.colcon_ros.task.ament_cmake.build:Building ROS package in '/home/krish/ros2_ws/src/go2_interfaces' with build type 'ament_cmake'
[0.767s] INFO:colcon.colcon_cmake.task.cmake.build:Building CMake package in '/home/krish/ros2_ws/src/go2_interfaces'
[0.772s] INFO:colcon.colcon_core.plugin_system:Skipping extension 'colcon_core.shell.bat': Not used on non-Windows systems
[0.773s] INFO:colcon.colcon_core.shell:Skip shell extension 'powershell' for command environment: Not usable outside of PowerShell
[0.773s] DEBUG:colcon.colcon_core.shell:Skip shell extension 'dsv' for command environment
[0.780s] INFO:colcon.colcon_ros.task.ament_python.build:Building ROS package in '/home/krish/ros2_ws/src/coco_detector' with build type 'ament_python'
[0.780s] Level 1:colcon.colcon_core.shell:create_environment_hook('coco_detector', 'ament_prefix_path')
[0.781s] INFO:colcon.colcon_core.shell:Creating environment hook '/home/krish/ros2_ws/install/coco_detector/share/coco_detector/hook/ament_prefix_path.ps1'
[0.783s] INFO:colcon.colcon_core.shell:Creating environment descriptor '/home/krish/ros2_ws/install/coco_detector/share/coco_detector/hook/ament_prefix_path.dsv'
[0.784s] INFO:colcon.colcon_core.shell:Creating environment hook '/home/krish/ros2_ws/install/coco_detector/share/coco_detector/hook/ament_prefix_path.sh'
[0.786s] INFO:colcon.colcon_core.shell:Skip shell extension 'powershell' for command environment: Not usable outside of PowerShell
[0.786s] DEBUG:colcon.colcon_core.shell:Skip shell extension 'dsv' for command environment
[0.793s] INFO:colcon.colcon_ros.task.ament_python.build:Building ROS package in '/home/krish/ros2_ws/src/lidar_processor' with build type 'ament_python'
[0.793s] Level 1:colcon.colcon_core.shell:create_environment_hook('lidar_processor', 'ament_prefix_path')
[0.794s] INFO:colcon.colcon_core.shell:Creating environment hook '/home/krish/ros2_ws/install/lidar_processor/share/lidar_processor/hook/ament_prefix_path.ps1'
[0.795s] INFO:colcon.colcon_core.shell:Creating environment descriptor '/home/krish/ros2_ws/install/lidar_processor/share/lidar_processor/hook/ament_prefix_path.dsv'
[0.796s] INFO:colcon.colcon_core.shell:Creating environment hook '/home/krish/ros2_ws/install/lidar_processor/share/lidar_processor/hook/ament_prefix_path.sh'
[0.798s] INFO:colcon.colcon_core.shell:Skip shell extension 'powershell' for command environment: Not usable outside of PowerShell
[0.798s] DEBUG:colcon.colcon_core.shell:Skip shell extension 'dsv' for command environment
[0.805s] INFO:colcon.colcon_ros.task.ament_cmake.build:Building ROS package in '/home/krish/ros2_ws/src/lidar_processor_cpp' with build type 'ament_cmake'
[0.805s] INFO:colcon.colcon_cmake.task.cmake.build:Building CMake package in '/home/krish/ros2_ws/src/lidar_processor_cpp'
[0.805s] INFO:colcon.colcon_core.shell:Skip shell extension 'powershell' for command environment: Not usable outside of PowerShell
[0.806s] DEBUG:colcon.colcon_core.shell:Skip shell extension 'dsv' for command environment
[0.812s] INFO:colcon.colcon_ros.task.ament_python.build:Building ROS package in '/home/krish/ros2_ws/src/obstacle_avoidance' with build type 'ament_python'
[0.813s] Level 1:colcon.colcon_core.shell:create_environment_hook('obstacle_avoidance', 'ament_prefix_path')
[0.814s] INFO:colcon.colcon_core.shell:Creating environment hook '/home/krish/ros2_ws/install/obstacle_avoidance/share/obstacle_avoidance/hook/ament_prefix_path.ps1'
[0.817s] INFO:colcon.colcon_core.shell:Creating environment descriptor '/home/krish/ros2_ws/install/obstacle_avoidance/share/obstacle_avoidance/hook/ament_prefix_path.dsv'
[0.818s] INFO:colcon.colcon_core.shell:Creating environment hook '/home/krish/ros2_ws/install/obstacle_avoidance/share/obstacle_avoidance/hook/ament_prefix_path.sh'
[0.819s] INFO:colcon.colcon_core.shell:Skip shell extension 'powershell' for command environment: Not usable outside of PowerShell
[0.819s] DEBUG:colcon.colcon_core.shell:Skip shell extension 'dsv' for command environment
[0.834s] DEBUG:colcon.colcon_core.event_handler.log_command:Invoking command in '/home/krish/ros2_ws/build/go2_interfaces': CMAKE_PREFIX_PATH=${CMAKE_PREFIX_PATH}:/home/krish/ros2_ws/install/speech_processor:/home/krish/ros2_ws/install/obstacle_avoidance:/home/krish/ros2_ws/install/lidar_processor:/home/krish/ros2_ws/install/go2_robot_sdk:/home/krish/ros2_ws/install/coco_detector:/opt/ros/humble /usr/local/bin/cmake --build /home/krish/ros2_ws/build/go2_interfaces -- -j6 -l6
[1.410s] INFO:colcon.colcon_core.task.python.build:Building Python package in '/home/krish/ros2_ws/src/coco_detector'
[1.411s] INFO:colcon.colcon_core.shell:Skip shell extension 'powershell' for command environment: Not usable outside of PowerShell
[1.411s] DEBUG:colcon.colcon_core.shell:Skip shell extension 'dsv' for command environment
[1.978s] INFO:colcon.colcon_core.task.python.build:Building Python package in '/home/krish/ros2_ws/src/lidar_processor'
[1.979s] INFO:colcon.colcon_core.shell:Skip shell extension 'powershell' for command environment: Not usable outside of PowerShell
[1.979s] DEBUG:colcon.colcon_core.shell:Skip shell extension 'dsv' for command environment
[1.992s] DEBUG:colcon.colcon_core.event_handler.log_command:Invoking command in '/home/krish/ros2_ws/build/lidar_processor_cpp': CMAKE_PREFIX_PATH=${CMAKE_PREFIX_PATH}:/home/krish/ros2_ws/install/speech_processor:/home/krish/ros2_ws/install/obstacle_avoidance:/home/krish/ros2_ws/install/lidar_processor:/home/krish/ros2_ws/install/go2_robot_sdk:/home/krish/ros2_ws/install/coco_detector:/opt/ros/humble /usr/local/bin/cmake --build /home/krish/ros2_ws/build/lidar_processor_cpp -- -j6 -l6
[2.563s] INFO:colcon.colcon_core.task.python.build:Building Python package in '/home/krish/ros2_ws/src/obstacle_avoidance'
[2.564s] INFO:colcon.colcon_core.shell:Skip shell extension 'powershell' for command environment: Not usable outside of PowerShell
[2.564s] DEBUG:colcon.colcon_core.shell:Skip shell extension 'dsv' for command environment
[2.573s] DEBUG:colcon.colcon_core.event_handler.log_command:Invoked command in '/home/krish/ros2_ws/build/go2_interfaces' returned '0': CMAKE_PREFIX_PATH=${CMAKE_PREFIX_PATH}:/home/krish/ros2_ws/install/speech_processor:/home/krish/ros2_ws/install/obstacle_avoidance:/home/krish/ros2_ws/install/lidar_processor:/home/krish/ros2_ws/install/go2_robot_sdk:/home/krish/ros2_ws/install/coco_detector:/opt/ros/humble /usr/local/bin/cmake --build /home/krish/ros2_ws/build/go2_interfaces -- -j6 -l6
[2.584s] DEBUG:colcon.colcon_core.event_handler.log_command:Invoking command in '/home/krish/ros2_ws/build/go2_interfaces': CMAKE_PREFIX_PATH=${CMAKE_PREFIX_PATH}:/home/krish/ros2_ws/install/speech_processor:/home/krish/ros2_ws/install/obstacle_avoidance:/home/krish/ros2_ws/install/lidar_processor:/home/krish/ros2_ws/install/go2_robot_sdk:/home/krish/ros2_ws/install/coco_detector:/opt/ros/humble /usr/local/bin/cmake --install /home/krish/ros2_ws/build/go2_interfaces
[2.598s] DEBUG:colcon.colcon_core.event_handler.log_command:Invoked command in '/home/krish/ros2_ws/build/lidar_processor_cpp' returned '0': CMAKE_PREFIX_PATH=${CMAKE_PREFIX_PATH}:/home/krish/ros2_ws/install/speech_processor:/home/krish/ros2_ws/install/obstacle_avoidance:/home/krish/ros2_ws/install/lidar_processor:/home/krish/ros2_ws/install/go2_robot_sdk:/home/krish/ros2_ws/install/coco_detector:/opt/ros/humble /usr/local/bin/cmake --build /home/krish/ros2_ws/build/lidar_processor_cpp -- -j6 -l6
[2.599s] DEBUG:colcon.colcon_core.event_handler.log_command:Invoking command in '/home/krish/ros2_ws/build/lidar_processor_cpp': CMAKE_PREFIX_PATH=${CMAKE_PREFIX_PATH}:/home/krish/ros2_ws/install/speech_processor:/home/krish/ros2_ws/install/obstacle_avoidance:/home/krish/ros2_ws/install/lidar_processor:/home/krish/ros2_ws/install/go2_robot_sdk:/home/krish/ros2_ws/install/coco_detector:/opt/ros/humble /usr/local/bin/cmake --install /home/krish/ros2_ws/build/lidar_processor_cpp
[2.628s] Level 1:colcon.colcon_core.environment:create_environment_scripts_only(lidar_processor_cpp)
[2.635s] Level 1:colcon.colcon_core.environment:checking '/home/krish/ros2_ws/install/lidar_processor_cpp' for CMake module files
[2.636s] DEBUG:colcon.colcon_core.event_handler.log_command:Invoked command in '/home/krish/ros2_ws/build/lidar_processor_cpp' returned '0': CMAKE_PREFIX_PATH=${CMAKE_PREFIX_PATH}:/home/krish/ros2_ws/install/speech_processor:/home/krish/ros2_ws/install/obstacle_avoidance:/home/krish/ros2_ws/install/lidar_processor:/home/krish/ros2_ws/install/go2_robot_sdk:/home/krish/ros2_ws/install/coco_detector:/opt/ros/humble /usr/local/bin/cmake --install /home/krish/ros2_ws/build/lidar_processor_cpp
[2.639s] Level 1:colcon.colcon_core.environment:checking '/home/krish/ros2_ws/install/lidar_processor_cpp' for CMake config files
[2.641s] Level 1:colcon.colcon_core.shell:create_environment_hook('lidar_processor_cpp', 'cmake_prefix_path')
[2.642s] INFO:colcon.colcon_core.shell:Creating environment hook '/home/krish/ros2_ws/install/lidar_processor_cpp/share/lidar_processor_cpp/hook/cmake_prefix_path.ps1'
[2.646s] INFO:colcon.colcon_core.shell:Creating environment descriptor '/home/krish/ros2_ws/install/lidar_processor_cpp/share/lidar_processor_cpp/hook/cmake_prefix_path.dsv'
[2.648s] INFO:colcon.colcon_core.shell:Creating environment hook '/home/krish/ros2_ws/install/lidar_processor_cpp/share/lidar_processor_cpp/hook/cmake_prefix_path.sh'
[2.653s] Level 1:colcon.colcon_core.environment:checking '/home/krish/ros2_ws/install/lidar_processor_cpp/lib'
[2.653s] Level 1:colcon.colcon_core.environment:checking '/home/krish/ros2_ws/install/lidar_processor_cpp/bin'
[2.653s] Level 1:colcon.colcon_core.environment:checking '/home/krish/ros2_ws/install/lidar_processor_cpp/lib/pkgconfig/lidar_processor_cpp.pc'
[2.654s] Level 1:colcon.colcon_core.environment:checking '/home/krish/ros2_ws/install/lidar_processor_cpp/lib/python3.10/site-packages'
[2.656s] Level 1:colcon.colcon_core.environment:checking '/home/krish/ros2_ws/install/lidar_processor_cpp/bin'
[2.657s] INFO:colcon.colcon_core.shell:Creating package script '/home/krish/ros2_ws/install/lidar_processor_cpp/share/lidar_processor_cpp/package.ps1'
[2.666s] INFO:colcon.colcon_core.shell:Creating package descriptor '/home/krish/ros2_ws/install/lidar_processor_cpp/share/lidar_processor_cpp/package.dsv'
[2.669s] INFO:colcon.colcon_core.shell:Creating package script '/home/krish/ros2_ws/install/lidar_processor_cpp/share/lidar_processor_cpp/package.sh'
[2.672s] INFO:colcon.colcon_core.shell:Creating package script '/home/krish/ros2_ws/install/lidar_processor_cpp/share/lidar_processor_cpp/package.bash'
[2.677s] INFO:colcon.colcon_core.shell:Creating package script '/home/krish/ros2_ws/install/lidar_processor_cpp/share/lidar_processor_cpp/package.zsh'
[2.680s] Level 1:colcon.colcon_core.environment:create_file_with_runtime_dependencies(/home/krish/ros2_ws/install/lidar_processor_cpp/share/colcon-core/packages/lidar_processor_cpp)
[2.685s] Level 1:colcon.colcon_core.environment:create_environment_scripts_only(lidar_processor_cpp)
[2.686s] Level 1:colcon.colcon_core.environment:checking '/home/krish/ros2_ws/install/lidar_processor_cpp' for CMake module files
[2.689s] Level 1:colcon.colcon_core.environment:checking '/home/krish/ros2_ws/install/lidar_processor_cpp' for CMake config files
[2.690s] Level 1:colcon.colcon_core.shell:create_environment_hook('lidar_processor_cpp', 'cmake_prefix_path')
[2.690s] INFO:colcon.colcon_core.shell:Creating environment hook '/home/krish/ros2_ws/install/lidar_processor_cpp/share/lidar_processor_cpp/hook/cmake_prefix_path.ps1'
[2.694s] INFO:colcon.colcon_core.shell:Creating environment descriptor '/home/krish/ros2_ws/install/lidar_processor_cpp/share/lidar_processor_cpp/hook/cmake_prefix_path.dsv'
[2.695s] INFO:colcon.colcon_core.shell:Creating environment hook '/home/krish/ros2_ws/install/lidar_processor_cpp/share/lidar_processor_cpp/hook/cmake_prefix_path.sh'
[2.698s] Level 1:colcon.colcon_core.environment:checking '/home/krish/ros2_ws/install/lidar_processor_cpp/lib'
[2.698s] Level 1:colcon.colcon_core.environment:checking '/home/krish/ros2_ws/install/lidar_processor_cpp/bin'
[2.698s] Level 1:colcon.colcon_core.environment:checking '/home/krish/ros2_ws/install/lidar_processor_cpp/lib/pkgconfig/lidar_processor_cpp.pc'
[2.698s] Level 1:colcon.colcon_core.environment:checking '/home/krish/ros2_ws/install/lidar_processor_cpp/lib/python3.10/site-packages'
[2.700s] Level 1:colcon.colcon_core.environment:checking '/home/krish/ros2_ws/install/lidar_processor_cpp/bin'
[2.701s] INFO:colcon.colcon_core.shell:Creating package script '/home/krish/ros2_ws/install/lidar_processor_cpp/share/lidar_processor_cpp/package.ps1'
[2.708s] INFO:colcon.colcon_core.shell:Creating package descriptor '/home/krish/ros2_ws/install/lidar_processor_cpp/share/lidar_processor_cpp/package.dsv'
[2.713s] INFO:colcon.colcon_core.shell:Creating package script '/home/krish/ros2_ws/install/lidar_processor_cpp/share/lidar_processor_cpp/package.sh'
[2.722s] INFO:colcon.colcon_core.shell:Creating package script '/home/krish/ros2_ws/install/lidar_processor_cpp/share/lidar_processor_cpp/package.bash'
[2.726s] INFO:colcon.colcon_core.shell:Creating package script '/home/krish/ros2_ws/install/lidar_processor_cpp/share/lidar_processor_cpp/package.zsh'
[2.729s] Level 1:colcon.colcon_core.environment:create_file_with_runtime_dependencies(/home/krish/ros2_ws/install/lidar_processor_cpp/share/colcon-core/packages/lidar_processor_cpp)
[2.931s] Level 1:colcon.colcon_core.environment:create_environment_scripts_only(go2_interfaces)
[2.931s] Level 1:colcon.colcon_core.environment:checking '/home/krish/ros2_ws/install/go2_interfaces' for CMake module files
[2.933s] Level 1:colcon.colcon_core.environment:checking '/home/krish/ros2_ws/install/go2_interfaces' for CMake config files
[2.934s] Level 1:colcon.colcon_core.shell:create_environment_hook('go2_interfaces', 'cmake_prefix_path')
[2.934s] INFO:colcon.colcon_core.shell:Creating environment hook '/home/krish/ros2_ws/install/go2_interfaces/share/go2_interfaces/hook/cmake_prefix_path.ps1'
[2.936s] DEBUG:colcon.colcon_core.event_handler.log_command:Invoked command in '/home/krish/ros2_ws/build/go2_interfaces' returned '0': CMAKE_PREFIX_PATH=${CMAKE_PREFIX_PATH}:/home/krish/ros2_ws/install/speech_processor:/home/krish/ros2_ws/install/obstacle_avoidance:/home/krish/ros2_ws/install/lidar_processor:/home/krish/ros2_ws/install/go2_robot_sdk:/home/krish/ros2_ws/install/coco_detector:/opt/ros/humble /usr/local/bin/cmake --install /home/krish/ros2_ws/build/go2_interfaces
[2.936s] INFO:colcon.colcon_core.shell:Creating environment descriptor '/home/krish/ros2_ws/install/go2_interfaces/share/go2_interfaces/hook/cmake_prefix_path.dsv'
[2.937s] INFO:colcon.colcon_core.shell:Creating environment hook '/home/krish/ros2_ws/install/go2_interfaces/share/go2_interfaces/hook/cmake_prefix_path.sh'
[2.938s] Level 1:colcon.colcon_core.environment:checking '/home/krish/ros2_ws/install/go2_interfaces/lib'
[2.938s] Level 1:colcon.colcon_core.shell:create_environment_hook('go2_interfaces', 'ld_library_path_lib')
[2.939s] INFO:colcon.colcon_core.shell:Creating environment hook '/home/krish/ros2_ws/install/go2_interfaces/share/go2_interfaces/hook/ld_library_path_lib.ps1'
[2.940s] INFO:colcon.colcon_core.shell:Creating environment descriptor '/home/krish/ros2_ws/install/go2_interfaces/share/go2_interfaces/hook/ld_library_path_lib.dsv'
[2.940s] INFO:colcon.colcon_core.shell:Creating environment hook '/home/krish/ros2_ws/install/go2_interfaces/share/go2_interfaces/hook/ld_library_path_lib.sh'
[2.941s] Level 1:colcon.colcon_core.environment:checking '/home/krish/ros2_ws/install/go2_interfaces/bin'
[2.941s] Level 1:colcon.colcon_core.environment:checking '/home/krish/ros2_ws/install/go2_interfaces/lib/pkgconfig/go2_interfaces.pc'
[2.942s] Level 1:colcon.colcon_core.environment:checking '/home/krish/ros2_ws/install/go2_interfaces/lib/python3.10/site-packages'
[2.943s] Level 1:colcon.colcon_core.environment:checking '/home/krish/ros2_ws/install/go2_interfaces/bin'
[2.944s] INFO:colcon.colcon_core.shell:Creating package script '/home/krish/ros2_ws/install/go2_interfaces/share/go2_interfaces/package.ps1'
[2.945s] INFO:colcon.colcon_core.shell:Creating package descriptor '/home/krish/ros2_ws/install/go2_interfaces/share/go2_interfaces/package.dsv'
[2.946s] INFO:colcon.colcon_core.shell:Creating package script '/home/krish/ros2_ws/install/go2_interfaces/share/go2_interfaces/package.sh'
[2.947s] INFO:colcon.colcon_core.shell:Creating package script '/home/krish/ros2_ws/install/go2_interfaces/share/go2_interfaces/package.bash'
[2.947s] INFO:colcon.colcon_core.shell:Creating package script '/home/krish/ros2_ws/install/go2_interfaces/share/go2_interfaces/package.zsh'
[2.948s] Level 1:colcon.colcon_core.environment:create_file_with_runtime_dependencies(/home/krish/ros2_ws/install/go2_interfaces/share/colcon-core/packages/go2_interfaces)
[2.950s] Level 1:colcon.colcon_core.environment:create_environment_scripts_only(go2_interfaces)
[2.950s] Level 1:colcon.colcon_core.environment:checking '/home/krish/ros2_ws/install/go2_interfaces' for CMake module files
[2.951s] Level 1:colcon.colcon_core.environment:checking '/home/krish/ros2_ws/install/go2_interfaces' for CMake config files
[2.952s] Level 1:colcon.colcon_core.shell:create_environment_hook('go2_interfaces', 'cmake_prefix_path')
[2.952s] INFO:colcon.colcon_core.shell:Creating environment hook '/home/krish/ros2_ws/install/go2_interfaces/share/go2_interfaces/hook/cmake_prefix_path.ps1'
[2.954s] INFO:colcon.colcon_core.shell:Creating environment descriptor '/home/krish/ros2_ws/install/go2_interfaces/share/go2_interfaces/hook/cmake_prefix_path.dsv'
[2.955s] INFO:colcon.colcon_core.shell:Creating environment hook '/home/krish/ros2_ws/install/go2_interfaces/share/go2_interfaces/hook/cmake_prefix_path.sh'
[2.956s] Level 1:colcon.colcon_core.environment:checking '/home/krish/ros2_ws/install/go2_interfaces/lib'
[2.956s] Level 1:colcon.colcon_core.shell:create_environment_hook('go2_interfaces', 'ld_library_path_lib')
[2.957s] INFO:colcon.colcon_core.shell:Creating environment hook '/home/krish/ros2_ws/install/go2_interfaces/share/go2_interfaces/hook/ld_library_path_lib.ps1'
[2.957s] INFO:colcon.colcon_core.shell:Creating environment descriptor '/home/krish/ros2_ws/install/go2_interfaces/share/go2_interfaces/hook/ld_library_path_lib.dsv'
[2.958s] INFO:colcon.colcon_core.shell:Creating environment hook '/home/krish/ros2_ws/install/go2_interfaces/share/go2_interfaces/hook/ld_library_path_lib.sh'
[2.959s] Level 1:colcon.colcon_core.environment:checking '/home/krish/ros2_ws/install/go2_interfaces/bin'
[2.959s] Level 1:colcon.colcon_core.environment:checking '/home/krish/ros2_ws/install/go2_interfaces/lib/pkgconfig/go2_interfaces.pc'
[2.959s] Level 1:colcon.colcon_core.environment:checking '/home/krish/ros2_ws/install/go2_interfaces/lib/python3.10/site-packages'
[2.960s] Level 1:colcon.colcon_core.environment:checking '/home/krish/ros2_ws/install/go2_interfaces/bin'
[2.961s] INFO:colcon.colcon_core.shell:Creating package script '/home/krish/ros2_ws/install/go2_interfaces/share/go2_interfaces/package.ps1'
[2.962s] INFO:colcon.colcon_core.shell:Creating package descriptor '/home/krish/ros2_ws/install/go2_interfaces/share/go2_interfaces/package.dsv'
[2.963s] INFO:colcon.colcon_core.shell:Creating package script '/home/krish/ros2_ws/install/go2_interfaces/share/go2_interfaces/package.sh'
[2.964s] INFO:colcon.colcon_core.shell:Creating package script '/home/krish/ros2_ws/install/go2_interfaces/share/go2_interfaces/package.bash'
[2.965s] INFO:colcon.colcon_core.shell:Creating package script '/home/krish/ros2_ws/install/go2_interfaces/share/go2_interfaces/package.zsh'
[2.966s] Level 1:colcon.colcon_core.environment:create_file_with_runtime_dependencies(/home/krish/ros2_ws/install/go2_interfaces/share/colcon-core/packages/go2_interfaces)
[2.967s] INFO:colcon.colcon_ros.task.ament_python.build:Building ROS package in '/home/krish/ros2_ws/src/go2_robot_sdk' with build type 'ament_python'
[2.968s] Level 1:colcon.colcon_core.shell:create_environment_hook('go2_robot_sdk', 'ament_prefix_path')
[2.968s] INFO:colcon.colcon_core.shell:Creating environment hook '/home/krish/ros2_ws/install/go2_robot_sdk/share/go2_robot_sdk/hook/ament_prefix_path.ps1'
[2.969s] INFO:colcon.colcon_core.shell:Creating environment descriptor '/home/krish/ros2_ws/install/go2_robot_sdk/share/go2_robot_sdk/hook/ament_prefix_path.dsv'
[2.970s] INFO:colcon.colcon_core.shell:Creating environment hook '/home/krish/ros2_ws/install/go2_robot_sdk/share/go2_robot_sdk/hook/ament_prefix_path.sh'
[2.971s] INFO:colcon.colcon_core.shell:Skip shell extension 'powershell' for command environment: Not usable outside of PowerShell
[2.971s] DEBUG:colcon.colcon_core.shell:Skip shell extension 'dsv' for command environment
[2.980s] INFO:colcon.colcon_ros.task.ament_python.build:Building ROS package in '/home/krish/ros2_ws/src/speech_processor' with build type 'ament_python'
[2.982s] Level 1:colcon.colcon_core.shell:create_environment_hook('speech_processor', 'ament_prefix_path')
[2.985s] INFO:colcon.colcon_core.shell:Creating environment hook '/home/krish/ros2_ws/install/speech_processor/share/speech_processor/hook/ament_prefix_path.ps1'
[2.986s] INFO:colcon.colcon_core.shell:Creating environment descriptor '/home/krish/ros2_ws/install/speech_processor/share/speech_processor/hook/ament_prefix_path.dsv'
[2.987s] INFO:colcon.colcon_core.shell:Creating environment hook '/home/krish/ros2_ws/install/speech_processor/share/speech_processor/hook/ament_prefix_path.sh'
[2.988s] INFO:colcon.colcon_core.shell:Skip shell extension 'powershell' for command environment: Not usable outside of PowerShell
[2.988s] DEBUG:colcon.colcon_core.shell:Skip shell extension 'dsv' for command environment
[3.605s] INFO:colcon.colcon_core.task.python.build:Building Python package in '/home/krish/ros2_ws/src/go2_robot_sdk'
[3.606s] INFO:colcon.colcon_core.shell:Skip shell extension 'powershell' for command environment: Not usable outside of PowerShell
[3.606s] DEBUG:colcon.colcon_core.shell:Skip shell extension 'dsv' for command environment
[4.159s] INFO:colcon.colcon_core.task.python.build:Building Python package in '/home/krish/ros2_ws/src/speech_processor'
[4.161s] INFO:colcon.colcon_core.shell:Skip shell extension 'powershell' for command environment: Not usable outside of PowerShell
[4.161s] DEBUG:colcon.colcon_core.shell:Skip shell extension 'dsv' for command environment
[4.183s] DEBUG:colcon.colcon_core.event_handler.log_command:Invoking command in '/home/krish/ros2_ws/src/coco_detector': PYTHONPATH=/home/krish/ros2_ws/build/coco_detector/prefix_override:/usr/lib/python3/dist-packages/colcon_core/task/python/colcon_distutils_commands:/home/krish/ros2_ws/install/coco_detector/lib/python3.10/site-packages:${PYTHONPATH} /usr/bin/python3 -W ignore:setup.py install is deprecated -W ignore:easy_install command is deprecated setup.py egg_info --egg-base ../../build/coco_detector build --build-base /home/krish/ros2_ws/build/coco_detector/build install --record /home/krish/ros2_ws/build/coco_detector/install.log --single-version-externally-managed install_data
[4.187s] DEBUG:colcon.colcon_core.event_handler.log_command:Invoking command in '/home/krish/ros2_ws/src/lidar_processor': PYTHONPATH=/home/krish/ros2_ws/build/lidar_processor/prefix_override:/usr/lib/python3/dist-packages/colcon_core/task/python/colcon_distutils_commands:/home/krish/ros2_ws/install/lidar_processor/lib/python3.10/site-packages:${PYTHONPATH} /usr/bin/python3 -W ignore:setup.py install is deprecated -W ignore:easy_install command is deprecated setup.py egg_info --egg-base ../../build/lidar_processor build --build-base /home/krish/ros2_ws/build/lidar_processor/build install --record /home/krish/ros2_ws/build/lidar_processor/install.log --single-version-externally-managed install_data
[4.188s] DEBUG:colcon.colcon_core.event_handler.log_command:Invoking command in '/home/krish/ros2_ws/src/obstacle_avoidance': PYTHONPATH=/home/krish/ros2_ws/build/obstacle_avoidance/prefix_override:/usr/lib/python3/dist-packages/colcon_core/task/python/colcon_distutils_commands:/home/krish/ros2_ws/install/obstacle_avoidance/lib/python3.10/site-packages:${PYTHONPATH} /usr/bin/python3 -W ignore:setup.py install is deprecated -W ignore:easy_install command is deprecated setup.py egg_info --egg-base ../../build/obstacle_avoidance build --build-base /home/krish/ros2_ws/build/obstacle_avoidance/build install --record /home/krish/ros2_ws/build/obstacle_avoidance/install.log --single-version-externally-managed install_data
[4.947s] Level 1:colcon.colcon_core.environment:checking '/home/krish/ros2_ws/install/obstacle_avoidance' for CMake module files
[4.949s] Level 1:colcon.colcon_core.environment:checking '/home/krish/ros2_ws/install/obstacle_avoidance' for CMake config files
[4.950s] Level 1:colcon.colcon_core.environment:checking '/home/krish/ros2_ws/install/obstacle_avoidance/lib'
[4.951s] Level 1:colcon.colcon_core.environment:checking '/home/krish/ros2_ws/install/obstacle_avoidance/bin'
[4.951s] Level 1:colcon.colcon_core.environment:checking '/home/krish/ros2_ws/install/obstacle_avoidance/lib/pkgconfig/obstacle_avoidance.pc'
[4.951s] Level 1:colcon.colcon_core.environment:checking '/home/krish/ros2_ws/install/obstacle_avoidance/lib/python3.10/site-packages'
[4.951s] Level 1:colcon.colcon_core.shell:create_environment_hook('obstacle_avoidance', 'pythonpath')
[4.952s] INFO:colcon.colcon_core.shell:Creating environment hook '/home/krish/ros2_ws/install/obstacle_avoidance/share/obstacle_avoidance/hook/pythonpath.ps1'
[4.953s] DEBUG:colcon.colcon_core.event_handler.log_command:Invoked command in '/home/krish/ros2_ws/src/obstacle_avoidance' returned '0': PYTHONPATH=/home/krish/ros2_ws/build/obstacle_avoidance/prefix_override:/usr/lib/python3/dist-packages/colcon_core/task/python/colcon_distutils_commands:/home/krish/ros2_ws/install/obstacle_avoidance/lib/python3.10/site-packages:${PYTHONPATH} /usr/bin/python3 -W ignore:setup.py install is deprecated -W ignore:easy_install command is deprecated setup.py egg_info --egg-base ../../build/obstacle_avoidance build --build-base /home/krish/ros2_ws/build/obstacle_avoidance/build install --record /home/krish/ros2_ws/build/obstacle_avoidance/install.log --single-version-externally-managed install_data
[4.954s] INFO:colcon.colcon_core.shell:Creating environment descriptor '/home/krish/ros2_ws/install/obstacle_avoidance/share/obstacle_avoidance/hook/pythonpath.dsv'
[4.956s] INFO:colcon.colcon_core.shell:Creating environment hook '/home/krish/ros2_ws/install/obstacle_avoidance/share/obstacle_avoidance/hook/pythonpath.sh'
[4.959s] Level 1:colcon.colcon_core.environment:checking '/home/krish/ros2_ws/install/obstacle_avoidance/bin'
[4.960s] Level 1:colcon.colcon_core.environment:create_environment_scripts_only(obstacle_avoidance)
[4.961s] INFO:colcon.colcon_core.shell:Creating package script '/home/krish/ros2_ws/install/obstacle_avoidance/share/obstacle_avoidance/package.ps1'
[4.963s] INFO:colcon.colcon_core.shell:Creating package descriptor '/home/krish/ros2_ws/install/obstacle_avoidance/share/obstacle_avoidance/package.dsv'
[4.965s] INFO:colcon.colcon_core.shell:Creating package script '/home/krish/ros2_ws/install/obstacle_avoidance/share/obstacle_avoidance/package.sh'
[4.966s] INFO:colcon.colcon_core.shell:Creating package script '/home/krish/ros2_ws/install/obstacle_avoidance/share/obstacle_avoidance/package.bash'
[4.967s] INFO:colcon.colcon_core.shell:Creating package script '/home/krish/ros2_ws/install/obstacle_avoidance/share/obstacle_avoidance/package.zsh'
[4.968s] Level 1:colcon.colcon_core.environment:create_file_with_runtime_dependencies(/home/krish/ros2_ws/install/obstacle_avoidance/share/colcon-core/packages/obstacle_avoidance)
[4.972s] Level 1:colcon.colcon_core.environment:checking '/home/krish/ros2_ws/install/lidar_processor' for CMake module files
[4.973s] DEBUG:colcon.colcon_core.event_handler.log_command:Invoked command in '/home/krish/ros2_ws/src/lidar_processor' returned '0': PYTHONPATH=/home/krish/ros2_ws/build/lidar_processor/prefix_override:/usr/lib/python3/dist-packages/colcon_core/task/python/colcon_distutils_commands:/home/krish/ros2_ws/install/lidar_processor/lib/python3.10/site-packages:${PYTHONPATH} /usr/bin/python3 -W ignore:setup.py install is deprecated -W ignore:easy_install command is deprecated setup.py egg_info --egg-base ../../build/lidar_processor build --build-base /home/krish/ros2_ws/build/lidar_processor/build install --record /home/krish/ros2_ws/build/lidar_processor/install.log --single-version-externally-managed install_data
[4.974s] Level 1:colcon.colcon_core.environment:checking '/home/krish/ros2_ws/install/lidar_processor' for CMake config files
[4.976s] Level 1:colcon.colcon_core.environment:checking '/home/krish/ros2_ws/install/lidar_processor/lib'
[4.976s] Level 1:colcon.colcon_core.environment:checking '/home/krish/ros2_ws/install/lidar_processor/bin'
[4.976s] Level 1:colcon.colcon_core.environment:checking '/home/krish/ros2_ws/install/lidar_processor/lib/pkgconfig/lidar_processor.pc'
[4.977s] Level 1:colcon.colcon_core.environment:checking '/home/krish/ros2_ws/install/lidar_processor/lib/python3.10/site-packages'
[4.977s] Level 1:colcon.colcon_core.shell:create_environment_hook('lidar_processor', 'pythonpath')
[4.977s] INFO:colcon.colcon_core.shell:Creating environment hook '/home/krish/ros2_ws/install/lidar_processor/share/lidar_processor/hook/pythonpath.ps1'
[4.979s] INFO:colcon.colcon_core.shell:Creating environment descriptor '/home/krish/ros2_ws/install/lidar_processor/share/lidar_processor/hook/pythonpath.dsv'
[4.980s] INFO:colcon.colcon_core.shell:Creating environment hook '/home/krish/ros2_ws/install/lidar_processor/share/lidar_processor/hook/pythonpath.sh'
[4.982s] Level 1:colcon.colcon_core.environment:checking '/home/krish/ros2_ws/install/lidar_processor/bin'
[4.982s] Level 1:colcon.colcon_core.environment:create_environment_scripts_only(lidar_processor)
[4.983s] INFO:colcon.colcon_core.shell:Creating package script '/home/krish/ros2_ws/install/lidar_processor/share/lidar_processor/package.ps1'
[4.984s] INFO:colcon.colcon_core.shell:Creating package descriptor '/home/krish/ros2_ws/install/lidar_processor/share/lidar_processor/package.dsv'
[4.985s] INFO:colcon.colcon_core.shell:Creating package script '/home/krish/ros2_ws/install/lidar_processor/share/lidar_processor/package.sh'
[4.986s] INFO:colcon.colcon_core.shell:Creating package script '/home/krish/ros2_ws/install/lidar_processor/share/lidar_processor/package.bash'
[4.987s] INFO:colcon.colcon_core.shell:Creating package script '/home/krish/ros2_ws/install/lidar_processor/share/lidar_processor/package.zsh'
[4.988s] Level 1:colcon.colcon_core.environment:create_file_with_runtime_dependencies(/home/krish/ros2_ws/install/lidar_processor/share/colcon-core/packages/lidar_processor)
[5.019s] Level 1:colcon.colcon_core.environment:checking '/home/krish/ros2_ws/install/coco_detector' for CMake module files
[5.020s] DEBUG:colcon.colcon_core.event_handler.log_command:Invoked command in '/home/krish/ros2_ws/src/coco_detector' returned '0': PYTHONPATH=/home/krish/ros2_ws/build/coco_detector/prefix_override:/usr/lib/python3/dist-packages/colcon_core/task/python/colcon_distutils_commands:/home/krish/ros2_ws/install/coco_detector/lib/python3.10/site-packages:${PYTHONPATH} /usr/bin/python3 -W ignore:setup.py install is deprecated -W ignore:easy_install command is deprecated setup.py egg_info --egg-base ../../build/coco_detector build --build-base /home/krish/ros2_ws/build/coco_detector/build install --record /home/krish/ros2_ws/build/coco_detector/install.log --single-version-externally-managed install_data
[5.021s] Level 1:colcon.colcon_core.environment:checking '/home/krish/ros2_ws/install/coco_detector' for CMake config files
[5.022s] Level 1:colcon.colcon_core.environment:checking '/home/krish/ros2_ws/install/coco_detector/lib'
[5.022s] Level 1:colcon.colcon_core.environment:checking '/home/krish/ros2_ws/install/coco_detector/bin'
[5.022s] Level 1:colcon.colcon_core.environment:checking '/home/krish/ros2_ws/install/coco_detector/lib/pkgconfig/coco_detector.pc'
[5.023s] Level 1:colcon.colcon_core.environment:checking '/home/krish/ros2_ws/install/coco_detector/lib/python3.10/site-packages'
[5.023s] Level 1:colcon.colcon_core.shell:create_environment_hook('coco_detector', 'pythonpath')
[5.024s] INFO:colcon.colcon_core.shell:Creating environment hook '/home/krish/ros2_ws/install/coco_detector/share/coco_detector/hook/pythonpath.ps1'
[5.025s] INFO:colcon.colcon_core.shell:Creating environment descriptor '/home/krish/ros2_ws/install/coco_detector/share/coco_detector/hook/pythonpath.dsv'
[5.026s] INFO:colcon.colcon_core.shell:Creating environment hook '/home/krish/ros2_ws/install/coco_detector/share/coco_detector/hook/pythonpath.sh'
[5.027s] Level 1:colcon.colcon_core.environment:checking '/home/krish/ros2_ws/install/coco_detector/bin'
[5.027s] Level 1:colcon.colcon_core.environment:create_environment_scripts_only(coco_detector)
[5.028s] INFO:colcon.colcon_core.shell:Creating package script '/home/krish/ros2_ws/install/coco_detector/share/coco_detector/package.ps1'
[5.029s] INFO:colcon.colcon_core.shell:Creating package descriptor '/home/krish/ros2_ws/install/coco_detector/share/coco_detector/package.dsv'
[5.030s] INFO:colcon.colcon_core.shell:Creating package script '/home/krish/ros2_ws/install/coco_detector/share/coco_detector/package.sh'
[5.031s] INFO:colcon.colcon_core.shell:Creating package script '/home/krish/ros2_ws/install/coco_detector/share/coco_detector/package.bash'
[5.032s] INFO:colcon.colcon_core.shell:Creating package script '/home/krish/ros2_ws/install/coco_detector/share/coco_detector/package.zsh'
[5.033s] Level 1:colcon.colcon_core.environment:create_file_with_runtime_dependencies(/home/krish/ros2_ws/install/coco_detector/share/colcon-core/packages/coco_detector)
[5.103s] DEBUG:colcon.colcon_core.event_handler.log_command:Invoking command in '/home/krish/ros2_ws/src/speech_processor': CMAKE_PREFIX_PATH=/home/krish/ros2_ws/install/go2_interfaces:/home/krish/ros2_ws/install/lidar_processor_cpp PYTHONPATH=/home/krish/ros2_ws/build/speech_processor/prefix_override:/usr/lib/python3/dist-packages/colcon_core/task/python/colcon_distutils_commands:/home/krish/ros2_ws/install/speech_processor/lib/python3.10/site-packages:${PYTHONPATH} /usr/bin/python3 -W ignore:setup.py install is deprecated -W ignore:easy_install command is deprecated setup.py egg_info --egg-base ../../build/speech_processor build --build-base /home/krish/ros2_ws/build/speech_processor/build install --record /home/krish/ros2_ws/build/speech_processor/install.log --single-version-externally-managed install_data
[5.159s] DEBUG:colcon.colcon_core.event_handler.log_command:Invoking command in '/home/krish/ros2_ws/src/go2_robot_sdk': CMAKE_PREFIX_PATH=/home/krish/ros2_ws/install/go2_interfaces:/home/krish/ros2_ws/install/lidar_processor_cpp PYTHONPATH=/home/krish/ros2_ws/build/go2_robot_sdk/prefix_override:/usr/lib/python3/dist-packages/colcon_core/task/python/colcon_distutils_commands:/home/krish/ros2_ws/install/go2_robot_sdk/lib/python3.10/site-packages:${PYTHONPATH} /usr/bin/python3 -W ignore:setup.py install is deprecated -W ignore:easy_install command is deprecated setup.py egg_info --egg-base ../../build/go2_robot_sdk build --build-base /home/krish/ros2_ws/build/go2_robot_sdk/build install --record /home/krish/ros2_ws/build/go2_robot_sdk/install.log --single-version-externally-managed install_data
[5.744s] Level 1:colcon.colcon_core.environment:checking '/home/krish/ros2_ws/install/speech_processor' for CMake module files
[5.746s] Level 1:colcon.colcon_core.environment:checking '/home/krish/ros2_ws/install/speech_processor' for CMake config files
[5.747s] Level 1:colcon.colcon_core.environment:checking '/home/krish/ros2_ws/install/speech_processor/lib'
[5.747s] Level 1:colcon.colcon_core.environment:checking '/home/krish/ros2_ws/install/speech_processor/bin'
[5.747s] Level 1:colcon.colcon_core.environment:checking '/home/krish/ros2_ws/install/speech_processor/lib/pkgconfig/speech_processor.pc'
[5.748s] Level 1:colcon.colcon_core.environment:checking '/home/krish/ros2_ws/install/speech_processor/lib/python3.10/site-packages'
[5.748s] Level 1:colcon.colcon_core.shell:create_environment_hook('speech_processor', 'pythonpath')
[5.749s] INFO:colcon.colcon_core.shell:Creating environment hook '/home/krish/ros2_ws/install/speech_processor/share/speech_processor/hook/pythonpath.ps1'
[5.754s] DEBUG:colcon.colcon_core.event_handler.log_command:Invoked command in '/home/krish/ros2_ws/src/speech_processor' returned '0': CMAKE_PREFIX_PATH=/home/krish/ros2_ws/install/go2_interfaces:/home/krish/ros2_ws/install/lidar_processor_cpp PYTHONPATH=/home/krish/ros2_ws/build/speech_processor/prefix_override:/usr/lib/python3/dist-packages/colcon_core/task/python/colcon_distutils_commands:/home/krish/ros2_ws/install/speech_processor/lib/python3.10/site-packages:${PYTHONPATH} /usr/bin/python3 -W ignore:setup.py install is deprecated -W ignore:easy_install command is deprecated setup.py egg_info --egg-base ../../build/speech_processor build --build-base /home/krish/ros2_ws/build/speech_processor/build install --record /home/krish/ros2_ws/build/speech_processor/install.log --single-version-externally-managed install_data
[5.755s] INFO:colcon.colcon_core.shell:Creating environment descriptor '/home/krish/ros2_ws/install/speech_processor/share/speech_processor/hook/pythonpath.dsv'
[5.759s] INFO:colcon.colcon_core.shell:Creating environment hook '/home/krish/ros2_ws/install/speech_processor/share/speech_processor/hook/pythonpath.sh'
[5.765s] Level 1:colcon.colcon_core.environment:checking '/home/krish/ros2_ws/install/speech_processor/bin'
[5.766s] Level 1:colcon.colcon_core.environment:create_environment_scripts_only(speech_processor)
[5.766s] INFO:colcon.colcon_core.shell:Creating package script '/home/krish/ros2_ws/install/speech_processor/share/speech_processor/package.ps1'
[5.771s] INFO:colcon.colcon_core.shell:Creating package descriptor '/home/krish/ros2_ws/install/speech_processor/share/speech_processor/package.dsv'
[5.773s] INFO:colcon.colcon_core.shell:Creating package script '/home/krish/ros2_ws/install/speech_processor/share/speech_processor/package.sh'
[5.774s] INFO:colcon.colcon_core.shell:Creating package script '/home/krish/ros2_ws/install/speech_processor/share/speech_processor/package.bash'
[5.775s] INFO:colcon.colcon_core.shell:Creating package script '/home/krish/ros2_ws/install/speech_processor/share/speech_processor/package.zsh'
[5.776s] Level 1:colcon.colcon_core.environment:create_file_with_runtime_dependencies(/home/krish/ros2_ws/install/speech_processor/share/colcon-core/packages/speech_processor)
[5.837s] Level 1:colcon.colcon_core.environment:checking '/home/krish/ros2_ws/install/go2_robot_sdk' for CMake module files
[5.839s] DEBUG:colcon.colcon_core.event_handler.log_command:Invoked command in '/home/krish/ros2_ws/src/go2_robot_sdk' returned '0': CMAKE_PREFIX_PATH=/home/krish/ros2_ws/install/go2_interfaces:/home/krish/ros2_ws/install/lidar_processor_cpp PYTHONPATH=/home/krish/ros2_ws/build/go2_robot_sdk/prefix_override:/usr/lib/python3/dist-packages/colcon_core/task/python/colcon_distutils_commands:/home/krish/ros2_ws/install/go2_robot_sdk/lib/python3.10/site-packages:${PYTHONPATH} /usr/bin/python3 -W ignore:setup.py install is deprecated -W ignore:easy_install command is deprecated setup.py egg_info --egg-base ../../build/go2_robot_sdk build --build-base /home/krish/ros2_ws/build/go2_robot_sdk/build install --record /home/krish/ros2_ws/build/go2_robot_sdk/install.log --single-version-externally-managed install_data
[5.840s] Level 1:colcon.colcon_core.environment:checking '/home/krish/ros2_ws/install/go2_robot_sdk' for CMake config files
[5.843s] Level 1:colcon.colcon_core.environment:checking '/home/krish/ros2_ws/install/go2_robot_sdk/lib'
[5.844s] Level 1:colcon.colcon_core.environment:checking '/home/krish/ros2_ws/install/go2_robot_sdk/bin'
[5.844s] Level 1:colcon.colcon_core.environment:checking '/home/krish/ros2_ws/install/go2_robot_sdk/lib/pkgconfig/go2_robot_sdk.pc'
[5.845s] Level 1:colcon.colcon_core.environment:checking '/home/krish/ros2_ws/install/go2_robot_sdk/lib/python3.10/site-packages'
[5.846s] Level 1:colcon.colcon_core.shell:create_environment_hook('go2_robot_sdk', 'pythonpath')
[5.846s] INFO:colcon.colcon_core.shell:Creating environment hook '/home/krish/ros2_ws/install/go2_robot_sdk/share/go2_robot_sdk/hook/pythonpath.ps1'
[5.849s] INFO:colcon.colcon_core.shell:Creating environment descriptor '/home/krish/ros2_ws/install/go2_robot_sdk/share/go2_robot_sdk/hook/pythonpath.dsv'
[5.850s] INFO:colcon.colcon_core.shell:Creating environment hook '/home/krish/ros2_ws/install/go2_robot_sdk/share/go2_robot_sdk/hook/pythonpath.sh'
[5.853s] Level 1:colcon.colcon_core.environment:checking '/home/krish/ros2_ws/install/go2_robot_sdk/bin'
[5.853s] Level 1:colcon.colcon_core.environment:create_environment_scripts_only(go2_robot_sdk)
[5.854s] INFO:colcon.colcon_core.shell:Creating package script '/home/krish/ros2_ws/install/go2_robot_sdk/share/go2_robot_sdk/package.ps1'
[5.856s] INFO:colcon.colcon_core.shell:Creating package descriptor '/home/krish/ros2_ws/install/go2_robot_sdk/share/go2_robot_sdk/package.dsv'
[5.857s] INFO:colcon.colcon_core.shell:Creating package script '/home/krish/ros2_ws/install/go2_robot_sdk/share/go2_robot_sdk/package.sh'
[5.858s] INFO:colcon.colcon_core.shell:Creating package script '/home/krish/ros2_ws/install/go2_robot_sdk/share/go2_robot_sdk/package.bash'
[5.859s] INFO:colcon.colcon_core.shell:Creating package script '/home/krish/ros2_ws/install/go2_robot_sdk/share/go2_robot_sdk/package.zsh'
[5.861s] Level 1:colcon.colcon_core.environment:create_file_with_runtime_dependencies(/home/krish/ros2_ws/install/go2_robot_sdk/share/colcon-core/packages/go2_robot_sdk)
[5.862s] DEBUG:colcon.colcon_parallel_executor.executor.parallel:closing loop
[5.863s] DEBUG:colcon.colcon_parallel_executor.executor.parallel:loop closed
[5.864s] DEBUG:colcon.colcon_parallel_executor.executor.parallel:run_until_complete finished with '0'
[5.864s] DEBUG:colcon.colcon_core.event_reactor:joining thread
[5.876s] INFO:colcon.colcon_core.plugin_system:Skipping extension 'colcon_notification.desktop_notification.terminal_notifier': Not used on non-Darwin systems
[5.876s] INFO:colcon.colcon_core.plugin_system:Skipping extension 'colcon_notification.desktop_notification.win32': Not used on non-Windows systems
[5.877s] INFO:colcon.colcon_notification.desktop_notification:Sending desktop notification using 'notify2'
[5.903s] DEBUG:colcon.colcon_notification.desktop_notification.notify2:Failed to initialize notify2: org.freedesktop.DBus.Error.Spawn.ChildExited: Process org.freedesktop.Notifications exited with status 1
[5.904s] DEBUG:colcon.colcon_core.event_reactor:joined thread
[5.904s] INFO:colcon.colcon_core.shell:Creating prefix script '/home/krish/ros2_ws/install/local_setup.ps1'
[5.907s] INFO:colcon.colcon_core.shell:Creating prefix util module '/home/krish/ros2_ws/install/_local_setup_util_ps1.py'
[5.909s] INFO:colcon.colcon_core.shell:Creating prefix chain script '/home/krish/ros2_ws/install/setup.ps1'
[5.912s] INFO:colcon.colcon_core.shell:Creating prefix script '/home/krish/ros2_ws/install/local_setup.sh'
[5.913s] INFO:colcon.colcon_core.shell:Creating prefix util module '/home/krish/ros2_ws/install/_local_setup_util_sh.py'
[5.915s] INFO:colcon.colcon_core.shell:Creating prefix chain script '/home/krish/ros2_ws/install/setup.sh'
[5.917s] INFO:colcon.colcon_core.shell:Creating prefix script '/home/krish/ros2_ws/install/local_setup.bash'
[5.918s] INFO:colcon.colcon_core.shell:Creating prefix chain script '/home/krish/ros2_ws/install/setup.bash'
[5.921s] INFO:colcon.colcon_core.shell:Creating prefix script '/home/krish/ros2_ws/install/local_setup.zsh'
[5.922s] INFO:colcon.colcon_core.shell:Creating prefix chain script '/home/krish/ros2_ws/install/setup.zsh'
