running develop
Removing /home/krish/ros2_ws/install/speech_processor/lib/python3.10/site-packages/speech-processor.egg-link (link to .)
running egg_info
writing ../../build/speech_processor/speech_processor.egg-info/PKG-INFO
writing dependency_links to ../../build/speech_processor/speech_processor.egg-info/dependency_links.txt
writing entry points to ../../build/speech_processor/speech_processor.egg-info/entry_points.txt
writing requirements to ../../build/speech_processor/speech_processor.egg-info/requires.txt
writing top-level names to ../../build/speech_processor/speech_processor.egg-info/top_level.txt
reading manifest file '../../build/speech_processor/speech_processor.egg-info/SOURCES.txt'
writing manifest file '../../build/speech_processor/speech_processor.egg-info/SOURCES.txt'
running build
running build_py
creating /home/krish/ros2_ws/build/speech_processor/build
creating /home/krish/ros2_ws/build/speech_processor/build/lib
creating /home/krish/ros2_ws/build/speech_processor/build/lib/speech_processor
copying speech_processor/tts_node.py -> /home/krish/ros2_ws/build/speech_processor/build/lib/speech_processor
copying speech_processor/__init__.py -> /home/krish/ros2_ws/build/speech_processor/build/lib/speech_processor
running install
running install_lib
creating /home/krish/ros2_ws/install/speech_processor/lib/python3.10/site-packages/speech_processor
copying /home/krish/ros2_ws/build/speech_processor/build/lib/speech_processor/tts_node.py -> /home/krish/ros2_ws/install/speech_processor/lib/python3.10/site-packages/speech_processor
copying /home/krish/ros2_ws/build/speech_processor/build/lib/speech_processor/__init__.py -> /home/krish/ros2_ws/install/speech_processor/lib/python3.10/site-packages/speech_processor
byte-compiling /home/krish/ros2_ws/install/speech_processor/lib/python3.10/site-packages/speech_processor/tts_node.py to tts_node.cpython-310.pyc
byte-compiling /home/krish/ros2_ws/install/speech_processor/lib/python3.10/site-packages/speech_processor/__init__.py to __init__.cpython-310.pyc
running install_data
copying resource/speech_processor -> /home/krish/ros2_ws/install/speech_processor/share/ament_index/resource_index/packages
copying package.xml -> /home/krish/ros2_ws/install/speech_processor/share/speech_processor
running install_egg_info
Copying ../../build/speech_processor/speech_processor.egg-info to /home/krish/ros2_ws/install/speech_processor/lib/python3.10/site-packages/speech_processor-1.0.0-py3.10.egg-info
running install_scripts
Installing audio_manager script to /home/krish/ros2_ws/install/speech_processor/lib/speech_processor
Installing speech_synthesizer script to /home/krish/ros2_ws/install/speech_processor/lib/speech_processor
Installing tts_node script to /home/krish/ros2_ws/install/speech_processor/lib/speech_processor
writing list of installed files to '/home/krish/ros2_ws/build/speech_processor/install.log'
