[2.048s] Invoking command in '/home/krish/ros2_ws/build/speech_processor': CMAKE_PREFIX_PATH=/home/krish/ros2_ws/install/go2_interfaces:/home/krish/ros2_ws/install/lidar_processor_cpp PYTHONPATH=/home/krish/ros2_ws/build/speech_processor/prefix_override:/usr/lib/python3/dist-packages/colcon_core/task/python/colcon_distutils_commands:/home/krish/ros2_ws/install/speech_processor/lib/python3.10/site-packages:${PYTHONPATH} /usr/bin/python3 -W ignore:setup.py install is deprecated -W ignore:easy_install command is deprecated setup.py develop --uninstall --editable --build-directory /home/krish/ros2_ws/build/speech_processor/build
[2.586s] running develop
[2.975s] Removing /home/krish/ros2_ws/install/speech_processor/lib/python3.10/site-packages/speech-processor.egg-link (link to .)
[3.072s] Invoked command in '/home/krish/ros2_ws/build/speech_processor' returned '0': CMAKE_PREFIX_PATH=/home/krish/ros2_ws/install/go2_interfaces:/home/krish/ros2_ws/install/lidar_processor_cpp PYTHONPATH=/home/krish/ros2_ws/build/speech_processor/prefix_override:/usr/lib/python3/dist-packages/colcon_core/task/python/colcon_distutils_commands:/home/krish/ros2_ws/install/speech_processor/lib/python3.10/site-packages:${PYTHONPATH} /usr/bin/python3 -W ignore:setup.py install is deprecated -W ignore:easy_install command is deprecated setup.py develop --uninstall --editable --build-directory /home/krish/ros2_ws/build/speech_processor/build
[3.077s] Invoking command in '/home/krish/ros2_ws/src/speech_processor': CMAKE_PREFIX_PATH=/home/krish/ros2_ws/install/go2_interfaces:/home/krish/ros2_ws/install/lidar_processor_cpp PYTHONPATH=/home/krish/ros2_ws/build/speech_processor/prefix_override:/usr/lib/python3/dist-packages/colcon_core/task/python/colcon_distutils_commands:/home/krish/ros2_ws/install/speech_processor/lib/python3.10/site-packages:${PYTHONPATH} /usr/bin/python3 -W ignore:setup.py install is deprecated -W ignore:easy_install command is deprecated setup.py egg_info --egg-base ../../build/speech_processor build --build-base /home/krish/ros2_ws/build/speech_processor/build install --record /home/krish/ros2_ws/build/speech_processor/install.log --single-version-externally-managed install_data --force
[3.581s] running egg_info
[3.582s] writing ../../build/speech_processor/speech_processor.egg-info/PKG-INFO
[3.583s] writing dependency_links to ../../build/speech_processor/speech_processor.egg-info/dependency_links.txt
[3.583s] writing entry points to ../../build/speech_processor/speech_processor.egg-info/entry_points.txt
[3.584s] writing requirements to ../../build/speech_processor/speech_processor.egg-info/requires.txt
[3.584s] writing top-level names to ../../build/speech_processor/speech_processor.egg-info/top_level.txt
[3.588s] reading manifest file '../../build/speech_processor/speech_processor.egg-info/SOURCES.txt'
[3.590s] writing manifest file '../../build/speech_processor/speech_processor.egg-info/SOURCES.txt'
[3.590s] running build
[3.591s] running build_py
[3.591s] creating /home/krish/ros2_ws/build/speech_processor/build
[3.591s] creating /home/krish/ros2_ws/build/speech_processor/build/lib
[3.591s] creating /home/krish/ros2_ws/build/speech_processor/build/lib/speech_processor
[3.591s] copying speech_processor/tts_node.py -> /home/krish/ros2_ws/build/speech_processor/build/lib/speech_processor
[3.591s] copying speech_processor/__init__.py -> /home/krish/ros2_ws/build/speech_processor/build/lib/speech_processor
[3.592s] running install
[3.593s] running install_lib
[3.594s] creating /home/krish/ros2_ws/install/speech_processor/lib/python3.10/site-packages/speech_processor
[3.595s] copying /home/krish/ros2_ws/build/speech_processor/build/lib/speech_processor/tts_node.py -> /home/krish/ros2_ws/install/speech_processor/lib/python3.10/site-packages/speech_processor
[3.595s] copying /home/krish/ros2_ws/build/speech_processor/build/lib/speech_processor/__init__.py -> /home/krish/ros2_ws/install/speech_processor/lib/python3.10/site-packages/speech_processor
[3.596s] byte-compiling /home/krish/ros2_ws/install/speech_processor/lib/python3.10/site-packages/speech_processor/tts_node.py to tts_node.cpython-310.pyc
[3.602s] byte-compiling /home/krish/ros2_ws/install/speech_processor/lib/python3.10/site-packages/speech_processor/__init__.py to __init__.cpython-310.pyc
[3.604s] running install_data
[3.605s] copying resource/speech_processor -> /home/krish/ros2_ws/install/speech_processor/share/ament_index/resource_index/packages
[3.605s] copying package.xml -> /home/krish/ros2_ws/install/speech_processor/share/speech_processor
[3.605s] running install_egg_info
[3.608s] Copying ../../build/speech_processor/speech_processor.egg-info to /home/krish/ros2_ws/install/speech_processor/lib/python3.10/site-packages/speech_processor-1.0.0-py3.10.egg-info
[3.611s] running install_scripts
[3.654s] Installing audio_manager script to /home/krish/ros2_ws/install/speech_processor/lib/speech_processor
[3.654s] Installing speech_synthesizer script to /home/krish/ros2_ws/install/speech_processor/lib/speech_processor
[3.654s] Installing tts_node script to /home/krish/ros2_ws/install/speech_processor/lib/speech_processor
[3.655s] writing list of installed files to '/home/krish/ros2_ws/build/speech_processor/install.log'
[3.733s] Invoked command in '/home/krish/ros2_ws/src/speech_processor' returned '0': CMAKE_PREFIX_PATH=/home/krish/ros2_ws/install/go2_interfaces:/home/krish/ros2_ws/install/lidar_processor_cpp PYTHONPATH=/home/krish/ros2_ws/build/speech_processor/prefix_override:/usr/lib/python3/dist-packages/colcon_core/task/python/colcon_distutils_commands:/home/krish/ros2_ws/install/speech_processor/lib/python3.10/site-packages:${PYTHONPATH} /usr/bin/python3 -W ignore:setup.py install is deprecated -W ignore:easy_install command is deprecated setup.py egg_info --egg-base ../../build/speech_processor build --build-base /home/krish/ros2_ws/build/speech_processor/build install --record /home/krish/ros2_ws/build/speech_processor/install.log --single-version-externally-managed install_data --force
