running egg_info
writing ../../build/go2_robot_sdk/go2_robot_sdk.egg-info/PKG-INFO
writing dependency_links to ../../build/go2_robot_sdk/go2_robot_sdk.egg-info/dependency_links.txt
writing entry points to ../../build/go2_robot_sdk/go2_robot_sdk.egg-info/entry_points.txt
writing requirements to ../../build/go2_robot_sdk/go2_robot_sdk.egg-info/requires.txt
writing top-level names to ../../build/go2_robot_sdk/go2_robot_sdk.egg-info/top_level.txt
reading manifest file '../../build/go2_robot_sdk/go2_robot_sdk.egg-info/SOURCES.txt'
adding license file 'LICENSE'
writing manifest file '../../build/go2_robot_sdk/go2_robot_sdk.egg-info/SOURCES.txt'
running build
running build_py
running install
running install_lib
running install_data
running install_egg_info
removing '/home/krish/ros2_ws/install/go2_robot_sdk/lib/python3.10/site-packages/go2_robot_sdk-0.0.0-py3.10.egg-info' (and everything under it)
Copying ../../build/go2_robot_sdk/go2_robot_sdk.egg-info to /home/krish/ros2_ws/install/go2_robot_sdk/lib/python3.10/site-packages/go2_robot_sdk-0.0.0-py3.10.egg-info
running install_scripts
Installing go2_driver_node script to /home/krish/ros2_ws/install/go2_robot_sdk/lib/go2_robot_sdk
writing list of installed files to '/home/krish/ros2_ws/build/go2_robot_sdk/install.log'
