running develop
running egg_info
creating lidar_processor.egg-info
writing lidar_processor.egg-info/PKG-INFO
writing dependency_links to lidar_processor.egg-info/dependency_links.txt
writing entry points to lidar_processor.egg-info/entry_points.txt
writing requirements to lidar_processor.egg-info/requires.txt
writing top-level names to lidar_processor.egg-info/top_level.txt
writing manifest file 'lidar_processor.egg-info/SOURCES.txt'
reading manifest file 'lidar_processor.egg-info/SOURCES.txt'
writing manifest file 'lidar_processor.egg-info/SOURCES.txt'
running build_ext
Creating /home/krish/ros2_ws/install/lidar_processor/lib/python3.10/site-packages/lidar-processor.egg-link (link to .)
Installing lidar_to_pointcloud script to /home/krish/ros2_ws/install/lidar_processor/lib/lidar_processor
Installing pointcloud_aggregator script to /home/krish/ros2_ws/install/lidar_processor/lib/lidar_processor

Installed /home/krish/ros2_ws/build/lidar_processor
running symlink_data
creating /home/krish/ros2_ws/install/lidar_processor/share/ament_index
creating /home/krish/ros2_ws/install/lidar_processor/share/ament_index/resource_index
creating /home/krish/ros2_ws/install/lidar_processor/share/ament_index/resource_index/packages
symbolically linking /home/krish/ros2_ws/build/lidar_processor/resource/lidar_processor -> /home/krish/ros2_ws/install/lidar_processor/share/ament_index/resource_index/packages
symbolically linking /home/krish/ros2_ws/build/lidar_processor/package.xml -> /home/krish/ros2_ws/install/lidar_processor/share/lidar_processor
