[3.640s] Invoking command in '/home/krish/ros2_ws/src/coco_detector': PYTHONPATH=/home/krish/ros2_ws/build/coco_detector/prefix_override:/usr/lib/python3/dist-packages/colcon_core/task/python/colcon_distutils_commands:/home/krish/ros2_ws/install/coco_detector/lib/python3.10/site-packages:${PYTHONPATH} /usr/bin/python3 -W ignore:setup.py install is deprecated -W ignore:easy_install command is deprecated setup.py egg_info --egg-base ../../build/coco_detector build --build-base /home/krish/ros2_ws/build/coco_detector/build install --record /home/krish/ros2_ws/build/coco_detector/install.log --single-version-externally-managed install_data
[4.265s] running egg_info
[4.266s] writing ../../build/coco_detector/coco_detector.egg-info/PKG-INFO
[4.267s] writing dependency_links to ../../build/coco_detector/coco_detector.egg-info/dependency_links.txt
[4.268s] writing entry points to ../../build/coco_detector/coco_detector.egg-info/entry_points.txt
[4.268s] writing requirements to ../../build/coco_detector/coco_detector.egg-info/requires.txt
[4.268s] writing top-level names to ../../build/coco_detector/coco_detector.egg-info/top_level.txt
[4.273s] reading manifest file '../../build/coco_detector/coco_detector.egg-info/SOURCES.txt'
[4.274s] writing manifest file '../../build/coco_detector/coco_detector.egg-info/SOURCES.txt'
[4.275s] running build
[4.275s] running build_py
[4.275s] running install
[4.276s] running install_lib
[4.279s] running install_data
[4.280s] running install_egg_info
[4.283s] removing '/home/krish/ros2_ws/install/coco_detector/lib/python3.10/site-packages/coco_detector-0.0.0-py3.10.egg-info' (and everything under it)
[4.284s] Copying ../../build/coco_detector/coco_detector.egg-info to /home/krish/ros2_ws/install/coco_detector/lib/python3.10/site-packages/coco_detector-0.0.0-py3.10.egg-info
[4.287s] running install_scripts
[4.334s] Installing coco_detector_node script to /home/krish/ros2_ws/install/coco_detector/lib/coco_detector
[4.335s] writing list of installed files to '/home/krish/ros2_ws/build/coco_detector/install.log'
[4.415s] Invoked command in '/home/krish/ros2_ws/src/coco_detector' returned '0': PYTHONPATH=/home/krish/ros2_ws/build/coco_detector/prefix_override:/usr/lib/python3/dist-packages/colcon_core/task/python/colcon_distutils_commands:/home/krish/ros2_ws/install/coco_detector/lib/python3.10/site-packages:${PYTHONPATH} /usr/bin/python3 -W ignore:setup.py install is deprecated -W ignore:easy_install command is deprecated setup.py egg_info --egg-base ../../build/coco_detector build --build-base /home/krish/ros2_ws/build/coco_detector/build install --record /home/krish/ros2_ws/build/coco_detector/install.log --single-version-externally-managed install_data
